#
# A fatal error has been detected by the Java Runtime Environment:
#
#  EXCEPTION_ACCESS_VIOLATION (0xc0000005) at pc=0x0000000057cbda48, pid=7028, tid=12612
#
# JRE version: Java(TM) SE Runtime Environment (8.0_72-b15) (build 1.8.0_72-b15)
# Java VM: Java HotSpot(TM) 64-Bit Server VM (25.72-b15 mixed mode windows-amd64 compressed oops)
# Problematic frame:
# C  [jfxwebkit.dll+0x7ada48]
#
# Failed to write core dump. Minidumps are not enabled by default on client versions of Windows
#
# If you would like to submit a bug report, please visit:
#   http://bugreport.java.com/bugreport/crash.jsp
# The crash happened outside the Java Virtual Machine in native code.
# See problematic frame for where to report the bug.
#

---------------  T H R E A D  ---------------

Current thread (0x0000000018cd7000):  JavaThread "JavaFX Application Thread" [_thread_in_native, id=12612, stack(0x00000000199d0000,0x0000000019ad0000)]

siginfo: ExceptionCode=0xc0000005, reading address 0x0000000000000068

Registers:
RAX=0x0000000000000000, RBX=0x0000000026e34bc0, RCX=0x0000000057cbda39, RDX=0x0000000019acd5c0
RSP=0x0000000019acd400, RBP=0x0000000000000001, RSI=0x0000000000000000, RDI=0x0000000019acd5c0
R8 =0x0000000000000000, R9 =0x0000000026e28508, R10=0x0000000000000000, R11=0x0000000058696bb2
R12=0x0000000019acd6f0, R13=0x000000001d5e73b8, R14=0x0000000026e28508, R15=0x0000000057510000
RIP=0x0000000057cbda48, EFLAGS=0x0000000000010246

Top of Stack: (sp=0x0000000019acd400)
0x0000000019acd400:   0000000019acd5c0 0000000019acd640
0x0000000019acd410:   0000000019acd6f0 0000000057dcafe8
0x0000000019acd420:   fffffffffffffffe 0000000058696ba0
0x0000000019acd430:   0000000026db67d0 0000000026e281d0
0x0000000019acd440:   0000000026e34bc0 0000000057cee1db
0x0000000019acd450:   0000000026e281d0 0000000026e281d0
0x0000000019acd460:   0000000019acd5c0 0000000000000001
0x0000000019acd470:   0000000000000000 00000000264a35c0
0x0000000019acd480:   fffffffffffffffe 0000000026db67d0
0x0000000019acd490:   0000000526e281d3 0000000800000008
0x0000000019acd4a0:   0000001600000008 0000002700000016
0x0000000019acd4b0:   0000002800000028 0000000000000028
0x0000000019acd4c0:   0000000018cd7000 0000000019acd6e8
0x0000000019acd4d0:   0000000000000000 0000000019acd6f0
0x0000000019acd4e0:   0000000019acd5c0 0000000057ce9721
0x0000000019acd4f0:   0000000026e281d0 0000000026e281d0 

Instructions: (pc=0x0000000057cbda48)
0x0000000057cbda28:   8b d7 48 8b 48 68 e8 5d cb 04 00 84 c0 75 40 eb
0x0000000057cbda38:   50 40 84 f6 75 39 48 8b 43 38 45 33 c0 48 8b d7
0x0000000057cbda48:   48 8b 48 68 e8 3f bd 04 00 84 c0 75 22 eb 32 40
0x0000000057cbda58:   84 f6 75 1b 48 8b 43 38 45 33 c0 48 8b d7 48 8b 


Register to memory mapping:

RAX=0x0000000000000000 is an unknown value
RBX=0x0000000026e34bc0 is an unknown value
RCX=0x0000000057cbda39 is an unknown value
RDX=0x0000000019acd5c0 is pointing into the stack for thread: 0x0000000018cd7000
RSP=0x0000000019acd400 is pointing into the stack for thread: 0x0000000018cd7000
RBP=0x0000000000000001 is an unknown value
RSI=0x0000000000000000 is an unknown value
RDI=0x0000000019acd5c0 is pointing into the stack for thread: 0x0000000018cd7000
R8 =0x0000000000000000 is an unknown value
R9 =0x0000000026e28508 is an unknown value
R10=0x0000000000000000 is an unknown value
R11=0x0000000058696bb2 is an unknown value
R12=0x0000000019acd6f0 is pointing into the stack for thread: 0x0000000018cd7000
R13={method} {0x000000001d5e73c0} 'twkWillSendRequest' '(Ljava/lang/String;Ljava/lang/String;ILjava/lang/String;Ljava/lang/String;JLjava/lang/String;Ljava/lang/String;J)Z' in 'com/sun/webkit/network/URLLoader'
R14=0x0000000026e28508 is an unknown value
R15=0x0000000057510000 is an unknown value


Stack: [0x00000000199d0000,0x0000000019ad0000],  sp=0x0000000019acd400,  free space=1013k
Native frames: (J=compiled Java code, j=interpreted, Vv=VM code, C=native code)
C  [jfxwebkit.dll+0x7ada48]
C  [jfxwebkit.dll+0x7de1db]
C  [jfxwebkit.dll+0x7d9721]
C  [jfxwebkit.dll+0x8c03b7]
C  [jfxwebkit.dll+0x8c08fb]
C  0x0000000002465e34

Java frames: (J=compiled Java code, j=interpreted, Vv=VM code)
j  com.sun.webkit.network.URLLoader.twkWillSendRequest(Ljava/lang/String;Ljava/lang/String;ILjava/lang/String;Ljava/lang/String;JLjava/lang/String;Ljava/lang/String;J)Z+0
j  com.sun.webkit.network.URLLoader.notifyWillSendRequest(Ljava/lang/String;Ljava/lang/String;ILjava/lang/String;Ljava/lang/String;JLjava/lang/String;Ljava/lang/String;)Z+107
j  com.sun.webkit.network.URLLoader.lambda$willSendRequest$93(Ljava/lang/String;Ljava/lang/String;ILjava/lang/String;Ljava/lang/String;JLjava/lang/String;Ljava/lang/String;Ljava/util/concurrent/CountDownLatch;)V+21
j  com.sun.webkit.network.URLLoader$$Lambda$416.run()V+40
j  com.sun.javafx.application.PlatformImpl.lambda$null$173(Ljava/lang/Runnable;)Ljava/lang/Void;+1
j  com.sun.javafx.application.PlatformImpl$$Lambda$50.run()Ljava/lang/Object;+4
v  ~StubRoutines::call_stub
J 2571  java.security.AccessController.doPrivileged(Ljava/security/PrivilegedAction;Ljava/security/AccessControlContext;)Ljava/lang/Object; (0 bytes) @ 0x0000000002c48aa6 [0x0000000002c48a40+0x66]
j  com.sun.javafx.application.PlatformImpl.lambda$runLater$174(Ljava/lang/Runnable;Ljava/security/AccessControlContext;)V+7
j  com.sun.javafx.application.PlatformImpl$$Lambda$49.run()V+8
J 3393 C1 com.sun.glass.ui.InvokeLaterDispatcher$Future.run()V (91 bytes) @ 0x0000000002cf924c [0x0000000002cf9140+0x10c]
v  ~StubRoutines::call_stub
j  com.sun.glass.ui.win.WinApplication._runLoop(Ljava/lang/Runnable;)V+0
j  com.sun.glass.ui.win.WinApplication.lambda$null$148(ILjava/lang/Runnable;)V+8
j  com.sun.glass.ui.win.WinApplication$$Lambda$38.run()V+12
j  java.lang.Thread.run()V+11
v  ~StubRoutines::call_stub

---------------  P R O C E S S  ---------------

Java Threads: ( => current thread )
  0x000000001dcaf800 JavaThread "URL-Loader-20" daemon [_thread_blocked, id=484, stack(0x0000000028690000,0x0000000028790000)]
  0x000000001dca8800 JavaThread "URL-Loader-19" daemon [_thread_blocked, id=14556, stack(0x0000000028590000,0x0000000028690000)]
  0x000000001dcab800 JavaThread "URL-Loader-18" daemon [_thread_blocked, id=11148, stack(0x0000000028490000,0x0000000028590000)]
  0x000000001dcad000 JavaThread "URL-Loader-17" daemon [_thread_blocked, id=14608, stack(0x0000000028290000,0x0000000028390000)]
  0x000000001dcaa000 JavaThread "URL-Loader-16" daemon [_thread_blocked, id=13784, stack(0x0000000027f90000,0x0000000028090000)]
  0x000000001dca7800 JavaThread "URL-Loader-15" daemon [_thread_blocked, id=10788, stack(0x0000000027a90000,0x0000000027b90000)]
  0x000000001d789800 JavaThread "URL-Loader-14" daemon [_thread_blocked, id=11944, stack(0x0000000027750000,0x0000000027850000)]
  0x000000001d788800 JavaThread "URL-Loader-13" daemon [_thread_blocked, id=9764, stack(0x00000000275f0000,0x00000000276f0000)]
  0x000000001d785800 JavaThread "URL-Loader-12" daemon [_thread_blocked, id=6996, stack(0x00000000274b0000,0x00000000275b0000)]
  0x000000001d788000 JavaThread "URL-Loader-11" daemon [_thread_blocked, id=12284, stack(0x00000000262e0000,0x00000000263e0000)]
  0x000000001d784800 JavaThread "Thread-21" daemon [_thread_in_native, id=6360, stack(0x00000000261e0000,0x00000000262e0000)]
  0x000000001d781800 JavaThread "URL-Loader-10" daemon [_thread_blocked, id=13392, stack(0x00000000260e0000,0x00000000261e0000)]
  0x000000001d784000 JavaThread "URL-Loader-9" daemon [_thread_blocked, id=4256, stack(0x0000000025fe0000,0x00000000260e0000)]
  0x000000001d77b800 JavaThread "URL-Loader-8" daemon [_thread_blocked, id=6816, stack(0x0000000024ce0000,0x0000000024de0000)]
  0x000000001d781000 JavaThread "URL-Loader-7" daemon [_thread_blocked, id=11616, stack(0x00000000249c0000,0x0000000024ac0000)]
  0x000000001d77f800 JavaThread "URL-Loader-6" daemon [_thread_blocked, id=9168, stack(0x00000000248c0000,0x00000000249c0000)]
  0x000000001d77d000 JavaThread "URL-Loader-5" daemon [_thread_blocked, id=7080, stack(0x00000000247c0000,0x00000000248c0000)]
  0x000000001d77b000 JavaThread "URL-Loader-4" daemon [_thread_in_native, id=7296, stack(0x00000000246c0000,0x00000000247c0000)]
  0x000000001d77e000 JavaThread "URL-Loader-3" daemon [_thread_in_native, id=3340, stack(0x00000000242c0000,0x00000000243c0000)]
  0x000000001d77e800 JavaThread "URL-Loader-2" daemon [_thread_blocked, id=14136, stack(0x00000000241c0000,0x00000000242c0000)]
  0x000000001d77c800 JavaThread "Keep-Alive-Timer" daemon [_thread_blocked, id=5596, stack(0x00000000240c0000,0x00000000241c0000)]
  0x000000001949f800 JavaThread "Watchdog-Timer-1" daemon [_thread_blocked, id=9236, stack(0x0000000021070000,0x0000000021170000)]
  0x000000001949e000 JavaThread "Prism Font Disposer" daemon [_thread_blocked, id=8944, stack(0x0000000020070000,0x0000000020170000)]
  0x00000000194a1000 JavaThread "URL-Loader-1" daemon [_thread_blocked, id=12972, stack(0x000000001eaf0000,0x000000001ebf0000)]
  0x00000000194a0800 JavaThread "Disposer" daemon [_thread_blocked, id=13196, stack(0x000000001d320000,0x000000001d420000)]
  0x0000000019057800 JavaThread "JavaFX-Launcher" [_thread_blocked, id=4928, stack(0x000000001c320000,0x000000001c420000)]
  0x0000000018fb2800 JavaThread "Thread-2" daemon [_thread_in_native, id=836, stack(0x000000001c120000,0x000000001c220000)]
=>0x0000000018cd7000 JavaThread "JavaFX Application Thread" [_thread_in_native, id=12612, stack(0x00000000199d0000,0x0000000019ad0000)]
  0x0000000018ee8800 JavaThread "Thread-1" daemon [_thread_blocked, id=14240, stack(0x00000000198c0000,0x00000000199c0000)]
  0x0000000018c9f800 JavaThread "QuantumRenderer-0" daemon [_thread_blocked, id=9056, stack(0x00000000196e0000,0x00000000197e0000)]
  0x0000000016fee000 JavaThread "Service Thread" daemon [_thread_blocked, id=4092, stack(0x0000000018ce0000,0x0000000018de0000)]
  0x0000000016f97000 JavaThread "C1 CompilerThread2" daemon [_thread_blocked, id=6708, stack(0x00000000187e0000,0x00000000188e0000)]
  0x0000000016f92000 JavaThread "C2 CompilerThread1" daemon [_thread_blocked, id=1100, stack(0x00000000186e0000,0x00000000187e0000)]
  0x0000000016f8f000 JavaThread "C2 CompilerThread0" daemon [_thread_in_native, id=13964, stack(0x00000000185e0000,0x00000000186e0000)]
  0x0000000016f8d000 JavaThread "Attach Listener" daemon [_thread_blocked, id=10712, stack(0x00000000184e0000,0x00000000185e0000)]
  0x0000000016f8b800 JavaThread "Signal Dispatcher" daemon [_thread_blocked, id=7136, stack(0x00000000183e0000,0x00000000184e0000)]
  0x0000000016f7a800 JavaThread "Finalizer" daemon [_thread_blocked, id=5064, stack(0x0000000018200000,0x0000000018300000)]
  0x0000000002441000 JavaThread "Reference Handler" daemon [_thread_blocked, id=14260, stack(0x0000000018100000,0x0000000018200000)]
  0x0000000002352800 JavaThread "main" [_thread_blocked, id=1576, stack(0x0000000002170000,0x0000000002270000)]

Other Threads:
  0x0000000016f57800 VMThread [stack: 0x0000000018000000,0x0000000018100000] [id=11520]
  0x0000000018942800 WatcherThread [stack: 0x0000000018de0000,0x0000000018ee0000] [id=13208]

VM state:not at safepoint (normal execution)

VM Mutex/Monitor currently owned by a thread: None

Heap:
 PSYoungGen      total 284160K, used 122157K [0x00000000d5e00000, 0x00000000ffb00000, 0x0000000100000000)
  eden space 264192K, 46% used [0x00000000d5e00000,0x00000000dd54b4e8,0x00000000e6000000)
  from space 19968K, 0% used [0x00000000e6000000,0x00000000e6000000,0x00000000e7380000)
  to   space 78336K, 0% used [0x00000000fae80000,0x00000000fae80000,0x00000000ffb00000)
 ParOldGen       total 252416K, used 130597K [0x0000000081a00000, 0x0000000091080000, 0x00000000d5e00000)
  object space 252416K, 51% used [0x0000000081a00000,0x0000000089989708,0x0000000091080000)
 Metaspace       used 24641K, capacity 26154K, committed 26368K, reserved 1071104K
  class space    used 3403K, capacity 3723K, committed 3840K, reserved 1048576K

Card table byte_map: [0x0000000011810000,0x0000000011c10000] byte_map_base: 0x0000000011403000

Marking Bits: (ParMarkBitMap*) 0x000000005ac30600
 Begin Bits: [0x00000000122c0000, 0x0000000014258000)
 End Bits:   [0x0000000014258000, 0x00000000161f0000)

Polling page: 0x0000000002270000

CodeCache: size=245760Kb used=9796Kb max_used=9808Kb free=235963Kb
 bounds [0x0000000002450000, 0x0000000002e00000, 0x0000000011450000]
 total_blobs=4114 nmethods=3305 adapters=720
 compilation: enabled

Compilation events (10 events):
Event: 18.880 Thread 0x0000000016f97000 nmethod 3762 0x0000000002de6850 code [0x0000000002de69a0, 0x0000000002de6ab0]
Event: 18.880 Thread 0x0000000016f97000 3763       3       java.io.OutputStream::flush (1 bytes)
Event: 18.880 Thread 0x0000000016f97000 nmethod 3763 0x0000000002de6550 code [0x0000000002de66a0, 0x0000000002de67f0]
Event: 18.881 Thread 0x0000000016f97000 3764       1       java.util.TreeMap$Entry::getKey (5 bytes)
Event: 18.881 Thread 0x0000000016f97000 nmethod 3764 0x0000000002de6290 code [0x0000000002de63e0, 0x0000000002de64f0]
Event: 18.881 Thread 0x0000000016f97000 3765       1       java.util.TreeMap$Entry::getValue (5 bytes)
Event: 18.882 Thread 0x0000000016f97000 nmethod 3765 0x0000000002de5fd0 code [0x0000000002de6120, 0x0000000002de6230]
Event: 18.882 Thread 0x0000000016f97000 3766       1       java.util.ResourceBundle$CacheKey::hashCode (5 bytes)
Event: 18.882 Thread 0x0000000016f97000 nmethod 3766 0x0000000002de5d10 code [0x0000000002de5e60, 0x0000000002de5f70]
Event: 18.883 Thread 0x0000000016f97000 3769       3       java.lang.invoke.InvokerBytecodeGenerator::isStaticallyInvocable (169 bytes)

GC Heap History (10 events):
Event: 1.559 GC heap before
{Heap before GC invocations=4 (full 0):
 PSYoungGen      total 71680K, used 71670K [0x00000000d5e00000, 0x00000000dea00000, 0x0000000100000000)
  eden space 66560K, 100% used [0x00000000d5e00000,0x00000000d9f00000,0x00000000d9f00000)
  from space 5120K, 99% used [0x00000000d9f00000,0x00000000da3fd880,0x00000000da400000)
  to   space 5120K, 0% used [0x00000000de500000,0x00000000de500000,0x00000000dea00000)
 ParOldGen       total 87552K, used 9868K [0x0000000081a00000, 0x0000000086f80000, 0x00000000d5e00000)
  object space 87552K, 11% used [0x0000000081a00000,0x00000000823a3100,0x0000000086f80000)
 Metaspace       used 15318K, capacity 15798K, committed 16000K, reserved 1062912K
  class space    used 1973K, capacity 2137K, committed 2176K, reserved 1048576K
Event: 1.568 GC heap after
Heap after GC invocations=4 (full 0):
 PSYoungGen      total 138240K, used 5118K [0x00000000d5e00000, 0x00000000dea00000, 0x0000000100000000)
  eden space 133120K, 0% used [0x00000000d5e00000,0x00000000d5e00000,0x00000000de000000)
  from space 5120K, 99% used [0x00000000de500000,0x00000000de9ffa18,0x00000000dea00000)
  to   space 5120K, 0% used [0x00000000de000000,0x00000000de000000,0x00000000de500000)
 ParOldGen       total 87552K, used 14378K [0x0000000081a00000, 0x0000000086f80000, 0x00000000d5e00000)
  object space 87552K, 16% used [0x0000000081a00000,0x000000008280a898,0x0000000086f80000)
 Metaspace       used 15318K, capacity 15798K, committed 16000K, reserved 1062912K
  class space    used 1973K, capacity 2137K, committed 2176K, reserved 1048576K
}
Event: 1.784 GC heap before
{Heap before GC invocations=5 (full 0):
 PSYoungGen      total 138240K, used 138238K [0x00000000d5e00000, 0x00000000dea00000, 0x0000000100000000)
  eden space 133120K, 100% used [0x00000000d5e00000,0x00000000de000000,0x00000000de000000)
  from space 5120K, 99% used [0x00000000de500000,0x00000000de9ffa18,0x00000000dea00000)
  to   space 5120K, 0% used [0x00000000de000000,0x00000000de000000,0x00000000de500000)
 ParOldGen       total 87552K, used 14378K [0x0000000081a00000, 0x0000000086f80000, 0x00000000d5e00000)
  object space 87552K, 16% used [0x0000000081a00000,0x000000008280a898,0x0000000086f80000)
 Metaspace       used 16981K, capacity 17640K, committed 17920K, reserved 1064960K
  class space    used 2282K, capacity 2450K, committed 2560K, reserved 1048576K
Event: 1.805 GC heap after
Heap after GC invocations=5 (full 0):
 PSYoungGen      total 138240K, used 5110K [0x00000000d5e00000, 0x00000000e8500000, 0x0000000100000000)
  eden space 133120K, 0% used [0x00000000d5e00000,0x00000000d5e00000,0x00000000de000000)
  from space 5120K, 99% used [0x00000000de000000,0x00000000de4fda90,0x00000000de500000)
  to   space 17920K, 0% used [0x00000000e7380000,0x00000000e7380000,0x00000000e8500000)
 ParOldGen       total 87552K, used 25180K [0x0000000081a00000, 0x0000000086f80000, 0x00000000d5e00000)
  object space 87552K, 28% used [0x0000000081a00000,0x0000000083297180,0x0000000086f80000)
 Metaspace       used 16981K, capacity 17640K, committed 17920K, reserved 1064960K
  class space    used 2282K, capacity 2450K, committed 2560K, reserved 1048576K
}
Event: 1.977 GC heap before
{Heap before GC invocations=6 (full 0):
 PSYoungGen      total 138240K, used 138230K [0x00000000d5e00000, 0x00000000e8500000, 0x0000000100000000)
  eden space 133120K, 100% used [0x00000000d5e00000,0x00000000de000000,0x00000000de000000)
  from space 5120K, 99% used [0x00000000de000000,0x00000000de4fda90,0x00000000de500000)
  to   space 17920K, 0% used [0x00000000e7380000,0x00000000e7380000,0x00000000e8500000)
 ParOldGen       total 87552K, used 25180K [0x0000000081a00000, 0x0000000086f80000, 0x00000000d5e00000)
  object space 87552K, 28% used [0x0000000081a00000,0x0000000083297180,0x0000000086f80000)
 Metaspace       used 17370K, capacity 18212K, committed 18432K, reserved 1064960K
  class space    used 2362K, capacity 2558K, committed 2560K, reserved 1048576K
Event: 1.990 GC heap after
Heap after GC invocations=6 (full 0):
 PSYoungGen      total 282112K, used 15815K [0x00000000d5e00000, 0x00000000e8900000, 0x0000000100000000)
  eden space 264192K, 0% used [0x00000000d5e00000,0x00000000d5e00000,0x00000000e6000000)
  from space 17920K, 88% used [0x00000000e7380000,0x00000000e82f1e60,0x00000000e8500000)
  to   space 19968K, 0% used [0x00000000e6000000,0x00000000e6000000,0x00000000e7380000)
 ParOldGen       total 87552K, used 25180K [0x0000000081a00000, 0x0000000086f80000, 0x00000000d5e00000)
  object space 87552K, 28% used [0x0000000081a00000,0x0000000083297180,0x0000000086f80000)
 Metaspace       used 17370K, capacity 18212K, committed 18432K, reserved 1064960K
  class space    used 2362K, capacity 2558K, committed 2560K, reserved 1048576K
}
Event: 4.641 GC heap before
{Heap before GC invocations=7 (full 0):
 PSYoungGen      total 282112K, used 220901K [0x00000000d5e00000, 0x00000000e8900000, 0x0000000100000000)
  eden space 264192K, 77% used [0x00000000d5e00000,0x00000000e2647808,0x00000000e6000000)
  from space 17920K, 88% used [0x00000000e7380000,0x00000000e82f1e60,0x00000000e8500000)
  to   space 19968K, 0% used [0x00000000e6000000,0x00000000e6000000,0x00000000e7380000)
 ParOldGen       total 87552K, used 25180K [0x0000000081a00000, 0x0000000086f80000, 0x00000000d5e00000)
  object space 87552K, 28% used [0x0000000081a00000,0x0000000083297180,0x0000000086f80000)
 Metaspace       used 20152K, capacity 21184K, committed 21248K, reserved 1067008K
  class space    used 2795K, capacity 3044K, committed 3072K, reserved 1048576K
Event: 4.868 GC heap after
Heap after GC invocations=7 (full 0):
 PSYoungGen      total 284160K, used 19944K [0x00000000d5e00000, 0x00000000ffb00000, 0x0000000100000000)
  eden space 264192K, 0% used [0x00000000d5e00000,0x00000000d5e00000,0x00000000e6000000)
  from space 19968K, 99% used [0x00000000e6000000,0x00000000e737a160,0x00000000e7380000)
  to   space 78336K, 0% used [0x00000000fae80000,0x00000000fae80000,0x00000000ffb00000)
 ParOldGen       total 135168K, used 134919K [0x0000000081a00000, 0x0000000089e00000, 0x00000000d5e00000)
  object space 135168K, 99% used [0x0000000081a00000,0x0000000089dc1d00,0x0000000089e00000)
 Metaspace       used 20152K, capacity 21184K, committed 21248K, reserved 1067008K
  class space    used 2795K, capacity 3044K, committed 3072K, reserved 1048576K
}
Event: 4.868 GC heap before
{Heap before GC invocations=8 (full 1):
 PSYoungGen      total 284160K, used 19944K [0x00000000d5e00000, 0x00000000ffb00000, 0x0000000100000000)
  eden space 264192K, 0% used [0x00000000d5e00000,0x00000000d5e00000,0x00000000e6000000)
  from space 19968K, 99% used [0x00000000e6000000,0x00000000e737a160,0x00000000e7380000)
  to   space 78336K, 0% used [0x00000000fae80000,0x00000000fae80000,0x00000000ffb00000)
 ParOldGen       total 135168K, used 134919K [0x0000000081a00000, 0x0000000089e00000, 0x00000000d5e00000)
  object space 135168K, 99% used [0x0000000081a00000,0x0000000089dc1d00,0x0000000089e00000)
 Metaspace       used 20152K, capacity 21184K, committed 21248K, reserved 1067008K
  class space    used 2795K, capacity 3044K, committed 3072K, reserved 1048576K
Event: 5.835 GC heap after
Heap after GC invocations=8 (full 1):
 PSYoungGen      total 284160K, used 0K [0x00000000d5e00000, 0x00000000ffb00000, 0x0000000100000000)
  eden space 264192K, 0% used [0x00000000d5e00000,0x00000000d5e00000,0x00000000e6000000)
  from space 19968K, 0% used [0x00000000e6000000,0x00000000e6000000,0x00000000e7380000)
  to   space 78336K, 0% used [0x00000000fae80000,0x00000000fae80000,0x00000000ffb00000)
 ParOldGen       total 252416K, used 130597K [0x0000000081a00000, 0x0000000091080000, 0x00000000d5e00000)
  object space 252416K, 51% used [0x0000000081a00000,0x0000000089989708,0x0000000091080000)
 Metaspace       used 20152K, capacity 21184K, committed 21248K, reserved 1067008K
  class space    used 2795K, capacity 3044K, committed 3072K, reserved 1048576K
}

Deoptimization events (10 events):
Event: 6.519 Thread 0x0000000018c9f800 Uncommon trap: reason=unstable_if action=reinterpret pc=0x00000000029512bc method=java.io.BufferedInputStream.read1([BII)I @ 60
Event: 6.637 Thread 0x0000000018cd7000 Uncommon trap: reason=unstable_if action=reinterpret pc=0x00000000029ae384 method=java.io.WinNTFileSystem.normalize(Ljava/lang/String;)Ljava/lang/String; @ 74
Event: 8.590 Thread 0x0000000018cd7000 Uncommon trap: reason=unstable_if action=reinterpret pc=0x00000000026cca70 method=com.sun.javafx.image.impl.ByteBgra$ToByteBgraPreConv.doConvert([BII[BIIII)V @ 31
Event: 8.590 Thread 0x0000000018cd7000 Uncommon trap: reason=unstable_if action=reinterpret pc=0x00000000026de24c method=com.sun.javafx.image.impl.BaseByteToByteConverter$FourByteReorderer.doConvert([BII[BIIII)V @ 31
Event: 9.217 Thread 0x0000000018cd7000 Uncommon trap: reason=array_check action=maybe_recompile pc=0x000000000263e84c method=com.sun.javafx.css.SimpleSelector.applies(Ljavafx/css/Styleable;[Ljava/util/Set;I)Z @ 37
Event: 9.217 Thread 0x0000000018cd7000 Uncommon trap: reason=array_check action=maybe_recompile pc=0x000000000263e84c method=com.sun.javafx.css.SimpleSelector.applies(Ljavafx/css/Styleable;[Ljava/util/Set;I)Z @ 37
Event: 9.217 Thread 0x0000000018cd7000 Uncommon trap: reason=array_check action=maybe_recompile pc=0x000000000263e84c method=com.sun.javafx.css.SimpleSelector.applies(Ljavafx/css/Styleable;[Ljava/util/Set;I)Z @ 37
Event: 9.217 Thread 0x0000000018cd7000 Uncommon trap: reason=array_check action=maybe_recompile pc=0x000000000263e84c method=com.sun.javafx.css.SimpleSelector.applies(Ljavafx/css/Styleable;[Ljava/util/Set;I)Z @ 37
Event: 16.830 Thread 0x0000000018cd7000 Uncommon trap: reason=null_check action=make_not_entrant pc=0x0000000002d37a9c method=javafx.scene.Node$MiscProperties.getClip()Ljavafx/scene/Node; @ 20
Event: 17.210 Thread 0x0000000018cd7000 Uncommon trap: reason=unstable_if action=reinterpret pc=0x0000000002db31c8 method=com.sun.javafx.iio.gif.GIFImageLoader2$LZWDecoder.readString()I @ 151

Internal exceptions (10 events):
Event: 15.181 Thread 0x0000000018cd7000 Exception <a 'java/io/FileNotFoundException'> (0x00000000dc080c50) thrown at [C:\re\workspace\8-2-build-windows-amd64-cygwin\jdk8u72\5732\hotspot\src\share\vm\prims\jni.cpp, line 709]
Event: 15.181 Thread 0x0000000018cd7000 Exception <a 'java/io/FileNotFoundException'> (0x00000000dc081ce0) thrown at [C:\re\workspace\8-2-build-windows-amd64-cygwin\jdk8u72\5732\hotspot\src\share\vm\prims\jni.cpp, line 709]
Event: 16.191 Thread 0x0000000018cd7000 Exception <a 'java/io/FileNotFoundException'> (0x00000000dc2d4cc0) thrown at [C:\re\workspace\8-2-build-windows-amd64-cygwin\jdk8u72\5732\hotspot\src\share\vm\prims\jni.cpp, line 709]
Event: 16.191 Thread 0x0000000018cd7000 Exception <a 'java/io/FileNotFoundException'> (0x00000000dc2d5d68) thrown at [C:\re\workspace\8-2-build-windows-amd64-cygwin\jdk8u72\5732\hotspot\src\share\vm\prims\jni.cpp, line 709]
Event: 16.191 Thread 0x0000000018cd7000 Exception <a 'java/io/FileNotFoundException'> (0x00000000dc2d6ea8) thrown at [C:\re\workspace\8-2-build-windows-amd64-cygwin\jdk8u72\5732\hotspot\src\share\vm\prims\jni.cpp, line 709]
Event: 16.191 Thread 0x0000000018cd7000 Exception <a 'java/io/FileNotFoundException'> (0x00000000dc2d7f38) thrown at [C:\re\workspace\8-2-build-windows-amd64-cygwin\jdk8u72\5732\hotspot\src\share\vm\prims\jni.cpp, line 709]
Event: 16.242 Thread 0x000000001d781800 Exception <a 'java/lang/ClassNotFoundException': sun/net/www/protocol/data/Handler> (0x00000000d8ee4b78) thrown at [C:\re\workspace\8-2-build-windows-amd64-cygwin\jdk8u72\5732\hotspot\src\share\vm\classfile\systemDictionary.cpp, line 210]
Event: 16.243 Thread 0x000000001d781800 Exception <a 'java/lang/ClassNotFoundException': sun/net/www/protocol/data/Handler> (0x00000000d8f05be8) thrown at [C:\re\workspace\8-2-build-windows-amd64-cygwin\jdk8u72\5732\hotspot\src\share\vm\classfile\systemDictionary.cpp, line 210]
Event: 16.830 Thread 0x0000000018cd7000 Implicit null exception at 0x0000000002d37a47 to 0x0000000002d37a91
Event: 16.862 Thread 0x000000001d784800 Exception <a 'sun/nio/fs/WindowsException'> (0x00000000d8f51a28) thrown at [C:\re\workspace\8-2-build-windows-amd64-cygwin\jdk8u72\5732\hotspot\src\share\vm\prims\jni.cpp, line 709]

Events (10 events):
Event: 18.497 Executing VM operation: RevokeBias
Event: 18.497 Executing VM operation: RevokeBias done
Event: 18.497 Executing VM operation: RevokeBias
Event: 18.497 Executing VM operation: RevokeBias done
Event: 18.497 Executing VM operation: RevokeBias
Event: 18.497 Executing VM operation: RevokeBias done
Event: 18.880 loading class com/sun/webkit/network/URLLoader$Redirect
Event: 18.880 loading class com/sun/webkit/network/URLLoader$Redirect done
Event: 18.883 loading class com/sun/webkit/network/URLLoader
Event: 18.883 loading class com/sun/webkit/network/URLLoader done


Dynamic libraries:
0x00007ff686f80000 - 0x00007ff686fb7000 	C:\Program Files\Java\jdk1.8.0_72\jre\bin\java.exe
0x00007ff924aa0000 - 0x00007ff924c61000 	C:\WINDOWS\SYSTEM32\ntdll.dll
0x00007ff922290000 - 0x00007ff92233d000 	C:\WINDOWS\system32\KERNEL32.DLL
0x00007ff921570000 - 0x00007ff921758000 	C:\WINDOWS\system32\KERNELBASE.dll
0x00007ff9249f0000 - 0x00007ff924a97000 	C:\WINDOWS\system32\ADVAPI32.dll
0x00007ff9229e0000 - 0x00007ff922a7d000 	C:\WINDOWS\system32\msvcrt.dll
0x00007ff9221f0000 - 0x00007ff92224b000 	C:\WINDOWS\system32\sechost.dll
0x00007ff924330000 - 0x00007ff92444c000 	C:\WINDOWS\system32\RPCRT4.dll
0x00007ff922880000 - 0x00007ff9229d6000 	C:\WINDOWS\system32\USER32.dll
0x00007ff9226f0000 - 0x00007ff922876000 	C:\WINDOWS\system32\GDI32.dll
0x00007ff911620000 - 0x00007ff911894000 	C:\WINDOWS\WinSxS\amd64_microsoft.windows.common-controls_6595b64144ccf1df_6.0.10586.0_none_8c15ae12515e1c22\COMCTL32.dll
0x00007ff921f00000 - 0x00007ff92217d000 	C:\WINDOWS\system32\combase.dll
0x00007ff921db0000 - 0x00007ff921e1a000 	C:\WINDOWS\system32\bcryptPrimitives.dll
0x00007ff922250000 - 0x00007ff92228b000 	C:\WINDOWS\system32\IMM32.DLL
0x000000005a340000 - 0x000000005a412000 	C:\Program Files\Java\jdk1.8.0_72\jre\bin\msvcr100.dll
0x000000005a420000 - 0x000000005acb0000 	C:\Program Files\Java\jdk1.8.0_72\jre\bin\server\jvm.dll
0x00007ff9249d0000 - 0x00007ff9249d8000 	C:\WINDOWS\system32\PSAPI.DLL
0x00007ff91f7c0000 - 0x00007ff91f7e3000 	C:\WINDOWS\SYSTEM32\WINMM.dll
0x00007ff917650000 - 0x00007ff91765a000 	C:\WINDOWS\SYSTEM32\VERSION.dll
0x00007ff914720000 - 0x00007ff914729000 	C:\WINDOWS\SYSTEM32\WSOCK32.dll
0x00007ff922be0000 - 0x00007ff922c4b000 	C:\WINDOWS\system32\WS2_32.dll
0x0000000000a10000 - 0x0000000000a3c000 	C:\WINDOWS\SYSTEM32\WINMMBASE.dll
0x00007ff921520000 - 0x00007ff921563000 	C:\WINDOWS\system32\cfgmgr32.dll
0x000000005a2f0000 - 0x000000005a2ff000 	C:\Program Files\Java\jdk1.8.0_72\jre\bin\verify.dll
0x000000005a2c0000 - 0x000000005a2e9000 	C:\Program Files\Java\jdk1.8.0_72\jre\bin\java.dll
0x000000005a2a0000 - 0x000000005a2b6000 	C:\Program Files\Java\jdk1.8.0_72\jre\bin\zip.dll
0x00007ff922cb0000 - 0x00007ff92420c000 	C:\WINDOWS\system32\SHELL32.dll
0x00007ff921760000 - 0x00007ff921da4000 	C:\WINDOWS\system32\windows.storage.dll
0x00007ff922670000 - 0x00007ff9226c2000 	C:\WINDOWS\system32\shlwapi.dll
0x00007ff9210c0000 - 0x00007ff9210cf000 	C:\WINDOWS\system32\kernel.appcore.dll
0x00007ff9211e0000 - 0x00007ff921295000 	C:\WINDOWS\system32\shcore.dll
0x00007ff9210f0000 - 0x00007ff92113b000 	C:\WINDOWS\system32\powrprof.dll
0x00007ff9210d0000 - 0x00007ff9210e4000 	C:\WINDOWS\system32\profapi.dll
0x00007ff907ec0000 - 0x00007ff907faf000 	C:\Program Files\Java\jdk1.8.0_72\jre\bin\msvcr120.dll
0x00007ff90a020000 - 0x00007ff90a0c6000 	C:\Program Files\Java\jdk1.8.0_72\jre\bin\msvcp120.dll
0x0000000059af0000 - 0x0000000059b13000 	C:\Program Files\Java\jdk1.8.0_72\jre\bin\prism_d3d.dll
0x00007ff8ffe90000 - 0x00007ff9000a0000 	C:\WINDOWS\system32\d3d9.dll
0x00007ff91eaf0000 - 0x00007ff91eb12000 	C:\WINDOWS\SYSTEM32\dwmapi.dll
0x00007ff91fa40000 - 0x00007ff91fad6000 	C:\WINDOWS\system32\uxtheme.dll
0x00007ff8f1570000 - 0x00007ff8f2190000 	C:\WINDOWS\SYSTEM32\igdumd64.dll
0x0000000059aa0000 - 0x0000000059ae3000 	C:\Program Files\Java\jdk1.8.0_72\jre\bin\glass.dll
0x00007ff924220000 - 0x00007ff92432b000 	C:\WINDOWS\system32\COMDLG32.dll
0x00007ff921150000 - 0x00007ff9211d6000 	C:\WINDOWS\system32\FirewallAPI.dll
0x00007ff921e20000 - 0x00007ff921e37000 	C:\WINDOWS\system32\NETAPI32.dll
0x00007ff924880000 - 0x00007ff9249c3000 	C:\WINDOWS\system32\ole32.dll
0x00007ff922340000 - 0x00007ff922401000 	C:\WINDOWS\system32\OLEAUT32.dll
0x00007ff91f880000 - 0x00007ff91f88c000 	C:\WINDOWS\SYSTEM32\DAVHLPR.DLL
0x00007ff91fe40000 - 0x00007ff91fe72000 	C:\WINDOWS\SYSTEM32\fwbase.dll
0x00007ff922a80000 - 0x00007ff922bda000 	C:\WINDOWS\system32\MSCTF.dll
0x0000000180000000 - 0x0000000180110000 	C:\Windows\system32\rlls64.dll
0x00007ff911dd0000 - 0x00007ff911e3a000 	C:\Windows\system32\OLEACC.dll
0x00007ff91ada0000 - 0x00007ff91b049000 	C:\Windows\system32\WININET.dll
0x00007ff9205b0000 - 0x00007ff9205e1000 	C:\WINDOWS\SYSTEM32\ntmarta.dll
0x00007ff920610000 - 0x00007ff92068a000 	C:\WINDOWS\SYSTEM32\Schannel.dll
0x00007ff921350000 - 0x00007ff921518000 	C:\WINDOWS\system32\CRYPT32.dll
0x00007ff921140000 - 0x00007ff921150000 	C:\WINDOWS\system32\MSASN1.dll
0x00007ff920d40000 - 0x00007ff920d6d000 	C:\WINDOWS\SYSTEM32\SspiCli.dll
0x00007ff920990000 - 0x00007ff9209ec000 	C:\WINDOWS\system32\mswsock.dll
0x000000005a280000 - 0x000000005a29a000 	C:\Program Files\Java\jdk1.8.0_72\jre\bin\net.dll
0x000000005a260000 - 0x000000005a271000 	C:\Program Files\Java\jdk1.8.0_72\jre\bin\nio.dll
0x0000000059fb0000 - 0x0000000059fd4000 	C:\Program Files\Java\jdk1.8.0_72\jre\bin\sunec.dll
0x00007ff920a40000 - 0x00007ff920a57000 	C:\WINDOWS\SYSTEM32\CRYPTSP.dll
0x00007ff9206d0000 - 0x00007ff920704000 	C:\WINDOWS\system32\rsaenh.dll
0x00007ff920ff0000 - 0x00007ff921019000 	C:\WINDOWS\SYSTEM32\bcrypt.dll
0x00007ff920820000 - 0x00007ff92083f000 	C:\WINDOWS\SYSTEM32\USERENV.dll
0x00007ff920b60000 - 0x00007ff920b6b000 	C:\WINDOWS\SYSTEM32\CRYPTBASE.dll
0x00007ff91de40000 - 0x00007ff91de78000 	C:\WINDOWS\SYSTEM32\IPHLPAPI.DLL
0x00007ff9249e0000 - 0x00007ff9249e8000 	C:\WINDOWS\system32\NSI.dll
0x00007ff918690000 - 0x00007ff9186a6000 	C:\WINDOWS\SYSTEM32\dhcpcsvc6.DLL
0x00007ff9186b0000 - 0x00007ff9186ca000 	C:\WINDOWS\SYSTEM32\dhcpcsvc.DLL
0x00007ff8ff7c0000 - 0x00007ff8ff7d6000 	C:\WINDOWS\system32\napinsp.dll
0x00007ff8ff7e0000 - 0x00007ff8ff7fa000 	C:\WINDOWS\system32\pnrpnsp.dll
0x00007ff91e2d0000 - 0x00007ff91e2e8000 	C:\WINDOWS\system32\NLAapi.dll
0x00007ff91fae0000 - 0x00007ff91fb8a000 	C:\WINDOWS\SYSTEM32\DNSAPI.dll
0x00007ff9030a0000 - 0x00007ff9030ad000 	C:\WINDOWS\System32\winrnr.dll
0x000000005b7f0000 - 0x000000005b816000 	C:\Program Files\Bonjour\mdnsNSP.dll
0x00007ff919130000 - 0x00007ff919197000 	C:\WINDOWS\System32\fwpuclnt.dll
0x00007ff91b5a0000 - 0x00007ff91b5aa000 	C:\Windows\System32\rasadhlp.dll
0x0000000057510000 - 0x0000000059a9e000 	C:\Program Files\Java\jdk1.8.0_72\jre\bin\jfxwebkit.dll
0x0000000059bd0000 - 0x0000000059be4000 	C:\Program Files\Java\jdk1.8.0_72\jre\bin\javafx_font.dll
0x00007ff919da0000 - 0x00007ff91a000000 	C:\WINDOWS\SYSTEM32\dwrite.dll
0x00007ff922410000 - 0x00007ff9224b7000 	C:\WINDOWS\system32\clbcatq.dll
0x00007ff91d5b0000 - 0x00007ff91d761000 	C:\WINDOWS\SYSTEM32\WindowsCodecs.dll
0x00007ff915b70000 - 0x00007ff915bba000 	C:\WINDOWS\system32\dataexchange.dll
0x00007ff91e840000 - 0x00007ff91eae8000 	C:\WINDOWS\system32\d3d11.dll
0x00007ff91f500000 - 0x00007ff91f5e3000 	C:\WINDOWS\system32\dcomp.dll
0x00007ff91e790000 - 0x00007ff91e832000 	C:\WINDOWS\system32\dxgi.dll
0x00007ff91fbc0000 - 0x00007ff91fcc0000 	C:\WINDOWS\system32\twinapi.appcore.dll
0x00007ff910dc0000 - 0x00007ff910df4000 	C:\Program Files\Common Files\Microsoft Shared\Ink\rtscom.dll
0x00000000574f0000 - 0x0000000057501000 	C:\Program Files\Java\jdk1.8.0_72\jre\bin\prism_common.dll
0x00000000574c0000 - 0x00000000574e3000 	C:\Program Files\Java\jdk1.8.0_72\jre\bin\javafx_iio.dll
0x00007ff910920000 - 0x00007ff910aac000 	C:\WINDOWS\SYSTEM32\dbghelp.dll

VM Arguments:
jvm_args: -Dfile.encoding=UTF-8 -Djava.net.preferIPv4Stack=true 
java_command: C:\Users\Aniket\Documents\NetBeansProjects\Velocity\dist\run89848642\Velocity.jar
java_class_path (initial): C:\Users\Aniket\Documents\NetBeansProjects\Velocity\dist\run89848642\Velocity.jar
Launcher Type: SUN_STANDARD

Environment Variables:
JAVA_HOME=C:\Program Files\Java\jdk1.8.0_72
_JAVA_OPTIONS=-Djava.net.preferIPv4Stack=true
PATH=C:\Python34\Lib\site-packages\PyQt5;C:\ProgramData\Oracle\Java\javapath;C:\Python27\Lib\site-packages\PyQt4;C:\Program Files (x86)\HP SimplePass\x64;C:\Program Files (x86)\HP SimplePass\;C:\Program Files (x86)\Intel\iCLS Client\;C:\Program Files\Intel\iCLS Client\;C:\WINDOWS\system32;C:\WINDOWS;C:\WINDOWS\System32\Wbem;C:\WINDOWS\System32\WindowsPowerShell\v1.0\;C:\Program Files (x86)\Windows Live\Shared;C:\Program Files\Intel\Intel(R) Management Engine Components\DAL;C:\Program Files\Intel\Intel(R) Management Engine Components\IPT;C:\Program Files (x86)\Intel\Intel(R) Management Engine Components\DAL;C:\Program Files (x86)\Intel\Intel(R) Management Engine Components\IPT;C:\Program Files (x86)\Intel\OpenCL SDK\2.0\bin\x86;C:\Program Files (x86)\Intel\OpenCL SDK\2.0\bin\x64;C:\Program Files (x86)\Pinnacle\Shared Files\;C:\Program Files (x86)\Pinnacle\Shared Files\Filter\;C:\Program Files\nodejs;C:\Program Files (x86)\Inno Setup 5;C:\Program Files (x86)\WiX Toolset v3.8\bin\;C:\Program Files (x86)\QuickTime\QTSystem\;C:\Program Files\Mercurial;C:\Users\Aniket\Downloads\gradle-2.3-bin\gradle-2.3\bin;C:\Program Files (x86)\GtkSharp\2.12\bin;C:\Program Files (x86)\Windows Kits\8.1\Windows Performance Toolkit\;C:\Program Files\Microsoft SQL Server\110\Tools\Binn\;C:\Program Files (x86)\Microsoft SDKs\TypeScript\1.0\;C:\Program Files\nodejs\;C:\Users\Aniket\Downloads\android-ndk-r10e;C:\Program Files (x86)\Skype\Phone\;C:\Users\Aniket\AppData\Roaming\npm;C:\GNUstep\bin;C:\GNUstep\GNUstep\System\Tools;C:\Users\Aniket\AppData\Local\Programs\Git\cmd
USERNAME=Aniket
OS=Windows_NT
PROCESSOR_IDENTIFIER=Intel64 Family 6 Model 42 Stepping 7, GenuineIntel



---------------  S Y S T E M  ---------------

OS: Windows 10.0 , 64 bit Build 10586 (10.0.10586.0)

CPU:total 4 (2 cores per cpu, 2 threads per core) family 6 model 42 stepping 7, cmov, cx8, fxsr, mmx, sse, sse2, sse3, ssse3, sse4.1, sse4.2, popcnt, avx, aes, clmul, ht, tsc, tscinvbit

Memory: 4k page, physical 8275228k(2309352k free), swap 9637400k(2790508k free)

vm_info: Java HotSpot(TM) 64-Bit Server VM (25.72-b15) for windows-amd64 JRE (1.8.0_72-b15), built on Dec 22 2015 19:16:16 by "java_re" with MS VC++ 10.0 (VS2010)

time: Tue Jun 14 15:18:59 2016
elapsed time: 19 seconds (0d 0h 0m 19s)

