#
# A fatal error has been detected by the Java Runtime Environment:
#
#  EXCEPTION_ACCESS_VIOLATION (0xc0000005) at pc=0x0000000058b7f9a8, pid=13276, tid=0x0000000000003ae8
#
# JRE version: Java(TM) SE Runtime Environment (8.0_92-b14) (build 1.8.0_92-b14)
# Java VM: Java HotSpot(TM) 64-Bit Server VM (25.92-b14 mixed mode windows-amd64 compressed oops)
# Problematic frame:
# C  [jfxwebkit.dll+0x7af9a8]
#
# Failed to write core dump. Minidumps are not enabled by default on client versions of Windows
#
# If you would like to submit a bug report, please visit:
#   http://bugreport.java.com/bugreport/crash.jsp
# The crash happened outside the Java Virtual Machine in native code.
# See problematic frame for where to report the bug.
#

---------------  T H R E A D  ---------------

Current thread (0x00000000193a4000):  JavaThread "JavaFX Application Thread" [_thread_in_native, id=15080, stack(0x0000000019bc0000,0x0000000019cc0000)]

siginfo: ExceptionCode=0xc0000005, reading address 0x0000000000000068

Registers:
RAX=0x0000000000000000, RBX=0x000000002e1e70b0, RCX=0x0000000058b7f999, RDX=0x0000000019cbd5a0
RSP=0x0000000019cbd3e0, RBP=0x0000000000000001, RSI=0x0000000000000000, RDI=0x0000000019cbd5a0
R8 =0x0000000000000000, R9 =0x000000002d952dc8, R10=0x0000000000000000, R11=0x0000000059558d02
R12=0x0000000019cbd6d0, R13=0x000000001df76fe8, R14=0x000000002d952dc8, R15=0x00000000583d0000
RIP=0x0000000058b7f9a8, EFLAGS=0x0000000000010246

Top of Stack: (sp=0x0000000019cbd3e0)
0x0000000019cbd3e0:   0000000019cbd5a0 0000000019cbd620
0x0000000019cbd3f0:   0000000019cbd6d0 0000000058c8cd58
0x0000000019cbd400:   fffffffffffffffe 0000000059558cf0
0x0000000019cbd410:   000000002eacf6b0 000000002d952a90
0x0000000019cbd420:   000000002e1e70b0 0000000058bb00eb
0x0000000019cbd430:   000000002d952a90 000000002d952a90
0x0000000019cbd440:   0000000019cbd5a0 0000000000000001
0x0000000019cbd450:   0000000000000000 000000002de98f60
0x0000000019cbd460:   fffffffffffffffe 000000002eacf6b0
0x0000000019cbd470:   000000052d952a93 0000000800000008
0x0000000019cbd480:   0000001600000008 0000002700000016
0x0000000019cbd490:   0000002800000028 0000000000000028
0x0000000019cbd4a0:   00000000193a4000 0000000019cbd6c8
0x0000000019cbd4b0:   0000000000000000 0000000019cbd6d0
0x0000000019cbd4c0:   0000000019cbd5a0 0000000058bab611
0x0000000019cbd4d0:   000000002d952a90 000000002d952a90 

Instructions: (pc=0x0000000058b7f9a8)
0x0000000058b7f988:   8b d7 48 8b 48 68 e8 3d ca 04 00 84 c0 75 40 eb
0x0000000058b7f998:   50 40 84 f6 75 39 48 8b 43 38 45 33 c0 48 8b d7
0x0000000058b7f9a8:   48 8b 48 68 e8 1f bc 04 00 84 c0 75 22 eb 32 40
0x0000000058b7f9b8:   84 f6 75 1b 48 8b 43 38 45 33 c0 48 8b d7 48 8b 


Register to memory mapping:

RAX=0x0000000000000000 is an unknown value
RBX=0x000000002e1e70b0 is an unknown value
RCX=0x0000000058b7f999 is an unknown value
RDX=0x0000000019cbd5a0 is pointing into the stack for thread: 0x00000000193a4000
RSP=0x0000000019cbd3e0 is pointing into the stack for thread: 0x00000000193a4000
RBP=0x0000000000000001 is an unknown value
RSI=0x0000000000000000 is an unknown value
RDI=0x0000000019cbd5a0 is pointing into the stack for thread: 0x00000000193a4000
R8 =0x0000000000000000 is an unknown value
R9 =0x000000002d952dc8 is an unknown value
R10=0x0000000000000000 is an unknown value
R11=0x0000000059558d02 is an unknown value
R12=0x0000000019cbd6d0 is pointing into the stack for thread: 0x00000000193a4000
R13={method} {0x000000001df76ff0} 'twkWillSendRequest' '(Ljava/lang/String;Ljava/lang/String;ILjava/lang/String;Ljava/lang/String;JLjava/lang/String;Ljava/lang/String;J)Z' in 'com/sun/webkit/network/URLLoader'
R14=0x000000002d952dc8 is an unknown value
R15=0x00000000583d0000 is an unknown value


Stack: [0x0000000019bc0000,0x0000000019cc0000],  sp=0x0000000019cbd3e0,  free space=1012k
Native frames: (J=compiled Java code, j=interpreted, Vv=VM code, C=native code)
C  [jfxwebkit.dll+0x7af9a8]
C  [jfxwebkit.dll+0x7e00eb]
C  [jfxwebkit.dll+0x7db611]
C  [jfxwebkit.dll+0x8c2107]
C  [jfxwebkit.dll+0x8c264b]
C  0x0000000002d67f54

Java frames: (J=compiled Java code, j=interpreted, Vv=VM code)
j  com.sun.webkit.network.URLLoader.twkWillSendRequest(Ljava/lang/String;Ljava/lang/String;ILjava/lang/String;Ljava/lang/String;JLjava/lang/String;Ljava/lang/String;J)Z+0
j  com.sun.webkit.network.URLLoader.notifyWillSendRequest(Ljava/lang/String;Ljava/lang/String;ILjava/lang/String;Ljava/lang/String;JLjava/lang/String;Ljava/lang/String;)Z+107
j  com.sun.webkit.network.URLLoader.lambda$willSendRequest$95(Ljava/lang/String;Ljava/lang/String;ILjava/lang/String;Ljava/lang/String;JLjava/lang/String;Ljava/lang/String;Ljava/util/concurrent/CountDownLatch;)V+21
j  com.sun.webkit.network.URLLoader$$Lambda$404.run()V+40
J 5710 C1 com.sun.javafx.application.PlatformImpl$$Lambda$50.run()Ljava/lang/Object; (8 bytes) @ 0x0000000003a9624c [0x0000000003a96100+0x14c]
v  ~StubRoutines::call_stub
J 2519  java.security.AccessController.doPrivileged(Ljava/security/PrivilegedAction;Ljava/security/AccessControlContext;)Ljava/lang/Object; (0 bytes) @ 0x0000000002e6ef26 [0x0000000002e6eec0+0x66]
J 5707 C1 com.sun.javafx.application.PlatformImpl.lambda$runLater$174(Ljava/lang/Runnable;Ljava/security/AccessControlContext;)V (38 bytes) @ 0x000000000381f414 [0x000000000381f000+0x414]
J 5706 C1 com.sun.javafx.application.PlatformImpl$$Lambda$49.run()V (12 bytes) @ 0x0000000002f81ac4 [0x0000000002f81a40+0x84]
J 5689 C2 com.sun.glass.ui.InvokeLaterDispatcher$Future.run()V (91 bytes) @ 0x000000000377b478 [0x000000000377ae20+0x658]
v  ~StubRoutines::call_stub
j  com.sun.glass.ui.win.WinApplication._runLoop(Ljava/lang/Runnable;)V+0
j  com.sun.glass.ui.win.WinApplication.lambda$null$148(ILjava/lang/Runnable;)V+8
j  com.sun.glass.ui.win.WinApplication$$Lambda$38.run()V+12
j  java.lang.Thread.run()V+11
v  ~StubRoutines::call_stub

---------------  P R O C E S S  ---------------

Java Threads: ( => current thread )
  0x000000001ca57000 JavaThread "Keep-Alive-Timer" daemon [_thread_blocked, id=14948, stack(0x0000000037fc0000,0x00000000380c0000)]
  0x000000001ca4b800 JavaThread "URL-Loader-96" daemon [_thread_blocked, id=8428, stack(0x00000000379c0000,0x0000000037ac0000)]
  0x000000001ca4b000 JavaThread "URL-Loader-95" daemon [_thread_blocked, id=14772, stack(0x00000000378c0000,0x00000000379c0000)]
  0x000000001ca50000 JavaThread "URL-Loader-94" daemon [_thread_blocked, id=8888, stack(0x00000000377c0000,0x00000000378c0000)]
  0x000000001ca4e000 JavaThread "URL-Loader-93" daemon [_thread_blocked, id=12568, stack(0x00000000376c0000,0x00000000377c0000)]
  0x000000001ca4c800 JavaThread "URL-Loader-92" daemon [_thread_blocked, id=13864, stack(0x00000000375c0000,0x00000000376c0000)]
  0x000000001ca51800 JavaThread "URL-Loader-91" daemon [_thread_blocked, id=5516, stack(0x00000000374c0000,0x00000000375c0000)]
  0x000000001ca4d000 JavaThread "URL-Loader-90" daemon [_thread_in_native, id=556, stack(0x00000000373c0000,0x00000000374c0000)]
  0x000000001ca56000 JavaThread "URL-Loader-77" daemon [_thread_in_native, id=2776, stack(0x0000000035ac0000,0x0000000035bc0000)]
  0x000000001c50b000 JavaThread "URL-Loader-66" daemon [_thread_blocked, id=12008, stack(0x0000000034fc0000,0x00000000350c0000)]
  0x000000001c50f800 JavaThread "Keep-Alive-SocketCleaner" daemon [_thread_blocked, id=2712, stack(0x00000000336f0000,0x00000000337f0000)]
  0x000000001ca4f800 JavaThread "Thread-21" daemon [_thread_in_native, id=8704, stack(0x00000000265f0000,0x00000000266f0000)]
  0x000000001c50e000 JavaThread "Watchdog-Timer-1" daemon [_thread_blocked, id=4492, stack(0x0000000021b90000,0x0000000021c90000)]
  0x000000001c50b800 JavaThread "Prism Font Disposer" daemon [_thread_blocked, id=13328, stack(0x0000000020910000,0x0000000020a10000)]
  0x000000001c511800 JavaThread "Disposer" daemon [_thread_blocked, id=11092, stack(0x000000001dcb0000,0x000000001ddb0000)]
  0x000000001c494800 JavaThread "JavaFX-Launcher" [_thread_blocked, id=6132, stack(0x000000001cdb0000,0x000000001ceb0000)]
  0x000000001c310800 JavaThread "Thread-2" daemon [_thread_in_native, id=13800, stack(0x000000001cab0000,0x000000001cbb0000)]
=>0x00000000193a4000 JavaThread "JavaFX Application Thread" [_thread_in_native, id=15080, stack(0x0000000019bc0000,0x0000000019cc0000)]
  0x00000000193a3000 JavaThread "Thread-1" daemon [_thread_blocked, id=5088, stack(0x0000000019ac0000,0x0000000019bc0000)]
  0x0000000019365000 JavaThread "QuantumRenderer-0" daemon [_thread_blocked, id=10192, stack(0x00000000197c0000,0x00000000198c0000)]
  0x0000000018fd9800 JavaThread "Service Thread" daemon [_thread_blocked, id=14820, stack(0x00000000195c0000,0x00000000196c0000)]
  0x0000000018fc4800 JavaThread "C1 CompilerThread2" daemon [_thread_blocked, id=12956, stack(0x00000000194c0000,0x00000000195c0000)]
  0x00000000178ee000 JavaThread "C2 CompilerThread1" daemon [_thread_blocked, id=6552, stack(0x00000000193c0000,0x00000000194c0000)]
  0x000000001789c800 JavaThread "C2 CompilerThread0" daemon [_thread_blocked, id=9896, stack(0x0000000018ec0000,0x0000000018fc0000)]
  0x000000001789a800 JavaThread "Attach Listener" daemon [_thread_blocked, id=7072, stack(0x0000000018dc0000,0x0000000018ec0000)]
  0x0000000017899800 JavaThread "Signal Dispatcher" daemon [_thread_blocked, id=4448, stack(0x0000000018cc0000,0x0000000018dc0000)]
  0x0000000002d4c000 JavaThread "Finalizer" daemon [_thread_blocked, id=7808, stack(0x0000000018ae0000,0x0000000018be0000)]
  0x0000000002d41000 JavaThread "Reference Handler" daemon [_thread_blocked, id=7728, stack(0x00000000189e0000,0x0000000018ae0000)]
  0x0000000002c53000 JavaThread "main" [_thread_blocked, id=14568, stack(0x0000000002a30000,0x0000000002b30000)]

Other Threads:
  0x0000000017858000 VMThread [stack: 0x00000000188e0000,0x00000000189e0000] [id=12672]
  0x0000000018fde800 WatcherThread [stack: 0x00000000196c0000,0x00000000197c0000] [id=12756]

VM state:not at safepoint (normal execution)

VM Mutex/Monitor currently owned by a thread: None

Heap:
 PSYoungGen      total 50176K, used 40667K [0x00000000d5e00000, 0x00000000da480000, 0x0000000100000000)
  eden space 38400K, 75% used [0x00000000d5e00000,0x00000000d7a45278,0x00000000d8380000)
  from space 11776K, 99% used [0x00000000d8400000,0x00000000d8f71a30,0x00000000d8f80000)
  to   space 16896K, 0% used [0x00000000d9400000,0x00000000d9400000,0x00000000da480000)
 ParOldGen       total 71680K, used 29750K [0x0000000081a00000, 0x0000000086000000, 0x00000000d5e00000)
  object space 71680K, 41% used [0x0000000081a00000,0x000000008370d940,0x0000000086000000)
 Metaspace       used 29138K, capacity 31070K, committed 31232K, reserved 1077248K
  class space    used 3868K, capacity 4249K, committed 4352K, reserved 1048576K

Card table byte_map: [0x0000000012110000,0x0000000012510000] byte_map_base: 0x0000000011d03000

Marking Bits: (ParMarkBitMap*) 0x000000005b5c64f0
 Begin Bits: [0x0000000012bc0000, 0x0000000014b58000)
 End Bits:   [0x0000000014b58000, 0x0000000016af0000)

Polling page: 0x0000000001120000

CodeCache: size=245760Kb used=20170Kb max_used=20184Kb free=225589Kb
 bounds [0x0000000002d50000, 0x0000000004130000, 0x0000000011d50000]
 total_blobs=6955 nmethods=6101 adapters=764
 compilation: enabled

Compilation events (10 events):
Event: 272.155 Thread 0x0000000018fc4800 7406       3       sun.security.provider.SHA2$SHA256::clone (5 bytes)
Event: 272.156 Thread 0x0000000018fc4800 nmethod 7406 0x0000000003874090 code [0x0000000003874280, 0x0000000003874d38]
Event: 272.156 Thread 0x0000000018fc4800 7407       3       com.sun.crypto.provider.AESCipher$General::<init> (6 bytes)
Event: 272.157 Thread 0x0000000018fc4800 nmethod 7407 0x000000000410e810 code [0x000000000410e9a0, 0x000000000410ed98]
Event: 272.174 Thread 0x0000000018fc4800 7408   !   3       java.text.SimpleDateFormat::subParse (1765 bytes)
Event: 272.186 Thread 0x0000000018fc4800 nmethod 7408 0x0000000004118350 code [0x0000000004118c80, 0x0000000004120078]
Event: 272.186 Thread 0x0000000018fc4800 7409       3       java.text.SimpleDateFormat::useDateFormatSymbols (20 bytes)
Event: 272.187 Thread 0x0000000018fc4800 nmethod 7409 0x0000000003a66010 code [0x0000000003a66160, 0x0000000003a66350]
Event: 272.187 Thread 0x0000000018fc4800 7410       3       java.text.CalendarBuilder::set (63 bytes)
Event: 272.187 Thread 0x0000000018fc4800 nmethod 7410 0x000000000410e0d0 code [0x000000000410e260, 0x000000000410e6b0]

GC Heap History (10 events):
Event: 61.507 GC heap before
{Heap before GC invocations=6 (full 1):
 PSYoungGen      total 45056K, used 45044K [0x00000000d5e00000, 0x00000000d9000000, 0x0000000100000000)
  eden space 39936K, 100% used [0x00000000d5e00000,0x00000000d8500000,0x00000000d8500000)
  from space 5120K, 99% used [0x00000000d8b00000,0x00000000d8ffd0b8,0x00000000d9000000)
  to   space 5120K, 0% used [0x00000000d8600000,0x00000000d8600000,0x00000000d8b00000)
 ParOldGen       total 71680K, used 14777K [0x0000000081a00000, 0x0000000086000000, 0x00000000d5e00000)
  object space 71680K, 20% used [0x0000000081a00000,0x000000008286e6c8,0x0000000086000000)
 Metaspace       used 26782K, capacity 28602K, committed 28672K, reserved 1073152K
  class space    used 3717K, capacity 4079K, committed 4096K, reserved 1048576K
Event: 61.518 GC heap after
Heap after GC invocations=6 (full 1):
 PSYoungGen      total 46080K, used 5103K [0x00000000d5e00000, 0x00000000d9f80000, 0x0000000100000000)
  eden space 40960K, 0% used [0x00000000d5e00000,0x00000000d5e00000,0x00000000d8600000)
  from space 5120K, 99% used [0x00000000d8600000,0x00000000d8afbd10,0x00000000d8b00000)
  to   space 10240K, 0% used [0x00000000d9580000,0x00000000d9580000,0x00000000d9f80000)
 ParOldGen       total 71680K, used 16629K [0x0000000081a00000, 0x0000000086000000, 0x00000000d5e00000)
  object space 71680K, 23% used [0x0000000081a00000,0x0000000082a3d6d8,0x0000000086000000)
 Metaspace       used 26782K, capacity 28602K, committed 28672K, reserved 1073152K
  class space    used 3717K, capacity 4079K, committed 4096K, reserved 1048576K
}
Event: 119.780 GC heap before
{Heap before GC invocations=7 (full 1):
 PSYoungGen      total 46080K, used 46063K [0x00000000d5e00000, 0x00000000d9f80000, 0x0000000100000000)
  eden space 40960K, 100% used [0x00000000d5e00000,0x00000000d8600000,0x00000000d8600000)
  from space 5120K, 99% used [0x00000000d8600000,0x00000000d8afbd10,0x00000000d8b00000)
  to   space 10240K, 0% used [0x00000000d9580000,0x00000000d9580000,0x00000000d9f80000)
 ParOldGen       total 71680K, used 16629K [0x0000000081a00000, 0x0000000086000000, 0x00000000d5e00000)
  object space 71680K, 23% used [0x0000000081a00000,0x0000000082a3d6d8,0x0000000086000000)
 Metaspace       used 27144K, capacity 29002K, committed 29184K, reserved 1075200K
  class space    used 3725K, capacity 4081K, committed 4096K, reserved 1048576K
Event: 119.793 GC heap after
Heap after GC invocations=7 (full 1):
 PSYoungGen      total 50176K, used 9467K [0x00000000d5e00000, 0x00000000d9f00000, 0x0000000100000000)
  eden space 40448K, 0% used [0x00000000d5e00000,0x00000000d5e00000,0x00000000d8580000)
  from space 9728K, 97% used [0x00000000d9580000,0x00000000d9ebef80,0x00000000d9f00000)
  to   space 10752K, 0% used [0x00000000d8a00000,0x00000000d8a00000,0x00000000d9480000)
 ParOldGen       total 71680K, used 16629K [0x0000000081a00000, 0x0000000086000000, 0x00000000d5e00000)
  object space 71680K, 23% used [0x0000000081a00000,0x0000000082a3d6d8,0x0000000086000000)
 Metaspace       used 27144K, capacity 29002K, committed 29184K, reserved 1075200K
  class space    used 3725K, capacity 4081K, committed 4096K, reserved 1048576K
}
Event: 135.337 GC heap before
{Heap before GC invocations=8 (full 1):
 PSYoungGen      total 50176K, used 49915K [0x00000000d5e00000, 0x00000000d9f00000, 0x0000000100000000)
  eden space 40448K, 100% used [0x00000000d5e00000,0x00000000d8580000,0x00000000d8580000)
  from space 9728K, 97% used [0x00000000d9580000,0x00000000d9ebef80,0x00000000d9f00000)
  to   space 10752K, 0% used [0x00000000d8a00000,0x00000000d8a00000,0x00000000d9480000)
 ParOldGen       total 71680K, used 16629K [0x0000000081a00000, 0x0000000086000000, 0x00000000d5e00000)
  object space 71680K, 23% used [0x0000000081a00000,0x0000000082a3d6d8,0x0000000086000000)
 Metaspace       used 27349K, capacity 29218K, committed 29440K, reserved 1075200K
  class space    used 3731K, capacity 4085K, committed 4096K, reserved 1048576K
Event: 135.359 GC heap after
Heap after GC invocations=8 (full 1):
 PSYoungGen      total 50688K, used 10747K [0x00000000d5e00000, 0x00000000da000000, 0x0000000100000000)
  eden space 39936K, 0% used [0x00000000d5e00000,0x00000000d5e00000,0x00000000d8500000)
  from space 10752K, 99% used [0x00000000d8a00000,0x00000000d947ef28,0x00000000d9480000)
  to   space 11776K, 0% used [0x00000000d9480000,0x00000000d9480000,0x00000000da000000)
 ParOldGen       total 71680K, used 21017K [0x0000000081a00000, 0x0000000086000000, 0x00000000d5e00000)
  object space 71680K, 29% used [0x0000000081a00000,0x0000000082e86770,0x0000000086000000)
 Metaspace       used 27349K, capacity 29218K, committed 29440K, reserved 1075200K
  class space    used 3731K, capacity 4085K, committed 4096K, reserved 1048576K
}
Event: 146.205 GC heap before
{Heap before GC invocations=9 (full 1):
 PSYoungGen      total 50688K, used 50683K [0x00000000d5e00000, 0x00000000da000000, 0x0000000100000000)
  eden space 39936K, 100% used [0x00000000d5e00000,0x00000000d8500000,0x00000000d8500000)
  from space 10752K, 99% used [0x00000000d8a00000,0x00000000d947ef28,0x00000000d9480000)
  to   space 11776K, 0% used [0x00000000d9480000,0x00000000d9480000,0x00000000da000000)
 ParOldGen       total 71680K, used 21017K [0x0000000081a00000, 0x0000000086000000, 0x00000000d5e00000)
  object space 71680K, 29% used [0x0000000081a00000,0x0000000082e86770,0x0000000086000000)
 Metaspace       used 27630K, capacity 29482K, committed 29696K, reserved 1075200K
  class space    used 3740K, capacity 4087K, committed 4096K, reserved 1048576K
Event: 146.225 GC heap after
Heap after GC invocations=9 (full 1):
 PSYoungGen      total 50688K, used 11760K [0x00000000d5e00000, 0x00000000da580000, 0x0000000100000000)
  eden space 38912K, 0% used [0x00000000d5e00000,0x00000000d5e00000,0x00000000d8400000)
  from space 11776K, 99% used [0x00000000d9480000,0x00000000d9ffc0c0,0x00000000da000000)
  to   space 16896K, 0% used [0x00000000d8400000,0x00000000d8400000,0x00000000d9480000)
 ParOldGen       total 71680K, used 25554K [0x0000000081a00000, 0x0000000086000000, 0x00000000d5e00000)
  object space 71680K, 35% used [0x0000000081a00000,0x00000000832f4810,0x0000000086000000)
 Metaspace       used 27630K, capacity 29482K, committed 29696K, reserved 1075200K
  class space    used 3740K, capacity 4087K, committed 4096K, reserved 1048576K
}
Event: 227.438 GC heap before
{Heap before GC invocations=10 (full 1):
 PSYoungGen      total 50688K, used 50665K [0x00000000d5e00000, 0x00000000da580000, 0x0000000100000000)
  eden space 38912K, 99% used [0x00000000d5e00000,0x00000000d83fe5f8,0x00000000d8400000)
  from space 11776K, 99% used [0x00000000d9480000,0x00000000d9ffc0c0,0x00000000da000000)
  to   space 16896K, 0% used [0x00000000d8400000,0x00000000d8400000,0x00000000d9480000)
 ParOldGen       total 71680K, used 25554K [0x0000000081a00000, 0x0000000086000000, 0x00000000d5e00000)
  object space 71680K, 35% used [0x0000000081a00000,0x00000000832f4810,0x0000000086000000)
 Metaspace       used 28916K, capacity 30804K, committed 30976K, reserved 1075200K
  class space    used 3866K, capacity 4248K, committed 4352K, reserved 1048576K
Event: 227.461 GC heap after
Heap after GC invocations=10 (full 1):
 PSYoungGen      total 50176K, used 11718K [0x00000000d5e00000, 0x00000000da480000, 0x0000000100000000)
  eden space 38400K, 0% used [0x00000000d5e00000,0x00000000d5e00000,0x00000000d8380000)
  from space 11776K, 99% used [0x00000000d8400000,0x00000000d8f71a30,0x00000000d8f80000)
  to   space 16896K, 0% used [0x00000000d9400000,0x00000000d9400000,0x00000000da480000)
 ParOldGen       total 71680K, used 29750K [0x0000000081a00000, 0x0000000086000000, 0x00000000d5e00000)
  object space 71680K, 41% used [0x0000000081a00000,0x000000008370d940,0x0000000086000000)
 Metaspace       used 28916K, capacity 30804K, committed 30976K, reserved 1075200K
  class space    used 3866K, capacity 4248K, committed 4352K, reserved 1048576K
}

Deoptimization events (10 events):
Event: 226.877 Thread 0x0000000019365000 Uncommon trap: reason=class_check action=maybe_recompile pc=0x0000000003ac4868 method=com.sun.javafx.text.GlyphLayout.breakRuns(Lcom/sun/javafx/text/PrismTextLayout;[CI)I @ 177
Event: 226.877 Thread 0x0000000019365000 Uncommon trap: reason=class_check action=maybe_recompile pc=0x00000000035293f0 method=com.sun.javafx.text.PrismTextLayout.shape(Lcom/sun/javafx/text/TextRun;[CLcom/sun/javafx/text/GlyphLayout;)V @ 501
Event: 226.878 Thread 0x0000000019365000 Uncommon trap: reason=unstable_if action=reinterpret pc=0x0000000003f6ce18 method=com.sun.javafx.font.directwrite.DWFontStrike.getQuantizedPosition(Lcom/sun/javafx/geom/Point2D;)I @ 23
Event: 227.005 Thread 0x00000000193a4000 Uncommon trap: reason=class_check action=maybe_recompile pc=0x00000000032d2ea4 method=java.util.HashSet.iterator()Ljava/util/Iterator; @ 4
Event: 235.439 Thread 0x00000000193a4000 Uncommon trap: reason=bimorphic action=maybe_recompile pc=0x0000000003ba7558 method=javafx.scene.Node.updateBounds()V @ 77
Event: 239.499 Thread 0x00000000193a4000 Uncommon trap: reason=bimorphic action=maybe_recompile pc=0x00000000032d27b4 method=java.util.regex.Pattern$Branch.match(Ljava/util/regex/Matcher;ILjava/lang/CharSequence;)Z @ 32
Event: 239.499 Thread 0x00000000193a4000 Uncommon trap: reason=bimorphic action=maybe_recompile pc=0x00000000032d27b4 method=java.util.regex.Pattern$Branch.match(Ljava/util/regex/Matcher;ILjava/lang/CharSequence;)Z @ 32
Event: 246.939 Thread 0x0000000019365000 Uncommon trap: reason=unstable_if action=reinterpret pc=0x00000000040c2664 method=com.sun.javafx.webkit.prism.WCGraphicsPrismContext.getGraphics(Z)Lcom/sun/prism/Graphics; @ 116
Event: 248.050 Thread 0x000000001c50e000 Uncommon trap: reason=unstable_if action=reinterpret pc=0x0000000003dbeab0 method=java.util.concurrent.locks.ReentrantLock$Sync.nonfairTryAcquire(I)Z @ 19
Event: 248.475 Thread 0x0000000019365000 Uncommon trap: reason=unstable_if action=reinterpret pc=0x0000000003cbfb68 method=com.sun.prism.impl.ps.BaseShaderGraphics.fillRect(FFFF)V @ 3

Internal exceptions (10 events):
Event: 226.798 Thread 0x0000000019365000 Implicit null exception at 0x00000000032222fa to 0x00000000032223ad
Event: 226.945 Thread 0x00000000193a4000 Exception <a 'java/io/FileNotFoundException'> (0x00000000d81a0790) thrown at [D:\re\workspace\8-2-build-windows-amd64-cygwin\jdk8u92\6642\hotspot\src\share\vm\prims\jni.cpp, line 709]
Event: 234.958 Thread 0x00000000193a4000 Exception <a 'sun/nio/fs/WindowsException'> (0x00000000d665a6a8) thrown at [D:\re\workspace\8-2-build-windows-amd64-cygwin\jdk8u92\6642\hotspot\src\share\vm\prims\jni.cpp, line 709]
Event: 234.960 Thread 0x00000000193a4000 Exception <a 'sun/nio/fs/WindowsException'> (0x00000000d665bb68) thrown at [D:\re\workspace\8-2-build-windows-amd64-cygwin\jdk8u92\6642\hotspot\src\share\vm\prims\jni.cpp, line 709]
Event: 234.963 Thread 0x00000000193a4000 Exception <a 'java/lang/ClassNotFoundException': sun/net/www/protocol/about/Handler> (0x00000000d66618e8) thrown at [D:\re\workspace\8-2-build-windows-amd64-cygwin\jdk8u92\6642\hotspot\src\share\vm\classfile\systemDictionary.cpp, line 210]
Event: 234.964 Thread 0x00000000193a4000 Exception <a 'java/lang/ClassNotFoundException': sun/net/www/protocol/about/Handler> (0x00000000d66641a8) thrown at [D:\re\workspace\8-2-build-windows-amd64-cygwin\jdk8u92\6642\hotspot\src\share\vm\classfile\systemDictionary.cpp, line 210]
Event: 236.425 Thread 0x00000000193a4000 Exception <a 'java/lang/ClassNotFoundException': sun/net/www/protocol/about/Handler> (0x00000000d6758648) thrown at [D:\re\workspace\8-2-build-windows-amd64-cygwin\jdk8u92\6642\hotspot\src\share\vm\classfile\systemDictionary.cpp, line 210]
Event: 236.425 Thread 0x00000000193a4000 Exception <a 'java/lang/ClassNotFoundException': sun/net/www/protocol/about/Handler> (0x00000000d675af08) thrown at [D:\re\workspace\8-2-build-windows-amd64-cygwin\jdk8u92\6642\hotspot\src\share\vm\classfile\systemDictionary.cpp, line 210]
Event: 248.571 Thread 0x000000001ca5a000 Exception <a 'java/lang/ClassNotFoundException': sun/net/www/protocol/data/Handler> (0x00000000d6ee5648) thrown at [D:\re\workspace\8-2-build-windows-amd64-cygwin\jdk8u92\6642\hotspot\src\share\vm\classfile\systemDictionary.cpp, line 210]
Event: 248.573 Thread 0x000000001ca5a000 Exception <a 'java/lang/ClassNotFoundException': sun/net/www/protocol/data/Handler> (0x00000000d6eeca08) thrown at [D:\re\workspace\8-2-build-windows-amd64-cygwin\jdk8u92\6642\hotspot\src\share\vm\classfile\systemDictionary.cpp, line 210]

Events (10 events):
Event: 272.106 Thread 0x000000001ca5a000 Thread exited: 0x000000001ca5a000
Event: 272.117 Thread 0x000000001ca53000 Thread added: 0x000000001ca53000
Event: 272.118 Thread 0x000000001ca54000 Thread added: 0x000000001ca54000
Event: 272.119 Thread 0x000000001ca53000 Thread exited: 0x000000001ca53000
Event: 272.119 Thread 0x000000001ca54000 Thread exited: 0x000000001ca54000
Event: 272.145 Thread 0x000000001ca59000 Thread added: 0x000000001ca59000
Event: 272.146 Thread 0x000000001ca59000 Thread exited: 0x000000001ca59000
Event: 272.150 Thread 0x000000001ca57000 Thread added: 0x000000001ca57000
Event: 272.154 Executing VM operation: RevokeBias
Event: 272.155 Executing VM operation: RevokeBias done


Dynamic libraries:
0x00007ff60ea60000 - 0x00007ff60ea97000 	C:\Program Files\Java\jdk1.8.0_92\jre\bin\java.exe
0x00007fff3b530000 - 0x00007fff3b6f1000 	C:\WINDOWS\SYSTEM32\ntdll.dll
0x00007fff39160000 - 0x00007fff3920d000 	C:\WINDOWS\system32\KERNEL32.DLL
0x00007fff37c70000 - 0x00007fff37e58000 	C:\WINDOWS\system32\KERNELBASE.dll
0x00007fff3ac20000 - 0x00007fff3acc7000 	C:\WINDOWS\system32\ADVAPI32.dll
0x00007fff3b330000 - 0x00007fff3b3cd000 	C:\WINDOWS\system32\msvcrt.dll
0x00007fff390a0000 - 0x00007fff390fb000 	C:\WINDOWS\system32\sechost.dll
0x00007fff38930000 - 0x00007fff38a4c000 	C:\WINDOWS\system32\RPCRT4.dll
0x00007fff38a60000 - 0x00007fff38bb6000 	C:\WINDOWS\system32\USER32.dll
0x00007fff3aa90000 - 0x00007fff3ac16000 	C:\WINDOWS\system32\GDI32.dll
0x00007fff22030000 - 0x00007fff222a4000 	C:\WINDOWS\WinSxS\amd64_microsoft.windows.common-controls_6595b64144ccf1df_6.0.10586.0_none_8c15ae12515e1c22\COMCTL32.dll
0x00007fff38e20000 - 0x00007fff3909d000 	C:\WINDOWS\system32\combase.dll
0x00007fff37f10000 - 0x00007fff37f7a000 	C:\WINDOWS\system32\bcryptPrimitives.dll
0x00007fff38bc0000 - 0x00007fff38bfb000 	C:\WINDOWS\system32\IMM32.DLL
0x000000005acd0000 - 0x000000005ada2000 	C:\Program Files\Java\jdk1.8.0_92\jre\bin\msvcr100.dll
0x000000005adb0000 - 0x000000005b646000 	C:\Program Files\Java\jdk1.8.0_92\jre\bin\server\jvm.dll
0x00007fff38a50000 - 0x00007fff38a58000 	C:\WINDOWS\system32\PSAPI.DLL
0x00007fff2afe0000 - 0x00007fff2afe9000 	C:\WINDOWS\SYSTEM32\WSOCK32.dll
0x00007fff3ae00000 - 0x00007fff3ae6b000 	C:\WINDOWS\system32\WS2_32.dll
0x00007fff360f0000 - 0x00007fff36113000 	C:\WINDOWS\SYSTEM32\WINMM.dll
0x00007fff2d340000 - 0x00007fff2d34a000 	C:\WINDOWS\SYSTEM32\VERSION.dll
0x00007fff36080000 - 0x00007fff360ac000 	C:\WINDOWS\SYSTEM32\WINMMBASE.dll
0x00007fff37f80000 - 0x00007fff37fc3000 	C:\WINDOWS\system32\cfgmgr32.dll
0x000000005ac80000 - 0x000000005ac8f000 	C:\Program Files\Java\jdk1.8.0_92\jre\bin\verify.dll
0x000000005ac50000 - 0x000000005ac79000 	C:\Program Files\Java\jdk1.8.0_92\jre\bin\java.dll
0x000000005ac30000 - 0x000000005ac46000 	C:\Program Files\Java\jdk1.8.0_92\jre\bin\zip.dll
0x00007fff39530000 - 0x00007fff3aa8c000 	C:\WINDOWS\system32\SHELL32.dll
0x00007fff382c0000 - 0x00007fff38904000 	C:\WINDOWS\system32\windows.storage.dll
0x00007fff3ae80000 - 0x00007fff3aed2000 	C:\WINDOWS\system32\shlwapi.dll
0x00007fff37b50000 - 0x00007fff37b5f000 	C:\WINDOWS\system32\kernel.appcore.dll
0x00007fff381a0000 - 0x00007fff38255000 	C:\WINDOWS\system32\shcore.dll
0x00007fff37b60000 - 0x00007fff37bab000 	C:\WINDOWS\system32\powrprof.dll
0x00007fff37bb0000 - 0x00007fff37bc4000 	C:\WINDOWS\system32\profapi.dll
0x00007fff19f80000 - 0x00007fff1a06f000 	C:\Program Files\Java\jdk1.8.0_92\jre\bin\msvcr120.dll
0x00007fff177e0000 - 0x00007fff17886000 	C:\Program Files\Java\jdk1.8.0_92\jre\bin\msvcp120.dll
0x000000005be10000 - 0x000000005be32000 	C:\Program Files\Java\jdk1.8.0_92\jre\bin\prism_d3d.dll
0x00007fff14fb0000 - 0x00007fff151c0000 	C:\WINDOWS\system32\d3d9.dll
0x00007fff35260000 - 0x00007fff35282000 	C:\WINDOWS\SYSTEM32\dwmapi.dll
0x00007fff364d0000 - 0x00007fff36566000 	C:\WINDOWS\system32\uxtheme.dll
0x00007fff08070000 - 0x00007fff08c90000 	C:\WINDOWS\SYSTEM32\igdumd64.dll
0x000000005bdc0000 - 0x000000005be03000 	C:\Program Files\Java\jdk1.8.0_92\jre\bin\glass.dll
0x00007fff39210000 - 0x00007fff3931b000 	C:\WINDOWS\system32\COMDLG32.dll
0x00007fff37be0000 - 0x00007fff37c66000 	C:\WINDOWS\system32\FirewallAPI.dll
0x00007fff38910000 - 0x00007fff38927000 	C:\WINDOWS\system32\NETAPI32.dll
0x00007fff38cd0000 - 0x00007fff38e13000 	C:\WINDOWS\system32\ole32.dll
0x00007fff38c00000 - 0x00007fff38cc1000 	C:\WINDOWS\system32\OLEAUT32.dll
0x00007fff27240000 - 0x00007fff2724c000 	C:\WINDOWS\SYSTEM32\DAVHLPR.DLL
0x00007fff368d0000 - 0x00007fff36902000 	C:\WINDOWS\SYSTEM32\fwbase.dll
0x00007fff3b3d0000 - 0x00007fff3b52a000 	C:\WINDOWS\system32\MSCTF.dll
0x0000000180000000 - 0x0000000180110000 	C:\Windows\system32\rlls64.dll
0x00007fff32fa0000 - 0x00007fff3300a000 	C:\Windows\system32\OLEACC.dll
0x00007fff32170000 - 0x00007fff32419000 	C:\Windows\system32\WININET.dll
0x00007fff37040000 - 0x00007fff37071000 	C:\WINDOWS\SYSTEM32\ntmarta.dll
0x00007fff370a0000 - 0x00007fff3711a000 	C:\WINDOWS\SYSTEM32\Schannel.dll
0x00007fff37fd0000 - 0x00007fff38198000 	C:\WINDOWS\system32\CRYPT32.dll
0x00007fff37bd0000 - 0x00007fff37be0000 	C:\WINDOWS\system32\MSASN1.dll
0x00007fff377d0000 - 0x00007fff377fd000 	C:\WINDOWS\SYSTEM32\SspiCli.dll
0x00007fff37420000 - 0x00007fff3747c000 	C:\WINDOWS\system32\mswsock.dll
0x000000005ac10000 - 0x000000005ac2a000 	C:\Program Files\Java\jdk1.8.0_92\jre\bin\net.dll
0x000000005abf0000 - 0x000000005ac01000 	C:\Program Files\Java\jdk1.8.0_92\jre\bin\nio.dll
0x000000005bd90000 - 0x000000005bdb4000 	C:\Program Files\Java\jdk1.8.0_92\jre\bin\sunec.dll
0x00007fff374d0000 - 0x00007fff374e7000 	C:\WINDOWS\SYSTEM32\CRYPTSP.dll
0x00007fff37160000 - 0x00007fff37194000 	C:\WINDOWS\system32\rsaenh.dll
0x00007fff37a80000 - 0x00007fff37aa9000 	C:\WINDOWS\SYSTEM32\bcrypt.dll
0x00007fff372b0000 - 0x00007fff372cf000 	C:\WINDOWS\SYSTEM32\USERENV.dll
0x00007fff375f0000 - 0x00007fff375fb000 	C:\WINDOWS\SYSTEM32\CRYPTBASE.dll
0x00007fff34990000 - 0x00007fff349c8000 	C:\WINDOWS\SYSTEM32\IPHLPAPI.DLL
0x00007fff3ae70000 - 0x00007fff3ae78000 	C:\WINDOWS\system32\NSI.dll
0x00007fff2f310000 - 0x00007fff2f326000 	C:\WINDOWS\SYSTEM32\dhcpcsvc6.DLL
0x00007fff2edb0000 - 0x00007fff2edca000 	C:\WINDOWS\SYSTEM32\dhcpcsvc.DLL
0x000000005bd80000 - 0x000000005bd8b000 	C:\Program Files\Java\jdk1.8.0_92\jre\bin\sunmscapi.dll
0x00007fff286e0000 - 0x00007fff286f6000 	C:\WINDOWS\system32\napinsp.dll
0x00007fff28700000 - 0x00007fff2871a000 	C:\WINDOWS\system32\pnrpnsp.dll
0x00007fff32000000 - 0x00007fff32018000 	C:\WINDOWS\system32\NLAapi.dll
0x00007fff36570000 - 0x00007fff3661a000 	C:\WINDOWS\SYSTEM32\DNSAPI.dll
0x00007fff28fd0000 - 0x00007fff28fdd000 	C:\WINDOWS\System32\winrnr.dll
0x000000005c3f0000 - 0x000000005c416000 	C:\Program Files\Bonjour\mdnsNSP.dll
0x00007fff2f3e0000 - 0x00007fff2f447000 	C:\WINDOWS\System32\fwpuclnt.dll
0x00007fff2d300000 - 0x00007fff2d30a000 	C:\Windows\System32\rasadhlp.dll
0x00000000583d0000 - 0x000000005a961000 	C:\Program Files\Java\jdk1.8.0_92\jre\bin\jfxwebkit.dll
0x000000005bd60000 - 0x000000005bd74000 	C:\Program Files\Java\jdk1.8.0_92\jre\bin\javafx_font.dll
0x00007fff1bff0000 - 0x00007fff1c250000 	C:\WINDOWS\SYSTEM32\dwrite.dll
0x00007fff3acd0000 - 0x00007fff3ad77000 	C:\WINDOWS\system32\clbcatq.dll
0x00007fff34590000 - 0x00007fff34741000 	C:\WINDOWS\SYSTEM32\WindowsCodecs.dll
0x00007fff358f0000 - 0x00007fff3593a000 	C:\WINDOWS\system32\dataexchange.dll
0x00007fff34f90000 - 0x00007fff35238000 	C:\WINDOWS\system32\d3d11.dll
0x00007fff35e60000 - 0x00007fff35f43000 	C:\WINDOWS\system32\dcomp.dll
0x00007fff34ee0000 - 0x00007fff34f82000 	C:\WINDOWS\system32\dxgi.dll
0x00007fff36670000 - 0x00007fff36770000 	C:\WINDOWS\system32\twinapi.appcore.dll
0x00007fff25cb0000 - 0x00007fff25ce4000 	C:\Program Files\Common Files\Microsoft Shared\Ink\rtscom.dll
0x000000005bd40000 - 0x000000005bd51000 	C:\Program Files\Java\jdk1.8.0_92\jre\bin\prism_common.dll
0x000000005bd10000 - 0x000000005bd33000 	C:\Program Files\Java\jdk1.8.0_92\jre\bin\javafx_iio.dll
0x00007fff290c0000 - 0x00007fff29110000 	C:\WINDOWS\SYSTEM32\edputil.dll
0x00007fff31940000 - 0x00007fff31e85000 	C:\WINDOWS\SYSTEM32\d2d1.dll
0x00007fff18500000 - 0x00007fff1876f000 	C:\WINDOWS\SYSTEM32\D3D10Warp.dll
0x000000005aa50000 - 0x000000005abe8000 	C:\Program Files\Java\jdk1.8.0_92\jre\bin\awt.dll
0x00007fff36340000 - 0x00007fff363b9000 	C:\WINDOWS\system32\apphelp.dll
0x00007fff2fe20000 - 0x00007fff2ffac000 	C:\WINDOWS\SYSTEM32\dbghelp.dll

VM Arguments:
jvm_args: -Dfile.encoding=UTF-8 -Djava.net.preferIPv4Stack=true 
java_command: C:\Users\Aniket\Documents\NetBeansProjects\Velocity\dist\run749052836\Velocity.jar
java_class_path (initial): C:\Users\Aniket\Documents\NetBeansProjects\Velocity\dist\run749052836\Velocity.jar
Launcher Type: SUN_STANDARD

Environment Variables:
JAVA_HOME=C:\Program Files\Java\jdk1.8.0_72
_JAVA_OPTIONS=-Djava.net.preferIPv4Stack=true
PATH=C:\Python34\Lib\site-packages\PyQt5;C:\ProgramData\Oracle\Java\javapath;C:\Python27\Lib\site-packages\PyQt4;C:\Program Files (x86)\HP SimplePass\x64;C:\Program Files (x86)\HP SimplePass\;C:\Program Files (x86)\Intel\iCLS Client\;C:\Program Files\Intel\iCLS Client\;C:\WINDOWS\system32;C:\WINDOWS;C:\WINDOWS\System32\Wbem;C:\WINDOWS\System32\WindowsPowerShell\v1.0\;C:\Program Files (x86)\Windows Live\Shared;C:\Program Files\Intel\Intel(R) Management Engine Components\DAL;C:\Program Files\Intel\Intel(R) Management Engine Components\IPT;C:\Program Files (x86)\Intel\Intel(R) Management Engine Components\DAL;C:\Program Files (x86)\Intel\Intel(R) Management Engine Components\IPT;C:\Program Files (x86)\Intel\OpenCL SDK\2.0\bin\x86;C:\Program Files (x86)\Intel\OpenCL SDK\2.0\bin\x64;C:\Program Files (x86)\Pinnacle\Shared Files\;C:\Program Files (x86)\Pinnacle\Shared Files\Filter\;C:\Program Files\nodejs;C:\Program Files (x86)\Inno Setup 5;C:\Program Files (x86)\WiX Toolset v3.8\bin\;C:\Program Files (x86)\QuickTime\QTSystem\;C:\Program Files\Mercurial;C:\Users\Aniket\Downloads\gradle-2.3-bin\gradle-2.3\bin;C:\Program Files (x86)\GtkSharp\2.12\bin;C:\Program Files (x86)\Windows Kits\8.1\Windows Performance Toolkit\;C:\Program Files\Microsoft SQL Server\110\Tools\Binn\;C:\Program Files (x86)\Microsoft SDKs\TypeScript\1.0\;C:\Program Files\nodejs\;C:\Users\Aniket\Downloads\android-ndk-r10e;C:\Program Files (x86)\Skype\Phone\;C:\Users\Aniket\AppData\Roaming\npm;C:\GNUstep\bin;C:\GNUstep\GNUstep\System\Tools;C:\Users\Aniket\AppData\Local\Programs\Git\cmd
USERNAME=Aniket
OS=Windows_NT
PROCESSOR_IDENTIFIER=Intel64 Family 6 Model 42 Stepping 7, GenuineIntel



---------------  S Y S T E M  ---------------

OS: Windows 10.0 , 64 bit Build 10586 (10.0.10586.0)

CPU:total 4 (2 cores per cpu, 2 threads per core) family 6 model 42 stepping 7, cmov, cx8, fxsr, mmx, sse, sse2, sse3, ssse3, sse4.1, sse4.2, popcnt, avx, aes, clmul, ht, tsc, tscinvbit

Memory: 4k page, physical 8275228k(3111744k free), swap 9585948k(3275944k free)

vm_info: Java HotSpot(TM) 64-Bit Server VM (25.92-b14) for windows-amd64 JRE (1.8.0_92-b14), built on Mar 31 2016 21:03:04 by "java_re" with MS VC++ 10.0 (VS2010)

time: Wed Jun 15 16:39:42 2016
elapsed time: 272 seconds (0d 0h 4m 32s)

