#
# A fatal error has been detected by the Java Runtime Environment:
#
#  EXCEPTION_ACCESS_VIOLATION (0xc0000005) at pc=0x0000000057d5f9a8, pid=19864, tid=0x0000000000002358
#
# JRE version: Java(TM) SE Runtime Environment (8.0_92-b14) (build 1.8.0_92-b14)
# Java VM: Java HotSpot(TM) 64-Bit Server VM (25.92-b14 mixed mode windows-amd64 compressed oops)
# Problematic frame:
# C  [jfxwebkit.dll+0x7af9a8]
#
# Failed to write core dump. Minidumps are not enabled by default on client versions of Windows
#
# If you would like to submit a bug report, please visit:
#   http://bugreport.java.com/bugreport/crash.jsp
# The crash happened outside the Java Virtual Machine in native code.
# See problematic frame for where to report the bug.
#

---------------  T H R E A D  ---------------

Current thread (0x0000000018d22800):  JavaThread "JavaFX Application Thread" [_thread_in_native, id=9048, stack(0x00000000192e0000,0x00000000193e0000)]

siginfo: ExceptionCode=0xc0000005, reading address 0x0000000000000068

Registers:
RAX=0x0000000000000000, RBX=0x0000000028267080, RCX=0x0000000057d5f999, RDX=0x00000000193dd940
RSP=0x00000000193dd780, RBP=0x0000000000000001, RSI=0x0000000000000000, RDI=0x00000000193dd940
R8 =0x0000000000000000, R9 =0x0000000028326888, R10=0x0000000000000000, R11=0x0000000058738d02
R12=0x00000000193dda70, R13=0x000000001d635920, R14=0x0000000028326888, R15=0x00000000575b0000
RIP=0x0000000057d5f9a8, EFLAGS=0x0000000000010246

Top of Stack: (sp=0x00000000193dd780)
0x00000000193dd780:   00000000193dd940 00000000193dd9c0
0x00000000193dd790:   00000000193dda70 0000000057e6cd58
0x00000000193dd7a0:   fffffffffffffffe 0000000058738cf0
0x00000000193dd7b0:   0000000027fc52c0 0000000028326550
0x00000000193dd7c0:   0000000028267080 0000000057d900eb
0x00000000193dd7d0:   0000000028326550 0000000028326550
0x00000000193dd7e0:   00000000193dd940 0000000000000001
0x00000000193dd7f0:   0000000000000000 000000002670af90
0x00000000193dd800:   fffffffffffffffe 0000000027fc52c0
0x00000000193dd810:   0000000528326553 0000000800000008
0x00000000193dd820:   0000001600000008 0000002700000016
0x00000000193dd830:   0000002800000028 0000000000000028
0x00000000193dd840:   0000000018d22800 00000000193dda68
0x00000000193dd850:   0000000000000000 00000000193dda70
0x00000000193dd860:   00000000193dd940 0000000057d8b611
0x00000000193dd870:   0000000028326550 0000000028326550 

Instructions: (pc=0x0000000057d5f9a8)
0x0000000057d5f988:   8b d7 48 8b 48 68 e8 3d ca 04 00 84 c0 75 40 eb
0x0000000057d5f998:   50 40 84 f6 75 39 48 8b 43 38 45 33 c0 48 8b d7
0x0000000057d5f9a8:   48 8b 48 68 e8 1f bc 04 00 84 c0 75 22 eb 32 40
0x0000000057d5f9b8:   84 f6 75 1b 48 8b 43 38 45 33 c0 48 8b d7 48 8b 


Register to memory mapping:

RAX=0x0000000000000000 is an unknown value
RBX=0x0000000028267080 is an unknown value
RCX=0x0000000057d5f999 is an unknown value
RDX=0x00000000193dd940 is pointing into the stack for thread: 0x0000000018d22800
RSP=0x00000000193dd780 is pointing into the stack for thread: 0x0000000018d22800
RBP=0x0000000000000001 is an unknown value
RSI=0x0000000000000000 is an unknown value
RDI=0x00000000193dd940 is pointing into the stack for thread: 0x0000000018d22800
R8 =0x0000000000000000 is an unknown value
R9 =0x0000000028326888 is an unknown value
R10=0x0000000000000000 is an unknown value
R11=0x0000000058738d02 is an unknown value
R12=0x00000000193dda70 is pointing into the stack for thread: 0x0000000018d22800
R13={method} {0x000000001d635928} 'twkWillSendRequest' '(Ljava/lang/String;Ljava/lang/String;ILjava/lang/String;Ljava/lang/String;JLjava/lang/String;Ljava/lang/String;J)Z' in 'com/sun/webkit/network/URLLoader'
R14=0x0000000028326888 is an unknown value
R15=0x00000000575b0000 is an unknown value


Stack: [0x00000000192e0000,0x00000000193e0000],  sp=0x00000000193dd780,  free space=1013k
Native frames: (J=compiled Java code, j=interpreted, Vv=VM code, C=native code)
C  [jfxwebkit.dll+0x7af9a8]
C  [jfxwebkit.dll+0x7e00eb]
C  [jfxwebkit.dll+0x7db611]
C  [jfxwebkit.dll+0x8c2107]
C  [jfxwebkit.dll+0x8c264b]
C  0x00000000025d7f54

Java frames: (J=compiled Java code, j=interpreted, Vv=VM code)
j  com.sun.webkit.network.URLLoader.twkWillSendRequest(Ljava/lang/String;Ljava/lang/String;ILjava/lang/String;Ljava/lang/String;JLjava/lang/String;Ljava/lang/String;J)Z+0
j  com.sun.webkit.network.URLLoader.notifyWillSendRequest(Ljava/lang/String;Ljava/lang/String;ILjava/lang/String;Ljava/lang/String;JLjava/lang/String;Ljava/lang/String;)Z+107
j  com.sun.webkit.network.URLLoader.lambda$willSendRequest$95(Ljava/lang/String;Ljava/lang/String;ILjava/lang/String;Ljava/lang/String;JLjava/lang/String;Ljava/lang/String;Ljava/util/concurrent/CountDownLatch;)V+21
j  com.sun.webkit.network.URLLoader$$Lambda$418.run()V+40
j  com.sun.javafx.application.PlatformImpl.lambda$null$173(Ljava/lang/Runnable;)Ljava/lang/Void;+1
j  com.sun.javafx.application.PlatformImpl$$Lambda$50.run()Ljava/lang/Object;+4
v  ~StubRoutines::call_stub
J 2647  java.security.AccessController.doPrivileged(Ljava/security/PrivilegedAction;Ljava/security/AccessControlContext;)Ljava/lang/Object; (0 bytes) @ 0x0000000002d97666 [0x0000000002d97600+0x66]
j  com.sun.javafx.application.PlatformImpl.lambda$runLater$174(Ljava/lang/Runnable;Ljava/security/AccessControlContext;)V+7
j  com.sun.javafx.application.PlatformImpl$$Lambda$48.run()V+8
J 3118 C1 com.sun.glass.ui.InvokeLaterDispatcher$Future.run()V (91 bytes) @ 0x000000000278054c [0x0000000002780440+0x10c]
v  ~StubRoutines::call_stub
j  com.sun.glass.ui.win.WinApplication._runLoop(Ljava/lang/Runnable;)V+0
j  com.sun.glass.ui.win.WinApplication.lambda$null$148(ILjava/lang/Runnable;)V+8
j  com.sun.glass.ui.win.WinApplication$$Lambda$38.run()V+12
j  java.lang.Thread.run()V+11
v  ~StubRoutines::call_stub

---------------  P R O C E S S  ---------------

Java Threads: ( => current thread )
  0x000000001d8bc800 JavaThread "Keep-Alive-SocketCleaner" daemon [_thread_blocked, id=13864, stack(0x000000002ac70000,0x000000002ad70000)]
  0x000000001d8ba800 JavaThread "URL-Loader-20" daemon [_thread_blocked, id=4860, stack(0x0000000029090000,0x0000000029190000)]
  0x000000001d8b8000 JavaThread "URL-Loader-19" daemon [_thread_blocked, id=6404, stack(0x0000000028f90000,0x0000000029090000)]
  0x000000001d8b7800 JavaThread "URL-Loader-18" daemon [_thread_blocked, id=16364, stack(0x0000000028e90000,0x0000000028f90000)]
  0x000000001d8b6800 JavaThread "URL-Loader-17" daemon [_thread_blocked, id=16564, stack(0x0000000028d90000,0x0000000028e90000)]
  0x000000001d8b9000 JavaThread "URL-Loader-16" daemon [_thread_blocked, id=6352, stack(0x0000000028c90000,0x0000000028d90000)]
  0x000000001d8b6000 JavaThread "URL-Loader-15" daemon [_thread_blocked, id=15780, stack(0x0000000028890000,0x0000000028990000)]
  0x000000001d8bb000 JavaThread "URL-Loader-14" daemon [_thread_blocked, id=13192, stack(0x0000000028680000,0x0000000028780000)]
  0x000000001d8ea800 JavaThread "URL-Loader-13" daemon [_thread_blocked, id=6944, stack(0x0000000028540000,0x0000000028640000)]
  0x000000001d8e8800 JavaThread "URL-Loader-12" daemon [_thread_blocked, id=19632, stack(0x0000000027130000,0x0000000027230000)]
  0x000000001d8ec000 JavaThread "URL-Loader-11" daemon [_thread_blocked, id=15984, stack(0x0000000026ef0000,0x0000000026ff0000)]
  0x000000001d8eb800 JavaThread "URL-Loader-10" daemon [_thread_blocked, id=18300, stack(0x0000000026db0000,0x0000000026eb0000)]
  0x000000001d8e5800 JavaThread "URL-Loader-9" daemon [_thread_blocked, id=3952, stack(0x0000000026cb0000,0x0000000026db0000)]
  0x000000001d8ea000 JavaThread "Thread-21" daemon [_thread_in_native, id=5020, stack(0x0000000026bb0000,0x0000000026cb0000)]
  0x000000001d8e0000 JavaThread "URL-Loader-8" daemon [_thread_blocked, id=7276, stack(0x0000000025db0000,0x0000000025eb0000)]
  0x000000001d8de800 JavaThread "URL-Loader-7" daemon [_thread_blocked, id=6664, stack(0x00000000255b0000,0x00000000256b0000)]
  0x000000001d8e4000 JavaThread "URL-Loader-6" daemon [_thread_blocked, id=18552, stack(0x00000000254b0000,0x00000000255b0000)]
  0x000000001d8e3000 JavaThread "URL-Loader-5" daemon [_thread_blocked, id=4788, stack(0x00000000253b0000,0x00000000254b0000)]
  0x000000001d8e1800 JavaThread "URL-Loader-4" daemon [_thread_blocked, id=13072, stack(0x00000000252b0000,0x00000000253b0000)]
  0x000000001d8df800 JavaThread "URL-Loader-3" daemon [_thread_blocked, id=16808, stack(0x00000000251b0000,0x00000000252b0000)]
  0x000000001d8e2800 JavaThread "URL-Loader-2" daemon [_thread_in_native, id=7196, stack(0x00000000250b0000,0x00000000251b0000)]
  0x000000001d8e1000 JavaThread "Keep-Alive-Timer" daemon [_thread_blocked, id=17248, stack(0x0000000024fb0000,0x00000000250b0000)]
  0x0000000017106000 JavaThread "Watchdog-Timer-1" daemon [_thread_blocked, id=10148, stack(0x0000000022e60000,0x0000000022f60000)]
  0x0000000017105000 JavaThread "Prism Font Disposer" daemon [_thread_blocked, id=7372, stack(0x0000000020040000,0x0000000020140000)]
  0x0000000017107800 JavaThread "URL-Loader-1" daemon [_thread_blocked, id=19172, stack(0x000000001eb50000,0x000000001ec50000)]
  0x0000000017109800 JavaThread "Disposer" daemon [_thread_blocked, id=14652, stack(0x000000001d380000,0x000000001d480000)]
  0x000000001babf800 JavaThread "JavaFX-Launcher" [_thread_blocked, id=17652, stack(0x000000001c380000,0x000000001c480000)]
  0x000000001ba4e800 JavaThread "Thread-2" daemon [_thread_in_native, id=17300, stack(0x000000001c180000,0x000000001c280000)]
=>0x0000000018d22800 JavaThread "JavaFX Application Thread" [_thread_in_native, id=9048, stack(0x00000000192e0000,0x00000000193e0000)]
  0x0000000018d1f800 JavaThread "Thread-1" daemon [_thread_blocked, id=2136, stack(0x00000000191e0000,0x00000000192e0000)]
  0x0000000018cd0000 JavaThread "QuantumRenderer-0" daemon [_thread_blocked, id=19872, stack(0x0000000018f50000,0x0000000019050000)]
  0x00000000189aa000 JavaThread "Service Thread" daemon [_thread_blocked, id=13660, stack(0x0000000018d50000,0x0000000018e50000)]
  0x0000000017108000 JavaThread "C1 CompilerThread2" daemon [_thread_blocked, id=16792, stack(0x0000000018850000,0x0000000018950000)]
  0x0000000017103000 JavaThread "C2 CompilerThread1" daemon [_thread_blocked, id=4156, stack(0x0000000018750000,0x0000000018850000)]
  0x0000000017100000 JavaThread "C2 CompilerThread0" daemon [_thread_blocked, id=12728, stack(0x0000000018650000,0x0000000018750000)]
  0x00000000170fe000 JavaThread "Attach Listener" daemon [_thread_blocked, id=3364, stack(0x0000000018550000,0x0000000018650000)]
  0x00000000170fc800 JavaThread "Signal Dispatcher" daemon [_thread_blocked, id=7728, stack(0x0000000018450000,0x0000000018550000)]
  0x00000000025bc800 JavaThread "Finalizer" daemon [_thread_blocked, id=15560, stack(0x0000000018350000,0x0000000018450000)]
  0x00000000025b1000 JavaThread "Reference Handler" daemon [_thread_blocked, id=1776, stack(0x0000000018250000,0x0000000018350000)]
  0x00000000024c2800 JavaThread "main" [_thread_blocked, id=13924, stack(0x00000000023c0000,0x00000000024c0000)]

Other Threads:
  0x00000000170c7800 VMThread [stack: 0x0000000018150000,0x0000000018250000] [id=13736]
  0x00000000189ae000 WatcherThread [stack: 0x0000000018e50000,0x0000000018f50000] [id=7852]

VM state:not at safepoint (normal execution)

VM Mutex/Monitor currently owned by a thread: None

Heap:
 PSYoungGen      total 38400K, used 29207K [0x00000000d5e00000, 0x00000000d9080000, 0x0000000100000000)
  eden space 33280K, 72% used [0x00000000d5e00000,0x00000000d758b720,0x00000000d7e80000)
  from space 5120K, 99% used [0x00000000d7e80000,0x00000000d837a638,0x00000000d8380000)
  to   space 5120K, 0% used [0x00000000d8b80000,0x00000000d8b80000,0x00000000d9080000)
 ParOldGen       total 69632K, used 10240K [0x0000000081a00000, 0x0000000085e00000, 0x00000000d5e00000)
  object space 69632K, 14% used [0x0000000081a00000,0x0000000082400088,0x0000000085e00000)
 Metaspace       used 24994K, capacity 26378K, committed 26624K, reserved 1073152K
  class space    used 3477K, capacity 3757K, committed 3840K, reserved 1048576K

Card table byte_map: [0x0000000011980000,0x0000000011d80000] byte_map_base: 0x0000000011573000

Marking Bits: (ParMarkBitMap*) 0x000000005a8664f0
 Begin Bits: [0x0000000012430000, 0x00000000143c8000)
 End Bits:   [0x00000000143c8000, 0x0000000016360000)

Polling page: 0x0000000000510000

CodeCache: size=245760Kb used=9926Kb max_used=9936Kb free=235833Kb
 bounds [0x00000000025c0000, 0x0000000002f80000, 0x00000000115c0000]
 total_blobs=4142 nmethods=3321 adapters=732
 compilation: enabled

Compilation events (10 events):
Event: 11.885 Thread 0x0000000017108000 nmethod 3671 0x0000000002f697d0 code [0x0000000002f69940, 0x0000000002f69ba8]
Event: 11.885 Thread 0x0000000017108000 3672       3       javafx.collections.ListChangeBuilder$SingleChange::getFrom (12 bytes)
Event: 11.886 Thread 0x0000000017108000 nmethod 3672 0x0000000002f69250 code [0x0000000002f693c0, 0x0000000002f69688]
Event: 11.886 Thread 0x0000000017108000 3673       3       javafx.scene.Node::getAutomaticOrientation (5 bytes)
Event: 11.886 Thread 0x0000000017108000 nmethod 3673 0x0000000002f68f50 code [0x0000000002f690a0, 0x0000000002f691d0]
Event: 11.887 Thread 0x0000000017108000 3674       3       javafx.scene.layout.Region::snapSpace (9 bytes)
Event: 11.888 Thread 0x0000000017108000 nmethod 3674 0x0000000002f68a50 code [0x0000000002f68bc0, 0x0000000002f68e88]
Event: 11.888 Thread 0x0000000017100000 3675       4       javafx.scene.Node::getClip (21 bytes)
Event: 11.888 Thread 0x0000000017108000 3676       3       javafx.scene.Parent::getChildTransformedBounds (19 bytes)
Event: 11.889 Thread 0x0000000017108000 nmethod 3676 0x0000000002f78f50 code [0x0000000002f790c0, 0x0000000002f79328]

GC Heap History (8 events):
Event: 1.108 GC heap before
{Heap before GC invocations=1 (full 0):
 PSYoungGen      total 38400K, used 32875K [0x00000000d5e00000, 0x00000000d8880000, 0x0000000100000000)
  eden space 33280K, 98% used [0x00000000d5e00000,0x00000000d7e1afc8,0x00000000d7e80000)
  from space 5120K, 0% used [0x00000000d8380000,0x00000000d8380000,0x00000000d8880000)
  to   space 5120K, 0% used [0x00000000d7e80000,0x00000000d7e80000,0x00000000d8380000)
 ParOldGen       total 87552K, used 0K [0x0000000081a00000, 0x0000000086f80000, 0x00000000d5e00000)
  object space 87552K, 0% used [0x0000000081a00000,0x0000000081a00000,0x0000000086f80000)
 Metaspace       used 14114K, capacity 14586K, committed 14848K, reserved 1062912K
  class space    used 1820K, capacity 1997K, committed 2048K, reserved 1048576K
Event: 1.117 GC heap after
Heap after GC invocations=1 (full 0):
 PSYoungGen      total 38400K, used 5092K [0x00000000d5e00000, 0x00000000d8880000, 0x0000000100000000)
  eden space 33280K, 0% used [0x00000000d5e00000,0x00000000d5e00000,0x00000000d7e80000)
  from space 5120K, 99% used [0x00000000d7e80000,0x00000000d83790b0,0x00000000d8380000)
  to   space 5120K, 0% used [0x00000000d8380000,0x00000000d8380000,0x00000000d8880000)
 ParOldGen       total 87552K, used 801K [0x0000000081a00000, 0x0000000086f80000, 0x00000000d5e00000)
  object space 87552K, 0% used [0x0000000081a00000,0x0000000081ac8608,0x0000000086f80000)
 Metaspace       used 14114K, capacity 14586K, committed 14848K, reserved 1062912K
  class space    used 1820K, capacity 1997K, committed 2048K, reserved 1048576K
}
Event: 2.700 GC heap before
{Heap before GC invocations=2 (full 0):
 PSYoungGen      total 38400K, used 34451K [0x00000000d5e00000, 0x00000000d8880000, 0x0000000100000000)
  eden space 33280K, 88% used [0x00000000d5e00000,0x00000000d7aabcc0,0x00000000d7e80000)
  from space 5120K, 99% used [0x00000000d7e80000,0x00000000d83790b0,0x00000000d8380000)
  to   space 5120K, 0% used [0x00000000d8380000,0x00000000d8380000,0x00000000d8880000)
 ParOldGen       total 87552K, used 801K [0x0000000081a00000, 0x0000000086f80000, 0x00000000d5e00000)
  object space 87552K, 0% used [0x0000000081a00000,0x0000000081ac8608,0x0000000086f80000)
 Metaspace       used 20170K, capacity 21136K, committed 21248K, reserved 1067008K
  class space    used 2798K, capacity 3000K, committed 3072K, reserved 1048576K
Event: 2.712 GC heap after
Heap after GC invocations=2 (full 0):
 PSYoungGen      total 38400K, used 5118K [0x00000000d5e00000, 0x00000000d8880000, 0x0000000100000000)
  eden space 33280K, 0% used [0x00000000d5e00000,0x00000000d5e00000,0x00000000d7e80000)
  from space 5120K, 99% used [0x00000000d8380000,0x00000000d887faa8,0x00000000d8880000)
  to   space 5120K, 0% used [0x00000000d7e80000,0x00000000d7e80000,0x00000000d8380000)
 ParOldGen       total 87552K, used 4071K [0x0000000081a00000, 0x0000000086f80000, 0x00000000d5e00000)
  object space 87552K, 4% used [0x0000000081a00000,0x0000000081df9c60,0x0000000086f80000)
 Metaspace       used 20170K, capacity 21136K, committed 21248K, reserved 1067008K
  class space    used 2798K, capacity 3000K, committed 3072K, reserved 1048576K
}
Event: 2.712 GC heap before
{Heap before GC invocations=3 (full 1):
 PSYoungGen      total 38400K, used 5118K [0x00000000d5e00000, 0x00000000d8880000, 0x0000000100000000)
  eden space 33280K, 0% used [0x00000000d5e00000,0x00000000d5e00000,0x00000000d7e80000)
  from space 5120K, 99% used [0x00000000d8380000,0x00000000d887faa8,0x00000000d8880000)
  to   space 5120K, 0% used [0x00000000d7e80000,0x00000000d7e80000,0x00000000d8380000)
 ParOldGen       total 87552K, used 4071K [0x0000000081a00000, 0x0000000086f80000, 0x00000000d5e00000)
  object space 87552K, 4% used [0x0000000081a00000,0x0000000081df9c60,0x0000000086f80000)
 Metaspace       used 20170K, capacity 21136K, committed 21248K, reserved 1067008K
  class space    used 2798K, capacity 3000K, committed 3072K, reserved 1048576K
Event: 2.762 GC heap after
Heap after GC invocations=3 (full 1):
 PSYoungGen      total 38400K, used 0K [0x00000000d5e00000, 0x00000000d8880000, 0x0000000100000000)
  eden space 33280K, 0% used [0x00000000d5e00000,0x00000000d5e00000,0x00000000d7e80000)
  from space 5120K, 0% used [0x00000000d8380000,0x00000000d8380000,0x00000000d8880000)
  to   space 5120K, 0% used [0x00000000d7e80000,0x00000000d7e80000,0x00000000d8380000)
 ParOldGen       total 69632K, used 8385K [0x0000000081a00000, 0x0000000085e00000, 0x00000000d5e00000)
  object space 69632K, 12% used [0x0000000081a00000,0x0000000082230748,0x0000000085e00000)
 Metaspace       used 20170K, capacity 21136K, committed 21248K, reserved 1067008K
  class space    used 2798K, capacity 3000K, committed 3072K, reserved 1048576K
}
Event: 6.928 GC heap before
{Heap before GC invocations=4 (full 1):
 PSYoungGen      total 38400K, used 33280K [0x00000000d5e00000, 0x00000000d8880000, 0x0000000100000000)
  eden space 33280K, 100% used [0x00000000d5e00000,0x00000000d7e80000,0x00000000d7e80000)
  from space 5120K, 0% used [0x00000000d8380000,0x00000000d8380000,0x00000000d8880000)
  to   space 5120K, 0% used [0x00000000d7e80000,0x00000000d7e80000,0x00000000d8380000)
 ParOldGen       total 69632K, used 8385K [0x0000000081a00000, 0x0000000085e00000, 0x00000000d5e00000)
  object space 69632K, 12% used [0x0000000081a00000,0x0000000082230748,0x0000000085e00000)
 Metaspace       used 23999K, capacity 25348K, committed 25472K, reserved 1071104K
  class space    used 3398K, capacity 3670K, committed 3712K, reserved 1048576K
Event: 6.941 GC heap after
Heap after GC invocations=4 (full 1):
 PSYoungGen      total 38400K, used 5097K [0x00000000d5e00000, 0x00000000d9080000, 0x0000000100000000)
  eden space 33280K, 0% used [0x00000000d5e00000,0x00000000d5e00000,0x00000000d7e80000)
  from space 5120K, 99% used [0x00000000d7e80000,0x00000000d837a638,0x00000000d8380000)
  to   space 5120K, 0% used [0x00000000d8b80000,0x00000000d8b80000,0x00000000d9080000)
 ParOldGen       total 69632K, used 10240K [0x0000000081a00000, 0x0000000085e00000, 0x00000000d5e00000)
  object space 69632K, 14% used [0x0000000081a00000,0x0000000082400088,0x0000000085e00000)
 Metaspace       used 23999K, capacity 25348K, committed 25472K, reserved 1071104K
  class space    used 3398K, capacity 3670K, committed 3712K, reserved 1048576K
}

Deoptimization events (10 events):
Event: 8.973 Thread 0x0000000018cd0000 Uncommon trap: reason=unstable_if action=reinterpret pc=0x000000000274a778 method=com.sun.javafx.geom.transform.AffineBase.updateState2D()V @ 33
Event: 9.901 Thread 0x0000000018d22800 Uncommon trap: reason=unstable_if action=reinterpret pc=0x0000000002edac48 method=com.sun.javafx.iio.gif.GIFImageLoader2$LZWDecoder.readString()I @ 151
Event: 11.279 Thread 0x0000000018d22800 Uncommon trap: reason=array_check action=maybe_recompile pc=0x0000000002ef63cc method=com.sun.javafx.css.SimpleSelector.applies(Ljavafx/css/Styleable;[Ljava/util/Set;I)Z @ 37
Event: 11.280 Thread 0x0000000018d22800 Uncommon trap: reason=class_check action=maybe_recompile pc=0x0000000002ef3e18 method=javafx.scene.Node$MiscProperties.getClip()Ljavafx/scene/Node; @ 20
Event: 11.280 Thread 0x0000000018d22800 Uncommon trap: reason=class_check action=maybe_recompile pc=0x0000000002ef3e18 method=javafx.scene.Node$MiscProperties.getClip()Ljavafx/scene/Node; @ 20
Event: 11.280 Thread 0x0000000018d22800 Uncommon trap: reason=class_check action=maybe_recompile pc=0x0000000002ef3e18 method=javafx.scene.Node$MiscProperties.getClip()Ljavafx/scene/Node; @ 20
Event: 11.280 Thread 0x0000000018d22800 Uncommon trap: reason=class_check action=maybe_recompile pc=0x0000000002ef3e18 method=javafx.scene.Node$MiscProperties.getClip()Ljavafx/scene/Node; @ 20
Event: 11.309 Thread 0x0000000018d22800 Uncommon trap: reason=array_check action=maybe_recompile pc=0x0000000002ef63cc method=com.sun.javafx.css.SimpleSelector.applies(Ljavafx/css/Styleable;[Ljava/util/Set;I)Z @ 37
Event: 11.309 Thread 0x0000000018d22800 Uncommon trap: reason=array_check action=maybe_recompile pc=0x0000000002ef63cc method=com.sun.javafx.css.SimpleSelector.applies(Ljavafx/css/Styleable;[Ljava/util/Set;I)Z @ 37
Event: 11.309 Thread 0x0000000018d22800 Uncommon trap: reason=array_check action=maybe_recompile pc=0x0000000002ef63cc method=com.sun.javafx.css.SimpleSelector.applies(Ljavafx/css/Styleable;[Ljava/util/Set;I)Z @ 37

Internal exceptions (10 events):
Event: 3.440 Thread 0x000000001d8de800 Exception <a 'java/lang/ClassNotFoundException': sun/net/www/protocol/data/Handler> (0x00000000d716bd30) thrown at [D:\re\workspace\8-2-build-windows-amd64-cygwin\jdk8u92\6642\hotspot\src\share\vm\classfile\systemDictionary.cpp, line 210]
Event: 3.964 Thread 0x000000001d8ea000 Exception <a 'sun/nio/fs/WindowsException'> (0x00000000d77b8eb0) thrown at [D:\re\workspace\8-2-build-windows-amd64-cygwin\jdk8u92\6642\hotspot\src\share\vm\prims\jni.cpp, line 709]
Event: 3.996 Thread 0x000000001d8eb800 Exception <a 'java/lang/ClassNotFoundException': sun/net/www/protocol/data/Handler> (0x00000000d78536a8) thrown at [D:\re\workspace\8-2-build-windows-amd64-cygwin\jdk8u92\6642\hotspot\src\share\vm\classfile\systemDictionary.cpp, line 210]
Event: 3.996 Thread 0x000000001d8eb800 Exception <a 'java/lang/ClassNotFoundException': sun/net/www/protocol/data/Handler> (0x00000000d78567f8) thrown at [D:\re\workspace\8-2-build-windows-amd64-cygwin\jdk8u92\6642\hotspot\src\share\vm\classfile\systemDictionary.cpp, line 210]
Event: 4.758 Thread 0x000000001d8ea000 Exception <a 'sun/nio/fs/WindowsException'> (0x00000000d77b9ce0) thrown at [D:\re\workspace\8-2-build-windows-amd64-cygwin\jdk8u92\6642\hotspot\src\share\vm\prims\jni.cpp, line 709]
Event: 8.900 Thread 0x0000000018d22800 Exception <a 'java/io/FileNotFoundException'> (0x00000000d65084f0) thrown at [D:\re\workspace\8-2-build-windows-amd64-cygwin\jdk8u92\6642\hotspot\src\share\vm\prims\jni.cpp, line 709]
Event: 8.901 Thread 0x0000000018d22800 Exception <a 'java/io/FileNotFoundException'> (0x00000000d6509780) thrown at [D:\re\workspace\8-2-build-windows-amd64-cygwin\jdk8u92\6642\hotspot\src\share\vm\prims\jni.cpp, line 709]
Event: 8.902 Thread 0x0000000018d22800 Exception <a 'java/io/FileNotFoundException'> (0x00000000d651cf48) thrown at [D:\re\workspace\8-2-build-windows-amd64-cygwin\jdk8u92\6642\hotspot\src\share\vm\prims\jni.cpp, line 709]
Event: 8.902 Thread 0x0000000018d22800 Exception <a 'java/io/FileNotFoundException'> (0x00000000d651e1c0) thrown at [D:\re\workspace\8-2-build-windows-amd64-cygwin\jdk8u92\6642\hotspot\src\share\vm\prims\jni.cpp, line 709]
Event: 9.642 Thread 0x000000001d8ea000 Exception <a 'sun/nio/fs/WindowsException'> (0x00000000d6986c60) thrown at [D:\re\workspace\8-2-build-windows-amd64-cygwin\jdk8u92\6642\hotspot\src\share\vm\prims\jni.cpp, line 709]

Events (10 events):
Event: 11.765 Executing VM operation: RevokeBias done
Event: 11.765 Executing VM operation: RevokeBias
Event: 11.766 Executing VM operation: RevokeBias done
Event: 11.766 Executing VM operation: RevokeBias
Event: 11.766 Executing VM operation: RevokeBias done
Event: 11.775 loading class javafx/concurrent/Task$TaskCallable
Event: 11.775 loading class javafx/concurrent/Task$TaskCallable done
Event: 11.776 Executing VM operation: RevokeBias
Event: 11.776 Executing VM operation: RevokeBias done
Event: 11.776 Thread 0x000000001d8b5000 Thread exited: 0x000000001d8b5000


Dynamic libraries:
0x00007ff64ff50000 - 0x00007ff64ff87000 	C:\Program Files\Java\jdk1.8.0_92\jre\bin\java.exe
0x00007ff924aa0000 - 0x00007ff924c61000 	C:\WINDOWS\SYSTEM32\ntdll.dll
0x00007ff922290000 - 0x00007ff92233d000 	C:\WINDOWS\system32\KERNEL32.DLL
0x00007ff921570000 - 0x00007ff921758000 	C:\WINDOWS\system32\KERNELBASE.dll
0x00007ff9249f0000 - 0x00007ff924a97000 	C:\WINDOWS\system32\ADVAPI32.dll
0x00007ff9229e0000 - 0x00007ff922a7d000 	C:\WINDOWS\system32\msvcrt.dll
0x00007ff9221f0000 - 0x00007ff92224b000 	C:\WINDOWS\system32\sechost.dll
0x00007ff924330000 - 0x00007ff92444c000 	C:\WINDOWS\system32\RPCRT4.dll
0x00007ff922880000 - 0x00007ff9229d6000 	C:\WINDOWS\system32\USER32.dll
0x00007ff9226f0000 - 0x00007ff922876000 	C:\WINDOWS\system32\GDI32.dll
0x00007ff911620000 - 0x00007ff911894000 	C:\WINDOWS\WinSxS\amd64_microsoft.windows.common-controls_6595b64144ccf1df_6.0.10586.0_none_8c15ae12515e1c22\COMCTL32.dll
0x00007ff921f00000 - 0x00007ff92217d000 	C:\WINDOWS\system32\combase.dll
0x00007ff921db0000 - 0x00007ff921e1a000 	C:\WINDOWS\system32\bcryptPrimitives.dll
0x00007ff922250000 - 0x00007ff92228b000 	C:\WINDOWS\system32\IMM32.DLL
0x0000000059f70000 - 0x000000005a042000 	C:\Program Files\Java\jdk1.8.0_92\jre\bin\msvcr100.dll
0x000000005a050000 - 0x000000005a8e6000 	C:\Program Files\Java\jdk1.8.0_92\jre\bin\server\jvm.dll
0x00007ff9249d0000 - 0x00007ff9249d8000 	C:\WINDOWS\system32\PSAPI.DLL
0x00007ff914720000 - 0x00007ff914729000 	C:\WINDOWS\SYSTEM32\WSOCK32.dll
0x00007ff91f7c0000 - 0x00007ff91f7e3000 	C:\WINDOWS\SYSTEM32\WINMM.dll
0x00007ff917650000 - 0x00007ff91765a000 	C:\WINDOWS\SYSTEM32\VERSION.dll
0x00007ff922be0000 - 0x00007ff922c4b000 	C:\WINDOWS\system32\WS2_32.dll
0x00007ff91f760000 - 0x00007ff91f78c000 	C:\WINDOWS\SYSTEM32\WINMMBASE.dll
0x00007ff921520000 - 0x00007ff921563000 	C:\WINDOWS\system32\cfgmgr32.dll
0x0000000059f20000 - 0x0000000059f2f000 	C:\Program Files\Java\jdk1.8.0_92\jre\bin\verify.dll
0x0000000059ef0000 - 0x0000000059f19000 	C:\Program Files\Java\jdk1.8.0_92\jre\bin\java.dll
0x0000000059ed0000 - 0x0000000059ee6000 	C:\Program Files\Java\jdk1.8.0_92\jre\bin\zip.dll
0x00007ff922cb0000 - 0x00007ff92420c000 	C:\WINDOWS\system32\SHELL32.dll
0x00007ff921760000 - 0x00007ff921da4000 	C:\WINDOWS\system32\windows.storage.dll
0x00007ff922670000 - 0x00007ff9226c2000 	C:\WINDOWS\system32\shlwapi.dll
0x00007ff9210c0000 - 0x00007ff9210cf000 	C:\WINDOWS\system32\kernel.appcore.dll
0x00007ff9211e0000 - 0x00007ff921295000 	C:\WINDOWS\system32\shcore.dll
0x00007ff9210f0000 - 0x00007ff92113b000 	C:\WINDOWS\system32\powrprof.dll
0x00007ff9210d0000 - 0x00007ff9210e4000 	C:\WINDOWS\system32\profapi.dll
0x00007ff904e60000 - 0x00007ff904f4f000 	C:\Program Files\Java\jdk1.8.0_92\jre\bin\msvcr120.dll
0x00007ff907a80000 - 0x00007ff907b26000 	C:\Program Files\Java\jdk1.8.0_92\jre\bin\msvcp120.dll
0x000000005b100000 - 0x000000005b122000 	C:\Program Files\Java\jdk1.8.0_92\jre\bin\prism_d3d.dll
0x00007ff9033a0000 - 0x00007ff9035b0000 	C:\WINDOWS\system32\d3d9.dll
0x00007ff91f330000 - 0x00007ff91f352000 	C:\WINDOWS\SYSTEM32\dwmapi.dll
0x00007ff91fa40000 - 0x00007ff91fad6000 	C:\WINDOWS\system32\uxtheme.dll
0x00007ff8f1570000 - 0x00007ff8f2190000 	C:\WINDOWS\SYSTEM32\igdumd64.dll
0x000000005b0b0000 - 0x000000005b0f3000 	C:\Program Files\Java\jdk1.8.0_92\jre\bin\glass.dll
0x00007ff924220000 - 0x00007ff92432b000 	C:\WINDOWS\system32\COMDLG32.dll
0x00007ff921150000 - 0x00007ff9211d6000 	C:\WINDOWS\system32\FirewallAPI.dll
0x00007ff921e20000 - 0x00007ff921e37000 	C:\WINDOWS\system32\NETAPI32.dll
0x00007ff924880000 - 0x00007ff9249c3000 	C:\WINDOWS\system32\ole32.dll
0x00007ff922340000 - 0x00007ff922401000 	C:\WINDOWS\system32\OLEAUT32.dll
0x00007ff91e840000 - 0x00007ff91e84c000 	C:\WINDOWS\SYSTEM32\DAVHLPR.DLL
0x00007ff91fe40000 - 0x00007ff91fe72000 	C:\WINDOWS\SYSTEM32\fwbase.dll
0x00007ff922a80000 - 0x00007ff922bda000 	C:\WINDOWS\system32\MSCTF.dll
0x0000000180000000 - 0x0000000180110000 	C:\Windows\system32\rlls64.dll
0x00007ff913e70000 - 0x00007ff913eda000 	C:\Windows\system32\OLEACC.dll
0x00007ff91ada0000 - 0x00007ff91b049000 	C:\Windows\system32\WININET.dll
0x00007ff9205b0000 - 0x00007ff9205e1000 	C:\WINDOWS\SYSTEM32\ntmarta.dll
0x00007ff920610000 - 0x00007ff92068a000 	C:\WINDOWS\SYSTEM32\Schannel.dll
0x00007ff921350000 - 0x00007ff921518000 	C:\WINDOWS\system32\CRYPT32.dll
0x00007ff921140000 - 0x00007ff921150000 	C:\WINDOWS\system32\MSASN1.dll
0x00007ff920d40000 - 0x00007ff920d6d000 	C:\WINDOWS\SYSTEM32\SspiCli.dll
0x00007ff920990000 - 0x00007ff9209ec000 	C:\WINDOWS\system32\mswsock.dll
0x0000000059eb0000 - 0x0000000059eca000 	C:\Program Files\Java\jdk1.8.0_92\jre\bin\net.dll
0x0000000059e90000 - 0x0000000059ea1000 	C:\Program Files\Java\jdk1.8.0_92\jre\bin\nio.dll
0x000000005b080000 - 0x000000005b0a4000 	C:\Program Files\Java\jdk1.8.0_92\jre\bin\sunec.dll
0x00007ff920a40000 - 0x00007ff920a57000 	C:\WINDOWS\SYSTEM32\CRYPTSP.dll
0x00007ff9206d0000 - 0x00007ff920704000 	C:\WINDOWS\system32\rsaenh.dll
0x00007ff920ff0000 - 0x00007ff921019000 	C:\WINDOWS\SYSTEM32\bcrypt.dll
0x00007ff920820000 - 0x00007ff92083f000 	C:\WINDOWS\SYSTEM32\USERENV.dll
0x00007ff920b60000 - 0x00007ff920b6b000 	C:\WINDOWS\SYSTEM32\CRYPTBASE.dll
0x00007ff91de40000 - 0x00007ff91de78000 	C:\WINDOWS\SYSTEM32\IPHLPAPI.DLL
0x00007ff9249e0000 - 0x00007ff9249e8000 	C:\WINDOWS\system32\NSI.dll
0x00007ff918690000 - 0x00007ff9186a6000 	C:\WINDOWS\SYSTEM32\dhcpcsvc6.DLL
0x00007ff9186b0000 - 0x00007ff9186ca000 	C:\WINDOWS\SYSTEM32\dhcpcsvc.DLL
0x000000005b070000 - 0x000000005b07b000 	C:\Program Files\Java\jdk1.8.0_92\jre\bin\sunmscapi.dll
0x00007ff8ff7c0000 - 0x00007ff8ff7d6000 	C:\WINDOWS\system32\napinsp.dll
0x00007ff8ff7e0000 - 0x00007ff8ff7fa000 	C:\WINDOWS\system32\pnrpnsp.dll
0x00007ff91e2d0000 - 0x00007ff91e2e8000 	C:\WINDOWS\system32\NLAapi.dll
0x00007ff91fae0000 - 0x00007ff91fb8a000 	C:\WINDOWS\SYSTEM32\DNSAPI.dll
0x00007ff9030a0000 - 0x00007ff9030ad000 	C:\WINDOWS\System32\winrnr.dll
0x000000005b7f0000 - 0x000000005b816000 	C:\Program Files\Bonjour\mdnsNSP.dll
0x00007ff919130000 - 0x00007ff919197000 	C:\WINDOWS\System32\fwpuclnt.dll
0x00007ff91b5a0000 - 0x00007ff91b5aa000 	C:\Windows\System32\rasadhlp.dll
0x00000000575b0000 - 0x0000000059b41000 	C:\Program Files\Java\jdk1.8.0_92\jre\bin\jfxwebkit.dll
0x000000005b050000 - 0x000000005b064000 	C:\Program Files\Java\jdk1.8.0_92\jre\bin\javafx_font.dll
0x00007ff91cd20000 - 0x00007ff91cf80000 	C:\WINDOWS\SYSTEM32\dwrite.dll
0x00007ff922410000 - 0x00007ff9224b7000 	C:\WINDOWS\system32\clbcatq.dll
0x00007ff91cb60000 - 0x00007ff91cd11000 	C:\WINDOWS\SYSTEM32\WindowsCodecs.dll
0x00007ff91ba80000 - 0x00007ff91baca000 	C:\WINDOWS\system32\dataexchange.dll
0x00007ff91cf80000 - 0x00007ff91d228000 	C:\WINDOWS\system32\d3d11.dll
0x00007ff91e900000 - 0x00007ff91e9e3000 	C:\WINDOWS\system32\dcomp.dll
0x00007ff91e790000 - 0x00007ff91e832000 	C:\WINDOWS\system32\dxgi.dll
0x00007ff91fbc0000 - 0x00007ff91fcc0000 	C:\WINDOWS\system32\twinapi.appcore.dll
0x00007ff91d610000 - 0x00007ff91d644000 	C:\Program Files\Common Files\Microsoft Shared\Ink\rtscom.dll
0x000000005b030000 - 0x000000005b041000 	C:\Program Files\Java\jdk1.8.0_92\jre\bin\prism_common.dll
0x000000005b000000 - 0x000000005b023000 	C:\Program Files\Java\jdk1.8.0_92\jre\bin\javafx_iio.dll
0x00007ff910920000 - 0x00007ff910aac000 	C:\WINDOWS\SYSTEM32\dbghelp.dll

VM Arguments:
jvm_args: -Dfile.encoding=UTF-8 -Djava.net.preferIPv4Stack=true 
java_command: C:\Users\Aniket\Documents\NetBeansProjects\Velocity\dist\run1737960604\Velocity.jar
java_class_path (initial): C:\Users\Aniket\Documents\NetBeansProjects\Velocity\dist\run1737960604\Velocity.jar
Launcher Type: SUN_STANDARD

Environment Variables:
JAVA_HOME=C:\Program Files\Java\jdk1.8.0_72
_JAVA_OPTIONS=-Djava.net.preferIPv4Stack=true
PATH=C:\Python34\Lib\site-packages\PyQt5;C:\ProgramData\Oracle\Java\javapath;C:\Python27\Lib\site-packages\PyQt4;C:\Program Files (x86)\HP SimplePass\x64;C:\Program Files (x86)\HP SimplePass\;C:\Program Files (x86)\Intel\iCLS Client\;C:\Program Files\Intel\iCLS Client\;C:\WINDOWS\system32;C:\WINDOWS;C:\WINDOWS\System32\Wbem;C:\WINDOWS\System32\WindowsPowerShell\v1.0\;C:\Program Files (x86)\Windows Live\Shared;C:\Program Files\Intel\Intel(R) Management Engine Components\DAL;C:\Program Files\Intel\Intel(R) Management Engine Components\IPT;C:\Program Files (x86)\Intel\Intel(R) Management Engine Components\DAL;C:\Program Files (x86)\Intel\Intel(R) Management Engine Components\IPT;C:\Program Files (x86)\Intel\OpenCL SDK\2.0\bin\x86;C:\Program Files (x86)\Intel\OpenCL SDK\2.0\bin\x64;C:\Program Files (x86)\Pinnacle\Shared Files\;C:\Program Files (x86)\Pinnacle\Shared Files\Filter\;C:\Program Files\nodejs;C:\Program Files (x86)\Inno Setup 5;C:\Program Files (x86)\WiX Toolset v3.8\bin\;C:\Program Files (x86)\QuickTime\QTSystem\;C:\Program Files\Mercurial;C:\Users\Aniket\Downloads\gradle-2.3-bin\gradle-2.3\bin;C:\Program Files (x86)\GtkSharp\2.12\bin;C:\Program Files (x86)\Windows Kits\8.1\Windows Performance Toolkit\;C:\Program Files\Microsoft SQL Server\110\Tools\Binn\;C:\Program Files (x86)\Microsoft SDKs\TypeScript\1.0\;C:\Program Files\nodejs\;C:\Users\Aniket\Downloads\android-ndk-r10e;C:\Program Files (x86)\Skype\Phone\;C:\Users\Aniket\AppData\Roaming\npm;C:\GNUstep\bin;C:\GNUstep\GNUstep\System\Tools;C:\Users\Aniket\AppData\Local\Programs\Git\cmd
USERNAME=Aniket
OS=Windows_NT
PROCESSOR_IDENTIFIER=Intel64 Family 6 Model 42 Stepping 7, GenuineIntel



---------------  S Y S T E M  ---------------

OS: Windows 10.0 , 64 bit Build 10586 (10.0.10586.0)

CPU:total 4 (2 cores per cpu, 2 threads per core) family 6 model 42 stepping 7, cmov, cx8, fxsr, mmx, sse, sse2, sse3, ssse3, sse4.1, sse4.2, popcnt, avx, aes, clmul, ht, tsc, tscinvbit

Memory: 4k page, physical 8275228k(3586832k free), swap 9637400k(4366964k free)

vm_info: Java HotSpot(TM) 64-Bit Server VM (25.92-b14) for windows-amd64 JRE (1.8.0_92-b14), built on Mar 31 2016 21:03:04 by "java_re" with MS VC++ 10.0 (VS2010)

time: Tue Jun 14 17:00:23 2016
elapsed time: 11 seconds (0d 0h 0m 11s)

