#
# A fatal error has been detected by the Java Runtime Environment:
#
#  EXCEPTION_ACCESS_VIOLATION (0xc0000005) at pc=0x000000006f6e5642, pid=23464, tid=24404
#
# JRE version: Java(TM) SE Runtime Environment (8.0_72-b15) (build 1.8.0_72-b15)
# Java VM: Java HotSpot(TM) 64-Bit Server VM (25.72-b15 mixed mode windows-amd64 compressed oops)
# Problematic frame:
# C  [jfxwebkit.dll+0x7b5642]
#
# Failed to write core dump. Minidumps are not enabled by default on client versions of Windows
#
# If you would like to submit a bug report, please visit:
#   http://bugreport.java.com/bugreport/crash.jsp
# The crash happened outside the Java Virtual Machine in native code.
# See problematic frame for where to report the bug.
#

---------------  T H R E A D  ---------------

Current thread (0x0000000018e5f800):  JavaThread "JavaFX Application Thread" [_thread_in_native, id=24404, stack(0x0000000019a50000,0x0000000019b50000)]

siginfo: ExceptionCode=0xc0000005, reading address 0x0000000000000038

Registers:
RAX=0x0000000000000000, RBX=0x00000000308c55d0, RCX=0x0000000000000000, RDX=0x0000000000000000
RSP=0x0000000019b4d740, RBP=0x0000000019b4d809, RSI=0x0000000000000000, RDI=0x0000000034fa9640
R8 =0x0000000000000000, R9 =0x0000000019b4d620, R10=0x0000000000000000, R11=0x0000000071390428
R12=0x0000000000000000, R13=0x0000000034d51820, R14=0x000000003498e870, R15=0x000000003498e8d0
RIP=0x000000006f6e5642, EFLAGS=0x0000000000010246

Top of Stack: (sp=0x0000000019b4d740)
0x0000000019b4d740:   00000000308c55d0 0000000019b4d809
0x0000000019b4d750:   0000000000000000 000000000053a7e0
0x0000000019b4d760:   0000000000000000 00000000308c4d90
0x0000000019b4d770:   00000000308c4d90 000000006f3bc2da
0x0000000019b4d780:   0000000000ec889e 0000000000000000
0x0000000019b4d790:   000000003498e760 0000000019b4d898
0x0000000019b4d7a0:   0000000034d51820 0000000000000000
0x0000000019b4d7b0:   0000000034fa9640 0000000000000000
0x0000000019b4d7c0:   0000000019b4db40 00007ff953166a57
0x0000000019b4d7d0:   0000000000000002 0000000000000008
0x0000000019b4d7e0:   0000009a74230016 fffffffffffffffe
0x0000000019b4d7f0:   0000000000000001 000000006faa59bc
0x0000000019b4d800:   000000003498e768 0000000000000000
0x0000000019b4d810:   0000000000000000 0000000000000000
0x0000000019b4d820:   000000003498e768 000000006f6d1ac6
0x0000000019b4d830:   01d1b1e0cc4093df 000000006f6d5cbf 

Instructions: (pc=0x000000006f6e5642)
0x000000006f6e5622:   87 a0 07 00 00 01 48 83 bf 70 01 00 00 00 74 0c
0x000000006f6e5632:   33 d2 48 8b cf e8 54 da ff ff eb 78 48 8b 47 10
0x000000006f6e5642:   48 8b 48 38 f6 81 f9 00 00 00 04 74 2b 48 8d 8f
0x000000006f6e5652:   80 03 00 00 e8 c5 f6 38 00 48 8d 15 d6 82 93 00 


Register to memory mapping:

RAX=0x0000000000000000 is an unknown value
RBX=0x00000000308c55d0 is an unknown value
RCX=0x0000000000000000 is an unknown value
RDX=0x0000000000000000 is an unknown value
RSP=0x0000000019b4d740 is pointing into the stack for thread: 0x0000000018e5f800
RBP=0x0000000019b4d809 is pointing into the stack for thread: 0x0000000018e5f800
RSI=0x0000000000000000 is an unknown value
RDI=0x0000000034fa9640 is an unknown value
R8 =0x0000000000000000 is an unknown value
R9 =0x0000000019b4d620 is pointing into the stack for thread: 0x0000000018e5f800
R10=0x0000000000000000 is an unknown value
R11=0x0000000071390428 is an unknown value
R12=0x0000000000000000 is an unknown value
R13=0x0000000034d51820 is an unknown value
R14=0x000000003498e870 is an unknown value
R15=0x000000003498e8d0 is an unknown value


Stack: [0x0000000019a50000,0x0000000019b50000],  sp=0x0000000019b4d740,  free space=1013k
Native frames: (J=compiled Java code, j=interpreted, Vv=VM code, C=native code)
C  [jfxwebkit.dll+0x7b5642]
C  [jfxwebkit.dll+0x7a567f]
C  [jfxwebkit.dll+0x7ddc9d]
C  [jfxwebkit.dll+0x7d8cd6]
C  [jfxwebkit.dll+0x8bf2bf]
C  [jfxwebkit.dll+0x8c07ef]
C  0x00000000029bc3ef

Java frames: (J=compiled Java code, j=interpreted, Vv=VM code)
J 4996  com.sun.webkit.network.URLLoader.twkDidReceiveResponse(ILjava/lang/String;Ljava/lang/String;JLjava/lang/String;Ljava/lang/String;J)V (0 bytes) @ 0x00000000029bc371 [0x00000000029bc2c0+0xb1]
j  com.sun.webkit.network.URLLoader.notifyDidReceiveResponse(ILjava/lang/String;Ljava/lang/String;JLjava/lang/String;Ljava/lang/String;)V+91
J 4979 C1 com.sun.webkit.network.URLLoader.lambda$didReceiveResponse$94(ILjava/lang/String;Ljava/lang/String;JLjava/lang/String;Ljava/lang/String;)V (21 bytes) @ 0x000000000313c384 [0x000000000313c2c0+0xc4]
j  com.sun.webkit.network.URLLoader$$Lambda$247.run()V+28
J 3714 C1 com.sun.javafx.application.PlatformImpl$$Lambda$50.run()Ljava/lang/Object; (8 bytes) @ 0x0000000002dc71cc [0x0000000002dc7080+0x14c]
v  ~StubRoutines::call_stub
J 2374  java.security.AccessController.doPrivileged(Ljava/security/PrivilegedAction;Ljava/security/AccessControlContext;)Ljava/lang/Object; (0 bytes) @ 0x0000000002ac69e6 [0x0000000002ac6980+0x66]
J 3276 C1 com.sun.javafx.application.PlatformImpl.lambda$runLater$174(Ljava/lang/Runnable;Ljava/security/AccessControlContext;)V (38 bytes) @ 0x0000000002ca8254 [0x0000000002ca7e40+0x414]
J 3275 C1 com.sun.javafx.application.PlatformImpl$$Lambda$48.run()V (12 bytes) @ 0x0000000002947604 [0x0000000002947580+0x84]
J 2688 C1 com.sun.glass.ui.InvokeLaterDispatcher$Future.run()V (91 bytes) @ 0x000000000257438c [0x0000000002574280+0x10c]
v  ~StubRoutines::call_stub
j  com.sun.glass.ui.win.WinApplication._runLoop(Ljava/lang/Runnable;)V+0
j  com.sun.glass.ui.win.WinApplication.lambda$null$148(ILjava/lang/Runnable;)V+8
j  com.sun.glass.ui.win.WinApplication$$Lambda$38.run()V+12
j  java.lang.Thread.run()V+11
v  ~StubRoutines::call_stub

---------------  P R O C E S S  ---------------

Java Threads: ( => current thread )
  0x000000001e3c0000 JavaThread "URL-Loader-43" daemon [_thread_blocked, id=24828, stack(0x000000003b890000,0x000000003b990000)]
  0x000000001d9e7000 JavaThread "Thread-17" daemon [_thread_in_native, id=24484, stack(0x0000000026d20000,0x0000000026e20000)]
  0x0000000019293000 JavaThread "Watchdog-Timer-1" daemon [_thread_blocked, id=22956, stack(0x0000000021960000,0x0000000021a60000)]
  0x0000000019432000 JavaThread "Prism Font Disposer" daemon [_thread_blocked, id=17448, stack(0x000000001ff60000,0x0000000020060000)]
  0x0000000019100800 JavaThread "Disposer" daemon [_thread_blocked, id=22188, stack(0x000000001ce20000,0x000000001cf20000)]
  0x0000000018fd7000 JavaThread "JavaFX-Launcher" [_thread_blocked, id=6176, stack(0x000000001c520000,0x000000001c620000)]
  0x0000000018ee9800 JavaThread "Thread-2" daemon [_thread_in_native, id=16620, stack(0x000000001c120000,0x000000001c220000)]
=>0x0000000018e5f800 JavaThread "JavaFX Application Thread" [_thread_in_native, id=24404, stack(0x0000000019a50000,0x0000000019b50000)]
  0x0000000018e5d000 JavaThread "Thread-1" daemon [_thread_blocked, id=24124, stack(0x0000000019950000,0x0000000019a50000)]
  0x0000000018c2d000 JavaThread "QuantumRenderer-0" daemon [_thread_blocked, id=24024, stack(0x0000000019650000,0x0000000019750000)]
  0x0000000016f7e800 JavaThread "Service Thread" daemon [_thread_blocked, id=20164, stack(0x0000000018c50000,0x0000000018d50000)]
  0x0000000016f2b800 JavaThread "C1 CompilerThread2" daemon [_thread_blocked, id=23736, stack(0x0000000018750000,0x0000000018850000)]
  0x0000000016f21000 JavaThread "C2 CompilerThread1" daemon [_thread_blocked, id=8484, stack(0x0000000018650000,0x0000000018750000)]
  0x0000000016f1f000 JavaThread "C2 CompilerThread0" daemon [_thread_blocked, id=22736, stack(0x0000000018550000,0x0000000018650000)]
  0x0000000016f1d000 JavaThread "Attach Listener" daemon [_thread_blocked, id=22600, stack(0x0000000018450000,0x0000000018550000)]
  0x0000000016f1b800 JavaThread "Signal Dispatcher" daemon [_thread_blocked, id=21648, stack(0x0000000018350000,0x0000000018450000)]
  0x00000000023ae800 JavaThread "Finalizer" daemon [_thread_blocked, id=7928, stack(0x0000000018170000,0x0000000018270000)]
  0x00000000023a3000 JavaThread "Reference Handler" daemon [_thread_blocked, id=17068, stack(0x0000000018070000,0x0000000018170000)]
  0x00000000022b2800 JavaThread "main" [_thread_blocked, id=21292, stack(0x00000000021b0000,0x00000000022b0000)]

Other Threads:
  0x0000000016ee7800 VMThread [stack: 0x0000000017f70000,0x0000000018070000] [id=17144]
  0x00000000188a8000 WatcherThread [stack: 0x0000000018d50000,0x0000000018e50000] [id=24020]

VM state:not at safepoint (normal execution)

VM Mutex/Monitor currently owned by a thread: None

Heap:
 PSYoungGen      total 59392K, used 49306K [0x00000000d5e00000, 0x00000000dba00000, 0x0000000100000000)
  eden space 45056K, 77% used [0x00000000d5e00000,0x00000000d802a440,0x00000000d8a00000)
  from space 14336K, 99% used [0x00000000d8a00000,0x00000000d97fc730,0x00000000d9800000)
  to   space 20480K, 0% used [0x00000000da600000,0x00000000da600000,0x00000000dba00000)
 ParOldGen       total 69632K, used 30025K [0x0000000081a00000, 0x0000000085e00000, 0x00000000d5e00000)
  object space 69632K, 43% used [0x0000000081a00000,0x00000000837527b0,0x0000000085e00000)
 Metaspace       used 27536K, capacity 29210K, committed 29312K, reserved 1075200K
  class space    used 3673K, capacity 3968K, committed 3968K, reserved 1048576K

Card table byte_map: [0x0000000011770000,0x0000000011b70000] byte_map_base: 0x0000000011363000

Marking Bits: (ParMarkBitMap*) 0x0000000072240600
 Begin Bits: [0x0000000012220000, 0x00000000141b8000)
 End Bits:   [0x00000000141b8000, 0x0000000016150000)

Polling page: 0x0000000002150000

CodeCache: size=245760Kb used=15896Kb max_used=15902Kb free=229863Kb
 bounds [0x00000000023b0000, 0x0000000003350000, 0x00000000113b0000]
 total_blobs=5781 nmethods=4928 adapters=763
 compilation: enabled

Compilation events (10 events):
Event: 65.392 Thread 0x0000000016f2b800 nmethod 5625 0x0000000003337810 code [0x00000000033379c0, 0x0000000003337ce8]
Event: 65.432 Thread 0x0000000016f1f000 nmethod 5618 0x0000000003346d50 code [0x00000000033470a0, 0x0000000003348510]
Event: 66.547 Thread 0x0000000016f21000 5626   !   4       java.util.concurrent.locks.AbstractQueuedSynchronizer::acquireQueued (93 bytes)
Event: 66.559 Thread 0x0000000016f21000 nmethod 5626 0x0000000003345250 code [0x00000000033453c0, 0x0000000003345628]
Event: 67.005 Thread 0x0000000016f2b800 5627       1       javafx.scene.text.Text$TextAttribute::access$1700 (5 bytes)
Event: 67.005 Thread 0x0000000016f2b800 nmethod 5627 0x0000000003337550 code [0x00000000033376a0, 0x0000000003337790]
Event: 67.005 Thread 0x0000000016f2b800 5628       1       javafx.scene.text.Text$TextAttribute::access$1800 (5 bytes)
Event: 67.006 Thread 0x0000000016f2b800 nmethod 5628 0x0000000003337290 code [0x00000000033373e0, 0x00000000033374d0]
Event: 67.012 Thread 0x0000000016f1f000 5629       4       com.sun.prism.impl.ps.BaseShaderGraphics::setPaint (47 bytes)
Event: 67.038 Thread 0x0000000016f1f000 nmethod 5629 0x000000000334ac10 code [0x000000000334ae60, 0x000000000334b548]

GC Heap History (10 events):
Event: 13.473 GC heap before
{Heap before GC invocations=4 (full 1):
 PSYoungGen      total 38400K, used 33280K [0x00000000d5e00000, 0x00000000d8880000, 0x0000000100000000)
  eden space 33280K, 100% used [0x00000000d5e00000,0x00000000d7e80000,0x00000000d7e80000)
  from space 5120K, 0% used [0x00000000d8380000,0x00000000d8380000,0x00000000d8880000)
  to   space 5120K, 0% used [0x00000000d7e80000,0x00000000d7e80000,0x00000000d8380000)
 ParOldGen       total 69632K, used 7796K [0x0000000081a00000, 0x0000000085e00000, 0x00000000d5e00000)
  object space 69632K, 11% used [0x0000000081a00000,0x000000008219d320,0x0000000085e00000)
 Metaspace       used 23803K, capacity 25214K, committed 25472K, reserved 1071104K
  class space    used 3354K, capacity 3632K, committed 3712K, reserved 1048576K
Event: 13.489 GC heap after
Heap after GC invocations=4 (full 1):
 PSYoungGen      total 38400K, used 5116K [0x00000000d5e00000, 0x00000000d9000000, 0x0000000100000000)
  eden space 33280K, 0% used [0x00000000d5e00000,0x00000000d5e00000,0x00000000d7e80000)
  from space 5120K, 99% used [0x00000000d7e80000,0x00000000d837f150,0x00000000d8380000)
  to   space 5120K, 0% used [0x00000000d8b00000,0x00000000d8b00000,0x00000000d9000000)
 ParOldGen       total 69632K, used 10083K [0x0000000081a00000, 0x0000000085e00000, 0x00000000d5e00000)
  object space 69632K, 14% used [0x0000000081a00000,0x00000000823d8eb0,0x0000000085e00000)
 Metaspace       used 23803K, capacity 25214K, committed 25472K, reserved 1071104K
  class space    used 3354K, capacity 3632K, committed 3712K, reserved 1048576K
}
Event: 38.156 GC heap before
{Heap before GC invocations=5 (full 1):
 PSYoungGen      total 38400K, used 38396K [0x00000000d5e00000, 0x00000000d9000000, 0x0000000100000000)
  eden space 33280K, 100% used [0x00000000d5e00000,0x00000000d7e80000,0x00000000d7e80000)
  from space 5120K, 99% used [0x00000000d7e80000,0x00000000d837f150,0x00000000d8380000)
  to   space 5120K, 0% used [0x00000000d8b00000,0x00000000d8b00000,0x00000000d9000000)
 ParOldGen       total 69632K, used 10083K [0x0000000081a00000, 0x0000000085e00000, 0x00000000d5e00000)
  object space 69632K, 14% used [0x0000000081a00000,0x00000000823d8eb0,0x0000000085e00000)
 Metaspace       used 24443K, capacity 25812K, committed 25984K, reserved 1071104K
  class space    used 3369K, capacity 3635K, committed 3712K, reserved 1048576K
Event: 38.178 GC heap after
Heap after GC invocations=5 (full 1):
 PSYoungGen      total 44544K, used 5119K [0x00000000d5e00000, 0x00000000d9000000, 0x0000000100000000)
  eden space 39424K, 0% used [0x00000000d5e00000,0x00000000d5e00000,0x00000000d8480000)
  from space 5120K, 99% used [0x00000000d8b00000,0x00000000d8fffd30,0x00000000d9000000)
  to   space 5120K, 0% used [0x00000000d8600000,0x00000000d8600000,0x00000000d8b00000)
 ParOldGen       total 69632K, used 13264K [0x0000000081a00000, 0x0000000085e00000, 0x00000000d5e00000)
  object space 69632K, 19% used [0x0000000081a00000,0x00000000826f41e8,0x0000000085e00000)
 Metaspace       used 24443K, capacity 25812K, committed 25984K, reserved 1071104K
  class space    used 3369K, capacity 3635K, committed 3712K, reserved 1048576K
}
Event: 42.347 GC heap before
{Heap before GC invocations=6 (full 1):
 PSYoungGen      total 44544K, used 44543K [0x00000000d5e00000, 0x00000000d9000000, 0x0000000100000000)
  eden space 39424K, 100% used [0x00000000d5e00000,0x00000000d8480000,0x00000000d8480000)
  from space 5120K, 99% used [0x00000000d8b00000,0x00000000d8fffd30,0x00000000d9000000)
  to   space 5120K, 0% used [0x00000000d8600000,0x00000000d8600000,0x00000000d8b00000)
 ParOldGen       total 69632K, used 13264K [0x0000000081a00000, 0x0000000085e00000, 0x00000000d5e00000)
  object space 69632K, 19% used [0x0000000081a00000,0x00000000826f41e8,0x0000000085e00000)
 Metaspace       used 24749K, capacity 26164K, committed 26240K, reserved 1071104K
  class space    used 3378K, capacity 3641K, committed 3712K, reserved 1048576K
Event: 42.359 GC heap after
Heap after GC invocations=6 (full 1):
 PSYoungGen      total 46080K, used 5111K [0x00000000d5e00000, 0x00000000da500000, 0x0000000100000000)
  eden space 40960K, 0% used [0x00000000d5e00000,0x00000000d5e00000,0x00000000d8600000)
  from space 5120K, 99% used [0x00000000d8600000,0x00000000d8afdc60,0x00000000d8b00000)
  to   space 13312K, 0% used [0x00000000d9800000,0x00000000d9800000,0x00000000da500000)
 ParOldGen       total 69632K, used 21325K [0x0000000081a00000, 0x0000000085e00000, 0x00000000d5e00000)
  object space 69632K, 30% used [0x0000000081a00000,0x0000000082ed3680,0x0000000085e00000)
 Metaspace       used 24749K, capacity 26164K, committed 26240K, reserved 1071104K
  class space    used 3378K, capacity 3641K, committed 3712K, reserved 1048576K
}
Event: 50.216 GC heap before
{Heap before GC invocations=7 (full 1):
 PSYoungGen      total 46080K, used 46071K [0x00000000d5e00000, 0x00000000da500000, 0x0000000100000000)
  eden space 40960K, 100% used [0x00000000d5e00000,0x00000000d8600000,0x00000000d8600000)
  from space 5120K, 99% used [0x00000000d8600000,0x00000000d8afdc60,0x00000000d8b00000)
  to   space 13312K, 0% used [0x00000000d9800000,0x00000000d9800000,0x00000000da500000)
 ParOldGen       total 69632K, used 21325K [0x0000000081a00000, 0x0000000085e00000, 0x00000000d5e00000)
  object space 69632K, 30% used [0x0000000081a00000,0x0000000082ed3680,0x0000000085e00000)
 Metaspace       used 26347K, capacity 27850K, committed 27904K, reserved 1073152K
  class space    used 3538K, capacity 3812K, committed 3840K, reserved 1048576K
Event: 50.231 GC heap after
Heap after GC invocations=7 (full 1):
 PSYoungGen      total 58368K, used 11324K [0x00000000d5e00000, 0x00000000da800000, 0x0000000100000000)
  eden space 45056K, 0% used [0x00000000d5e00000,0x00000000d5e00000,0x00000000d8a00000)
  from space 13312K, 85% used [0x00000000d9800000,0x00000000da30f3b0,0x00000000da500000)
  to   space 14336K, 0% used [0x00000000d8a00000,0x00000000d8a00000,0x00000000d9800000)
 ParOldGen       total 69632K, used 21333K [0x0000000081a00000, 0x0000000085e00000, 0x00000000d5e00000)
  object space 69632K, 30% used [0x0000000081a00000,0x0000000082ed5680,0x0000000085e00000)
 Metaspace       used 26347K, capacity 27850K, committed 27904K, reserved 1073152K
  class space    used 3538K, capacity 3812K, committed 3840K, reserved 1048576K
}
Event: 52.899 GC heap before
{Heap before GC invocations=8 (full 1):
 PSYoungGen      total 58368K, used 56380K [0x00000000d5e00000, 0x00000000da800000, 0x0000000100000000)
  eden space 45056K, 100% used [0x00000000d5e00000,0x00000000d8a00000,0x00000000d8a00000)
  from space 13312K, 85% used [0x00000000d9800000,0x00000000da30f3b0,0x00000000da500000)
  to   space 14336K, 0% used [0x00000000d8a00000,0x00000000d8a00000,0x00000000d9800000)
 ParOldGen       total 69632K, used 21646K [0x0000000081a00000, 0x0000000085e00000, 0x00000000d5e00000)
  object space 69632K, 31% used [0x0000000081a00000,0x0000000082f23850,0x0000000085e00000)
 Metaspace       used 26616K, capacity 28124K, committed 28288K, reserved 1073152K
  class space    used 3549K, capacity 3853K, committed 3968K, reserved 1048576K
Event: 52.918 GC heap after
Heap after GC invocations=8 (full 1):
 PSYoungGen      total 59392K, used 14321K [0x00000000d5e00000, 0x00000000dba00000, 0x0000000100000000)
  eden space 45056K, 0% used [0x00000000d5e00000,0x00000000d5e00000,0x00000000d8a00000)
  from space 14336K, 99% used [0x00000000d8a00000,0x00000000d97fc730,0x00000000d9800000)
  to   space 20480K, 0% used [0x00000000da600000,0x00000000da600000,0x00000000dba00000)
 ParOldGen       total 69632K, used 30025K [0x0000000081a00000, 0x0000000085e00000, 0x00000000d5e00000)
  object space 69632K, 43% used [0x0000000081a00000,0x00000000837527b0,0x0000000085e00000)
 Metaspace       used 26616K, capacity 28124K, committed 28288K, reserved 1073152K
  class space    used 3549K, capacity 3853K, committed 3968K, reserved 1048576K
}

Deoptimization events (10 events):
Event: 56.939 Thread 0x0000000018c2d000 Uncommon trap: reason=unstable_if action=reinterpret pc=0x0000000002d784fc method=com.sun.prism.d3d.D3DTextureResource.isValid()Z @ 4
Event: 61.565 Thread 0x0000000018e5f800 Uncommon trap: reason=unstable_if action=reinterpret pc=0x0000000002fb5e84 method=javafx.scene.CssStyleHelper.lookup(Ljavafx/css/Styleable;Ljavafx/css/CssMetaData;Lcom/sun/javafx/css/StyleMap;Ljava/util/Set;Ljavafx/css/Styleable;Lcom/sun/javafx/css/CalculaÂÆ}LQÍN@
Event: 61.604 Thread 0x0000000018e5f800 Uncommon trap: reason=unstable_if action=reinterpret pc=0x00000000029e85b4 method=java.util.ArrayList.indexOf(Ljava/lang/Object;)I @ 1
Event: 61.625 Thread 0x0000000018e5f800 Uncommon trap: reason=unstable_if action=reinterpret pc=0x0000000002af709c method=javafx.scene.CssStyleHelper.resolveRef(Ljavafx/css/Styleable;Ljava/lang/String;Lcom/sun/javafx/css/StyleMap;Ljava/util/Set;)Lcom/sun/javafx/css/CascadingStyle; @ 66
Event: 61.671 Thread 0x0000000018e5f800 Uncommon trap: reason=class_check action=maybe_recompile pc=0x0000000002aa7240 method=java.util.WeakHashMap.eq(Ljava/lang/Object;Ljava/lang/Object;)Z @ 7
Event: 61.673 Thread 0x0000000018e5f800 Uncommon trap: reason=unstable_if action=reinterpret pc=0x0000000002fb0a10 method=com.sun.javafx.css.StyleManager$CacheContainer.getStyleMap(I)Lcom/sun/javafx/css/StyleMap; @ 9
Event: 61.673 Thread 0x0000000018e5f800 Uncommon trap: reason=unstable_if action=reinterpret pc=0x00000000027be238 method=com.sun.javafx.css.StyleManager$CacheContainer.getStyleMap(I)Lcom/sun/javafx/css/StyleMap; @ 9
Event: 61.696 Thread 0x0000000018e5f800 Uncommon trap: reason=unstable_if action=reinterpret pc=0x000000000267bbe8 method=java.util.ArrayList.remove(Ljava/lang/Object;)Z @ 46
Event: 61.731 Thread 0x0000000018e5f800 Uncommon trap: reason=class_check action=maybe_recompile pc=0x0000000002aa7240 method=java.util.WeakHashMap.eq(Ljava/lang/Object;Ljava/lang/Object;)Z @ 7
Event: 63.908 Thread 0x0000000018c2d000 Uncommon trap: reason=unstable_if action=reinterpret pc=0x0000000002d824a4 method=com.sun.javafx.geom.transform.Translate2D.transform([FI[FII)V @ 61

Internal exceptions (10 events):
Event: 56.197 Thread 0x0000000018e5f800 Exception <a 'java/lang/ClassNotFoundException': sun/net/www/protocol/about/Handler> (0x00000000d73b03a0) thrown at [C:\re\workspace\8-2-build-windows-amd64-cygwin\jdk8u72\5732\hotspot\src\share\vm\classfile\systemDictionary.cpp, line 210]
Event: 56.589 Thread 0x0000000018e5f800 Exception <a 'java/lang/ClassNotFoundException': sun/net/www/protocol/about/Handler> (0x00000000d7851f58) thrown at [C:\re\workspace\8-2-build-windows-amd64-cygwin\jdk8u72\5732\hotspot\src\share\vm\classfile\systemDictionary.cpp, line 210]
Event: 56.589 Thread 0x0000000018e5f800 Exception <a 'java/lang/ClassNotFoundException': sun/net/www/protocol/about/Handler> (0x00000000d7854438) thrown at [C:\re\workspace\8-2-build-windows-amd64-cygwin\jdk8u72\5732\hotspot\src\share\vm\classfile\systemDictionary.cpp, line 210]
Event: 56.935 Thread 0x0000000018c2d000 Implicit null exception at 0x0000000002eccf6c to 0x0000000002ececc5
Event: 56.936 Thread 0x0000000018c2d000 Implicit null exception at 0x000000000266ac54 to 0x000000000266acb9
Event: 56.938 Thread 0x0000000018c2d000 Implicit null exception at 0x0000000002d78490 to 0x0000000002d784e9
Event: 65.210 Thread 0x0000000018e5f800 Exception <a 'sun/nio/fs/WindowsException'> (0x00000000d7f97dc0) thrown at [C:\re\workspace\8-2-build-windows-amd64-cygwin\jdk8u72\5732\hotspot\src\share\vm\prims\jni.cpp, line 709]
Event: 65.215 Thread 0x0000000018e5f800 Exception <a 'sun/nio/fs/WindowsException'> (0x00000000d7f997c0) thrown at [C:\re\workspace\8-2-build-windows-amd64-cygwin\jdk8u72\5732\hotspot\src\share\vm\prims\jni.cpp, line 709]
Event: 65.223 Thread 0x0000000018e5f800 Exception <a 'java/lang/ClassNotFoundException': sun/net/www/protocol/about/Handler> (0x00000000d7f9ca08) thrown at [C:\re\workspace\8-2-build-windows-amd64-cygwin\jdk8u72\5732\hotspot\src\share\vm\classfile\systemDictionary.cpp, line 210]
Event: 65.224 Thread 0x0000000018e5f800 Exception <a 'java/lang/ClassNotFoundException': sun/net/www/protocol/about/Handler> (0x00000000d7f9eee8) thrown at [C:\re\workspace\8-2-build-windows-amd64-cygwin\jdk8u72\5732\hotspot\src\share\vm\classfile\systemDictionary.cpp, line 210]

Events (10 events):
Event: 65.223 loading class sun/net/www/protocol/about/Handler done
Event: 65.224 loading class sun/net/www/protocol/about/Handler
Event: 65.224 loading class sun/net/www/protocol/about/Handler done
Event: 65.228 Thread 0x000000001e3c0000 Thread added: 0x000000001e3c0000
Event: 65.848 Thread 0x000000001d9e9000 Thread exited: 0x000000001d9e9000
Event: 66.058 Thread 0x000000001e3bf800 Thread exited: 0x000000001e3bf800
Event: 66.135 Thread 0x000000001d9e3000 Thread exited: 0x000000001d9e3000
Event: 66.319 Thread 0x000000001d9e6000 Thread exited: 0x000000001d9e6000
Event: 66.550 Thread 0x000000001e3c1000 Thread exited: 0x000000001e3c1000
Event: 66.770 Thread 0x000000001d9e1800 Thread exited: 0x000000001d9e1800


Dynamic libraries:
0x00007ff75ced0000 - 0x00007ff75cf07000 	C:\Program Files\Java\jdk1.8.0_72\jre\bin\java.exe
0x00007ff96d6a0000 - 0x00007ff96d861000 	C:\WINDOWS\SYSTEM32\ntdll.dll
0x00007ff96d400000 - 0x00007ff96d4ad000 	C:\WINDOWS\system32\KERNEL32.DLL
0x00007ff969d50000 - 0x00007ff969f38000 	C:\WINDOWS\system32\KERNELBASE.dll
0x00007ff96bbe0000 - 0x00007ff96bc87000 	C:\WINDOWS\system32\ADVAPI32.dll
0x00007ff96d600000 - 0x00007ff96d69d000 	C:\WINDOWS\system32\msvcrt.dll
0x00007ff96bb60000 - 0x00007ff96bbbb000 	C:\WINDOWS\system32\sechost.dll
0x00007ff96b9b0000 - 0x00007ff96bacc000 	C:\WINDOWS\system32\RPCRT4.dll
0x00007ff96ad80000 - 0x00007ff96aed6000 	C:\WINDOWS\system32\USER32.dll
0x00007ff96b000000 - 0x00007ff96b186000 	C:\WINDOWS\system32\GDI32.dll
0x00007ff95f450000 - 0x00007ff95f6c4000 	C:\WINDOWS\WinSxS\amd64_microsoft.windows.common-controls_6595b64144ccf1df_6.0.10586.0_none_8c15ae12515e1c22\COMCTL32.dll
0x00007ff96ab00000 - 0x00007ff96ad7d000 	C:\WINDOWS\system32\combase.dll
0x00007ff96a170000 - 0x00007ff96a1da000 	C:\WINDOWS\system32\bcryptPrimitives.dll
0x00007ff96bc90000 - 0x00007ff96bccb000 	C:\WINDOWS\system32\IMM32.DLL
0x0000000072a50000 - 0x0000000072b22000 	C:\Program Files\Java\jdk1.8.0_72\jre\bin\msvcr100.dll
0x0000000071a30000 - 0x00000000722c0000 	C:\Program Files\Java\jdk1.8.0_72\jre\bin\server\jvm.dll
0x00007ff96bb50000 - 0x00007ff96bb58000 	C:\WINDOWS\system32\PSAPI.DLL
0x00007ff9683f0000 - 0x00007ff968413000 	C:\WINDOWS\SYSTEM32\WINMM.dll
0x00007ff95e970000 - 0x00007ff95e97a000 	C:\WINDOWS\SYSTEM32\VERSION.dll
0x00007ff95c6b0000 - 0x00007ff95c6b9000 	C:\WINDOWS\SYSTEM32\WSOCK32.dll
0x00007ff967fd0000 - 0x00007ff967ffc000 	C:\WINDOWS\SYSTEM32\WINMMBASE.dll
0x00007ff96d390000 - 0x00007ff96d3fb000 	C:\WINDOWS\system32\WS2_32.dll
0x00007ff96a340000 - 0x00007ff96a383000 	C:\WINDOWS\system32\cfgmgr32.dll
0x0000000072a00000 - 0x0000000072a0f000 	C:\Program Files\Java\jdk1.8.0_72\jre\bin\verify.dll
0x00000000729d0000 - 0x00000000729f9000 	C:\Program Files\Java\jdk1.8.0_72\jre\bin\java.dll
0x00000000729b0000 - 0x00000000729c6000 	C:\Program Files\Java\jdk1.8.0_72\jre\bin\zip.dll
0x00007ff96be30000 - 0x00007ff96d38c000 	C:\WINDOWS\system32\SHELL32.dll
0x00007ff96a450000 - 0x00007ff96aa94000 	C:\WINDOWS\system32\windows.storage.dll
0x00007ff96aaa0000 - 0x00007ff96aaf2000 	C:\WINDOWS\system32\shlwapi.dll
0x00007ff969ce0000 - 0x00007ff969cef000 	C:\WINDOWS\system32\kernel.appcore.dll
0x00007ff96a390000 - 0x00007ff96a445000 	C:\WINDOWS\system32\shcore.dll
0x00007ff969cf0000 - 0x00007ff969d3b000 	C:\WINDOWS\system32\powrprof.dll
0x00007ff969cc0000 - 0x00007ff969cd4000 	C:\WINDOWS\system32\profapi.dll
0x00007ff953100000 - 0x00007ff9531ef000 	C:\Program Files\Java\jdk1.8.0_72\jre\bin\msvcr120.dll
0x00007ff953050000 - 0x00007ff9530f6000 	C:\Program Files\Java\jdk1.8.0_72\jre\bin\msvcp120.dll
0x00000000716c0000 - 0x00000000716e3000 	C:\Program Files\Java\jdk1.8.0_72\jre\bin\prism_d3d.dll
0x00007ff944160000 - 0x00007ff944370000 	C:\WINDOWS\system32\d3d9.dll
0x00007ff967900000 - 0x00007ff967922000 	C:\WINDOWS\SYSTEM32\dwmapi.dll
0x00007ff968640000 - 0x00007ff9686d6000 	C:\WINDOWS\system32\uxtheme.dll
0x00007ff93f2e0000 - 0x00007ff93ff00000 	C:\WINDOWS\SYSTEM32\igdumd64.dll
0x0000000071670000 - 0x00000000716b3000 	C:\Program Files\Java\jdk1.8.0_72\jre\bin\glass.dll
0x00007ff96aee0000 - 0x00007ff96afeb000 	C:\WINDOWS\system32\COMDLG32.dll
0x00007ff96a1e0000 - 0x00007ff96a266000 	C:\WINDOWS\system32\FirewallAPI.dll
0x00007ff96a270000 - 0x00007ff96a287000 	C:\WINDOWS\system32\NETAPI32.dll
0x00007ff96d4b0000 - 0x00007ff96d5f3000 	C:\WINDOWS\system32\ole32.dll
0x00007ff96b880000 - 0x00007ff96b941000 	C:\WINDOWS\system32\OLEAUT32.dll
0x00007ff9607d0000 - 0x00007ff9607dc000 	C:\WINDOWS\SYSTEM32\DAVHLPR.DLL
0x00007ff968a40000 - 0x00007ff968a72000 	C:\WINDOWS\SYSTEM32\fwbase.dll
0x00007ff96bcd0000 - 0x00007ff96be2a000 	C:\WINDOWS\system32\MSCTF.dll
0x00007ff9596e0000 - 0x00007ff959729000 	C:\Program Files (x86)\TeamViewer\tv_x64.dll
0x0000000180000000 - 0x0000000180110000 	C:\Windows\system32\rlls64.dll
0x00007ff965270000 - 0x00007ff965519000 	C:\Windows\system32\WININET.dll
0x00007ff955190000 - 0x00007ff9551fa000 	C:\Windows\system32\OLEACC.dll
0x00007ff9691b0000 - 0x00007ff9691e1000 	C:\WINDOWS\SYSTEM32\ntmarta.dll
0x00007ff969210000 - 0x00007ff96928a000 	C:\WINDOWS\SYSTEM32\Schannel.dll
0x00007ff969fa0000 - 0x00007ff96a168000 	C:\WINDOWS\system32\CRYPT32.dll
0x00007ff969d40000 - 0x00007ff969d50000 	C:\WINDOWS\system32\MSASN1.dll
0x00007ff969940000 - 0x00007ff96996d000 	C:\WINDOWS\SYSTEM32\SspiCli.dll
0x00007ff969590000 - 0x00007ff9695ec000 	C:\WINDOWS\system32\mswsock.dll
0x0000000071930000 - 0x0000000071954000 	C:\Program Files\Java\jdk1.8.0_72\jre\bin\sunec.dll
0x00007ff969640000 - 0x00007ff969657000 	C:\WINDOWS\SYSTEM32\CRYPTSP.dll
0x00007ff9692d0000 - 0x00007ff969304000 	C:\WINDOWS\system32\rsaenh.dll
0x00007ff969bf0000 - 0x00007ff969c19000 	C:\WINDOWS\SYSTEM32\bcrypt.dll
0x00007ff969420000 - 0x00007ff96943f000 	C:\WINDOWS\SYSTEM32\USERENV.dll
0x00007ff969760000 - 0x00007ff96976b000 	C:\WINDOWS\SYSTEM32\CRYPTBASE.dll
0x0000000072990000 - 0x00000000729aa000 	C:\Program Files\Java\jdk1.8.0_72\jre\bin\net.dll
0x00007ff966c90000 - 0x00007ff966cc8000 	C:\WINDOWS\SYSTEM32\IPHLPAPI.DLL
0x00007ff96aff0000 - 0x00007ff96aff8000 	C:\WINDOWS\system32\NSI.dll
0x00007ff9617a0000 - 0x00007ff9617b6000 	C:\WINDOWS\SYSTEM32\dhcpcsvc6.DLL
0x00007ff961780000 - 0x00007ff96179a000 	C:\WINDOWS\SYSTEM32\dhcpcsvc.DLL
0x0000000072970000 - 0x0000000072981000 	C:\Program Files\Java\jdk1.8.0_72\jre\bin\nio.dll
0x000000006ef30000 - 0x00000000714be000 	C:\Program Files\Java\jdk1.8.0_72\jre\bin\jfxwebkit.dll
0x0000000071650000 - 0x0000000071664000 	C:\Program Files\Java\jdk1.8.0_72\jre\bin\javafx_font.dll
0x00007ff963aa0000 - 0x00007ff963d00000 	C:\WINDOWS\SYSTEM32\dwrite.dll
0x00007ff95aa80000 - 0x00007ff95aa96000 	C:\WINDOWS\system32\napinsp.dll
0x00007ff95aaa0000 - 0x00007ff95aaba000 	C:\WINDOWS\system32\pnrpnsp.dll
0x00007ff967ce0000 - 0x00007ff967cf8000 	C:\WINDOWS\system32\NLAapi.dll
0x00007ff9686e0000 - 0x00007ff96878a000 	C:\WINDOWS\SYSTEM32\DNSAPI.dll
0x00007ff95ab00000 - 0x00007ff95ab0d000 	C:\WINDOWS\System32\winrnr.dll
0x0000000073550000 - 0x0000000073576000 	C:\Program Files\Bonjour\mdnsNSP.dll
0x00007ff9617d0000 - 0x00007ff961837000 	C:\WINDOWS\System32\fwpuclnt.dll
0x00007ff95ed50000 - 0x00007ff95ed5a000 	C:\Windows\System32\rasadhlp.dll
0x00007ff96b770000 - 0x00007ff96b817000 	C:\WINDOWS\system32\clbcatq.dll
0x00007ff965520000 - 0x00007ff9656d1000 	C:\WINDOWS\SYSTEM32\WindowsCodecs.dll
0x00007ff955140000 - 0x00007ff95518a000 	C:\WINDOWS\system32\dataexchange.dll
0x00007ff967490000 - 0x00007ff967738000 	C:\WINDOWS\system32\d3d11.dll
0x00007ff967eb0000 - 0x00007ff967f93000 	C:\WINDOWS\system32\dcomp.dll
0x00007ff9673e0000 - 0x00007ff967482000 	C:\WINDOWS\system32\dxgi.dll
0x00007ff9687c0000 - 0x00007ff9688c0000 	C:\WINDOWS\system32\twinapi.appcore.dll
0x00007ff9596a0000 - 0x00007ff9596d4000 	C:\Program Files\Common Files\Microsoft Shared\Ink\rtscom.dll
0x0000000071630000 - 0x0000000071641000 	C:\Program Files\Java\jdk1.8.0_72\jre\bin\prism_common.dll
0x0000000071600000 - 0x0000000071623000 	C:\Program Files\Java\jdk1.8.0_72\jre\bin\javafx_iio.dll
0x00007ff963d00000 - 0x00007ff964245000 	C:\WINDOWS\SYSTEM32\d2d1.dll
0x00007ff959ee0000 - 0x00007ff95a14f000 	C:\WINDOWS\SYSTEM32\D3D10Warp.dll
0x00000000727d0000 - 0x0000000072968000 	C:\Program Files\Java\jdk1.8.0_72\jre\bin\awt.dll
0x00007ff968420000 - 0x00007ff968499000 	C:\WINDOWS\system32\apphelp.dll
0x0000000071580000 - 0x00000000715f2000 	C:\Program Files\Java\jdk1.8.0_72\jre\bin\glib-lite.dll
0x000000006ee90000 - 0x000000006ef2c000 	C:\Program Files\Java\jdk1.8.0_72\jre\bin\gstreamer-lite.dll
0x00007ff962130000 - 0x00007ff9621cc000 	C:\WINDOWS\SYSTEM32\DSOUND.dll
0x0000000071550000 - 0x0000000071575000 	C:\Program Files\Java\jdk1.8.0_72\jre\bin\jfxmedia.dll
0x0000000071520000 - 0x0000000071550000 	C:\Program Files\Java\jdk1.8.0_72\jre\bin\fxplugins.dll
0x00007ff959060000 - 0x00007ff9591ec000 	C:\WINDOWS\SYSTEM32\dbghelp.dll

VM Arguments:
jvm_args: -Dfile.encoding=UTF-8 -Djava.net.preferIPv4Stack=true 
java_command: C:\Users\Aniket\Documents\NetBeansProjects\Velocity\dist\run592985638\Velocity.jar
java_class_path (initial): C:\Users\Aniket\Documents\NetBeansProjects\Velocity\dist\run592985638\Velocity.jar
Launcher Type: SUN_STANDARD

Environment Variables:
JAVA_HOME=C:\Program Files\Java\jdk1.8.0_72
_JAVA_OPTIONS=-Djava.net.preferIPv4Stack=true
PATH=C:\Python34\Lib\site-packages\PyQt5;C:\ProgramData\Oracle\Java\javapath;C:\Python27\Lib\site-packages\PyQt4;C:\Program Files (x86)\HP SimplePass\x64;C:\Program Files (x86)\HP SimplePass\;C:\Program Files (x86)\Intel\iCLS Client\;C:\Program Files\Intel\iCLS Client\;C:\WINDOWS\system32;C:\WINDOWS;C:\WINDOWS\System32\Wbem;C:\WINDOWS\System32\WindowsPowerShell\v1.0\;C:\Program Files (x86)\Windows Live\Shared;C:\Program Files\Intel\Intel(R) Management Engine Components\DAL;C:\Program Files\Intel\Intel(R) Management Engine Components\IPT;C:\Program Files (x86)\Intel\Intel(R) Management Engine Components\DAL;C:\Program Files (x86)\Intel\Intel(R) Management Engine Components\IPT;C:\Program Files (x86)\Intel\OpenCL SDK\2.0\bin\x86;C:\Program Files (x86)\Intel\OpenCL SDK\2.0\bin\x64;C:\Program Files (x86)\Pinnacle\Shared Files\;C:\Program Files (x86)\Pinnacle\Shared Files\Filter\;C:\Program Files\nodejs;C:\Program Files (x86)\Inno Setup 5;C:\Program Files (x86)\WiX Toolset v3.8\bin\;C:\Program Files (x86)\QuickTime\QTSystem\;C:\Program Files\Mercurial;C:\Users\Aniket\Downloads\gradle-2.3-bin\gradle-2.3\bin;C:\Program Files (x86)\GtkSharp\2.12\bin;C:\Program Files (x86)\Windows Kits\8.1\Windows Performance Toolkit\;C:\Program Files\Microsoft SQL Server\110\Tools\Binn\;C:\Program Files (x86)\Microsoft SDKs\TypeScript\1.0\;C:\Program Files\nodejs\;C:\Users\Aniket\Downloads\android-ndk-r10e;C:\Program Files (x86)\Skype\Phone\;C:\Users\Aniket\AppData\Roaming\npm;C:\GNUstep\bin;C:\GNUstep\GNUstep\System\Tools;C:\Users\Aniket\AppData\Local\Programs\Git\cmd
USERNAME=Aniket
OS=Windows_NT
PROCESSOR_IDENTIFIER=Intel64 Family 6 Model 42 Stepping 7, GenuineIntel



---------------  S Y S T E M  ---------------

OS: Windows 10.0 , 64 bit Build 10586 (10.0.10586.0)

CPU:total 4 (2 cores per cpu, 2 threads per core) family 6 model 42 stepping 7, cmov, cx8, fxsr, mmx, sse, sse2, sse3, ssse3, sse4.1, sse4.2, popcnt, avx, aes, clmul, ht, tsc, tscinvbit

Memory: 4k page, physical 8275228k(3354684k free), swap 10055220k(3699752k free)

vm_info: Java HotSpot(TM) 64-Bit Server VM (25.72-b15) for windows-amd64 JRE (1.8.0_72-b15), built on Dec 22 2015 19:16:16 by "java_re" with MS VC++ 10.0 (VS2010)

time: Thu May 19 10:12:02 2016
elapsed time: 67 seconds (0d 0h 1m 7s)

