#
# A fatal error has been detected by the Java Runtime Environment:
#
#  EXCEPTION_ACCESS_VIOLATION (0xc0000005) at pc=0x000000006f6e5642, pid=21908, tid=7568
#
# JRE version: Java(TM) SE Runtime Environment (8.0_72-b15) (build 1.8.0_72-b15)
# Java VM: Java HotSpot(TM) 64-Bit Server VM (25.72-b15 mixed mode windows-amd64 compressed oops)
# Problematic frame:
# C  [jfxwebkit.dll+0x7b5642]
#
# Failed to write core dump. Minidumps are not enabled by default on client versions of Windows
#
# If you would like to submit a bug report, please visit:
#   http://bugreport.java.com/bugreport/crash.jsp
# The crash happened outside the Java Virtual Machine in native code.
# See problematic frame for where to report the bug.
#

---------------  T H R E A D  ---------------

Current thread (0x0000000018cf5000):  JavaThread "JavaFX Application Thread" [_thread_in_native, id=7568, stack(0x0000000019290000,0x0000000019390000)]

siginfo: ExceptionCode=0xc0000005, reading address 0x0000000000000038

Registers:
RAX=0x0000000000000000, RBX=0x000000002840bb90, RCX=0x0000000000000078, RDX=0x0000000000000000
RSP=0x000000001938d490, RBP=0x000000001938d559, RSI=0x0000000000000000, RDI=0x000000002819ddc0
R8 =0x0000000000000000, R9 =0x000000002840bb80, R10=0x0000000000000000, R11=0x0000000071390428
R12=0x0000000000000000, R13=0x000000001d4b4cb8, R14=0x00000000281e7880, R15=0x00000000281e78e0
RIP=0x000000006f6e5642, EFLAGS=0x0000000000010246

Top of Stack: (sp=0x000000001938d490)
0x000000001938d490:   000000002840bb90 000000001938d559
0x000000001938d4a0:   0000000000000000 0000000000544ea0
0x000000001938d4b0:   000000001938d700 000000002840a900
0x000000001938d4c0:   000000002840a900 000000006f3bc2c4
0x000000001938d4d0:   00000000008ea93f 0000000000000000
0x000000001938d4e0:   00000000281e7770 000000001938d5e8
0x000000001938d4f0:   000000001d4b4cb8 0000000000000000
0x000000001938d500:   000000002819ddc0 0000000000000000
0x000000001938d510:   000000001938d8b0 00007ff94e246a57
0x000000001938d520:   0000000000000002 0000000000000008
0x000000001938d530:   0000009a4b3750d1 fffffffffffffffe
0x000000001938d540:   0000000000000001 000000006faa59bc
0x000000001938d550:   00000000281e7778 0000000000000000
0x000000001938d560:   0000000000000000 0000000000000000
0x000000001938d570:   00000000281e7778 000000006f6d1ac6
0x000000001938d580:   01d1b1e02442e6c0 000000006f6d5cbf 

Instructions: (pc=0x000000006f6e5642)
0x000000006f6e5622:   87 a0 07 00 00 01 48 83 bf 70 01 00 00 00 74 0c
0x000000006f6e5632:   33 d2 48 8b cf e8 54 da ff ff eb 78 48 8b 47 10
0x000000006f6e5642:   48 8b 48 38 f6 81 f9 00 00 00 04 74 2b 48 8d 8f
0x000000006f6e5652:   80 03 00 00 e8 c5 f6 38 00 48 8d 15 d6 82 93 00 


Register to memory mapping:

RAX=0x0000000000000000 is an unknown value
RBX=0x000000002840bb90 is an unknown value
RCX=0x0000000000000078 is an unknown value
RDX=0x0000000000000000 is an unknown value
RSP=0x000000001938d490 is pointing into the stack for thread: 0x0000000018cf5000
RBP=0x000000001938d559 is pointing into the stack for thread: 0x0000000018cf5000
RSI=0x0000000000000000 is an unknown value
RDI=0x000000002819ddc0 is an unknown value
R8 =0x0000000000000000 is an unknown value
R9 =0x000000002840bb80 is an unknown value
R10=0x0000000000000000 is an unknown value
R11=0x0000000071390428 is an unknown value
R12=0x0000000000000000 is an unknown value
R13={method} {0x000000001d4b4cc0} 'twkDidReceiveResponse' '(ILjava/lang/String;Ljava/lang/String;JLjava/lang/String;Ljava/lang/String;J)V' in 'com/sun/webkit/network/URLLoader'
R14=0x00000000281e7880 is an unknown value
R15=0x00000000281e78e0 is an unknown value


Stack: [0x0000000019290000,0x0000000019390000],  sp=0x000000001938d490,  free space=1013k
Native frames: (J=compiled Java code, j=interpreted, Vv=VM code, C=native code)
C  [jfxwebkit.dll+0x7b5642]
C  [jfxwebkit.dll+0x7a567f]
C  [jfxwebkit.dll+0x7ddc9d]
C  [jfxwebkit.dll+0x7d8cd6]
C  [jfxwebkit.dll+0x8bf2bf]
C  [jfxwebkit.dll+0x8c07ef]
C  0x00000000024a5e34

Java frames: (J=compiled Java code, j=interpreted, Vv=VM code)
j  com.sun.webkit.network.URLLoader.twkDidReceiveResponse(ILjava/lang/String;Ljava/lang/String;JLjava/lang/String;Ljava/lang/String;J)V+0
j  com.sun.webkit.network.URLLoader.notifyDidReceiveResponse(ILjava/lang/String;Ljava/lang/String;JLjava/lang/String;Ljava/lang/String;)V+91
j  com.sun.webkit.network.URLLoader.lambda$didReceiveResponse$94(ILjava/lang/String;Ljava/lang/String;JLjava/lang/String;Ljava/lang/String;)V+17
j  com.sun.webkit.network.URLLoader$$Lambda$282.run()V+28
J 3903 C1 com.sun.javafx.application.PlatformImpl$$Lambda$50.run()Ljava/lang/Object; (8 bytes) @ 0x0000000002aaeecc [0x0000000002aaed80+0x14c]
v  ~StubRoutines::call_stub
J 2367  java.security.AccessController.doPrivileged(Ljava/security/PrivilegedAction;Ljava/security/AccessControlContext;)Ljava/lang/Object; (0 bytes) @ 0x0000000002694ae6 [0x0000000002694a80+0x66]
J 3900 C1 com.sun.javafx.application.PlatformImpl.lambda$runLater$174(Ljava/lang/Runnable;Ljava/security/AccessControlContext;)V (38 bytes) @ 0x00000000026b06b4 [0x00000000026b0320+0x394]
J 3899 C1 com.sun.javafx.application.PlatformImpl$$Lambda$49.run()V (12 bytes) @ 0x00000000028637c4 [0x0000000002863740+0x84]
J 3152 C1 com.sun.glass.ui.InvokeLaterDispatcher$Future.run()V (91 bytes) @ 0x0000000002d10f0c [0x0000000002d10e00+0x10c]
v  ~StubRoutines::call_stub
j  com.sun.glass.ui.win.WinApplication._runLoop(Ljava/lang/Runnable;)V+0
j  com.sun.glass.ui.win.WinApplication.lambda$null$148(ILjava/lang/Runnable;)V+8
j  com.sun.glass.ui.win.WinApplication$$Lambda$38.run()V+12
j  java.lang.Thread.run()V+11
v  ~StubRoutines::call_stub

---------------  P R O C E S S  ---------------

Java Threads: ( => current thread )
  0x000000002006a800 JavaThread "Thread-107" daemon [_thread_blocked, id=23728, stack(0x0000000034f90000,0x0000000035090000)]
  0x0000000020066000 JavaThread "Thread-106" daemon [_thread_blocked, id=24012, stack(0x0000000034e90000,0x0000000034f90000)]
  0x0000000020069800 JavaThread "Thread-105" daemon [_thread_blocked, id=20556, stack(0x0000000034d90000,0x0000000034e90000)]
  0x0000000020014800 JavaThread "Thread-104" daemon [_thread_blocked, id=24476, stack(0x0000000034b90000,0x0000000034c90000)]
  0x000000001fc75800 JavaThread "Thread-103" daemon [_thread_blocked, id=24032, stack(0x0000000034a90000,0x0000000034b90000)]
  0x000000001fc7c800 JavaThread "Thread-102" daemon [_thread_blocked, id=21204, stack(0x0000000034990000,0x0000000034a90000)]
  0x000000001fc76800 JavaThread "URL-Loader-39" daemon [_thread_blocked, id=18472, stack(0x0000000034290000,0x0000000034390000)]
  0x000000001fc79800 JavaThread "URL-Loader-38" daemon [_thread_blocked, id=24292, stack(0x0000000034190000,0x0000000034290000)]
  0x000000001fc78000 JavaThread "URL-Loader-37" daemon [_thread_blocked, id=24312, stack(0x0000000034090000,0x0000000034190000)]
  0x000000001fc7b000 JavaThread "URL-Loader-36" daemon [_thread_blocked, id=23816, stack(0x0000000033f90000,0x0000000034090000)]
  0x0000000020019000 JavaThread "URL-Loader-35" daemon [_thread_blocked, id=15852, stack(0x0000000033e90000,0x0000000033f90000)]
  0x000000002001c000 JavaThread "URL-Loader-34" daemon [_thread_blocked, id=21956, stack(0x0000000033d90000,0x0000000033e90000)]
  0x0000000020016000 JavaThread "URL-Loader-33" daemon [_thread_blocked, id=6176, stack(0x0000000033b90000,0x0000000033c90000)]
  0x0000000020016800 JavaThread "URL-Loader-32" daemon [_thread_blocked, id=19800, stack(0x0000000033a90000,0x0000000033b90000)]
  0x0000000020018000 JavaThread "URL-Loader-31" daemon [_thread_blocked, id=16880, stack(0x0000000033990000,0x0000000033a90000)]
  0x000000002001b000 JavaThread "URL-Loader-30" daemon [_thread_blocked, id=24544, stack(0x0000000033890000,0x0000000033990000)]
  0x000000002001a800 JavaThread "URL-Loader-29" daemon [_thread_blocked, id=19780, stack(0x0000000033790000,0x0000000033890000)]
  0x0000000020017800 JavaThread "Thread-101" daemon [_thread_blocked, id=24480, stack(0x0000000033690000,0x0000000033790000)]
  0x0000000020015000 JavaThread "Thread-100" daemon [_thread_blocked, id=24496, stack(0x0000000033590000,0x0000000033690000)]
  0x0000000020019800 JavaThread "URL-Loader-28" daemon [_thread_blocked, id=23392, stack(0x0000000033490000,0x0000000033590000)]
  0x000000002000d000 JavaThread "URL-Loader-27" daemon [_thread_blocked, id=23928, stack(0x0000000033390000,0x0000000033490000)]
  0x0000000020011800 JavaThread "URL-Loader-26" daemon [_thread_blocked, id=24296, stack(0x0000000032c90000,0x0000000032d90000)]
  0x0000000020013800 JavaThread "URL-Loader-25" daemon [_thread_blocked, id=21548, stack(0x0000000032b90000,0x0000000032c90000)]
  0x0000000020010000 JavaThread "URL-Loader-24" daemon [_thread_blocked, id=23780, stack(0x0000000032a90000,0x0000000032b90000)]
  0x0000000020013000 JavaThread "URL-Loader-23" daemon [_thread_blocked, id=22488, stack(0x0000000032990000,0x0000000032a90000)]
  0x000000002000f000 JavaThread "URL-Loader-22" daemon [_thread_blocked, id=20720, stack(0x0000000032890000,0x0000000032990000)]
  0x000000002000e800 JavaThread "Keep-Alive-Timer" daemon [_thread_blocked, id=6824, stack(0x0000000032790000,0x0000000032890000)]
  0x000000002000d800 JavaThread "URL-Loader-21" daemon [_thread_blocked, id=21700, stack(0x0000000032590000,0x0000000032690000)]
  0x0000000020012000 JavaThread "Thread-17" daemon [_thread_in_native, id=23768, stack(0x0000000026d30000,0x0000000026e30000)]
  0x000000001fc7b800 JavaThread "URL-Loader-5" daemon [_thread_blocked, id=24204, stack(0x00000000250d0000,0x00000000251d0000)]
  0x000000001fc35000 JavaThread "Watchdog-Timer-1" daemon [_thread_blocked, id=21576, stack(0x0000000021ac0000,0x0000000021bc0000)]
  0x000000001bd50000 JavaThread "Prism Font Disposer" daemon [_thread_blocked, id=22400, stack(0x000000001f0f0000,0x000000001f1f0000)]
  0x000000001be17000 JavaThread "Disposer" daemon [_thread_blocked, id=16620, stack(0x000000001cf10000,0x000000001d010000)]
  0x000000001bb75800 JavaThread "JavaFX-Launcher" [_thread_blocked, id=24472, stack(0x000000001c610000,0x000000001c710000)]
  0x000000001baa0800 JavaThread "Thread-2" daemon [_thread_in_native, id=23980, stack(0x000000001c210000,0x000000001c310000)]
=>0x0000000018cf5000 JavaThread "JavaFX Application Thread" [_thread_in_native, id=7568, stack(0x0000000019290000,0x0000000019390000)]
  0x0000000018ce4800 JavaThread "Thread-1" daemon [_thread_blocked, id=5944, stack(0x0000000019110000,0x0000000019210000)]
  0x0000000018cc7800 JavaThread "QuantumRenderer-0" daemon [_thread_blocked, id=24256, stack(0x0000000018f10000,0x0000000019010000)]
  0x0000000018950800 JavaThread "Service Thread" daemon [_thread_blocked, id=7760, stack(0x0000000018d10000,0x0000000018e10000)]
  0x0000000016fde000 JavaThread "C1 CompilerThread2" daemon [_thread_blocked, id=21720, stack(0x0000000018810000,0x0000000018910000)]
  0x0000000016fd2000 JavaThread "C2 CompilerThread1" daemon [_thread_blocked, id=18192, stack(0x0000000018710000,0x0000000018810000)]
  0x0000000016fce800 JavaThread "C2 CompilerThread0" daemon [_thread_blocked, id=22032, stack(0x0000000018610000,0x0000000018710000)]
  0x0000000016fcc800 JavaThread "Attach Listener" daemon [_thread_blocked, id=24228, stack(0x0000000018510000,0x0000000018610000)]
  0x0000000016fcb000 JavaThread "Signal Dispatcher" daemon [_thread_blocked, id=23120, stack(0x0000000018410000,0x0000000018510000)]
  0x0000000016fba800 JavaThread "Finalizer" daemon [_thread_blocked, id=20628, stack(0x0000000018230000,0x0000000018330000)]
  0x0000000002481000 JavaThread "Reference Handler" daemon [_thread_blocked, id=23312, stack(0x0000000018130000,0x0000000018230000)]
  0x0000000002392800 JavaThread "main" [_thread_blocked, id=24464, stack(0x0000000002290000,0x0000000002390000)]

Other Threads:
  0x0000000016f97000 VMThread [stack: 0x0000000018030000,0x0000000018130000] [id=21052]
  0x000000001702e800 WatcherThread [stack: 0x0000000018e10000,0x0000000018f10000] [id=23968]

VM state:not at safepoint (normal execution)

VM Mutex/Monitor currently owned by a thread: None

Heap:
 PSYoungGen      total 46592K, used 34391K [0x00000000d5e00000, 0x00000000da980000, 0x0000000100000000)
  eden space 41472K, 70% used [0x00000000d5e00000,0x00000000d7a98b50,0x00000000d8680000)
  from space 5120K, 99% used [0x00000000d8680000,0x00000000d8b7d250,0x00000000d8b80000)
  to   space 13312K, 0% used [0x00000000d9c80000,0x00000000d9c80000,0x00000000da980000)
 ParOldGen       total 69632K, used 21948K [0x0000000081a00000, 0x0000000085e00000, 0x00000000d5e00000)
  object space 69632K, 31% used [0x0000000081a00000,0x0000000082f6f380,0x0000000085e00000)
 Metaspace       used 25563K, capacity 27080K, committed 27440K, reserved 1073152K
  class space    used 3449K, capacity 3769K, committed 3888K, reserved 1048576K

Card table byte_map: [0x0000000011850000,0x0000000011c50000] byte_map_base: 0x0000000011443000

Marking Bits: (ParMarkBitMap*) 0x0000000072240600
 Begin Bits: [0x0000000012300000, 0x0000000014298000)
 End Bits:   [0x0000000014298000, 0x0000000016230000)

Polling page: 0x0000000001f70000

CodeCache: size=245760Kb used=14151Kb max_used=14151Kb free=231608Kb
 bounds [0x0000000002490000, 0x0000000003280000, 0x0000000011490000]
 total_blobs=5327 nmethods=4507 adapters=731
 compilation: enabled

Compilation events (10 events):
Event: 36.414 Thread 0x0000000016fde000 nmethod 4977 0x00000000032686d0 code [0x00000000032689c0, 0x000000000326a030]
Event: 36.414 Thread 0x0000000016fde000 4978       3       javafx.concurrent.EventHelper$1::<init> (12 bytes)
Event: 36.416 Thread 0x0000000016fde000 nmethod 4978 0x0000000003267e10 code [0x0000000003267fa0, 0x0000000003268410]
Event: 36.421 Thread 0x0000000016fde000 4979       3       javafx.concurrent.Service::isFxApplicationThread (4 bytes)
Event: 36.422 Thread 0x0000000016fde000 nmethod 4979 0x000000000325bb50 code [0x000000000325bce0, 0x000000000325c088]
Event: 36.422 Thread 0x0000000016fde000 4980       3       com.sun.javafx.webkit.prism.WCGraphicsPrismContext$TransparencyLayer::render (13 bytes)
Event: 36.423 Thread 0x0000000016fde000 nmethod 4980 0x000000000326bd50 code [0x000000000326bee0, 0x000000000326c2e8]
Event: 36.423 Thread 0x0000000016fde000 4981       3       com.sun.javafx.webkit.prism.WCGraphicsPrismContext$TransparencyLayer$1::<init> (15 bytes)
Event: 36.424 Thread 0x0000000016fde000 nmethod 4981 0x000000000326c4d0 code [0x000000000326c640, 0x000000000326c8f0]
Event: 36.424 Thread 0x0000000016fde000 4982       3       com.sun.javafx.iio.ImageFrame::<init> (17 bytes)

GC Heap History (10 events):
Event: 5.775 GC heap before
{Heap before GC invocations=2 (full 0):
 PSYoungGen      total 38400K, used 25708K [0x00000000d5e00000, 0x00000000d8880000, 0x0000000100000000)
  eden space 33280K, 61% used [0x00000000d5e00000,0x00000000d721d878,0x00000000d7e80000)
  from space 5120K, 99% used [0x00000000d7e80000,0x00000000d837d990,0x00000000d8380000)
  to   space 5120K, 0% used [0x00000000d8380000,0x00000000d8380000,0x00000000d8880000)
 ParOldGen       total 87552K, used 267K [0x0000000081a00000, 0x0000000086f80000, 0x00000000d5e00000)
  object space 87552K, 0% used [0x0000000081a00000,0x0000000081a42dd0,0x0000000086f80000)
 Metaspace       used 20211K, capacity 21240K, committed 21296K, reserved 1067008K
  class space    used 2832K, capacity 3073K, committed 3120K, reserved 1048576K
Event: 5.793 GC heap after
Heap after GC invocations=2 (full 0):
 PSYoungGen      total 38400K, used 5106K [0x00000000d5e00000, 0x00000000d8880000, 0x0000000100000000)
  eden space 33280K, 0% used [0x00000000d5e00000,0x00000000d5e00000,0x00000000d7e80000)
  from space 5120K, 99% used [0x00000000d8380000,0x00000000d887c9a8,0x00000000d8880000)
  to   space 5120K, 0% used [0x00000000d7e80000,0x00000000d7e80000,0x00000000d8380000)
 ParOldGen       total 87552K, used 3163K [0x0000000081a00000, 0x0000000086f80000, 0x00000000d5e00000)
  object space 87552K, 3% used [0x0000000081a00000,0x0000000081d16f38,0x0000000086f80000)
 Metaspace       used 20211K, capacity 21240K, committed 21296K, reserved 1067008K
  class space    used 2832K, capacity 3073K, committed 3120K, reserved 1048576K
}
Event: 5.793 GC heap before
{Heap before GC invocations=3 (full 1):
 PSYoungGen      total 38400K, used 5106K [0x00000000d5e00000, 0x00000000d8880000, 0x0000000100000000)
  eden space 33280K, 0% used [0x00000000d5e00000,0x00000000d5e00000,0x00000000d7e80000)
  from space 5120K, 99% used [0x00000000d8380000,0x00000000d887c9a8,0x00000000d8880000)
  to   space 5120K, 0% used [0x00000000d7e80000,0x00000000d7e80000,0x00000000d8380000)
 ParOldGen       total 87552K, used 3163K [0x0000000081a00000, 0x0000000086f80000, 0x00000000d5e00000)
  object space 87552K, 3% used [0x0000000081a00000,0x0000000081d16f38,0x0000000086f80000)
 Metaspace       used 20211K, capacity 21240K, committed 21296K, reserved 1067008K
  class space    used 2832K, capacity 3073K, committed 3120K, reserved 1048576K
Event: 5.874 GC heap after
Heap after GC invocations=3 (full 1):
 PSYoungGen      total 38400K, used 0K [0x00000000d5e00000, 0x00000000d8880000, 0x0000000100000000)
  eden space 33280K, 0% used [0x00000000d5e00000,0x00000000d5e00000,0x00000000d7e80000)
  from space 5120K, 0% used [0x00000000d8380000,0x00000000d8380000,0x00000000d8880000)
  to   space 5120K, 0% used [0x00000000d7e80000,0x00000000d7e80000,0x00000000d8380000)
 ParOldGen       total 69632K, used 7874K [0x0000000081a00000, 0x0000000085e00000, 0x00000000d5e00000)
  object space 69632K, 11% used [0x0000000081a00000,0x00000000821b0908,0x0000000085e00000)
 Metaspace       used 20211K, capacity 21240K, committed 21296K, reserved 1067008K
  class space    used 2832K, capacity 3073K, committed 3120K, reserved 1048576K
}
Event: 11.126 GC heap before
{Heap before GC invocations=4 (full 1):
 PSYoungGen      total 38400K, used 33169K [0x00000000d5e00000, 0x00000000d8880000, 0x0000000100000000)
  eden space 33280K, 99% used [0x00000000d5e00000,0x00000000d7e64758,0x00000000d7e80000)
  from space 5120K, 0% used [0x00000000d8380000,0x00000000d8380000,0x00000000d8880000)
  to   space 5120K, 0% used [0x00000000d7e80000,0x00000000d7e80000,0x00000000d8380000)
 ParOldGen       total 69632K, used 7874K [0x0000000081a00000, 0x0000000085e00000, 0x00000000d5e00000)
  object space 69632K, 11% used [0x0000000081a00000,0x00000000821b0908,0x0000000085e00000)
 Metaspace       used 23959K, capacity 25332K, committed 25392K, reserved 1071104K
  class space    used 3359K, capacity 3631K, committed 3632K, reserved 1048576K
Event: 11.140 GC heap after
Heap after GC invocations=4 (full 1):
 PSYoungGen      total 38400K, used 5103K [0x00000000d5e00000, 0x00000000d9080000, 0x0000000100000000)
  eden space 33280K, 0% used [0x00000000d5e00000,0x00000000d5e00000,0x00000000d7e80000)
  from space 5120K, 99% used [0x00000000d7e80000,0x00000000d837bc40,0x00000000d8380000)
  to   space 5120K, 0% used [0x00000000d8b80000,0x00000000d8b80000,0x00000000d9080000)
 ParOldGen       total 69632K, used 10208K [0x0000000081a00000, 0x0000000085e00000, 0x00000000d5e00000)
  object space 69632K, 14% used [0x0000000081a00000,0x00000000823f8228,0x0000000085e00000)
 Metaspace       used 23959K, capacity 25332K, committed 25392K, reserved 1071104K
  class space    used 3359K, capacity 3631K, committed 3632K, reserved 1048576K
}
Event: 19.469 GC heap before
{Heap before GC invocations=5 (full 1):
 PSYoungGen      total 38400K, used 38383K [0x00000000d5e00000, 0x00000000d9080000, 0x0000000100000000)
  eden space 33280K, 100% used [0x00000000d5e00000,0x00000000d7e80000,0x00000000d7e80000)
  from space 5120K, 99% used [0x00000000d7e80000,0x00000000d837bc40,0x00000000d8380000)
  to   space 5120K, 0% used [0x00000000d8b80000,0x00000000d8b80000,0x00000000d9080000)
 ParOldGen       total 69632K, used 10208K [0x0000000081a00000, 0x0000000085e00000, 0x00000000d5e00000)
  object space 69632K, 14% used [0x0000000081a00000,0x00000000823f8248,0x0000000085e00000)
 Metaspace       used 24507K, capacity 25868K, committed 26032K, reserved 1071104K
  class space    used 3372K, capacity 3635K, committed 3760K, reserved 1048576K
Event: 19.481 GC heap after
Heap after GC invocations=5 (full 1):
 PSYoungGen      total 45568K, used 5108K [0x00000000d5e00000, 0x00000000d9080000, 0x0000000100000000)
  eden space 40448K, 0% used [0x00000000d5e00000,0x00000000d5e00000,0x00000000d8580000)
  from space 5120K, 99% used [0x00000000d8b80000,0x00000000d907d328,0x00000000d9080000)
  to   space 5120K, 0% used [0x00000000d8680000,0x00000000d8680000,0x00000000d8b80000)
 ParOldGen       total 69632K, used 14967K [0x0000000081a00000, 0x0000000085e00000, 0x00000000d5e00000)
  object space 69632K, 21% used [0x0000000081a00000,0x000000008289dde8,0x0000000085e00000)
 Metaspace       used 24507K, capacity 25868K, committed 26032K, reserved 1071104K
  class space    used 3372K, capacity 3635K, committed 3760K, reserved 1048576K
}
Event: 22.592 GC heap before
{Heap before GC invocations=6 (full 1):
 PSYoungGen      total 45568K, used 45556K [0x00000000d5e00000, 0x00000000d9080000, 0x0000000100000000)
  eden space 40448K, 100% used [0x00000000d5e00000,0x00000000d8580000,0x00000000d8580000)
  from space 5120K, 99% used [0x00000000d8b80000,0x00000000d907d328,0x00000000d9080000)
  to   space 5120K, 0% used [0x00000000d8680000,0x00000000d8680000,0x00000000d8b80000)
 ParOldGen       total 69632K, used 14969K [0x0000000081a00000, 0x0000000085e00000, 0x00000000d5e00000)
  object space 69632K, 21% used [0x0000000081a00000,0x000000008289e770,0x0000000085e00000)
 Metaspace       used 24869K, capacity 26272K, committed 26544K, reserved 1073152K
  class space    used 3384K, capacity 3649K, committed 3760K, reserved 1048576K
Event: 22.617 GC heap after
Heap after GC invocations=6 (full 1):
 PSYoungGen      total 46592K, used 5108K [0x00000000d5e00000, 0x00000000da980000, 0x0000000100000000)
  eden space 41472K, 0% used [0x00000000d5e00000,0x00000000d5e00000,0x00000000d8680000)
  from space 5120K, 99% used [0x00000000d8680000,0x00000000d8b7d250,0x00000000d8b80000)
  to   space 13312K, 0% used [0x00000000d9c80000,0x00000000d9c80000,0x00000000da980000)
 ParOldGen       total 69632K, used 21948K [0x0000000081a00000, 0x0000000085e00000, 0x00000000d5e00000)
  object space 69632K, 31% used [0x0000000081a00000,0x0000000082f6f380,0x0000000085e00000)
 Metaspace       used 24869K, capacity 26272K, committed 26544K, reserved 1073152K
  class space    used 3384K, capacity 3649K, committed 3760K, reserved 1048576K
}

Deoptimization events (10 events):
Event: 32.190 Thread 0x0000000018cf5000 Uncommon trap: reason=unstable_if action=reinterpret pc=0x000000000307f2d8 method=com.sun.javafx.css.StyleManager$CacheContainer.getStyleMap(I)Lcom/sun/javafx/css/StyleMap; @ 22
Event: 32.191 Thread 0x0000000018cf5000 Uncommon trap: reason=unstable_if action=reinterpret pc=0x00000000030580c0 method=com.sun.javafx.css.StyleManager$CacheContainer.getStyleMap(I)Lcom/sun/javafx/css/StyleMap; @ 22
Event: 33.542 Thread 0x0000000018cf5000 Uncommon trap: reason=unstable_if action=reinterpret pc=0x0000000002cc80cc method=com.sun.javafx.iio.png.PNGImageLoader2.copy([B[BIII)V @ 10
Event: 35.071 Thread 0x0000000018cc7800 Uncommon trap: reason=unstable_if action=reinterpret pc=0x00000000025ac16c method=java.lang.StrictMath.floorOrCeil(DDDD)D @ 24
Event: 35.493 Thread 0x0000000018cf5000 Uncommon trap: reason=bimorphic action=maybe_recompile pc=0x0000000002f31764 method=sun.security.provider.DigestBase.engineUpdate([BII)V @ 128
Event: 35.653 Thread 0x0000000018cf5000 Uncommon trap: reason=unstable_if action=reinterpret pc=0x0000000002b82ba4 method=com.sun.crypto.provider.GaloisCounterMode.increment32([B)V @ 39
Event: 35.653 Thread 0x0000000018cf5000 Uncommon trap: reason=unstable_if action=reinterpret pc=0x0000000002b730d0 method=com.sun.crypto.provider.GaloisCounterMode.increment32([B)V @ 39
Event: 35.654 Thread 0x0000000018cf5000 Uncommon trap: reason=unstable_if action=reinterpret pc=0x0000000002b6020c method=com.sun.crypto.provider.GaloisCounterMode.increment32([B)V @ 39
Event: 35.759 Thread 0x0000000018cf5000 Uncommon trap: reason=bimorphic action=maybe_recompile pc=0x0000000002f31764 method=sun.security.provider.DigestBase.engineUpdate([BII)V @ 128
Event: 36.027 Thread 0x000000002000d000 Uncommon trap: reason=bimorphic action=maybe_recompile pc=0x0000000002f31764 method=sun.security.provider.DigestBase.engineUpdate([BII)V @ 128

Internal exceptions (10 events):
Event: 36.086 Thread 0x000000002001b000 Exception <a 'java/lang/ClassNotFoundException': sun/net/www/protocol/data/Handler> (0x00000000d72bcda8) thrown at [C:\re\workspace\8-2-build-windows-amd64-cygwin\jdk8u72\5732\hotspot\src\share\vm\classfile\systemDictionary.cpp, line 210]
Event: 36.088 Thread 0x000000002001b000 Exception <a 'java/lang/ClassNotFoundException': sun/net/www/protocol/data/Handler> (0x00000000d72d0f18) thrown at [C:\re\workspace\8-2-build-windows-amd64-cygwin\jdk8u72\5732\hotspot\src\share\vm\classfile\systemDictionary.cpp, line 210]
Event: 36.089 Thread 0x0000000020018000 Exception <a 'java/lang/ClassNotFoundException': sun/net/www/protocol/data/Handler> (0x00000000d72d7190) thrown at [C:\re\workspace\8-2-build-windows-amd64-cygwin\jdk8u72\5732\hotspot\src\share\vm\classfile\systemDictionary.cpp, line 210]
Event: 36.093 Thread 0x0000000020018000 Exception <a 'java/lang/ClassNotFoundException': sun/net/www/protocol/data/Handler> (0x00000000d734fa38) thrown at [C:\re\workspace\8-2-build-windows-amd64-cygwin\jdk8u72\5732\hotspot\src\share\vm\classfile\systemDictionary.cpp, line 210]
Event: 36.101 Thread 0x0000000020016000 Exception <a 'java/lang/ClassNotFoundException': sun/net/www/protocol/data/Handler> (0x00000000d736a4d0) thrown at [C:\re\workspace\8-2-build-windows-amd64-cygwin\jdk8u72\5732\hotspot\src\share\vm\classfile\systemDictionary.cpp, line 210]
Event: 36.105 Thread 0x0000000020016000 Exception <a 'java/lang/ClassNotFoundException': sun/net/www/protocol/data/Handler> (0x00000000d738a818) thrown at [C:\re\workspace\8-2-build-windows-amd64-cygwin\jdk8u72\5732\hotspot\src\share\vm\classfile\systemDictionary.cpp, line 210]
Event: 36.108 Thread 0x0000000020016800 Exception <a 'java/lang/ClassNotFoundException': sun/net/www/protocol/data/Handler> (0x00000000d7395358) thrown at [C:\re\workspace\8-2-build-windows-amd64-cygwin\jdk8u72\5732\hotspot\src\share\vm\classfile\systemDictionary.cpp, line 210]
Event: 36.111 Thread 0x0000000020016800 Exception <a 'java/lang/ClassNotFoundException': sun/net/www/protocol/data/Handler> (0x00000000d73ab870) thrown at [C:\re\workspace\8-2-build-windows-amd64-cygwin\jdk8u72\5732\hotspot\src\share\vm\classfile\systemDictionary.cpp, line 210]
Event: 36.115 Thread 0x000000002001c000 Exception <a 'java/lang/ClassNotFoundException': sun/net/www/protocol/data/Handler> (0x00000000d73b61b8) thrown at [C:\re\workspace\8-2-build-windows-amd64-cygwin\jdk8u72\5732\hotspot\src\share\vm\classfile\systemDictionary.cpp, line 210]
Event: 36.119 Thread 0x000000002001c000 Exception <a 'java/lang/ClassNotFoundException': sun/net/www/protocol/data/Handler> (0x00000000d73cb338) thrown at [C:\re\workspace\8-2-build-windows-amd64-cygwin\jdk8u72\5732\hotspot\src\share\vm\classfile\systemDictionary.cpp, line 210]

Events (10 events):
Event: 36.382 Thread 0x000000001fc7b000 DEOPT UNPACKING pc=0x00000000024d787f sp=0x000000003408d838 mode 0
Event: 36.386 Thread 0x0000000020014800 Thread added: 0x0000000020014800
Event: 36.397 Thread 0x0000000020069000 Thread added: 0x0000000020069000
Event: 36.405 Thread 0x000000001fc7a000 Thread exited: 0x000000001fc7a000
Event: 36.406 Thread 0x0000000020069800 Thread added: 0x0000000020069800
Event: 36.409 Thread 0x000000001fc77000 Thread exited: 0x000000001fc77000
Event: 36.409 Thread 0x000000001fc78800 Thread exited: 0x000000001fc78800
Event: 36.410 Thread 0x0000000020069000 Thread exited: 0x0000000020069000
Event: 36.411 Thread 0x0000000020066000 Thread added: 0x0000000020066000
Event: 36.421 Thread 0x000000002006a800 Thread added: 0x000000002006a800


Dynamic libraries:
0x00007ff75ced0000 - 0x00007ff75cf07000 	C:\Program Files\Java\jdk1.8.0_72\jre\bin\java.exe
0x00007ff96d6a0000 - 0x00007ff96d861000 	C:\WINDOWS\SYSTEM32\ntdll.dll
0x00007ff96d400000 - 0x00007ff96d4ad000 	C:\WINDOWS\system32\KERNEL32.DLL
0x00007ff969d50000 - 0x00007ff969f38000 	C:\WINDOWS\system32\KERNELBASE.dll
0x00007ff96bbe0000 - 0x00007ff96bc87000 	C:\WINDOWS\system32\ADVAPI32.dll
0x00007ff96d600000 - 0x00007ff96d69d000 	C:\WINDOWS\system32\msvcrt.dll
0x00007ff96bb60000 - 0x00007ff96bbbb000 	C:\WINDOWS\system32\sechost.dll
0x00007ff96b9b0000 - 0x00007ff96bacc000 	C:\WINDOWS\system32\RPCRT4.dll
0x00007ff96ad80000 - 0x00007ff96aed6000 	C:\WINDOWS\system32\USER32.dll
0x00007ff96b000000 - 0x00007ff96b186000 	C:\WINDOWS\system32\GDI32.dll
0x00007ff95f450000 - 0x00007ff95f6c4000 	C:\WINDOWS\WinSxS\amd64_microsoft.windows.common-controls_6595b64144ccf1df_6.0.10586.0_none_8c15ae12515e1c22\COMCTL32.dll
0x00007ff96ab00000 - 0x00007ff96ad7d000 	C:\WINDOWS\system32\combase.dll
0x00007ff96a170000 - 0x00007ff96a1da000 	C:\WINDOWS\system32\bcryptPrimitives.dll
0x00007ff96bc90000 - 0x00007ff96bccb000 	C:\WINDOWS\system32\IMM32.DLL
0x0000000072a50000 - 0x0000000072b22000 	C:\Program Files\Java\jdk1.8.0_72\jre\bin\msvcr100.dll
0x0000000071a30000 - 0x00000000722c0000 	C:\Program Files\Java\jdk1.8.0_72\jre\bin\server\jvm.dll
0x00007ff96bb50000 - 0x00007ff96bb58000 	C:\WINDOWS\system32\PSAPI.DLL
0x00007ff95c6b0000 - 0x00007ff95c6b9000 	C:\WINDOWS\SYSTEM32\WSOCK32.dll
0x00007ff96d390000 - 0x00007ff96d3fb000 	C:\WINDOWS\system32\WS2_32.dll
0x00007ff9683f0000 - 0x00007ff968413000 	C:\WINDOWS\SYSTEM32\WINMM.dll
0x00007ff95e970000 - 0x00007ff95e97a000 	C:\WINDOWS\SYSTEM32\VERSION.dll
0x0000000001f40000 - 0x0000000001f6c000 	C:\WINDOWS\SYSTEM32\WINMMBASE.dll
0x00007ff96a340000 - 0x00007ff96a383000 	C:\WINDOWS\system32\cfgmgr32.dll
0x0000000072a00000 - 0x0000000072a0f000 	C:\Program Files\Java\jdk1.8.0_72\jre\bin\verify.dll
0x00000000729d0000 - 0x00000000729f9000 	C:\Program Files\Java\jdk1.8.0_72\jre\bin\java.dll
0x00000000729b0000 - 0x00000000729c6000 	C:\Program Files\Java\jdk1.8.0_72\jre\bin\zip.dll
0x00007ff96be30000 - 0x00007ff96d38c000 	C:\WINDOWS\system32\SHELL32.dll
0x00007ff96a450000 - 0x00007ff96aa94000 	C:\WINDOWS\system32\windows.storage.dll
0x00007ff96aaa0000 - 0x00007ff96aaf2000 	C:\WINDOWS\system32\shlwapi.dll
0x00007ff969ce0000 - 0x00007ff969cef000 	C:\WINDOWS\system32\kernel.appcore.dll
0x00007ff96a390000 - 0x00007ff96a445000 	C:\WINDOWS\system32\shcore.dll
0x00007ff969cf0000 - 0x00007ff969d3b000 	C:\WINDOWS\system32\powrprof.dll
0x00007ff969cc0000 - 0x00007ff969cd4000 	C:\WINDOWS\system32\profapi.dll
0x00007ff94e1e0000 - 0x00007ff94e2cf000 	C:\Program Files\Java\jdk1.8.0_72\jre\bin\msvcr120.dll
0x00007ff952b90000 - 0x00007ff952c36000 	C:\Program Files\Java\jdk1.8.0_72\jre\bin\msvcp120.dll
0x00000000716c0000 - 0x00000000716e3000 	C:\Program Files\Java\jdk1.8.0_72\jre\bin\prism_d3d.dll
0x00007ff944160000 - 0x00007ff944370000 	C:\WINDOWS\system32\d3d9.dll
0x00007ff967900000 - 0x00007ff967922000 	C:\WINDOWS\SYSTEM32\dwmapi.dll
0x00007ff968640000 - 0x00007ff9686d6000 	C:\WINDOWS\system32\uxtheme.dll
0x00007ff93f2e0000 - 0x00007ff93ff00000 	C:\WINDOWS\SYSTEM32\igdumd64.dll
0x0000000071670000 - 0x00000000716b3000 	C:\Program Files\Java\jdk1.8.0_72\jre\bin\glass.dll
0x00007ff96aee0000 - 0x00007ff96afeb000 	C:\WINDOWS\system32\COMDLG32.dll
0x00007ff96a1e0000 - 0x00007ff96a266000 	C:\WINDOWS\system32\FirewallAPI.dll
0x00007ff96a270000 - 0x00007ff96a287000 	C:\WINDOWS\system32\NETAPI32.dll
0x00007ff96d4b0000 - 0x00007ff96d5f3000 	C:\WINDOWS\system32\ole32.dll
0x00007ff96b880000 - 0x00007ff96b941000 	C:\WINDOWS\system32\OLEAUT32.dll
0x00007ff9607d0000 - 0x00007ff9607dc000 	C:\WINDOWS\SYSTEM32\DAVHLPR.DLL
0x00007ff968a40000 - 0x00007ff968a72000 	C:\WINDOWS\SYSTEM32\fwbase.dll
0x00007ff96bcd0000 - 0x00007ff96be2a000 	C:\WINDOWS\system32\MSCTF.dll
0x00007ff9596e0000 - 0x00007ff959729000 	C:\Program Files (x86)\TeamViewer\tv_x64.dll
0x0000000180000000 - 0x0000000180110000 	C:\Windows\system32\rlls64.dll
0x00007ff955190000 - 0x00007ff9551fa000 	C:\Windows\system32\OLEACC.dll
0x00007ff965270000 - 0x00007ff965519000 	C:\Windows\system32\WININET.dll
0x00007ff9691b0000 - 0x00007ff9691e1000 	C:\WINDOWS\SYSTEM32\ntmarta.dll
0x00007ff969210000 - 0x00007ff96928a000 	C:\WINDOWS\SYSTEM32\Schannel.dll
0x00007ff969fa0000 - 0x00007ff96a168000 	C:\WINDOWS\system32\CRYPT32.dll
0x00007ff969d40000 - 0x00007ff969d50000 	C:\WINDOWS\system32\MSASN1.dll
0x00007ff969940000 - 0x00007ff96996d000 	C:\WINDOWS\SYSTEM32\SspiCli.dll
0x00007ff969590000 - 0x00007ff9695ec000 	C:\WINDOWS\system32\mswsock.dll
0x0000000071930000 - 0x0000000071954000 	C:\Program Files\Java\jdk1.8.0_72\jre\bin\sunec.dll
0x00007ff969640000 - 0x00007ff969657000 	C:\WINDOWS\SYSTEM32\CRYPTSP.dll
0x00007ff9692d0000 - 0x00007ff969304000 	C:\WINDOWS\system32\rsaenh.dll
0x00007ff969bf0000 - 0x00007ff969c19000 	C:\WINDOWS\SYSTEM32\bcrypt.dll
0x00007ff969420000 - 0x00007ff96943f000 	C:\WINDOWS\SYSTEM32\USERENV.dll
0x00007ff969760000 - 0x00007ff96976b000 	C:\WINDOWS\SYSTEM32\CRYPTBASE.dll
0x0000000072990000 - 0x00000000729aa000 	C:\Program Files\Java\jdk1.8.0_72\jre\bin\net.dll
0x00007ff966c90000 - 0x00007ff966cc8000 	C:\WINDOWS\SYSTEM32\IPHLPAPI.DLL
0x00007ff96aff0000 - 0x00007ff96aff8000 	C:\WINDOWS\system32\NSI.dll
0x00007ff9617a0000 - 0x00007ff9617b6000 	C:\WINDOWS\SYSTEM32\dhcpcsvc6.DLL
0x00007ff961780000 - 0x00007ff96179a000 	C:\WINDOWS\SYSTEM32\dhcpcsvc.DLL
0x0000000072970000 - 0x0000000072981000 	C:\Program Files\Java\jdk1.8.0_72\jre\bin\nio.dll
0x000000006ef30000 - 0x00000000714be000 	C:\Program Files\Java\jdk1.8.0_72\jre\bin\jfxwebkit.dll
0x0000000071650000 - 0x0000000071664000 	C:\Program Files\Java\jdk1.8.0_72\jre\bin\javafx_font.dll
0x00007ff963aa0000 - 0x00007ff963d00000 	C:\WINDOWS\SYSTEM32\dwrite.dll
0x00007ff95aa80000 - 0x00007ff95aa96000 	C:\WINDOWS\system32\napinsp.dll
0x00007ff95aaa0000 - 0x00007ff95aaba000 	C:\WINDOWS\system32\pnrpnsp.dll
0x00007ff967ce0000 - 0x00007ff967cf8000 	C:\WINDOWS\system32\NLAapi.dll
0x00007ff9686e0000 - 0x00007ff96878a000 	C:\WINDOWS\SYSTEM32\DNSAPI.dll
0x00007ff95ab00000 - 0x00007ff95ab0d000 	C:\WINDOWS\System32\winrnr.dll
0x0000000073550000 - 0x0000000073576000 	C:\Program Files\Bonjour\mdnsNSP.dll
0x00007ff9617d0000 - 0x00007ff961837000 	C:\WINDOWS\System32\fwpuclnt.dll
0x00007ff95ed50000 - 0x00007ff95ed5a000 	C:\Windows\System32\rasadhlp.dll
0x00007ff96b770000 - 0x00007ff96b817000 	C:\WINDOWS\system32\clbcatq.dll
0x00007ff965520000 - 0x00007ff9656d1000 	C:\WINDOWS\SYSTEM32\WindowsCodecs.dll
0x00007ff955140000 - 0x00007ff95518a000 	C:\WINDOWS\system32\dataexchange.dll
0x00007ff967490000 - 0x00007ff967738000 	C:\WINDOWS\system32\d3d11.dll
0x00007ff9673e0000 - 0x00007ff967482000 	C:\WINDOWS\system32\dxgi.dll
0x00007ff967eb0000 - 0x00007ff967f93000 	C:\WINDOWS\system32\dcomp.dll
0x00007ff9687c0000 - 0x00007ff9688c0000 	C:\WINDOWS\system32\twinapi.appcore.dll
0x00007ff9596a0000 - 0x00007ff9596d4000 	C:\Program Files\Common Files\Microsoft Shared\Ink\rtscom.dll
0x0000000071630000 - 0x0000000071641000 	C:\Program Files\Java\jdk1.8.0_72\jre\bin\prism_common.dll
0x0000000071600000 - 0x0000000071623000 	C:\Program Files\Java\jdk1.8.0_72\jre\bin\javafx_iio.dll
0x00007ff959060000 - 0x00007ff9591ec000 	C:\WINDOWS\SYSTEM32\dbghelp.dll

VM Arguments:
jvm_args: -Dfile.encoding=UTF-8 -Djava.net.preferIPv4Stack=true 
java_command: C:\Users\Aniket\Documents\NetBeansProjects\Velocity\dist\run326134510\Velocity.jar
java_class_path (initial): C:\Users\Aniket\Documents\NetBeansProjects\Velocity\dist\run326134510\Velocity.jar
Launcher Type: SUN_STANDARD

Environment Variables:
JAVA_HOME=C:\Program Files\Java\jdk1.8.0_72
_JAVA_OPTIONS=-Djava.net.preferIPv4Stack=true
PATH=C:\Python34\Lib\site-packages\PyQt5;C:\ProgramData\Oracle\Java\javapath;C:\Python27\Lib\site-packages\PyQt4;C:\Program Files (x86)\HP SimplePass\x64;C:\Program Files (x86)\HP SimplePass\;C:\Program Files (x86)\Intel\iCLS Client\;C:\Program Files\Intel\iCLS Client\;C:\WINDOWS\system32;C:\WINDOWS;C:\WINDOWS\System32\Wbem;C:\WINDOWS\System32\WindowsPowerShell\v1.0\;C:\Program Files (x86)\Windows Live\Shared;C:\Program Files\Intel\Intel(R) Management Engine Components\DAL;C:\Program Files\Intel\Intel(R) Management Engine Components\IPT;C:\Program Files (x86)\Intel\Intel(R) Management Engine Components\DAL;C:\Program Files (x86)\Intel\Intel(R) Management Engine Components\IPT;C:\Program Files (x86)\Intel\OpenCL SDK\2.0\bin\x86;C:\Program Files (x86)\Intel\OpenCL SDK\2.0\bin\x64;C:\Program Files (x86)\Pinnacle\Shared Files\;C:\Program Files (x86)\Pinnacle\Shared Files\Filter\;C:\Program Files\nodejs;C:\Program Files (x86)\Inno Setup 5;C:\Program Files (x86)\WiX Toolset v3.8\bin\;C:\Program Files (x86)\QuickTime\QTSystem\;C:\Program Files\Mercurial;C:\Users\Aniket\Downloads\gradle-2.3-bin\gradle-2.3\bin;C:\Program Files (x86)\GtkSharp\2.12\bin;C:\Program Files (x86)\Windows Kits\8.1\Windows Performance Toolkit\;C:\Program Files\Microsoft SQL Server\110\Tools\Binn\;C:\Program Files (x86)\Microsoft SDKs\TypeScript\1.0\;C:\Program Files\nodejs\;C:\Users\Aniket\Downloads\android-ndk-r10e;C:\Program Files (x86)\Skype\Phone\;C:\Users\Aniket\AppData\Roaming\npm;C:\GNUstep\bin;C:\GNUstep\GNUstep\System\Tools;C:\Users\Aniket\AppData\Local\Programs\Git\cmd
USERNAME=Aniket
OS=Windows_NT
PROCESSOR_IDENTIFIER=Intel64 Family 6 Model 42 Stepping 7, GenuineIntel



---------------  S Y S T E M  ---------------

OS: Windows 10.0 , 64 bit Build 10586 (10.0.10586.0)

CPU:total 4 (2 cores per cpu, 2 threads per core) family 6 model 42 stepping 7, cmov, cx8, fxsr, mmx, sse, sse2, sse3, ssse3, sse4.1, sse4.2, popcnt, avx, aes, clmul, ht, tsc, tscinvbit

Memory: 4k page, physical 8275228k(2705732k free), swap 9585948k(3114792k free)

vm_info: Java HotSpot(TM) 64-Bit Server VM (25.72-b15) for windows-amd64 JRE (1.8.0_72-b15), built on Dec 22 2015 19:16:16 by "java_re" with MS VC++ 10.0 (VS2010)

time: Thu May 19 10:07:21 2016
elapsed time: 36 seconds (0d 0h 0m 36s)

