#
# A fatal error has been detected by the Java Runtime Environment:
#
#  EXCEPTION_ACCESS_VIOLATION (0xc0000005) at pc=0x000000006f6e5642, pid=23832, tid=22636
#
# JRE version: Java(TM) SE Runtime Environment (8.0_72-b15) (build 1.8.0_72-b15)
# Java VM: Java HotSpot(TM) 64-Bit Server VM (25.72-b15 mixed mode windows-amd64 compressed oops)
# Problematic frame:
# C  [jfxwebkit.dll+0x7b5642]
#
# Failed to write core dump. Minidumps are not enabled by default on client versions of Windows
#
# If you would like to submit a bug report, please visit:
#   http://bugreport.java.com/bugreport/crash.jsp
# The crash happened outside the Java Virtual Machine in native code.
# See problematic frame for where to report the bug.
#

---------------  T H R E A D  ---------------

Current thread (0x0000000018ed0000):  JavaThread "JavaFX Application Thread" [_thread_in_native, id=22636, stack(0x0000000019ab0000,0x0000000019bb0000)]

siginfo: ExceptionCode=0xc0000005, reading address 0x0000000000000038

Registers:
RAX=0x0000000000000000, RBX=0x000000002a613fb0, RCX=0x0000000000000000, RDX=0x0000000000000000
RSP=0x0000000019bad950, RBP=0x0000000019bada19, RSI=0x0000000000000000, RDI=0x0000000028084c50
R8 =0x0000000000181d40, R9 =0x0000000000000000, R10=0x0000000000000000, R11=0x0000000000000064
R12=0x0000000000000000, R13=0x000000001d3a5040, R14=0x00000000264f2a90, R15=0x00000000264f2af0
RIP=0x000000006f6e5642, EFLAGS=0x0000000000010246

Top of Stack: (sp=0x0000000019bad950)
0x0000000019bad950:   000000002a613fb0 0000000019bada19
0x0000000019bad960:   0000000000000000 0000000000572630
0x0000000019bad970:   0000000019badb00 0000000027aecf80
0x0000000019bad980:   0000000027aecf80 000000006f3bc2c4
0x0000000019bad990:   00000000008ea93f 0000000000000000
0x0000000019bad9a0:   00000000264f2980 0000000019badaa8
0x0000000019bad9b0:   000000001d3a5040 0000000000000000
0x0000000019bad9c0:   0000000028084c50 0000000000000000
0x0000000019bad9d0:   0000000019badd70 00007ff94e246a57
0x0000000019bad9e0:   0000000000000002 0000000000000008
0x0000000019bad9f0:   0000009a44a24241 fffffffffffffffe
0x0000000019bada00:   0000000000000001 000000006faa59bc
0x0000000019bada10:   00000000264f2988 0000000000000000
0x0000000019bada20:   0000000000000000 0000000000000000
0x0000000019bada30:   00000000264f2988 000000006f6d1ac6
0x0000000019bada40:   01d1b1e0093d34e2 000000006f6d5cbf 

Instructions: (pc=0x000000006f6e5642)
0x000000006f6e5622:   87 a0 07 00 00 01 48 83 bf 70 01 00 00 00 74 0c
0x000000006f6e5632:   33 d2 48 8b cf e8 54 da ff ff eb 78 48 8b 47 10
0x000000006f6e5642:   48 8b 48 38 f6 81 f9 00 00 00 04 74 2b 48 8d 8f
0x000000006f6e5652:   80 03 00 00 e8 c5 f6 38 00 48 8d 15 d6 82 93 00 


Register to memory mapping:

RAX=0x0000000000000000 is an unknown value
RBX=0x000000002a613fb0 is an unknown value
RCX=0x0000000000000000 is an unknown value
RDX=0x0000000000000000 is an unknown value
RSP=0x0000000019bad950 is pointing into the stack for thread: 0x0000000018ed0000
RBP=0x0000000019bada19 is pointing into the stack for thread: 0x0000000018ed0000
RSI=0x0000000000000000 is an unknown value
RDI=0x0000000028084c50 is an unknown value
R8 =0x0000000000181d40 is an unknown value
R9 =0x0000000000000000 is an unknown value
R10=0x0000000000000000 is an unknown value
R11=0x0000000000000064 is an unknown value
R12=0x0000000000000000 is an unknown value
R13={method} {0x000000001d3a5048} 'twkDidReceiveResponse' '(ILjava/lang/String;Ljava/lang/String;JLjava/lang/String;Ljava/lang/String;J)V' in 'com/sun/webkit/network/URLLoader'
R14=0x00000000264f2a90 is an unknown value
R15=0x00000000264f2af0 is an unknown value


Stack: [0x0000000019ab0000,0x0000000019bb0000],  sp=0x0000000019bad950,  free space=1014k
Native frames: (J=compiled Java code, j=interpreted, Vv=VM code, C=native code)
C  [jfxwebkit.dll+0x7b5642]
C  [jfxwebkit.dll+0x7a567f]
C  [jfxwebkit.dll+0x7ddc9d]
C  [jfxwebkit.dll+0x7d8cd6]
C  [jfxwebkit.dll+0x8bf2bf]
C  [jfxwebkit.dll+0x8c07ef]
C  0x0000000002455e34

Java frames: (J=compiled Java code, j=interpreted, Vv=VM code)
j  com.sun.webkit.network.URLLoader.twkDidReceiveResponse(ILjava/lang/String;Ljava/lang/String;JLjava/lang/String;Ljava/lang/String;J)V+0
j  com.sun.webkit.network.URLLoader.notifyDidReceiveResponse(ILjava/lang/String;Ljava/lang/String;JLjava/lang/String;Ljava/lang/String;)V+91
j  com.sun.webkit.network.URLLoader.lambda$didReceiveResponse$94(ILjava/lang/String;Ljava/lang/String;JLjava/lang/String;Ljava/lang/String;)V+17
j  com.sun.webkit.network.URLLoader$$Lambda$293.run()V+28
J 4025 C1 com.sun.javafx.application.PlatformImpl$$Lambda$50.run()Ljava/lang/Object; (8 bytes) @ 0x0000000002f2908c [0x0000000002f28f40+0x14c]
v  ~StubRoutines::call_stub
J 2431  java.security.AccessController.doPrivileged(Ljava/security/PrivilegedAction;Ljava/security/AccessControlContext;)Ljava/lang/Object; (0 bytes) @ 0x0000000002550ee6 [0x0000000002550e80+0x66]
J 3702 C1 com.sun.javafx.application.PlatformImpl.lambda$runLater$174(Ljava/lang/Runnable;Ljava/security/AccessControlContext;)V (38 bytes) @ 0x0000000002e56994 [0x0000000002e56580+0x414]
J 3701 C1 com.sun.javafx.application.PlatformImpl$$Lambda$49.run()V (12 bytes) @ 0x0000000002e56204 [0x0000000002e56180+0x84]
J 3430 C1 com.sun.glass.ui.InvokeLaterDispatcher$Future.run()V (91 bytes) @ 0x0000000002db628c [0x0000000002db6180+0x10c]
v  ~StubRoutines::call_stub
j  com.sun.glass.ui.win.WinApplication._runLoop(Ljava/lang/Runnable;)V+0
j  com.sun.glass.ui.win.WinApplication.lambda$null$148(ILjava/lang/Runnable;)V+8
j  com.sun.glass.ui.win.WinApplication$$Lambda$38.run()V+12
j  java.lang.Thread.run()V+11
v  ~StubRoutines::call_stub

---------------  P R O C E S S  ---------------

Java Threads: ( => current thread )
  0x000000001f530800 JavaThread "URL-Loader-20" daemon [_thread_blocked, id=7344, stack(0x0000000029380000,0x0000000029480000)]
  0x000000001f536000 JavaThread "URL-Loader-19" daemon [_thread_blocked, id=1260, stack(0x0000000029180000,0x0000000029280000)]
  0x000000001f537800 JavaThread "URL-Loader-18" daemon [_thread_blocked, id=23504, stack(0x0000000029080000,0x0000000029180000)]
  0x000000001f52e800 JavaThread "URL-Loader-17" daemon [_thread_blocked, id=21308, stack(0x0000000028f80000,0x0000000029080000)]
  0x000000001f52f000 JavaThread "URL-Loader-16" daemon [_thread_blocked, id=23364, stack(0x0000000028b80000,0x0000000028c80000)]
  0x000000001f535000 JavaThread "URL-Loader-15" daemon [_thread_blocked, id=23844, stack(0x00000000289a0000,0x0000000028aa0000)]
  0x000000001f534800 JavaThread "URL-Loader-14" daemon [_thread_blocked, id=22600, stack(0x0000000028870000,0x0000000028970000)]
  0x000000001f52c000 JavaThread "URL-Loader-13" daemon [_thread_blocked, id=18820, stack(0x00000000273b0000,0x00000000274b0000)]
  0x000000001f532000 JavaThread "URL-Loader-12" daemon [_thread_blocked, id=22628, stack(0x0000000026fb0000,0x00000000270b0000)]
  0x000000001f531800 JavaThread "URL-Loader-11" daemon [_thread_blocked, id=22284, stack(0x0000000026db0000,0x0000000026eb0000)]
  0x000000001f52c800 JavaThread "URL-Loader-10" daemon [_thread_blocked, id=14512, stack(0x0000000026cb0000,0x0000000026db0000)]
  0x000000001f529800 JavaThread "Thread-14" daemon [_thread_in_native, id=23608, stack(0x0000000026a20000,0x0000000026b20000)]
  0x000000001f530000 JavaThread "URL-Loader-9" daemon [_thread_blocked, id=14412, stack(0x0000000025ae0000,0x0000000025be0000)]
  0x000000001f17a800 JavaThread "URL-Loader-8" daemon [_thread_blocked, id=22692, stack(0x00000000254c0000,0x00000000255c0000)]
  0x000000001f178800 JavaThread "URL-Loader-7" daemon [_thread_blocked, id=22720, stack(0x0000000025300000,0x0000000025400000)]
  0x000000001f177800 JavaThread "URL-Loader-6" daemon [_thread_blocked, id=20164, stack(0x00000000251c0000,0x00000000252c0000)]
  0x000000001f179000 JavaThread "URL-Loader-5" daemon [_thread_blocked, id=17068, stack(0x00000000250c0000,0x00000000251c0000)]
  0x000000001f17b800 JavaThread "URL-Loader-4" daemon [_thread_blocked, id=24240, stack(0x00000000242b0000,0x00000000243b0000)]
  0x000000001f176000 JavaThread "URL-Loader-3" daemon [_thread_blocked, id=6188, stack(0x00000000241b0000,0x00000000242b0000)]
  0x000000001f177000 JavaThread "Keep-Alive-Timer" daemon [_thread_blocked, id=23520, stack(0x00000000240b0000,0x00000000241b0000)]
  0x000000001f21e800 JavaThread "URL-Loader-2" daemon [_thread_blocked, id=6488, stack(0x0000000023f90000,0x0000000024090000)]
  0x000000001f33a000 JavaThread "Watchdog-Timer-1" daemon [_thread_blocked, id=23888, stack(0x00000000219b0000,0x0000000021ab0000)]
  0x000000001959a800 JavaThread "Prism Font Disposer" daemon [_thread_blocked, id=22244, stack(0x000000001ef40000,0x000000001f040000)]
  0x000000001936a800 JavaThread "URL-Loader-1" daemon [_thread_blocked, id=20792, stack(0x000000001d830000,0x000000001d930000)]
  0x00000000191f0000 JavaThread "Disposer" daemon [_thread_blocked, id=13540, stack(0x000000001ce30000,0x000000001cf30000)]
  0x000000001905e800 JavaThread "JavaFX-Launcher" [_thread_blocked, id=16784, stack(0x000000001c530000,0x000000001c630000)]
  0x0000000018f73000 JavaThread "Thread-2" daemon [_thread_in_native, id=23524, stack(0x000000001c130000,0x000000001c230000)]
=>0x0000000018ed0000 JavaThread "JavaFX Application Thread" [_thread_in_native, id=22636, stack(0x0000000019ab0000,0x0000000019bb0000)]
  0x0000000018ecd800 JavaThread "Thread-1" daemon [_thread_blocked, id=16460, stack(0x00000000199b0000,0x0000000019ab0000)]
  0x0000000018c7f000 JavaThread "QuantumRenderer-0" daemon [_thread_blocked, id=2740, stack(0x00000000196c0000,0x00000000197c0000)]
  0x0000000016fde000 JavaThread "Service Thread" daemon [_thread_blocked, id=22188, stack(0x0000000018cc0000,0x0000000018dc0000)]
  0x0000000016f8b000 JavaThread "C1 CompilerThread2" daemon [_thread_blocked, id=8140, stack(0x00000000187c0000,0x00000000188c0000)]
  0x0000000016f82000 JavaThread "C2 CompilerThread1" daemon [_thread_blocked, id=18476, stack(0x00000000186c0000,0x00000000187c0000)]
  0x0000000016f7f000 JavaThread "C2 CompilerThread0" daemon [_thread_blocked, id=24276, stack(0x00000000185c0000,0x00000000186c0000)]
  0x0000000016f7d000 JavaThread "Attach Listener" daemon [_thread_blocked, id=16252, stack(0x00000000184c0000,0x00000000185c0000)]
  0x000000000243e800 JavaThread "Signal Dispatcher" daemon [_thread_blocked, id=21716, stack(0x00000000183c0000,0x00000000184c0000)]
  0x0000000016f6a800 JavaThread "Finalizer" daemon [_thread_blocked, id=24332, stack(0x00000000181e0000,0x00000000182e0000)]
  0x0000000002431000 JavaThread "Reference Handler" daemon [_thread_blocked, id=12652, stack(0x00000000180e0000,0x00000000181e0000)]
  0x0000000002342800 JavaThread "main" [_thread_blocked, id=23632, stack(0x0000000002240000,0x0000000002340000)]

Other Threads:
  0x0000000016f48000 VMThread [stack: 0x0000000017fe0000,0x00000000180e0000] [id=23192]
  0x00000000188fc000 WatcherThread [stack: 0x0000000018dc0000,0x0000000018ec0000] [id=18532]

VM state:not at safepoint (normal execution)

VM Mutex/Monitor currently owned by a thread: None

Heap:
 PSYoungGen      total 48640K, used 26470K [0x00000000d5e00000, 0x00000000dac00000, 0x0000000100000000)
  eden space 43520K, 49% used [0x00000000d5e00000,0x00000000d72d9c70,0x00000000d8880000)
  from space 5120K, 99% used [0x00000000d8880000,0x00000000d8d7fba8,0x00000000d8d80000)
  to   space 13312K, 0% used [0x00000000d9f00000,0x00000000d9f00000,0x00000000dac00000)
 ParOldGen       total 68608K, used 21151K [0x0000000081a00000, 0x0000000085d00000, 0x00000000d5e00000)
  object space 68608K, 30% used [0x0000000081a00000,0x0000000082ea7c10,0x0000000085d00000)
 Metaspace       used 25298K, capacity 26796K, committed 27136K, reserved 1073152K
  class space    used 3449K, capacity 3739K, committed 3840K, reserved 1048576K

Card table byte_map: [0x0000000011800000,0x0000000011c00000] byte_map_base: 0x00000000113f3000

Marking Bits: (ParMarkBitMap*) 0x0000000072240600
 Begin Bits: [0x00000000122b0000, 0x0000000014248000)
 End Bits:   [0x0000000014248000, 0x00000000161e0000)

Polling page: 0x00000000004f0000

CodeCache: size=245760Kb used=12811Kb max_used=12825Kb free=232948Kb
 bounds [0x0000000002440000, 0x00000000030e0000, 0x0000000011440000]
 total_blobs=4941 nmethods=4121 adapters=731
 compilation: enabled

Compilation events (10 events):
Event: 23.684 Thread 0x0000000016f8b000 4595       3       javafx.scene.Node::lambda$buildEventDispatchChain$17 (25 bytes)
Event: 23.685 Thread 0x0000000016f8b000 nmethod 4595 0x00000000026c1390 code [0x00000000026c1520, 0x00000000026c1958]
Event: 23.688 Thread 0x0000000016f8b000 4596       3       com.sun.javafx.geom.transform.TransformHelper::general3dBoundsTransform (937 bytes)
Event: 23.698 Thread 0x0000000016f8b000 nmethod 4596 0x00000000030d6650 code [0x00000000030d6960, 0x00000000030d8fc8]
Event: 23.717 Thread 0x0000000016f7f000 4598       4       com.sun.javafx.geom.transform.Identity::transform (17 bytes)
Event: 23.717 Thread 0x0000000016f8b000 4597       3       com.sun.javafx.sg.prism.NGNode::needsBlending (22 bytes)
Event: 23.718 Thread 0x0000000016f8b000 nmethod 4597 0x00000000030d2f90 code [0x00000000030d3100, 0x00000000030d3390]
Event: 23.719 Thread 0x0000000016f7f000 nmethod 4598 0x0000000002ff0b90 code [0x0000000002ff0cc0, 0x0000000002ff0d58]
Event: 23.781 Thread 0x0000000016f8b000 4599       3       sun.net.www.http.HttpClient::isKeepingAlive (20 bytes)
Event: 23.781 Thread 0x0000000016f8b000 nmethod 4599 0x00000000028fb450 code [0x00000000028fb5c0, 0x00000000028fb890]

GC Heap History (10 events):
Event: 4.114 GC heap before
{Heap before GC invocations=2 (full 0):
 PSYoungGen      total 38400K, used 24590K [0x00000000d5e00000, 0x00000000d8880000, 0x0000000100000000)
  eden space 33280K, 58% used [0x00000000d5e00000,0x00000000d7104e98,0x00000000d7e80000)
  from space 5120K, 99% used [0x00000000d7e80000,0x00000000d837ea40,0x00000000d8380000)
  to   space 5120K, 0% used [0x00000000d8380000,0x00000000d8380000,0x00000000d8880000)
 ParOldGen       total 87552K, used 306K [0x0000000081a00000, 0x0000000086f80000, 0x00000000d5e00000)
  object space 87552K, 0% used [0x0000000081a00000,0x0000000081a4c918,0x0000000086f80000)
 Metaspace       used 20194K, capacity 21230K, committed 21248K, reserved 1067008K
  class space    used 2830K, capacity 3072K, committed 3072K, reserved 1048576K
Event: 4.125 GC heap after
Heap after GC invocations=2 (full 0):
 PSYoungGen      total 38400K, used 5106K [0x00000000d5e00000, 0x00000000d8880000, 0x0000000100000000)
  eden space 33280K, 0% used [0x00000000d5e00000,0x00000000d5e00000,0x00000000d7e80000)
  from space 5120K, 99% used [0x00000000d8380000,0x00000000d887cb88,0x00000000d8880000)
  to   space 5120K, 0% used [0x00000000d7e80000,0x00000000d7e80000,0x00000000d8380000)
 ParOldGen       total 87552K, used 3184K [0x0000000081a00000, 0x0000000086f80000, 0x00000000d5e00000)
  object space 87552K, 3% used [0x0000000081a00000,0x0000000081d1c3c0,0x0000000086f80000)
 Metaspace       used 20194K, capacity 21230K, committed 21248K, reserved 1067008K
  class space    used 2830K, capacity 3072K, committed 3072K, reserved 1048576K
}
Event: 4.125 GC heap before
{Heap before GC invocations=3 (full 1):
 PSYoungGen      total 38400K, used 5106K [0x00000000d5e00000, 0x00000000d8880000, 0x0000000100000000)
  eden space 33280K, 0% used [0x00000000d5e00000,0x00000000d5e00000,0x00000000d7e80000)
  from space 5120K, 99% used [0x00000000d8380000,0x00000000d887cb88,0x00000000d8880000)
  to   space 5120K, 0% used [0x00000000d7e80000,0x00000000d7e80000,0x00000000d8380000)
 ParOldGen       total 87552K, used 3184K [0x0000000081a00000, 0x0000000086f80000, 0x00000000d5e00000)
  object space 87552K, 3% used [0x0000000081a00000,0x0000000081d1c3c0,0x0000000086f80000)
 Metaspace       used 20194K, capacity 21230K, committed 21248K, reserved 1067008K
  class space    used 2830K, capacity 3072K, committed 3072K, reserved 1048576K
Event: 4.176 GC heap after
Heap after GC invocations=3 (full 1):
 PSYoungGen      total 38400K, used 0K [0x00000000d5e00000, 0x00000000d8880000, 0x0000000100000000)
  eden space 33280K, 0% used [0x00000000d5e00000,0x00000000d5e00000,0x00000000d7e80000)
  from space 5120K, 0% used [0x00000000d8380000,0x00000000d8380000,0x00000000d8880000)
  to   space 5120K, 0% used [0x00000000d7e80000,0x00000000d7e80000,0x00000000d8380000)
 ParOldGen       total 68608K, used 7819K [0x0000000081a00000, 0x0000000085d00000, 0x00000000d5e00000)
  object space 68608K, 11% used [0x0000000081a00000,0x00000000821a2ed0,0x0000000085d00000)
 Metaspace       used 20194K, capacity 21230K, committed 21248K, reserved 1067008K
  class space    used 2830K, capacity 3072K, committed 3072K, reserved 1048576K
}
Event: 7.988 GC heap before
{Heap before GC invocations=4 (full 1):
 PSYoungGen      total 38400K, used 33280K [0x00000000d5e00000, 0x00000000d8880000, 0x0000000100000000)
  eden space 33280K, 100% used [0x00000000d5e00000,0x00000000d7e80000,0x00000000d7e80000)
  from space 5120K, 0% used [0x00000000d8380000,0x00000000d8380000,0x00000000d8880000)
  to   space 5120K, 0% used [0x00000000d7e80000,0x00000000d7e80000,0x00000000d8380000)
 ParOldGen       total 68608K, used 7819K [0x0000000081a00000, 0x0000000085d00000, 0x00000000d5e00000)
  object space 68608K, 11% used [0x0000000081a00000,0x00000000821a2ed0,0x0000000085d00000)
 Metaspace       used 24000K, capacity 25400K, committed 25728K, reserved 1071104K
  class space    used 3359K, capacity 3633K, committed 3712K, reserved 1048576K
Event: 8.009 GC heap after
Heap after GC invocations=4 (full 1):
 PSYoungGen      total 38400K, used 5113K [0x00000000d5e00000, 0x00000000d9280000, 0x0000000100000000)
  eden space 33280K, 0% used [0x00000000d5e00000,0x00000000d5e00000,0x00000000d7e80000)
  from space 5120K, 99% used [0x00000000d7e80000,0x00000000d837e438,0x00000000d8380000)
  to   space 5120K, 0% used [0x00000000d8d80000,0x00000000d8d80000,0x00000000d9280000)
 ParOldGen       total 68608K, used 10242K [0x0000000081a00000, 0x0000000085d00000, 0x00000000d5e00000)
  object space 68608K, 14% used [0x0000000081a00000,0x0000000082400be0,0x0000000085d00000)
 Metaspace       used 24000K, capacity 25400K, committed 25728K, reserved 1071104K
  class space    used 3359K, capacity 3633K, committed 3712K, reserved 1048576K
}
Event: 14.830 GC heap before
{Heap before GC invocations=5 (full 1):
 PSYoungGen      total 38400K, used 38393K [0x00000000d5e00000, 0x00000000d9280000, 0x0000000100000000)
  eden space 33280K, 100% used [0x00000000d5e00000,0x00000000d7e80000,0x00000000d7e80000)
  from space 5120K, 99% used [0x00000000d7e80000,0x00000000d837e438,0x00000000d8380000)
  to   space 5120K, 0% used [0x00000000d8d80000,0x00000000d8d80000,0x00000000d9280000)
 ParOldGen       total 68608K, used 10242K [0x0000000081a00000, 0x0000000085d00000, 0x00000000d5e00000)
  object space 68608K, 14% used [0x0000000081a00000,0x0000000082400be0,0x0000000085d00000)
 Metaspace       used 24351K, capacity 25744K, committed 25984K, reserved 1071104K
  class space    used 3369K, capacity 3635K, committed 3712K, reserved 1048576K
Event: 14.842 GC heap after
Heap after GC invocations=5 (full 1):
 PSYoungGen      total 47104K, used 5114K [0x00000000d5e00000, 0x00000000d9280000, 0x0000000100000000)
  eden space 41984K, 0% used [0x00000000d5e00000,0x00000000d5e00000,0x00000000d8700000)
  from space 5120K, 99% used [0x00000000d8d80000,0x00000000d927ea78,0x00000000d9280000)
  to   space 5120K, 0% used [0x00000000d8880000,0x00000000d8880000,0x00000000d8d80000)
 ParOldGen       total 68608K, used 12663K [0x0000000081a00000, 0x0000000085d00000, 0x00000000d5e00000)
  object space 68608K, 18% used [0x0000000081a00000,0x000000008265dfa0,0x0000000085d00000)
 Metaspace       used 24351K, capacity 25744K, committed 25984K, reserved 1071104K
  class space    used 3369K, capacity 3635K, committed 3712K, reserved 1048576K
}
Event: 17.961 GC heap before
{Heap before GC invocations=6 (full 1):
 PSYoungGen      total 47104K, used 47098K [0x00000000d5e00000, 0x00000000d9280000, 0x0000000100000000)
  eden space 41984K, 100% used [0x00000000d5e00000,0x00000000d8700000,0x00000000d8700000)
  from space 5120K, 99% used [0x00000000d8d80000,0x00000000d927ea78,0x00000000d9280000)
  to   space 5120K, 0% used [0x00000000d8880000,0x00000000d8880000,0x00000000d8d80000)
 ParOldGen       total 68608K, used 12668K [0x0000000081a00000, 0x0000000085d00000, 0x00000000d5e00000)
  object space 68608K, 18% used [0x0000000081a00000,0x000000008265f390,0x0000000085d00000)
 Metaspace       used 24709K, capacity 26090K, committed 26240K, reserved 1071104K
  class space    used 3376K, capacity 3640K, committed 3712K, reserved 1048576K
Event: 17.975 GC heap after
Heap after GC invocations=6 (full 1):
 PSYoungGen      total 48640K, used 5118K [0x00000000d5e00000, 0x00000000dac00000, 0x0000000100000000)
  eden space 43520K, 0% used [0x00000000d5e00000,0x00000000d5e00000,0x00000000d8880000)
  from space 5120K, 99% used [0x00000000d8880000,0x00000000d8d7fba8,0x00000000d8d80000)
  to   space 13312K, 0% used [0x00000000d9f00000,0x00000000d9f00000,0x00000000dac00000)
 ParOldGen       total 68608K, used 21151K [0x0000000081a00000, 0x0000000085d00000, 0x00000000d5e00000)
  object space 68608K, 30% used [0x0000000081a00000,0x0000000082ea7c10,0x0000000085d00000)
 Metaspace       used 24709K, capacity 26090K, committed 26240K, reserved 1071104K
  class space    used 3376K, capacity 3640K, committed 3712K, reserved 1048576K
}

Deoptimization events (10 events):
Event: 18.901 Thread 0x0000000018ed0000 Uncommon trap: reason=unstable_if action=reinterpret pc=0x0000000002643f40 method=java.util.ArrayList.indexOf(Ljava/lang/Object;)I @ 1
Event: 18.915 Thread 0x0000000018ed0000 Uncommon trap: reason=unstable_if action=reinterpret pc=0x0000000002b8c8ac method=javafx.scene.CssStyleHelper.resolveRef(Ljavafx/css/Styleable;Ljava/lang/String;Lcom/sun/javafx/css/StyleMap;Ljava/util/Set;)Lcom/sun/javafx/css/CascadingStyle; @ 66
Event: 18.949 Thread 0x0000000018ed0000 Uncommon trap: reason=bimorphic action=maybe_recompile pc=0x0000000002b5fd64 method=java.util.WeakHashMap.eq(Ljava/lang/Object;Ljava/lang/Object;)Z @ 7
Event: 18.950 Thread 0x0000000018ed0000 Uncommon trap: reason=unstable_if action=reinterpret pc=0x0000000002fb0418 method=com.sun.javafx.css.StyleManager$CacheContainer.getStyleMap(I)Lcom/sun/javafx/css/StyleMap; @ 9
Event: 18.951 Thread 0x0000000018ed0000 Uncommon trap: reason=unstable_if action=reinterpret pc=0x0000000002a62f38 method=com.sun.javafx.css.StyleManager$CacheContainer.getStyleMap(I)Lcom/sun/javafx/css/StyleMap; @ 9
Event: 18.961 Thread 0x0000000018ed0000 Uncommon trap: reason=unstable_if action=reinterpret pc=0x0000000002efece8 method=java.util.ArrayList.remove(Ljava/lang/Object;)Z @ 46
Event: 18.980 Thread 0x0000000018ed0000 Uncommon trap: reason=bimorphic action=maybe_recompile pc=0x0000000002b5fd64 method=java.util.WeakHashMap.eq(Ljava/lang/Object;Ljava/lang/Object;)Z @ 7
Event: 20.004 Thread 0x000000001f535000 Uncommon trap: reason=bimorphic action=maybe_recompile pc=0x0000000002c9b6bc method=java.io.SequenceInputStream.read()I @ 11
Event: 20.004 Thread 0x000000001f535000 Uncommon trap: reason=bimorphic action=maybe_recompile pc=0x0000000002981d90 method=java.io.FilterInputStream.read()I @ 4
Event: 22.907 Thread 0x0000000018c7f000 Uncommon trap: reason=unstable_if action=reinterpret pc=0x0000000002db72e4 method=com.sun.javafx.geom.transform.Translate2D.transform([FI[FII)V @ 61

Internal exceptions (10 events):
Event: 15.904 Thread 0x0000000018ed0000 Exception <a 'java/io/FileNotFoundException'> (0x00000000d67af828) thrown at [C:\re\workspace\8-2-build-windows-amd64-cygwin\jdk8u72\5732\hotspot\src\share\vm\prims\jni.cpp, line 709]
Event: 15.904 Thread 0x0000000018ed0000 Exception <a 'java/io/FileNotFoundException'> (0x00000000d67b0b50) thrown at [C:\re\workspace\8-2-build-windows-amd64-cygwin\jdk8u72\5732\hotspot\src\share\vm\prims\jni.cpp, line 709]
Event: 15.904 Thread 0x0000000018ed0000 Exception <a 'java/io/FileNotFoundException'> (0x00000000d67b1dc8) thrown at [C:\re\workspace\8-2-build-windows-amd64-cygwin\jdk8u72\5732\hotspot\src\share\vm\prims\jni.cpp, line 709]
Event: 16.190 Thread 0x000000001f529800 Exception <a 'sun/nio/fs/WindowsException'> (0x00000000d6a1f9f8) thrown at [C:\re\workspace\8-2-build-windows-amd64-cygwin\jdk8u72\5732\hotspot\src\share\vm\prims\jni.cpp, line 709]
Event: 18.901 Thread 0x0000000018ed0000 Implicit null exception at 0x00000000026439d6 to 0x0000000002643f31
Event: 20.123 Thread 0x000000001f529800 Exception <a 'sun/nio/fs/WindowsException'> (0x00000000d6dd2368) thrown at [C:\re\workspace\8-2-build-windows-amd64-cygwin\jdk8u72\5732\hotspot\src\share\vm\prims\jni.cpp, line 709]
Event: 23.655 Thread 0x0000000018ed0000 Exception <a 'sun/nio/fs/WindowsException'> (0x00000000d71e74f0) thrown at [C:\re\workspace\8-2-build-windows-amd64-cygwin\jdk8u72\5732\hotspot\src\share\vm\prims\jni.cpp, line 709]
Event: 23.660 Thread 0x0000000018ed0000 Exception <a 'sun/nio/fs/WindowsException'> (0x00000000d71e8ef0) thrown at [C:\re\workspace\8-2-build-windows-amd64-cygwin\jdk8u72\5732\hotspot\src\share\vm\prims\jni.cpp, line 709]
Event: 23.668 Thread 0x0000000018ed0000 Exception <a 'java/lang/ClassNotFoundException': sun/net/www/protocol/about/Handler> (0x00000000d71ec020) thrown at [C:\re\workspace\8-2-build-windows-amd64-cygwin\jdk8u72\5732\hotspot\src\share\vm\classfile\systemDictionary.cpp, line 210]
Event: 23.669 Thread 0x0000000018ed0000 Exception <a 'java/lang/ClassNotFoundException': sun/net/www/protocol/about/Handler> (0x00000000d71ee540) thrown at [C:\re\workspace\8-2-build-windows-amd64-cygwin\jdk8u72\5732\hotspot\src\share\vm\classfile\systemDictionary.cpp, line 210]

Events (10 events):
Event: 23.669 loading class sun/net/www/protocol/about/Handler
Event: 23.669 loading class sun/net/www/protocol/about/Handler done
Event: 23.673 Executing VM operation: RevokeBias
Event: 23.674 Executing VM operation: RevokeBias done
Event: 23.684 Thread 0x0000000016f8b000 flushing nmethod 0x00000000026bde10
Event: 23.698 Thread 0x0000000016f8b000 flushing nmethod 0x00000000027d4410
Event: 23.718 Thread 0x0000000016f8b000 flushing nmethod 0x0000000002882950
Event: 23.719 Thread 0x0000000016f8b000 flushing nmethod 0x00000000028faa90
Event: 23.782 Thread 0x0000000016f8b000 flushing nmethod 0x00000000029d5b10
Event: 23.782 Thread 0x0000000016f8b000 flushing nmethod 0x0000000002a140d0


Dynamic libraries:
0x00007ff75ced0000 - 0x00007ff75cf07000 	C:\Program Files\Java\jdk1.8.0_72\jre\bin\java.exe
0x00007ff96d6a0000 - 0x00007ff96d861000 	C:\WINDOWS\SYSTEM32\ntdll.dll
0x00007ff96d400000 - 0x00007ff96d4ad000 	C:\WINDOWS\system32\KERNEL32.DLL
0x00007ff969d50000 - 0x00007ff969f38000 	C:\WINDOWS\system32\KERNELBASE.dll
0x00007ff96bbe0000 - 0x00007ff96bc87000 	C:\WINDOWS\system32\ADVAPI32.dll
0x00007ff96d600000 - 0x00007ff96d69d000 	C:\WINDOWS\system32\msvcrt.dll
0x00007ff96bb60000 - 0x00007ff96bbbb000 	C:\WINDOWS\system32\sechost.dll
0x00007ff96b9b0000 - 0x00007ff96bacc000 	C:\WINDOWS\system32\RPCRT4.dll
0x00007ff96ad80000 - 0x00007ff96aed6000 	C:\WINDOWS\system32\USER32.dll
0x00007ff96b000000 - 0x00007ff96b186000 	C:\WINDOWS\system32\GDI32.dll
0x00007ff95f450000 - 0x00007ff95f6c4000 	C:\WINDOWS\WinSxS\amd64_microsoft.windows.common-controls_6595b64144ccf1df_6.0.10586.0_none_8c15ae12515e1c22\COMCTL32.dll
0x00007ff96ab00000 - 0x00007ff96ad7d000 	C:\WINDOWS\system32\combase.dll
0x00007ff96a170000 - 0x00007ff96a1da000 	C:\WINDOWS\system32\bcryptPrimitives.dll
0x00007ff96bc90000 - 0x00007ff96bccb000 	C:\WINDOWS\system32\IMM32.DLL
0x0000000072a50000 - 0x0000000072b22000 	C:\Program Files\Java\jdk1.8.0_72\jre\bin\msvcr100.dll
0x0000000071a30000 - 0x00000000722c0000 	C:\Program Files\Java\jdk1.8.0_72\jre\bin\server\jvm.dll
0x00007ff96bb50000 - 0x00007ff96bb58000 	C:\WINDOWS\system32\PSAPI.DLL
0x00007ff95c6b0000 - 0x00007ff95c6b9000 	C:\WINDOWS\SYSTEM32\WSOCK32.dll
0x00007ff96d390000 - 0x00007ff96d3fb000 	C:\WINDOWS\system32\WS2_32.dll
0x00007ff95e970000 - 0x00007ff95e97a000 	C:\WINDOWS\SYSTEM32\VERSION.dll
0x00007ff9683f0000 - 0x00007ff968413000 	C:\WINDOWS\SYSTEM32\WINMM.dll
0x00000000009b0000 - 0x00000000009dc000 	C:\WINDOWS\SYSTEM32\WINMMBASE.dll
0x00007ff96a340000 - 0x00007ff96a383000 	C:\WINDOWS\system32\cfgmgr32.dll
0x0000000072a00000 - 0x0000000072a0f000 	C:\Program Files\Java\jdk1.8.0_72\jre\bin\verify.dll
0x00000000729d0000 - 0x00000000729f9000 	C:\Program Files\Java\jdk1.8.0_72\jre\bin\java.dll
0x00000000729b0000 - 0x00000000729c6000 	C:\Program Files\Java\jdk1.8.0_72\jre\bin\zip.dll
0x00007ff96be30000 - 0x00007ff96d38c000 	C:\WINDOWS\system32\SHELL32.dll
0x00007ff96a450000 - 0x00007ff96aa94000 	C:\WINDOWS\system32\windows.storage.dll
0x00007ff96aaa0000 - 0x00007ff96aaf2000 	C:\WINDOWS\system32\shlwapi.dll
0x00007ff969ce0000 - 0x00007ff969cef000 	C:\WINDOWS\system32\kernel.appcore.dll
0x00007ff96a390000 - 0x00007ff96a445000 	C:\WINDOWS\system32\shcore.dll
0x00007ff969cf0000 - 0x00007ff969d3b000 	C:\WINDOWS\system32\powrprof.dll
0x00007ff969cc0000 - 0x00007ff969cd4000 	C:\WINDOWS\system32\profapi.dll
0x00007ff94e1e0000 - 0x00007ff94e2cf000 	C:\Program Files\Java\jdk1.8.0_72\jre\bin\msvcr120.dll
0x00007ff952b90000 - 0x00007ff952c36000 	C:\Program Files\Java\jdk1.8.0_72\jre\bin\msvcp120.dll
0x00000000716c0000 - 0x00000000716e3000 	C:\Program Files\Java\jdk1.8.0_72\jre\bin\prism_d3d.dll
0x00007ff944160000 - 0x00007ff944370000 	C:\WINDOWS\system32\d3d9.dll
0x00007ff967900000 - 0x00007ff967922000 	C:\WINDOWS\SYSTEM32\dwmapi.dll
0x00007ff968640000 - 0x00007ff9686d6000 	C:\WINDOWS\system32\uxtheme.dll
0x00007ff93f2e0000 - 0x00007ff93ff00000 	C:\WINDOWS\SYSTEM32\igdumd64.dll
0x0000000071670000 - 0x00000000716b3000 	C:\Program Files\Java\jdk1.8.0_72\jre\bin\glass.dll
0x00007ff96aee0000 - 0x00007ff96afeb000 	C:\WINDOWS\system32\COMDLG32.dll
0x00007ff96a1e0000 - 0x00007ff96a266000 	C:\WINDOWS\system32\FirewallAPI.dll
0x00007ff96a270000 - 0x00007ff96a287000 	C:\WINDOWS\system32\NETAPI32.dll
0x00007ff96d4b0000 - 0x00007ff96d5f3000 	C:\WINDOWS\system32\ole32.dll
0x00007ff96b880000 - 0x00007ff96b941000 	C:\WINDOWS\system32\OLEAUT32.dll
0x00007ff9607d0000 - 0x00007ff9607dc000 	C:\WINDOWS\SYSTEM32\DAVHLPR.DLL
0x00007ff968a40000 - 0x00007ff968a72000 	C:\WINDOWS\SYSTEM32\fwbase.dll
0x00007ff96bcd0000 - 0x00007ff96be2a000 	C:\WINDOWS\system32\MSCTF.dll
0x00007ff9596e0000 - 0x00007ff959729000 	C:\Program Files (x86)\TeamViewer\tv_x64.dll
0x0000000180000000 - 0x0000000180110000 	C:\Windows\system32\rlls64.dll
0x00007ff955190000 - 0x00007ff9551fa000 	C:\Windows\system32\OLEACC.dll
0x00007ff965270000 - 0x00007ff965519000 	C:\Windows\system32\WININET.dll
0x00007ff9691b0000 - 0x00007ff9691e1000 	C:\WINDOWS\SYSTEM32\ntmarta.dll
0x00007ff969210000 - 0x00007ff96928a000 	C:\WINDOWS\SYSTEM32\Schannel.dll
0x00007ff969fa0000 - 0x00007ff96a168000 	C:\WINDOWS\system32\CRYPT32.dll
0x00007ff969d40000 - 0x00007ff969d50000 	C:\WINDOWS\system32\MSASN1.dll
0x00007ff969940000 - 0x00007ff96996d000 	C:\WINDOWS\SYSTEM32\SspiCli.dll
0x00007ff969590000 - 0x00007ff9695ec000 	C:\WINDOWS\system32\mswsock.dll
0x0000000071930000 - 0x0000000071954000 	C:\Program Files\Java\jdk1.8.0_72\jre\bin\sunec.dll
0x00007ff969640000 - 0x00007ff969657000 	C:\WINDOWS\SYSTEM32\CRYPTSP.dll
0x00007ff9692d0000 - 0x00007ff969304000 	C:\WINDOWS\system32\rsaenh.dll
0x00007ff969bf0000 - 0x00007ff969c19000 	C:\WINDOWS\SYSTEM32\bcrypt.dll
0x00007ff969420000 - 0x00007ff96943f000 	C:\WINDOWS\SYSTEM32\USERENV.dll
0x00007ff969760000 - 0x00007ff96976b000 	C:\WINDOWS\SYSTEM32\CRYPTBASE.dll
0x0000000072990000 - 0x00000000729aa000 	C:\Program Files\Java\jdk1.8.0_72\jre\bin\net.dll
0x00007ff966c90000 - 0x00007ff966cc8000 	C:\WINDOWS\SYSTEM32\IPHLPAPI.DLL
0x00007ff96aff0000 - 0x00007ff96aff8000 	C:\WINDOWS\system32\NSI.dll
0x00007ff9617a0000 - 0x00007ff9617b6000 	C:\WINDOWS\SYSTEM32\dhcpcsvc6.DLL
0x00007ff961780000 - 0x00007ff96179a000 	C:\WINDOWS\SYSTEM32\dhcpcsvc.DLL
0x0000000072970000 - 0x0000000072981000 	C:\Program Files\Java\jdk1.8.0_72\jre\bin\nio.dll
0x000000006ef30000 - 0x00000000714be000 	C:\Program Files\Java\jdk1.8.0_72\jre\bin\jfxwebkit.dll
0x0000000071650000 - 0x0000000071664000 	C:\Program Files\Java\jdk1.8.0_72\jre\bin\javafx_font.dll
0x00007ff963aa0000 - 0x00007ff963d00000 	C:\WINDOWS\SYSTEM32\dwrite.dll
0x00007ff95aa80000 - 0x00007ff95aa96000 	C:\WINDOWS\system32\napinsp.dll
0x00007ff95aaa0000 - 0x00007ff95aaba000 	C:\WINDOWS\system32\pnrpnsp.dll
0x00007ff967ce0000 - 0x00007ff967cf8000 	C:\WINDOWS\system32\NLAapi.dll
0x00007ff9686e0000 - 0x00007ff96878a000 	C:\WINDOWS\SYSTEM32\DNSAPI.dll
0x00007ff95ab00000 - 0x00007ff95ab0d000 	C:\WINDOWS\System32\winrnr.dll
0x0000000073550000 - 0x0000000073576000 	C:\Program Files\Bonjour\mdnsNSP.dll
0x00007ff9617d0000 - 0x00007ff961837000 	C:\WINDOWS\System32\fwpuclnt.dll
0x00007ff95ed50000 - 0x00007ff95ed5a000 	C:\Windows\System32\rasadhlp.dll
0x00007ff96b770000 - 0x00007ff96b817000 	C:\WINDOWS\system32\clbcatq.dll
0x00007ff965520000 - 0x00007ff9656d1000 	C:\WINDOWS\SYSTEM32\WindowsCodecs.dll
0x00007ff955140000 - 0x00007ff95518a000 	C:\WINDOWS\system32\dataexchange.dll
0x00007ff967490000 - 0x00007ff967738000 	C:\WINDOWS\system32\d3d11.dll
0x00007ff967eb0000 - 0x00007ff967f93000 	C:\WINDOWS\system32\dcomp.dll
0x00007ff9673e0000 - 0x00007ff967482000 	C:\WINDOWS\system32\dxgi.dll
0x00007ff9687c0000 - 0x00007ff9688c0000 	C:\WINDOWS\system32\twinapi.appcore.dll
0x00007ff9596a0000 - 0x00007ff9596d4000 	C:\Program Files\Common Files\Microsoft Shared\Ink\rtscom.dll
0x0000000071630000 - 0x0000000071641000 	C:\Program Files\Java\jdk1.8.0_72\jre\bin\prism_common.dll
0x0000000071600000 - 0x0000000071623000 	C:\Program Files\Java\jdk1.8.0_72\jre\bin\javafx_iio.dll
0x00007ff959060000 - 0x00007ff9591ec000 	C:\WINDOWS\SYSTEM32\dbghelp.dll

VM Arguments:
jvm_args: -Dfile.encoding=UTF-8 -Djava.net.preferIPv4Stack=true 
java_command: C:\Users\Aniket\Documents\NetBeansProjects\Velocity\dist\run345901817\Velocity.jar
java_class_path (initial): C:\Users\Aniket\Documents\NetBeansProjects\Velocity\dist\run345901817\Velocity.jar
Launcher Type: SUN_STANDARD

Environment Variables:
JAVA_HOME=C:\Program Files\Java\jdk1.8.0_72
_JAVA_OPTIONS=-Djava.net.preferIPv4Stack=true
PATH=C:\Python34\Lib\site-packages\PyQt5;C:\ProgramData\Oracle\Java\javapath;C:\Python27\Lib\site-packages\PyQt4;C:\Program Files (x86)\HP SimplePass\x64;C:\Program Files (x86)\HP SimplePass\;C:\Program Files (x86)\Intel\iCLS Client\;C:\Program Files\Intel\iCLS Client\;C:\WINDOWS\system32;C:\WINDOWS;C:\WINDOWS\System32\Wbem;C:\WINDOWS\System32\WindowsPowerShell\v1.0\;C:\Program Files (x86)\Windows Live\Shared;C:\Program Files\Intel\Intel(R) Management Engine Components\DAL;C:\Program Files\Intel\Intel(R) Management Engine Components\IPT;C:\Program Files (x86)\Intel\Intel(R) Management Engine Components\DAL;C:\Program Files (x86)\Intel\Intel(R) Management Engine Components\IPT;C:\Program Files (x86)\Intel\OpenCL SDK\2.0\bin\x86;C:\Program Files (x86)\Intel\OpenCL SDK\2.0\bin\x64;C:\Program Files (x86)\Pinnacle\Shared Files\;C:\Program Files (x86)\Pinnacle\Shared Files\Filter\;C:\Program Files\nodejs;C:\Program Files (x86)\Inno Setup 5;C:\Program Files (x86)\WiX Toolset v3.8\bin\;C:\Program Files (x86)\QuickTime\QTSystem\;C:\Program Files\Mercurial;C:\Users\Aniket\Downloads\gradle-2.3-bin\gradle-2.3\bin;C:\Program Files (x86)\GtkSharp\2.12\bin;C:\Program Files (x86)\Windows Kits\8.1\Windows Performance Toolkit\;C:\Program Files\Microsoft SQL Server\110\Tools\Binn\;C:\Program Files (x86)\Microsoft SDKs\TypeScript\1.0\;C:\Program Files\nodejs\;C:\Users\Aniket\Downloads\android-ndk-r10e;C:\Program Files (x86)\Skype\Phone\;C:\Users\Aniket\AppData\Roaming\npm;C:\GNUstep\bin;C:\GNUstep\GNUstep\System\Tools;C:\Users\Aniket\AppData\Local\Programs\Git\cmd
USERNAME=Aniket
OS=Windows_NT
PROCESSOR_IDENTIFIER=Intel64 Family 6 Model 42 Stepping 7, GenuineIntel



---------------  S Y S T E M  ---------------

OS: Windows 10.0 , 64 bit Build 10586 (10.0.10586.0)

CPU:total 4 (2 cores per cpu, 2 threads per core) family 6 model 42 stepping 7, cmov, cx8, fxsr, mmx, sse, sse2, sse3, ssse3, sse4.1, sse4.2, popcnt, avx, aes, clmul, ht, tsc, tscinvbit

Memory: 4k page, physical 8275228k(2706916k free), swap 9585948k(3116952k free)

vm_info: Java HotSpot(TM) 64-Bit Server VM (25.72-b15) for windows-amd64 JRE (1.8.0_72-b15), built on Dec 22 2015 19:16:16 by "java_re" with MS VC++ 10.0 (VS2010)

time: Thu May 19 10:06:35 2016
elapsed time: 24 seconds (0d 0h 0m 24s)

