#
# A fatal error has been detected by the Java Runtime Environment:
#
#  EXCEPTION_ACCESS_VIOLATION (0xc0000005) at pc=0x0000000057d5f9a8, pid=1480, tid=0x0000000000004480
#
# JRE version: Java(TM) SE Runtime Environment (8.0_92-b14) (build 1.8.0_92-b14)
# Java VM: Java HotSpot(TM) 64-Bit Server VM (25.92-b14 mixed mode windows-amd64 compressed oops)
# Problematic frame:
# C  [jfxwebkit.dll+0x7af9a8]
#
# Failed to write core dump. Minidumps are not enabled by default on client versions of Windows
#
# If you would like to submit a bug report, please visit:
#   http://bugreport.java.com/bugreport/crash.jsp
# The crash happened outside the Java Virtual Machine in native code.
# See problematic frame for where to report the bug.
#

---------------  T H R E A D  ---------------

Current thread (0x0000000018bb8800):  JavaThread "JavaFX Application Thread" [_thread_in_native, id=17536, stack(0x0000000019270000,0x0000000019370000)]

siginfo: ExceptionCode=0xc0000005, reading address 0x0000000000000068

Registers:
RAX=0x0000000000000000, RBX=0x0000000027862530, RCX=0x0000000057d5f999, RDX=0x000000001936d6b0
RSP=0x000000001936d4f0, RBP=0x0000000000000001, RSI=0x0000000000000000, RDI=0x000000001936d6b0
R8 =0x0000000000000000, R9 =0x000000002811dc48, R10=0x0000000000000000, R11=0x0000000058738d02
R12=0x000000001936d7e0, R13=0x000000001d5c54e8, R14=0x000000002811dc48, R15=0x00000000575b0000
RIP=0x0000000057d5f9a8, EFLAGS=0x0000000000010246

Top of Stack: (sp=0x000000001936d4f0)
0x000000001936d4f0:   000000001936d6b0 000000001936d730
0x000000001936d500:   000000001936d7e0 0000000057e6cd58
0x000000001936d510:   fffffffffffffffe 0000000058738cf0
0x000000001936d520:   000000002674b2c0 000000002811d910
0x000000001936d530:   0000000027862530 0000000057d900eb
0x000000001936d540:   000000002811d910 000000002811d910
0x000000001936d550:   000000001936d6b0 0000000000000001
0x000000001936d560:   0000000000000000 000000002795bbf0
0x000000001936d570:   fffffffffffffffe 000000002674b2c0
0x000000001936d580:   000000052811d913 0000000800000008
0x000000001936d590:   0000001600000008 0000002700000016
0x000000001936d5a0:   0000002800000028 0000000000000028
0x000000001936d5b0:   0000000018bb8800 000000001936d7d8
0x000000001936d5c0:   0000000000000000 000000001936d7e0
0x000000001936d5d0:   000000001936d6b0 0000000057d8b611
0x000000001936d5e0:   000000002811d910 000000002811d910 

Instructions: (pc=0x0000000057d5f9a8)
0x0000000057d5f988:   8b d7 48 8b 48 68 e8 3d ca 04 00 84 c0 75 40 eb
0x0000000057d5f998:   50 40 84 f6 75 39 48 8b 43 38 45 33 c0 48 8b d7
0x0000000057d5f9a8:   48 8b 48 68 e8 1f bc 04 00 84 c0 75 22 eb 32 40
0x0000000057d5f9b8:   84 f6 75 1b 48 8b 43 38 45 33 c0 48 8b d7 48 8b 


Register to memory mapping:

RAX=0x0000000000000000 is an unknown value
RBX=0x0000000027862530 is an unknown value
RCX=0x0000000057d5f999 is an unknown value
RDX=0x000000001936d6b0 is pointing into the stack for thread: 0x0000000018bb8800
RSP=0x000000001936d4f0 is pointing into the stack for thread: 0x0000000018bb8800
RBP=0x0000000000000001 is an unknown value
RSI=0x0000000000000000 is an unknown value
RDI=0x000000001936d6b0 is pointing into the stack for thread: 0x0000000018bb8800
R8 =0x0000000000000000 is an unknown value
R9 =0x000000002811dc48 is an unknown value
R10=0x0000000000000000 is an unknown value
R11=0x0000000058738d02 is an unknown value
R12=0x000000001936d7e0 is pointing into the stack for thread: 0x0000000018bb8800
R13={method} {0x000000001d5c54f0} 'twkWillSendRequest' '(Ljava/lang/String;Ljava/lang/String;ILjava/lang/String;Ljava/lang/String;JLjava/lang/String;Ljava/lang/String;J)Z' in 'com/sun/webkit/network/URLLoader'
R14=0x000000002811dc48 is an unknown value
R15=0x00000000575b0000 is an unknown value


Stack: [0x0000000019270000,0x0000000019370000],  sp=0x000000001936d4f0,  free space=1013k
Native frames: (J=compiled Java code, j=interpreted, Vv=VM code, C=native code)
C  [jfxwebkit.dll+0x7af9a8]
C  [jfxwebkit.dll+0x7e00eb]
C  [jfxwebkit.dll+0x7db611]
C  [jfxwebkit.dll+0x8c2107]
C  [jfxwebkit.dll+0x8c264b]
C  0x00000000023b7f54

Java frames: (J=compiled Java code, j=interpreted, Vv=VM code)
j  com.sun.webkit.network.URLLoader.twkWillSendRequest(Ljava/lang/String;Ljava/lang/String;ILjava/lang/String;Ljava/lang/String;JLjava/lang/String;Ljava/lang/String;J)Z+0
j  com.sun.webkit.network.URLLoader.notifyWillSendRequest(Ljava/lang/String;Ljava/lang/String;ILjava/lang/String;Ljava/lang/String;JLjava/lang/String;Ljava/lang/String;)Z+107
j  com.sun.webkit.network.URLLoader.lambda$willSendRequest$95(Ljava/lang/String;Ljava/lang/String;ILjava/lang/String;Ljava/lang/String;JLjava/lang/String;Ljava/lang/String;Ljava/util/concurrent/CountDownLatch;)V+21
j  com.sun.webkit.network.URLLoader$$Lambda$464.run()V+40
j  com.sun.javafx.application.PlatformImpl.lambda$null$173(Ljava/lang/Runnable;)Ljava/lang/Void;+1
j  com.sun.javafx.application.PlatformImpl$$Lambda$50.run()Ljava/lang/Object;+4
v  ~StubRoutines::call_stub
J 2525  java.security.AccessController.doPrivileged(Ljava/security/PrivilegedAction;Ljava/security/AccessControlContext;)Ljava/lang/Object; (0 bytes) @ 0x0000000002b53fe6 [0x0000000002b53f80+0x66]
j  com.sun.javafx.application.PlatformImpl.lambda$runLater$174(Ljava/lang/Runnable;Ljava/security/AccessControlContext;)V+7
j  com.sun.javafx.application.PlatformImpl$$Lambda$49.run()V+8
J 3211 C1 com.sun.glass.ui.InvokeLaterDispatcher$Future.run()V (91 bytes) @ 0x00000000027b92cc [0x00000000027b91c0+0x10c]
v  ~StubRoutines::call_stub
j  com.sun.glass.ui.win.WinApplication._runLoop(Ljava/lang/Runnable;)V+0
j  com.sun.glass.ui.win.WinApplication.lambda$null$148(ILjava/lang/Runnable;)V+8
j  com.sun.glass.ui.win.WinApplication$$Lambda$38.run()V+12
j  java.lang.Thread.run()V+11
v  ~StubRoutines::call_stub

---------------  P R O C E S S  ---------------

Java Threads: ( => current thread )
  0x000000001d86b800 JavaThread "URL-Loader-30" daemon [_thread_blocked, id=19108, stack(0x000000002c570000,0x000000002c670000)]
  0x000000001d86e800 JavaThread "URL-Loader-29" daemon [_thread_in_native, id=16760, stack(0x000000002c470000,0x000000002c570000)]
  0x000000001d878800 JavaThread "Keep-Alive-SocketCleaner" daemon [_thread_blocked, id=12760, stack(0x000000002c270000,0x000000002c370000)]
  0x000000001d879800 JavaThread "URL-Loader-28" daemon [_thread_blocked, id=20264, stack(0x000000002c170000,0x000000002c270000)]
  0x000000001d878000 JavaThread "URL-Loader-27" daemon [_thread_blocked, id=8460, stack(0x000000002c070000,0x000000002c170000)]
  0x000000001d870000 JavaThread "URL-Loader-26" daemon [_thread_blocked, id=4760, stack(0x000000002bd70000,0x000000002be70000)]
  0x000000001d877000 JavaThread "URL-Loader-25" daemon [_thread_blocked, id=17692, stack(0x000000002aba0000,0x000000002aca0000)]
  0x000000001d86d000 JavaThread "URL-Loader-24" daemon [_thread_blocked, id=18580, stack(0x000000002aaa0000,0x000000002aba0000)]
  0x000000001d872800 JavaThread "URL-Loader-23" daemon [_thread_blocked, id=19548, stack(0x0000000029790000,0x0000000029890000)]
  0x000000001d871800 JavaThread "URL-Loader-22" daemon [_thread_blocked, id=19648, stack(0x0000000029690000,0x0000000029790000)]
  0x000000001d871000 JavaThread "URL-Loader-21" daemon [_thread_blocked, id=17156, stack(0x0000000029590000,0x0000000029690000)]
  0x000000001d86c800 JavaThread "Thread-21" daemon [_thread_in_native, id=11760, stack(0x0000000026c50000,0x0000000026d50000)]
  0x000000001bcff000 JavaThread "Keep-Alive-Timer" daemon [_thread_blocked, id=6136, stack(0x0000000024eb0000,0x0000000024fb0000)]
  0x000000001bcfe800 JavaThread "Watchdog-Timer-1" daemon [_thread_blocked, id=16920, stack(0x0000000023040000,0x0000000023140000)]
  0x000000001bd01800 JavaThread "Prism Font Disposer" daemon [_thread_blocked, id=8408, stack(0x000000001ff60000,0x0000000020060000)]
  0x000000001bd00800 JavaThread "Disposer" daemon [_thread_blocked, id=13872, stack(0x000000001d300000,0x000000001d400000)]
  0x000000001b9c6000 JavaThread "JavaFX-Launcher" [_thread_blocked, id=11828, stack(0x000000001c300000,0x000000001c400000)]
  0x000000001b956000 JavaThread "Thread-2" daemon [_thread_in_native, id=8472, stack(0x000000001c100000,0x000000001c200000)]
=>0x0000000018bb8800 JavaThread "JavaFX Application Thread" [_thread_in_native, id=17536, stack(0x0000000019270000,0x0000000019370000)]
  0x0000000018bb0000 JavaThread "Thread-1" daemon [_thread_blocked, id=2004, stack(0x00000000190d0000,0x00000000191d0000)]
  0x0000000018b8f800 JavaThread "QuantumRenderer-0" daemon [_thread_blocked, id=19608, stack(0x0000000018e40000,0x0000000018f40000)]
  0x0000000016f6d800 JavaThread "Service Thread" daemon [_thread_blocked, id=5324, stack(0x0000000018c40000,0x0000000018d40000)]
  0x0000000016f1a800 JavaThread "C1 CompilerThread2" daemon [_thread_blocked, id=3156, stack(0x0000000018740000,0x0000000018840000)]
  0x0000000016f12000 JavaThread "C2 CompilerThread1" daemon [_thread_blocked, id=15940, stack(0x0000000018640000,0x0000000018740000)]
  0x0000000016f0f000 JavaThread "C2 CompilerThread0" daemon [_thread_blocked, id=5068, stack(0x0000000018540000,0x0000000018640000)]
  0x0000000016f0d000 JavaThread "Attach Listener" daemon [_thread_blocked, id=6220, stack(0x0000000018440000,0x0000000018540000)]
  0x0000000016f0b800 JavaThread "Signal Dispatcher" daemon [_thread_blocked, id=12080, stack(0x0000000018340000,0x0000000018440000)]
  0x000000000239c000 JavaThread "Finalizer" daemon [_thread_blocked, id=17840, stack(0x0000000018160000,0x0000000018260000)]
  0x0000000002391800 JavaThread "Reference Handler" daemon [_thread_blocked, id=18312, stack(0x0000000018060000,0x0000000018160000)]
  0x00000000022a2800 JavaThread "main" [_thread_blocked, id=18072, stack(0x00000000021a0000,0x00000000022a0000)]

Other Threads:
  0x0000000016ed7800 VMThread [stack: 0x0000000017f60000,0x0000000018060000] [id=10260]
  0x000000001888d800 WatcherThread [stack: 0x0000000018d40000,0x0000000018e40000] [id=7064]

VM state:not at safepoint (normal execution)

VM Mutex/Monitor currently owned by a thread: None

Heap:
 PSYoungGen      total 46592K, used 9667K [0x00000000d5e00000, 0x00000000d9200000, 0x0000000100000000)
  eden space 41472K, 10% used [0x00000000d5e00000,0x00000000d62729f0,0x00000000d8680000)
  from space 5120K, 99% used [0x00000000d8d00000,0x00000000d91fe230,0x00000000d9200000)
  to   space 5120K, 0% used [0x00000000d8800000,0x00000000d8800000,0x00000000d8d00000)
 ParOldGen       total 67072K, used 14093K [0x0000000081a00000, 0x0000000085b80000, 0x00000000d5e00000)
  object space 67072K, 21% used [0x0000000081a00000,0x00000000827c3708,0x0000000085b80000)
 Metaspace       used 25864K, capacity 27506K, committed 27776K, reserved 1073152K
  class space    used 3593K, capacity 3899K, committed 3968K, reserved 1048576K

Card table byte_map: [0x0000000011760000,0x0000000011b60000] byte_map_base: 0x0000000011353000

Marking Bits: (ParMarkBitMap*) 0x000000005a8664f0
 Begin Bits: [0x0000000012210000, 0x00000000141a8000)
 End Bits:   [0x00000000141a8000, 0x0000000016140000)

Polling page: 0x0000000002020000

CodeCache: size=245760Kb used=11260Kb max_used=11260Kb free=234499Kb
 bounds [0x00000000023a0000, 0x0000000002eb0000, 0x00000000113a0000]
 total_blobs=4505 nmethods=3680 adapters=736
 compilation: enabled

Compilation events (10 events):
Event: 20.639 Thread 0x0000000016f12000 nmethod 4103 0x000000000283a190 code [0x000000000283a2c0, 0x000000000283a338]
Event: 20.639 Thread 0x0000000016f1a800 4104       3       sun.security.ssl.SignatureAndHashAlgorithm::getHashValue (12 bytes)
Event: 20.639 Thread 0x0000000016f1a800 nmethod 4104 0x0000000002e87690 code [0x0000000002e877e0, 0x0000000002e87930]
Event: 20.639 Thread 0x0000000016f1a800 4105       3       sun.security.ssl.SignatureAndHashAlgorithm::getSignatureValue (9 bytes)
Event: 20.639 Thread 0x0000000016f1a800 nmethod 4105 0x0000000002ea5910 code [0x0000000002ea5a60, 0x0000000002ea5bb0]
Event: 20.707 Thread 0x0000000016f1a800 4106       1       sun.security.ssl.CipherSuite$PRF::getPRFHashAlg (5 bytes)
Event: 20.707 Thread 0x0000000016f1a800 nmethod 4106 0x0000000002ea5650 code [0x0000000002ea57a0, 0x0000000002ea58b0]
Event: 20.709 Thread 0x0000000016f1a800 4107       3       velocity.cookie.Cookie::setLastAccessTime (6 bytes)
Event: 20.709 Thread 0x0000000016f1a800 nmethod 4107 0x0000000002ea5310 code [0x0000000002ea5460, 0x0000000002ea55b0]
Event: 20.811 Thread 0x0000000016f1a800 4108  s    3       sun.net.www.MessageHeader::filterAndAddHeaders (331 bytes)

GC Heap History (10 events):
Event: 1.691 GC heap before
{Heap before GC invocations=1 (full 0):
 PSYoungGen      total 38400K, used 33280K [0x00000000d5e00000, 0x00000000d8880000, 0x0000000100000000)
  eden space 33280K, 100% used [0x00000000d5e00000,0x00000000d7e80000,0x00000000d7e80000)
  from space 5120K, 0% used [0x00000000d8380000,0x00000000d8380000,0x00000000d8880000)
  to   space 5120K, 0% used [0x00000000d7e80000,0x00000000d7e80000,0x00000000d8380000)
 ParOldGen       total 87552K, used 0K [0x0000000081a00000, 0x0000000086f80000, 0x00000000d5e00000)
  object space 87552K, 0% used [0x0000000081a00000,0x0000000081a00000,0x0000000086f80000)
 Metaspace       used 14078K, capacity 14548K, committed 14848K, reserved 1062912K
  class space    used 1807K, capacity 1964K, committed 2048K, reserved 1048576K
Event: 1.701 GC heap after
Heap after GC invocations=1 (full 0):
 PSYoungGen      total 38400K, used 5092K [0x00000000d5e00000, 0x00000000d8880000, 0x0000000100000000)
  eden space 33280K, 0% used [0x00000000d5e00000,0x00000000d5e00000,0x00000000d7e80000)
  from space 5120K, 99% used [0x00000000d7e80000,0x00000000d83790c0,0x00000000d8380000)
  to   space 5120K, 0% used [0x00000000d8380000,0x00000000d8380000,0x00000000d8880000)
 ParOldGen       total 87552K, used 1743K [0x0000000081a00000, 0x0000000086f80000, 0x00000000d5e00000)
  object space 87552K, 1% used [0x0000000081a00000,0x0000000081bb3d68,0x0000000086f80000)
 Metaspace       used 14078K, capacity 14548K, committed 14848K, reserved 1062912K
  class space    used 1807K, capacity 1964K, committed 2048K, reserved 1048576K
}
Event: 3.305 GC heap before
{Heap before GC invocations=2 (full 0):
 PSYoungGen      total 38400K, used 34024K [0x00000000d5e00000, 0x00000000d8880000, 0x0000000100000000)
  eden space 33280K, 86% used [0x00000000d5e00000,0x00000000d7a40fe8,0x00000000d7e80000)
  from space 5120K, 99% used [0x00000000d7e80000,0x00000000d83790c0,0x00000000d8380000)
  to   space 5120K, 0% used [0x00000000d8380000,0x00000000d8380000,0x00000000d8880000)
 ParOldGen       total 87552K, used 1743K [0x0000000081a00000, 0x0000000086f80000, 0x00000000d5e00000)
  object space 87552K, 1% used [0x0000000081a00000,0x0000000081bb3d68,0x0000000086f80000)
 Metaspace       used 20194K, capacity 21146K, committed 21248K, reserved 1067008K
  class space    used 2795K, capacity 3005K, committed 3072K, reserved 1048576K
Event: 3.316 GC heap after
Heap after GC invocations=2 (full 0):
 PSYoungGen      total 38400K, used 5117K [0x00000000d5e00000, 0x00000000d8880000, 0x0000000100000000)
  eden space 33280K, 0% used [0x00000000d5e00000,0x00000000d5e00000,0x00000000d7e80000)
  from space 5120K, 99% used [0x00000000d8380000,0x00000000d887f558,0x00000000d8880000)
  to   space 5120K, 0% used [0x00000000d7e80000,0x00000000d7e80000,0x00000000d8380000)
 ParOldGen       total 87552K, used 4189K [0x0000000081a00000, 0x0000000086f80000, 0x00000000d5e00000)
  object space 87552K, 4% used [0x0000000081a00000,0x0000000081e176f8,0x0000000086f80000)
 Metaspace       used 20194K, capacity 21146K, committed 21248K, reserved 1067008K
  class space    used 2795K, capacity 3005K, committed 3072K, reserved 1048576K
}
Event: 3.316 GC heap before
{Heap before GC invocations=3 (full 1):
 PSYoungGen      total 38400K, used 5117K [0x00000000d5e00000, 0x00000000d8880000, 0x0000000100000000)
  eden space 33280K, 0% used [0x00000000d5e00000,0x00000000d5e00000,0x00000000d7e80000)
  from space 5120K, 99% used [0x00000000d8380000,0x00000000d887f558,0x00000000d8880000)
  to   space 5120K, 0% used [0x00000000d7e80000,0x00000000d7e80000,0x00000000d8380000)
 ParOldGen       total 87552K, used 4189K [0x0000000081a00000, 0x0000000086f80000, 0x00000000d5e00000)
  object space 87552K, 4% used [0x0000000081a00000,0x0000000081e176f8,0x0000000086f80000)
 Metaspace       used 20194K, capacity 21146K, committed 21248K, reserved 1067008K
  class space    used 2795K, capacity 3005K, committed 3072K, reserved 1048576K
Event: 3.360 GC heap after
Heap after GC invocations=3 (full 1):
 PSYoungGen      total 38400K, used 0K [0x00000000d5e00000, 0x00000000d8880000, 0x0000000100000000)
  eden space 33280K, 0% used [0x00000000d5e00000,0x00000000d5e00000,0x00000000d7e80000)
  from space 5120K, 0% used [0x00000000d8380000,0x00000000d8380000,0x00000000d8880000)
  to   space 5120K, 0% used [0x00000000d7e80000,0x00000000d7e80000,0x00000000d8380000)
 ParOldGen       total 67072K, used 8611K [0x0000000081a00000, 0x0000000085b80000, 0x00000000d5e00000)
  object space 67072K, 12% used [0x0000000081a00000,0x0000000082268f78,0x0000000085b80000)
 Metaspace       used 20194K, capacity 21146K, committed 21248K, reserved 1067008K
  class space    used 2795K, capacity 3005K, committed 3072K, reserved 1048576K
}
Event: 5.490 GC heap before
{Heap before GC invocations=4 (full 1):
 PSYoungGen      total 38400K, used 32702K [0x00000000d5e00000, 0x00000000d8880000, 0x0000000100000000)
  eden space 33280K, 98% used [0x00000000d5e00000,0x00000000d7def938,0x00000000d7e80000)
  from space 5120K, 0% used [0x00000000d8380000,0x00000000d8380000,0x00000000d8880000)
  to   space 5120K, 0% used [0x00000000d7e80000,0x00000000d7e80000,0x00000000d8380000)
 ParOldGen       total 67072K, used 8611K [0x0000000081a00000, 0x0000000085b80000, 0x00000000d5e00000)
  object space 67072K, 12% used [0x0000000081a00000,0x0000000082268f78,0x0000000085b80000)
 Metaspace       used 23992K, capacity 25344K, committed 25472K, reserved 1071104K
  class space    used 3393K, capacity 3670K, committed 3712K, reserved 1048576K
Event: 5.496 GC heap after
Heap after GC invocations=4 (full 1):
 PSYoungGen      total 38400K, used 5109K [0x00000000d5e00000, 0x00000000d9200000, 0x0000000100000000)
  eden space 33280K, 0% used [0x00000000d5e00000,0x00000000d5e00000,0x00000000d7e80000)
  from space 5120K, 99% used [0x00000000d7e80000,0x00000000d837d588,0x00000000d8380000)
  to   space 5120K, 0% used [0x00000000d8d00000,0x00000000d8d00000,0x00000000d9200000)
 ParOldGen       total 67072K, used 10387K [0x0000000081a00000, 0x0000000085b80000, 0x00000000d5e00000)
  object space 67072K, 15% used [0x0000000081a00000,0x0000000082424d48,0x0000000085b80000)
 Metaspace       used 23992K, capacity 25344K, committed 25472K, reserved 1071104K
  class space    used 3393K, capacity 3670K, committed 3712K, reserved 1048576K
}
Event: 17.968 GC heap before
{Heap before GC invocations=5 (full 1):
 PSYoungGen      total 38400K, used 38389K [0x00000000d5e00000, 0x00000000d9200000, 0x0000000100000000)
  eden space 33280K, 100% used [0x00000000d5e00000,0x00000000d7e80000,0x00000000d7e80000)
  from space 5120K, 99% used [0x00000000d7e80000,0x00000000d837d588,0x00000000d8380000)
  to   space 5120K, 0% used [0x00000000d8d00000,0x00000000d8d00000,0x00000000d9200000)
 ParOldGen       total 67072K, used 10426K [0x0000000081a00000, 0x0000000085b80000, 0x00000000d5e00000)
  object space 67072K, 15% used [0x0000000081a00000,0x000000008242e868,0x0000000085b80000)
 Metaspace       used 25772K, capacity 27416K, committed 27520K, reserved 1073152K
  class space    used 3588K, capacity 3892K, committed 3968K, reserved 1048576K
Event: 17.977 GC heap after
Heap after GC invocations=5 (full 1):
 PSYoungGen      total 46592K, used 5112K [0x00000000d5e00000, 0x00000000d9200000, 0x0000000100000000)
  eden space 41472K, 0% used [0x00000000d5e00000,0x00000000d5e00000,0x00000000d8680000)
  from space 5120K, 99% used [0x00000000d8d00000,0x00000000d91fe230,0x00000000d9200000)
  to   space 5120K, 0% used [0x00000000d8800000,0x00000000d8800000,0x00000000d8d00000)
 ParOldGen       total 67072K, used 14093K [0x0000000081a00000, 0x0000000085b80000, 0x00000000d5e00000)
  object space 67072K, 21% used [0x0000000081a00000,0x00000000827c3708,0x0000000085b80000)
 Metaspace       used 25772K, capacity 27416K, committed 27520K, reserved 1073152K
  class space    used 3588K, capacity 3892K, committed 3968K, reserved 1048576K
}

Deoptimization events (10 events):
Event: 10.586 Thread 0x0000000018bb8800 Uncommon trap: reason=unstable_if action=reinterpret pc=0x0000000002c74bc8 method=com.sun.javafx.iio.gif.GIFImageLoader2$LZWDecoder.readString()I @ 151
Event: 15.672 Thread 0x0000000018bb8800 Uncommon trap: reason=null_check action=make_not_entrant pc=0x0000000002cea0b8 method=javafx.scene.Node$MiscProperties.getClip()Ljavafx/scene/Node; @ 20
Event: 17.909 Thread 0x0000000018bb8800 Uncommon trap: reason=unstable_if action=reinterpret pc=0x00000000027b6d14 method=com.sun.javafx.css.ParsedValueImpl.containsFontRelativeSize(Ljavafx/css/ParsedValue;Z)Z @ 193
Event: 17.909 Thread 0x0000000018bb8800 Uncommon trap: reason=unstable_if action=reinterpret pc=0x00000000025d3660 method=javafx.scene.CssStyleHelper.lookup(Ljavafx/css/Styleable;Ljavafx/css/CssMetaData;Lcom/sun/javafx/css/StyleMap;Ljava/util/Set;Ljavafx/css/Styleable;Lcom/sun/javafx/css/Calcula…€œ"âë1@
Event: 17.921 Thread 0x0000000018bb8800 Uncommon trap: reason=class_check action=maybe_recompile pc=0x0000000002d98f98 method=javafx.scene.Node$MiscProperties.getClip()Ljavafx/scene/Node; @ 20
Event: 17.922 Thread 0x0000000018bb8800 Uncommon trap: reason=class_check action=maybe_recompile pc=0x0000000002d9b758 method=javafx.scene.Node$MiscProperties.getClip()Ljavafx/scene/Node; @ 20
Event: 17.922 Thread 0x0000000018bb8800 Uncommon trap: reason=class_check action=maybe_recompile pc=0x0000000002d9b758 method=javafx.scene.Node$MiscProperties.getClip()Ljavafx/scene/Node; @ 20
Event: 17.922 Thread 0x0000000018bb8800 Uncommon trap: reason=class_check action=maybe_recompile pc=0x0000000002d9b758 method=javafx.scene.Node$MiscProperties.getClip()Ljavafx/scene/Node; @ 20
Event: 17.946 Thread 0x0000000018bb8800 Uncommon trap: reason=class_check action=maybe_recompile pc=0x0000000002d98f98 method=javafx.scene.Node$MiscProperties.getClip()Ljavafx/scene/Node; @ 20
Event: 17.946 Thread 0x0000000018bb8800 Uncommon trap: reason=unstable_if action=reinterpret pc=0x0000000002d26ff0 method=javafx.scene.Node.updateLocalToParentTransform()V @ 125

Internal exceptions (10 events):
Event: 5.567 Thread 0x0000000018bb8800 Exception <a 'java/lang/ClassNotFoundException': sun/net/www/protocol/about/Handler> (0x00000000d637cff0) thrown at [D:\re\workspace\8-2-build-windows-amd64-cygwin\jdk8u92\6642\hotspot\src\share\vm\classfile\systemDictionary.cpp, line 210]
Event: 5.588 Thread 0x0000000018bb8800 Exception <a 'java/lang/ClassNotFoundException': sun/net/www/protocol/velocityfx/Handler> (0x00000000d642aee8) thrown at [D:\re\workspace\8-2-build-windows-amd64-cygwin\jdk8u92\6642\hotspot\src\share\vm\classfile\systemDictionary.cpp, line 210]
Event: 5.588 Thread 0x0000000018bb8800 Exception <a 'java/lang/ClassNotFoundException': sun/net/www/protocol/velocityfx/Handler> (0x00000000d642d2c0) thrown at [D:\re\workspace\8-2-build-windows-amd64-cygwin\jdk8u92\6642\hotspot\src\share\vm\classfile\systemDictionary.cpp, line 210]
Event: 10.320 Thread 0x000000001d86c800 Exception <a 'sun/nio/fs/WindowsException'> (0x00000000d6a68810) thrown at [D:\re\workspace\8-2-build-windows-amd64-cygwin\jdk8u92\6642\hotspot\src\share\vm\prims\jni.cpp, line 709]
Event: 15.579 Thread 0x0000000018bb8800 Exception <a 'java/io/FileNotFoundException'> (0x00000000d7832e70) thrown at [D:\re\workspace\8-2-build-windows-amd64-cygwin\jdk8u92\6642\hotspot\src\share\vm\prims\jni.cpp, line 709]
Event: 15.580 Thread 0x0000000018bb8800 Exception <a 'java/io/FileNotFoundException'> (0x00000000d7834100) thrown at [D:\re\workspace\8-2-build-windows-amd64-cygwin\jdk8u92\6642\hotspot\src\share\vm\prims\jni.cpp, line 709]
Event: 15.581 Thread 0x0000000018bb8800 Exception <a 'java/io/FileNotFoundException'> (0x00000000d7839ab0) thrown at [D:\re\workspace\8-2-build-windows-amd64-cygwin\jdk8u92\6642\hotspot\src\share\vm\prims\jni.cpp, line 709]
Event: 15.581 Thread 0x0000000018bb8800 Exception <a 'java/io/FileNotFoundException'> (0x00000000d783ad28) thrown at [D:\re\workspace\8-2-build-windows-amd64-cygwin\jdk8u92\6642\hotspot\src\share\vm\prims\jni.cpp, line 709]
Event: 15.672 Thread 0x0000000018bb8800 Implicit null exception at 0x0000000002ce9978 to 0x0000000002cea0a9
Event: 18.043 Thread 0x000000001d878800 Exception <a 'java/net/SocketException': socket closed> (0x00000000d605b658) thrown at [D:\re\workspace\8-2-build-windows-amd64-cygwin\jdk8u92\6642\hotspot\src\share\vm\prims\jni.cpp, line 735]

Events (10 events):
Event: 20.709 Executing VM operation: RevokeBias done
Event: 20.709 Thread 0x000000001d86f800 Thread exited: 0x000000001d86f800
Event: 20.716 Thread 0x000000001d873000 Thread added: 0x000000001d873000
Event: 20.716 Executing VM operation: BulkRevokeBias
Event: 20.717 Executing VM operation: BulkRevokeBias done
Event: 20.717 Thread 0x000000001d873000 Thread exited: 0x000000001d873000
Event: 20.810 loading class com/sun/webkit/network/URLLoader$Redirect
Event: 20.810 loading class com/sun/webkit/network/URLLoader$Redirect done
Event: 20.816 loading class com/sun/webkit/network/URLLoader
Event: 20.816 loading class com/sun/webkit/network/URLLoader done


Dynamic libraries:
0x00007ff64ff50000 - 0x00007ff64ff87000 	C:\Program Files\Java\jdk1.8.0_92\jre\bin\java.exe
0x00007ff924aa0000 - 0x00007ff924c61000 	C:\WINDOWS\SYSTEM32\ntdll.dll
0x00007ff922290000 - 0x00007ff92233d000 	C:\WINDOWS\system32\KERNEL32.DLL
0x00007ff921570000 - 0x00007ff921758000 	C:\WINDOWS\system32\KERNELBASE.dll
0x00007ff9249f0000 - 0x00007ff924a97000 	C:\WINDOWS\system32\ADVAPI32.dll
0x00007ff9229e0000 - 0x00007ff922a7d000 	C:\WINDOWS\system32\msvcrt.dll
0x00007ff9221f0000 - 0x00007ff92224b000 	C:\WINDOWS\system32\sechost.dll
0x00007ff924330000 - 0x00007ff92444c000 	C:\WINDOWS\system32\RPCRT4.dll
0x00007ff922880000 - 0x00007ff9229d6000 	C:\WINDOWS\system32\USER32.dll
0x00007ff9226f0000 - 0x00007ff922876000 	C:\WINDOWS\system32\GDI32.dll
0x00007ff911620000 - 0x00007ff911894000 	C:\WINDOWS\WinSxS\amd64_microsoft.windows.common-controls_6595b64144ccf1df_6.0.10586.0_none_8c15ae12515e1c22\COMCTL32.dll
0x00007ff921f00000 - 0x00007ff92217d000 	C:\WINDOWS\system32\combase.dll
0x00007ff921db0000 - 0x00007ff921e1a000 	C:\WINDOWS\system32\bcryptPrimitives.dll
0x00007ff922250000 - 0x00007ff92228b000 	C:\WINDOWS\system32\IMM32.DLL
0x0000000059f70000 - 0x000000005a042000 	C:\Program Files\Java\jdk1.8.0_92\jre\bin\msvcr100.dll
0x000000005a050000 - 0x000000005a8e6000 	C:\Program Files\Java\jdk1.8.0_92\jre\bin\server\jvm.dll
0x00007ff9249d0000 - 0x00007ff9249d8000 	C:\WINDOWS\system32\PSAPI.DLL
0x00007ff914720000 - 0x00007ff914729000 	C:\WINDOWS\SYSTEM32\WSOCK32.dll
0x00007ff91f7c0000 - 0x00007ff91f7e3000 	C:\WINDOWS\SYSTEM32\WINMM.dll
0x00007ff917650000 - 0x00007ff91765a000 	C:\WINDOWS\SYSTEM32\VERSION.dll
0x00007ff91f760000 - 0x00007ff91f78c000 	C:\WINDOWS\SYSTEM32\WINMMBASE.dll
0x00007ff921520000 - 0x00007ff921563000 	C:\WINDOWS\system32\cfgmgr32.dll
0x00007ff922be0000 - 0x00007ff922c4b000 	C:\WINDOWS\system32\WS2_32.dll
0x0000000059f20000 - 0x0000000059f2f000 	C:\Program Files\Java\jdk1.8.0_92\jre\bin\verify.dll
0x0000000059ef0000 - 0x0000000059f19000 	C:\Program Files\Java\jdk1.8.0_92\jre\bin\java.dll
0x0000000059ed0000 - 0x0000000059ee6000 	C:\Program Files\Java\jdk1.8.0_92\jre\bin\zip.dll
0x00007ff922cb0000 - 0x00007ff92420c000 	C:\WINDOWS\system32\SHELL32.dll
0x00007ff921760000 - 0x00007ff921da4000 	C:\WINDOWS\system32\windows.storage.dll
0x00007ff922670000 - 0x00007ff9226c2000 	C:\WINDOWS\system32\shlwapi.dll
0x00007ff9210c0000 - 0x00007ff9210cf000 	C:\WINDOWS\system32\kernel.appcore.dll
0x00007ff9211e0000 - 0x00007ff921295000 	C:\WINDOWS\system32\shcore.dll
0x00007ff9210f0000 - 0x00007ff92113b000 	C:\WINDOWS\system32\powrprof.dll
0x00007ff9210d0000 - 0x00007ff9210e4000 	C:\WINDOWS\system32\profapi.dll
0x00007ff904e60000 - 0x00007ff904f4f000 	C:\Program Files\Java\jdk1.8.0_92\jre\bin\msvcr120.dll
0x00007ff907a80000 - 0x00007ff907b26000 	C:\Program Files\Java\jdk1.8.0_92\jre\bin\msvcp120.dll
0x000000005b100000 - 0x000000005b122000 	C:\Program Files\Java\jdk1.8.0_92\jre\bin\prism_d3d.dll
0x00007ff9033a0000 - 0x00007ff9035b0000 	C:\WINDOWS\system32\d3d9.dll
0x00007ff91f330000 - 0x00007ff91f352000 	C:\WINDOWS\SYSTEM32\dwmapi.dll
0x00007ff91fa40000 - 0x00007ff91fad6000 	C:\WINDOWS\system32\uxtheme.dll
0x00007ff8f1570000 - 0x00007ff8f2190000 	C:\WINDOWS\SYSTEM32\igdumd64.dll
0x000000005b0b0000 - 0x000000005b0f3000 	C:\Program Files\Java\jdk1.8.0_92\jre\bin\glass.dll
0x00007ff924220000 - 0x00007ff92432b000 	C:\WINDOWS\system32\COMDLG32.dll
0x00007ff921150000 - 0x00007ff9211d6000 	C:\WINDOWS\system32\FirewallAPI.dll
0x00007ff921e20000 - 0x00007ff921e37000 	C:\WINDOWS\system32\NETAPI32.dll
0x00007ff924880000 - 0x00007ff9249c3000 	C:\WINDOWS\system32\ole32.dll
0x00007ff922340000 - 0x00007ff922401000 	C:\WINDOWS\system32\OLEAUT32.dll
0x00007ff91e840000 - 0x00007ff91e84c000 	C:\WINDOWS\SYSTEM32\DAVHLPR.DLL
0x00007ff91fe40000 - 0x00007ff91fe72000 	C:\WINDOWS\SYSTEM32\fwbase.dll
0x00007ff922a80000 - 0x00007ff922bda000 	C:\WINDOWS\system32\MSCTF.dll
0x0000000180000000 - 0x0000000180110000 	C:\Windows\system32\rlls64.dll
0x00007ff913e70000 - 0x00007ff913eda000 	C:\Windows\system32\OLEACC.dll
0x00007ff91ada0000 - 0x00007ff91b049000 	C:\Windows\system32\WININET.dll
0x00007ff9205b0000 - 0x00007ff9205e1000 	C:\WINDOWS\SYSTEM32\ntmarta.dll
0x00007ff920610000 - 0x00007ff92068a000 	C:\WINDOWS\SYSTEM32\Schannel.dll
0x00007ff921350000 - 0x00007ff921518000 	C:\WINDOWS\system32\CRYPT32.dll
0x00007ff921140000 - 0x00007ff921150000 	C:\WINDOWS\system32\MSASN1.dll
0x00007ff920d40000 - 0x00007ff920d6d000 	C:\WINDOWS\SYSTEM32\SspiCli.dll
0x00007ff920990000 - 0x00007ff9209ec000 	C:\WINDOWS\system32\mswsock.dll
0x0000000059eb0000 - 0x0000000059eca000 	C:\Program Files\Java\jdk1.8.0_92\jre\bin\net.dll
0x0000000059e90000 - 0x0000000059ea1000 	C:\Program Files\Java\jdk1.8.0_92\jre\bin\nio.dll
0x000000005b080000 - 0x000000005b0a4000 	C:\Program Files\Java\jdk1.8.0_92\jre\bin\sunec.dll
0x00007ff920a40000 - 0x00007ff920a57000 	C:\WINDOWS\SYSTEM32\CRYPTSP.dll
0x00007ff9206d0000 - 0x00007ff920704000 	C:\WINDOWS\system32\rsaenh.dll
0x00007ff920ff0000 - 0x00007ff921019000 	C:\WINDOWS\SYSTEM32\bcrypt.dll
0x00007ff920820000 - 0x00007ff92083f000 	C:\WINDOWS\SYSTEM32\USERENV.dll
0x00007ff920b60000 - 0x00007ff920b6b000 	C:\WINDOWS\SYSTEM32\CRYPTBASE.dll
0x00007ff91de40000 - 0x00007ff91de78000 	C:\WINDOWS\SYSTEM32\IPHLPAPI.DLL
0x00007ff9249e0000 - 0x00007ff9249e8000 	C:\WINDOWS\system32\NSI.dll
0x00007ff918690000 - 0x00007ff9186a6000 	C:\WINDOWS\SYSTEM32\dhcpcsvc6.DLL
0x00007ff9186b0000 - 0x00007ff9186ca000 	C:\WINDOWS\SYSTEM32\dhcpcsvc.DLL
0x000000005b070000 - 0x000000005b07b000 	C:\Program Files\Java\jdk1.8.0_92\jre\bin\sunmscapi.dll
0x00007ff8ff7c0000 - 0x00007ff8ff7d6000 	C:\WINDOWS\system32\napinsp.dll
0x00007ff8ff7e0000 - 0x00007ff8ff7fa000 	C:\WINDOWS\system32\pnrpnsp.dll
0x00007ff91e2d0000 - 0x00007ff91e2e8000 	C:\WINDOWS\system32\NLAapi.dll
0x00007ff91fae0000 - 0x00007ff91fb8a000 	C:\WINDOWS\SYSTEM32\DNSAPI.dll
0x00007ff9030a0000 - 0x00007ff9030ad000 	C:\WINDOWS\System32\winrnr.dll
0x000000005b7f0000 - 0x000000005b816000 	C:\Program Files\Bonjour\mdnsNSP.dll
0x00007ff919130000 - 0x00007ff919197000 	C:\WINDOWS\System32\fwpuclnt.dll
0x00007ff91b5a0000 - 0x00007ff91b5aa000 	C:\Windows\System32\rasadhlp.dll
0x00000000575b0000 - 0x0000000059b41000 	C:\Program Files\Java\jdk1.8.0_92\jre\bin\jfxwebkit.dll
0x000000005b050000 - 0x000000005b064000 	C:\Program Files\Java\jdk1.8.0_92\jre\bin\javafx_font.dll
0x00007ff91cd20000 - 0x00007ff91cf80000 	C:\WINDOWS\SYSTEM32\dwrite.dll
0x00007ff922410000 - 0x00007ff9224b7000 	C:\WINDOWS\system32\clbcatq.dll
0x00007ff91cb60000 - 0x00007ff91cd11000 	C:\WINDOWS\SYSTEM32\WindowsCodecs.dll
0x00007ff91ba80000 - 0x00007ff91baca000 	C:\WINDOWS\system32\dataexchange.dll
0x00007ff91e900000 - 0x00007ff91e9e3000 	C:\WINDOWS\system32\dcomp.dll
0x00007ff91cf80000 - 0x00007ff91d228000 	C:\WINDOWS\system32\d3d11.dll
0x00007ff91e790000 - 0x00007ff91e832000 	C:\WINDOWS\system32\dxgi.dll
0x00007ff91fbc0000 - 0x00007ff91fcc0000 	C:\WINDOWS\system32\twinapi.appcore.dll
0x00007ff91d620000 - 0x00007ff91d654000 	C:\Program Files\Common Files\Microsoft Shared\Ink\rtscom.dll
0x000000005b030000 - 0x000000005b041000 	C:\Program Files\Java\jdk1.8.0_92\jre\bin\prism_common.dll
0x000000005b000000 - 0x000000005b023000 	C:\Program Files\Java\jdk1.8.0_92\jre\bin\javafx_iio.dll
0x00007ff910920000 - 0x00007ff910aac000 	C:\WINDOWS\SYSTEM32\dbghelp.dll

VM Arguments:
jvm_args: -Dfile.encoding=UTF-8 -Djava.net.preferIPv4Stack=true 
java_command: C:\Users\Aniket\Documents\NetBeansProjects\Velocity\dist\run1171427296\Velocity.jar
java_class_path (initial): C:\Users\Aniket\Documents\NetBeansProjects\Velocity\dist\run1171427296\Velocity.jar
Launcher Type: SUN_STANDARD

Environment Variables:
JAVA_HOME=C:\Program Files\Java\jdk1.8.0_72
_JAVA_OPTIONS=-Djava.net.preferIPv4Stack=true
PATH=C:\Python34\Lib\site-packages\PyQt5;C:\ProgramData\Oracle\Java\javapath;C:\Python27\Lib\site-packages\PyQt4;C:\Program Files (x86)\HP SimplePass\x64;C:\Program Files (x86)\HP SimplePass\;C:\Program Files (x86)\Intel\iCLS Client\;C:\Program Files\Intel\iCLS Client\;C:\WINDOWS\system32;C:\WINDOWS;C:\WINDOWS\System32\Wbem;C:\WINDOWS\System32\WindowsPowerShell\v1.0\;C:\Program Files (x86)\Windows Live\Shared;C:\Program Files\Intel\Intel(R) Management Engine Components\DAL;C:\Program Files\Intel\Intel(R) Management Engine Components\IPT;C:\Program Files (x86)\Intel\Intel(R) Management Engine Components\DAL;C:\Program Files (x86)\Intel\Intel(R) Management Engine Components\IPT;C:\Program Files (x86)\Intel\OpenCL SDK\2.0\bin\x86;C:\Program Files (x86)\Intel\OpenCL SDK\2.0\bin\x64;C:\Program Files (x86)\Pinnacle\Shared Files\;C:\Program Files (x86)\Pinnacle\Shared Files\Filter\;C:\Program Files\nodejs;C:\Program Files (x86)\Inno Setup 5;C:\Program Files (x86)\WiX Toolset v3.8\bin\;C:\Program Files (x86)\QuickTime\QTSystem\;C:\Program Files\Mercurial;C:\Users\Aniket\Downloads\gradle-2.3-bin\gradle-2.3\bin;C:\Program Files (x86)\GtkSharp\2.12\bin;C:\Program Files (x86)\Windows Kits\8.1\Windows Performance Toolkit\;C:\Program Files\Microsoft SQL Server\110\Tools\Binn\;C:\Program Files (x86)\Microsoft SDKs\TypeScript\1.0\;C:\Program Files\nodejs\;C:\Users\Aniket\Downloads\android-ndk-r10e;C:\Program Files (x86)\Skype\Phone\;C:\Users\Aniket\AppData\Roaming\npm;C:\GNUstep\bin;C:\GNUstep\GNUstep\System\Tools;C:\Users\Aniket\AppData\Local\Programs\Git\cmd
USERNAME=Aniket
OS=Windows_NT
PROCESSOR_IDENTIFIER=Intel64 Family 6 Model 42 Stepping 7, GenuineIntel



---------------  S Y S T E M  ---------------

OS: Windows 10.0 , 64 bit Build 10586 (10.0.10586.0)

CPU:total 4 (2 cores per cpu, 2 threads per core) family 6 model 42 stepping 7, cmov, cx8, fxsr, mmx, sse, sse2, sse3, ssse3, sse4.1, sse4.2, popcnt, avx, aes, clmul, ht, tsc, tscinvbit

Memory: 4k page, physical 8275228k(3591664k free), swap 9637400k(4383156k free)

vm_info: Java HotSpot(TM) 64-Bit Server VM (25.92-b14) for windows-amd64 JRE (1.8.0_92-b14), built on Mar 31 2016 21:03:04 by "java_re" with MS VC++ 10.0 (VS2010)

time: Tue Jun 14 16:58:39 2016
elapsed time: 20 seconds (0d 0h 0m 20s)

