#
# A fatal error has been detected by the Java Runtime Environment:
#
#  EXCEPTION_ACCESS_VIOLATION (0xc0000005) at pc=0x000000006f6dda48, pid=27160, tid=10180
#
# JRE version: Java(TM) SE Runtime Environment (8.0_72-b15) (build 1.8.0_72-b15)
# Java VM: Java HotSpot(TM) 64-Bit Server VM (25.72-b15 mixed mode windows-amd64 compressed oops)
# Problematic frame:
# C  [jfxwebkit.dll+0x7ada48]
#
# Failed to write core dump. Minidumps are not enabled by default on client versions of Windows
#
# If you would like to submit a bug report, please visit:
#   http://bugreport.java.com/bugreport/crash.jsp
# The crash happened outside the Java Virtual Machine in native code.
# See problematic frame for where to report the bug.
#

---------------  T H R E A D  ---------------

Current thread (0x0000000018c5e800):  JavaThread "JavaFX Application Thread" [_thread_in_native, id=10180, stack(0x0000000019290000,0x0000000019390000)]

siginfo: ExceptionCode=0xc0000005, reading address 0x0000000000000068

Registers:
RAX=0x0000000000000000, RBX=0x0000000033a82e80, RCX=0x000000006f6dda39, RDX=0x000000001938d990
RSP=0x000000001938d7d0, RBP=0x0000000000000001, RSI=0x0000000000000000, RDI=0x000000001938d990
R8 =0x0000000000000000, R9 =0x0000000029ae5fe8, R10=0x0000000000000000, R11=0x00000000700b6bb2
R12=0x000000001938dac0, R13=0x000000001d3b4540, R14=0x0000000029ae5fe8, R15=0x000000006ef30000
RIP=0x000000006f6dda48, EFLAGS=0x0000000000010246

Top of Stack: (sp=0x000000001938d7d0)
0x000000001938d7d0:   000000001938d990 000000001938da10
0x000000001938d7e0:   000000001938dac0 000000006f7eafe8
0x000000001938d7f0:   fffffffffffffffe 00000000700b6ba0
0x000000001938d800:   00000000296f3780 0000000029ae5cb0
0x000000001938d810:   0000000033a82e80 000000006f70e1db
0x000000001938d820:   0000000029ae5cb0 0000000029ae5cb0
0x000000001938d830:   000000001938d990 0000000000000001
0x000000001938d840:   0000000000000000 000000002cb0d2d0
0x000000001938d850:   fffffffffffffffe 00000000296f3780
0x000000001938d860:   0000000529ae5cb3 0000000800000008
0x000000001938d870:   0000001600000008 0000002700000016
0x000000001938d880:   0000002800000028 0000000000000028
0x000000001938d890:   0000000018c5e800 000000001938dab8
0x000000001938d8a0:   0000000000000000 000000001938dac0
0x000000001938d8b0:   000000001938d990 000000006f709721
0x000000001938d8c0:   0000000029ae5cb0 0000000029ae5cb0 

Instructions: (pc=0x000000006f6dda48)
0x000000006f6dda28:   8b d7 48 8b 48 68 e8 5d cb 04 00 84 c0 75 40 eb
0x000000006f6dda38:   50 40 84 f6 75 39 48 8b 43 38 45 33 c0 48 8b d7
0x000000006f6dda48:   48 8b 48 68 e8 3f bd 04 00 84 c0 75 22 eb 32 40
0x000000006f6dda58:   84 f6 75 1b 48 8b 43 38 45 33 c0 48 8b d7 48 8b 


Register to memory mapping:

RAX=0x0000000000000000 is an unknown value
RBX=0x0000000033a82e80 is an unknown value
RCX=0x000000006f6dda39 is an unknown value
RDX=0x000000001938d990 is pointing into the stack for thread: 0x0000000018c5e800
RSP=0x000000001938d7d0 is pointing into the stack for thread: 0x0000000018c5e800
RBP=0x0000000000000001 is an unknown value
RSI=0x0000000000000000 is an unknown value
RDI=0x000000001938d990 is pointing into the stack for thread: 0x0000000018c5e800
R8 =0x0000000000000000 is an unknown value
R9 =0x0000000029ae5fe8 is an unknown value
R10=0x0000000000000000 is an unknown value
R11=0x00000000700b6bb2 is an unknown value
R12=0x000000001938dac0 is pointing into the stack for thread: 0x0000000018c5e800
R13={method} {0x000000001d3b4548} 'twkWillSendRequest' '(Ljava/lang/String;Ljava/lang/String;ILjava/lang/String;Ljava/lang/String;JLjava/lang/String;Ljava/lang/String;J)Z' in 'com/sun/webkit/network/URLLoader'
R14=0x0000000029ae5fe8 is an unknown value
R15=0x000000006ef30000 is an unknown value


Stack: [0x0000000019290000,0x0000000019390000],  sp=0x000000001938d7d0,  free space=1013k
Native frames: (J=compiled Java code, j=interpreted, Vv=VM code, C=native code)
C  [jfxwebkit.dll+0x7ada48]
C  [jfxwebkit.dll+0x7de1db]
C  [jfxwebkit.dll+0x7d9721]
C  [jfxwebkit.dll+0x8c03b7]
C  [jfxwebkit.dll+0x8c08fb]
C  0x0000000002435e34

Java frames: (J=compiled Java code, j=interpreted, Vv=VM code)
j  com.sun.webkit.network.URLLoader.twkWillSendRequest(Ljava/lang/String;Ljava/lang/String;ILjava/lang/String;Ljava/lang/String;JLjava/lang/String;Ljava/lang/String;J)Z+0
j  com.sun.webkit.network.URLLoader.notifyWillSendRequest(Ljava/lang/String;Ljava/lang/String;ILjava/lang/String;Ljava/lang/String;JLjava/lang/String;Ljava/lang/String;)Z+107
j  com.sun.webkit.network.URLLoader.lambda$willSendRequest$93(Ljava/lang/String;Ljava/lang/String;ILjava/lang/String;Ljava/lang/String;JLjava/lang/String;Ljava/lang/String;Ljava/util/concurrent/CountDownLatch;)V+21
j  com.sun.webkit.network.URLLoader$$Lambda$393.run()V+40
J 6636 C2 com.sun.javafx.application.PlatformImpl$$Lambda$50.run()Ljava/lang/Object; (8 bytes) @ 0x0000000002d2bd04 [0x0000000002d2bcc0+0x44]
v  ~StubRoutines::call_stub
J 2603  java.security.AccessController.doPrivileged(Ljava/security/PrivilegedAction;Ljava/security/AccessControlContext;)Ljava/lang/Object; (0 bytes) @ 0x0000000002557426 [0x00000000025573c0+0x66]
J 6774 C2 com.sun.javafx.application.PlatformImpl$$Lambda$48.run()V (12 bytes) @ 0x00000000029c9a50 [0x00000000029c99c0+0x90]
J 5653 C2 com.sun.glass.ui.InvokeLaterDispatcher$Future.run()V (91 bytes) @ 0x00000000033bed88 [0x00000000033bed40+0x48]
v  ~StubRoutines::call_stub
j  com.sun.glass.ui.win.WinApplication._runLoop(Ljava/lang/Runnable;)V+0
j  com.sun.glass.ui.win.WinApplication.lambda$null$148(ILjava/lang/Runnable;)V+8
j  com.sun.glass.ui.win.WinApplication$$Lambda$38.run()V+12
j  java.lang.Thread.run()V+11
v  ~StubRoutines::call_stub

---------------  P R O C E S S  ---------------

Java Threads: ( => current thread )
  0x000000001e0e0000 JavaThread "Keep-Alive-SocketCleaner" daemon [_thread_blocked, id=24392, stack(0x000000004c500000,0x000000004c600000)]
  0x000000001e0e6000 JavaThread "URL-Loader-69" daemon [_thread_blocked, id=22960, stack(0x0000000043800000,0x0000000043900000)]
  0x000000001e0e3800 JavaThread "URL-Loader-68" daemon [_thread_blocked, id=23752, stack(0x0000000043700000,0x0000000043800000)]
  0x000000001bddd000 JavaThread "URL-Loader-67" daemon [_thread_blocked, id=26768, stack(0x0000000043300000,0x0000000043400000)]
  0x000000001bde1000 JavaThread "URL-Loader-66" daemon [_thread_blocked, id=29308, stack(0x0000000043200000,0x0000000043300000)]
  0x000000001bde0000 JavaThread "URL-Loader-65" daemon [_thread_blocked, id=22560, stack(0x0000000043100000,0x0000000043200000)]
  0x000000001bddf800 JavaThread "URL-Loader-64" daemon [_thread_blocked, id=29684, stack(0x0000000043000000,0x0000000043100000)]
  0x000000001bde2800 JavaThread "URL-Loader-63" daemon [_thread_blocked, id=29116, stack(0x0000000042f00000,0x0000000043000000)]
  0x000000001bdde000 JavaThread "URL-Loader-62" daemon [_thread_blocked, id=24444, stack(0x0000000042e00000,0x0000000042f00000)]
  0x000000001bde1800 JavaThread "URL-Loader-61" daemon [_thread_blocked, id=28844, stack(0x0000000042d00000,0x0000000042e00000)]
  0x000000001bde4000 JavaThread "URL-Loader-60" daemon [_thread_blocked, id=26252, stack(0x0000000042c00000,0x0000000042d00000)]
  0x000000001bde3000 JavaThread "URL-Loader-59" daemon [_thread_blocked, id=27092, stack(0x0000000042b00000,0x0000000042c00000)]
  0x000000001bdd5800 JavaThread "URL-Loader-58" daemon [_thread_blocked, id=26268, stack(0x0000000042a00000,0x0000000042b00000)]
  0x000000001bdd6800 JavaThread "URL-Loader-57" daemon [_thread_blocked, id=26452, stack(0x0000000042900000,0x0000000042a00000)]
  0x000000001bddc800 JavaThread "URL-Loader-56" daemon [_thread_blocked, id=8740, stack(0x0000000042800000,0x0000000042900000)]
  0x000000001bddb800 JavaThread "URL-Loader-55" daemon [_thread_blocked, id=25248, stack(0x0000000042700000,0x0000000042800000)]
  0x000000001bddb000 JavaThread "URL-Loader-54" daemon [_thread_blocked, id=1716, stack(0x0000000042600000,0x0000000042700000)]
  0x000000001bdd5000 JavaThread "URL-Loader-53" daemon [_thread_blocked, id=29280, stack(0x0000000042500000,0x0000000042600000)]
  0x000000001bdda000 JavaThread "URL-Loader-52" daemon [_thread_blocked, id=28964, stack(0x0000000042400000,0x0000000042500000)]
  0x000000001bdd9800 JavaThread "Keep-Alive-Timer" daemon [_thread_blocked, id=28848, stack(0x0000000042300000,0x0000000042400000)]
  0x000000001bdd8800 JavaThread "URL-Loader-51" daemon [_thread_blocked, id=1032, stack(0x0000000042200000,0x0000000042300000)]
  0x000000001bdd7000 JavaThread "URL-Loader-50" daemon [_thread_blocked, id=27260, stack(0x0000000042100000,0x0000000042200000)]
  0x000000001e0e1800 JavaThread "Thread-14" daemon [_thread_in_native, id=29052, stack(0x0000000026ac0000,0x0000000026bc0000)]
  0x000000001de64800 JavaThread "Watchdog-Timer-1" daemon [_thread_blocked, id=28692, stack(0x0000000021170000,0x0000000021270000)]
  0x000000001de2e800 JavaThread "Prism Font Disposer" daemon [_thread_blocked, id=28960, stack(0x000000001fe70000,0x000000001ff70000)]
  0x000000001bf6e800 JavaThread "Disposer" daemon [_thread_blocked, id=29384, stack(0x000000001cf10000,0x000000001d010000)]
  0x000000001bc5d800 JavaThread "JavaFX-Launcher" [_thread_blocked, id=22004, stack(0x000000001c610000,0x000000001c710000)]
  0x000000001bb9f000 JavaThread "Thread-2" daemon [_thread_in_native, id=29332, stack(0x000000001c310000,0x000000001c410000)]
=>0x0000000018c5e800 JavaThread "JavaFX Application Thread" [_thread_in_native, id=10180, stack(0x0000000019290000,0x0000000019390000)]
  0x0000000018c5d800 JavaThread "Thread-1" daemon [_thread_blocked, id=7100, stack(0x0000000019190000,0x0000000019290000)]
  0x0000000018c4b000 JavaThread "QuantumRenderer-0" daemon [_thread_blocked, id=2692, stack(0x0000000018e90000,0x0000000018f90000)]
  0x0000000016fbe800 JavaThread "Service Thread" daemon [_thread_blocked, id=2312, stack(0x0000000018c90000,0x0000000018d90000)]
  0x0000000016f6a800 JavaThread "C1 CompilerThread2" daemon [_thread_blocked, id=9736, stack(0x0000000018790000,0x0000000018890000)]
  0x0000000016f62800 JavaThread "C2 CompilerThread1" daemon [_thread_blocked, id=28744, stack(0x0000000018690000,0x0000000018790000)]
  0x0000000016f5f800 JavaThread "C2 CompilerThread0" daemon [_thread_blocked, id=27044, stack(0x0000000018590000,0x0000000018690000)]
  0x0000000016f5d800 JavaThread "Attach Listener" daemon [_thread_blocked, id=26532, stack(0x0000000018490000,0x0000000018590000)]
  0x0000000016f5c800 JavaThread "Signal Dispatcher" daemon [_thread_blocked, id=23604, stack(0x0000000018390000,0x0000000018490000)]
  0x0000000016f48800 JavaThread "Finalizer" daemon [_thread_blocked, id=20496, stack(0x00000000181b0000,0x00000000182b0000)]
  0x0000000002414000 JavaThread "Reference Handler" daemon [_thread_blocked, id=28796, stack(0x00000000180b0000,0x00000000181b0000)]
  0x0000000002322800 JavaThread "main" [_thread_blocked, id=20852, stack(0x0000000002220000,0x0000000002320000)]

Other Threads:
  0x0000000016f27800 VMThread [stack: 0x0000000017fb0000,0x00000000180b0000] [id=29344]
  0x00000000188d8000 WatcherThread [stack: 0x0000000018d90000,0x0000000018e90000] [id=27192]

VM state:not at safepoint (normal execution)

VM Mutex/Monitor currently owned by a thread: None

Heap:
 PSYoungGen      total 224256K, used 143196K [0x00000000d5e00000, 0x00000000eaf80000, 0x0000000100000000)
  eden space 152576K, 48% used [0x00000000d5e00000,0x00000000da6514b0,0x00000000df300000)
  from space 71680K, 96% used [0x00000000df300000,0x00000000e3685e78,0x00000000e3900000)
  to   space 82432K, 0% used [0x00000000e5f00000,0x00000000e5f00000,0x00000000eaf80000)
 ParOldGen       total 464896K, used 292625K [0x0000000081a00000, 0x000000009e000000, 0x00000000d5e00000)
  object space 464896K, 62% used [0x0000000081a00000,0x00000000937c47d0,0x000000009e000000)
 Metaspace       used 26889K, capacity 28440K, committed 28672K, reserved 1075200K
  class space    used 3483K, capacity 3780K, committed 3840K, reserved 1048576K

Card table byte_map: [0x00000000117e0000,0x0000000011be0000] byte_map_base: 0x00000000113d3000

Marking Bits: (ParMarkBitMap*) 0x0000000072240600
 Begin Bits: [0x0000000012290000, 0x0000000014228000)
 End Bits:   [0x0000000014228000, 0x00000000161c0000)

Polling page: 0x0000000000920000

CodeCache: size=245760Kb used=18858Kb max_used=18941Kb free=226901Kb
 bounds [0x0000000002420000, 0x00000000036c0000, 0x0000000011420000]
 total_blobs=6614 nmethods=5777 adapters=748
 compilation: enabled

Compilation events (10 events):
Event: 140.854 Thread 0x0000000016f6a800 6789       3       javafx.scene.text.Text::getTextInternal (16 bytes)
Event: 140.855 Thread 0x0000000016f6a800 nmethod 6789 0x0000000002c08b90 code [0x0000000002c08d20, 0x0000000002c091a8]
Event: 140.855 Thread 0x0000000016f6a800 6792       3       javafx.beans.property.ReadOnlyBooleanWrapper$ReadOnlyPropertyImpl::get (8 bytes)
Event: 140.856 Thread 0x0000000016f6a800 nmethod 6792 0x0000000002c08590 code [0x0000000002c08700, 0x0000000002c08a68]
Event: 140.956 Thread 0x0000000016f6a800 6793       3       java.io.BufferedWriter::<init> (9 bytes)
Event: 140.957 Thread 0x0000000016f6a800 nmethod 6793 0x0000000002c081d0 code [0x0000000002c08340, 0x0000000002c084e8]
Event: 140.957 Thread 0x0000000016f6a800 6794       3       java.io.BufferedWriter::<init> (61 bytes)
Event: 140.958 Thread 0x0000000016f6a800 nmethod 6794 0x00000000036ae150 code [0x00000000036ae320, 0x00000000036aea68]
Event: 141.246 Thread 0x0000000016f6a800 6795       3       java.util.ResourceBundle$CacheKey::calculateHashCode (52 bytes)
Event: 141.247 Thread 0x0000000016f6a800 nmethod 6795 0x00000000036ad750 code [0x00000000036ad900, 0x00000000036adf48]

GC Heap History (10 events):
Event: 81.407 GC heap before
{Heap before GC invocations=17 (full 3):
 PSYoungGen      total 165376K, used 129093K [0x00000000d5e00000, 0x00000000e6c00000, 0x0000000100000000)
  eden space 88064K, 99% used [0x00000000d5e00000,0x00000000db36a120,0x00000000db400000)
  from space 77312K, 53% used [0x00000000db400000,0x00000000ddca75b8,0x00000000dff80000)
  to   space 76800K, 0% used [0x00000000e2100000,0x00000000e2100000,0x00000000e6c00000)
 ParOldGen       total 302592K, used 200682K [0x0000000081a00000, 0x0000000094180000, 0x00000000d5e00000)
  object space 302592K, 66% used [0x0000000081a00000,0x000000008ddfab80,0x0000000094180000)
 Metaspace       used 26261K, capacity 27792K, committed 27904K, reserved 1073152K
  class space    used 3465K, capacity 3770K, committed 3840K, reserved 1048576K
Event: 81.488 GC heap after
Heap after GC invocations=17 (full 3):
 PSYoungGen      total 188416K, used 21559K [0x00000000d5e00000, 0x00000000e6400000, 0x0000000100000000)
  eden space 119808K, 0% used [0x00000000d5e00000,0x00000000d5e00000,0x00000000dd300000)
  from space 68608K, 31% used [0x00000000e2100000,0x00000000e360dea0,0x00000000e6400000)
  to   space 74240K, 0% used [0x00000000dd300000,0x00000000dd300000,0x00000000e1b80000)
 ParOldGen       total 302592K, used 240442K [0x0000000081a00000, 0x0000000094180000, 0x00000000d5e00000)
  object space 302592K, 79% used [0x0000000081a00000,0x00000000904ceab8,0x0000000094180000)
 Metaspace       used 26261K, capacity 27792K, committed 27904K, reserved 1073152K
  class space    used 3465K, capacity 3770K, committed 3840K, reserved 1048576K
}
Event: 97.119 GC heap before
{Heap before GC invocations=18 (full 3):
 PSYoungGen      total 188416K, used 140561K [0x00000000d5e00000, 0x00000000e6400000, 0x0000000100000000)
  eden space 119808K, 99% used [0x00000000d5e00000,0x00000000dd2366a8,0x00000000dd300000)
  from space 68608K, 31% used [0x00000000e2100000,0x00000000e360dea0,0x00000000e6400000)
  to   space 74240K, 0% used [0x00000000dd300000,0x00000000dd300000,0x00000000e1b80000)
 ParOldGen       total 302592K, used 240442K [0x0000000081a00000, 0x0000000094180000, 0x00000000d5e00000)
  object space 302592K, 79% used [0x0000000081a00000,0x00000000904ceab8,0x0000000094180000)
 Metaspace       used 26480K, capacity 28020K, committed 28160K, reserved 1073152K
  class space    used 3467K, capacity 3770K, committed 3840K, reserved 1048576K
Event: 97.130 GC heap after
Heap after GC invocations=18 (full 3):
 PSYoungGen      total 194048K, used 6459K [0x00000000d5e00000, 0x00000000e8800000, 0x0000000100000000)
  eden space 119808K, 0% used [0x00000000d5e00000,0x00000000d5e00000,0x00000000dd300000)
  from space 74240K, 8% used [0x00000000dd300000,0x00000000dd94ef10,0x00000000e1b80000)
  to   space 73728K, 0% used [0x00000000e4000000,0x00000000e4000000,0x00000000e8800000)
 ParOldGen       total 302592K, used 254086K [0x0000000081a00000, 0x0000000094180000, 0x00000000d5e00000)
  object space 302592K, 83% used [0x0000000081a00000,0x0000000091221b38,0x0000000094180000)
 Metaspace       used 26480K, capacity 28020K, committed 28160K, reserved 1073152K
  class space    used 3467K, capacity 3770K, committed 3840K, reserved 1048576K
}
Event: 119.464 GC heap before
{Heap before GC invocations=19 (full 3):
 PSYoungGen      total 194048K, used 125840K [0x00000000d5e00000, 0x00000000e8800000, 0x0000000100000000)
  eden space 119808K, 99% used [0x00000000d5e00000,0x00000000dd295158,0x00000000dd300000)
  from space 74240K, 8% used [0x00000000dd300000,0x00000000dd94ef10,0x00000000e1b80000)
  to   space 73728K, 0% used [0x00000000e4000000,0x00000000e4000000,0x00000000e8800000)
 ParOldGen       total 302592K, used 255551K [0x0000000081a00000, 0x0000000094180000, 0x00000000d5e00000)
  object space 302592K, 84% used [0x0000000081a00000,0x000000009138fea8,0x0000000094180000)
 Metaspace       used 26658K, capacity 28244K, committed 28416K, reserved 1073152K
  class space    used 3481K, capacity 3780K, committed 3840K, reserved 1048576K
Event: 119.505 GC heap after
Heap after GC invocations=19 (full 3):
 PSYoungGen      total 217088K, used 15813K [0x00000000d5e00000, 0x00000000e7f00000, 0x0000000100000000)
  eden space 152576K, 0% used [0x00000000d5e00000,0x00000000d5e00000,0x00000000df300000)
  from space 64512K, 24% used [0x00000000e4000000,0x00000000e4f714c8,0x00000000e7f00000)
  to   space 71680K, 0% used [0x00000000df300000,0x00000000df300000,0x00000000e3900000)
 ParOldGen       total 302592K, used 256777K [0x0000000081a00000, 0x0000000094180000, 0x00000000d5e00000)
  object space 302592K, 84% used [0x0000000081a00000,0x00000000914c26b8,0x0000000094180000)
 Metaspace       used 26658K, capacity 28244K, committed 28416K, reserved 1073152K
  class space    used 3481K, capacity 3780K, committed 3840K, reserved 1048576K
}
Event: 125.075 GC heap before
{Heap before GC invocations=20 (full 4):
 PSYoungGen      total 217088K, used 168389K [0x00000000d5e00000, 0x00000000e7f00000, 0x0000000100000000)
  eden space 152576K, 100% used [0x00000000d5e00000,0x00000000df300000,0x00000000df300000)
  from space 64512K, 24% used [0x00000000e4000000,0x00000000e4f714c8,0x00000000e7f00000)
  to   space 71680K, 0% used [0x00000000df300000,0x00000000df300000,0x00000000e3900000)
 ParOldGen       total 302592K, used 271620K [0x0000000081a00000, 0x0000000094180000, 0x00000000d5e00000)
  object space 302592K, 89% used [0x0000000081a00000,0x0000000092341238,0x0000000094180000)
 Metaspace       used 26690K, capacity 28248K, committed 28416K, reserved 1073152K
  class space    used 3481K, capacity 3780K, committed 3840K, reserved 1048576K
Event: 125.314 GC heap after
Heap after GC invocations=20 (full 4):
 PSYoungGen      total 217088K, used 0K [0x00000000d5e00000, 0x00000000e7f00000, 0x0000000100000000)
  eden space 152576K, 0% used [0x00000000d5e00000,0x00000000d5e00000,0x00000000df300000)
  from space 64512K, 0% used [0x00000000e4000000,0x00000000e4000000,0x00000000e7f00000)
  to   space 71680K, 0% used [0x00000000df300000,0x00000000df300000,0x00000000e3900000)
 ParOldGen       total 464896K, used 269144K [0x0000000081a00000, 0x000000009e000000, 0x00000000d5e00000)
  object space 464896K, 57% used [0x0000000081a00000,0x00000000920d61f0,0x000000009e000000)
 Metaspace       used 26690K, capacity 28248K, committed 28416K, reserved 1073152K
  class space    used 3481K, capacity 3780K, committed 3840K, reserved 1048576K
}
Event: 130.779 GC heap before
{Heap before GC invocations=21 (full 4):
 PSYoungGen      total 217088K, used 152576K [0x00000000d5e00000, 0x00000000e7f00000, 0x0000000100000000)
  eden space 152576K, 100% used [0x00000000d5e00000,0x00000000df300000,0x00000000df300000)
  from space 64512K, 0% used [0x00000000e4000000,0x00000000e4000000,0x00000000e7f00000)
  to   space 71680K, 0% used [0x00000000df300000,0x00000000df300000,0x00000000e3900000)
 ParOldGen       total 464896K, used 269180K [0x0000000081a00000, 0x000000009e000000, 0x00000000d5e00000)
  object space 464896K, 57% used [0x0000000081a00000,0x00000000920df190,0x000000009e000000)
 Metaspace       used 26738K, capacity 28312K, committed 28416K, reserved 1073152K
  class space    used 3482K, capacity 3780K, committed 3840K, reserved 1048576K
Event: 130.815 GC heap after
Heap after GC invocations=21 (full 4):
 PSYoungGen      total 224256K, used 69143K [0x00000000d5e00000, 0x00000000eaf80000, 0x0000000100000000)
  eden space 152576K, 0% used [0x00000000d5e00000,0x00000000d5e00000,0x00000000df300000)
  from space 71680K, 96% used [0x00000000df300000,0x00000000e3685e78,0x00000000e3900000)
  to   space 82432K, 0% used [0x00000000e5f00000,0x00000000e5f00000,0x00000000eaf80000)
 ParOldGen       total 464896K, used 292625K [0x0000000081a00000, 0x000000009e000000, 0x00000000d5e00000)
  object space 464896K, 62% used [0x0000000081a00000,0x00000000937c47d0,0x000000009e000000)
 Metaspace       used 26738K, capacity 28312K, committed 28416K, reserved 1073152K
  class space    used 3482K, capacity 3780K, committed 3840K, reserved 1048576K
}

Deoptimization events (10 events):
Event: 118.095 Thread 0x0000000018c5e800 Uncommon trap: reason=array_check action=maybe_recompile pc=0x0000000002ad367c method=com.sun.javafx.css.CompoundSelector.applies(Ljavafx/css/Styleable;[Ljava/util/Set;I)Z @ 128
Event: 118.096 Thread 0x0000000018c5e800 Uncommon trap: reason=array_check action=maybe_recompile pc=0x0000000002ad367c method=com.sun.javafx.css.CompoundSelector.applies(Ljavafx/css/Styleable;[Ljava/util/Set;I)Z @ 128
Event: 118.096 Thread 0x0000000018c5e800 Uncommon trap: reason=array_check action=maybe_recompile pc=0x0000000002ad367c method=com.sun.javafx.css.CompoundSelector.applies(Ljavafx/css/Styleable;[Ljava/util/Set;I)Z @ 128
Event: 124.524 Thread 0x000000001bddc800 Uncommon trap: reason=unstable_if action=reinterpret pc=0x0000000003367bd4 method=velocity.cookie.Cookie.pathMatches(Ljava/lang/String;Ljava/lang/String;)Z @ 20
Event: 131.959 Thread 0x0000000018c5e800 Uncommon trap: reason=unstable_if action=reinterpret pc=0x0000000003508f74 method=javafx.scene.Node.impl_pickNode(Lcom/sun/javafx/geom/PickRay;Lcom/sun/javafx/scene/input/PickResultChooser;)V @ 11
Event: 131.974 Thread 0x0000000018c5e800 Uncommon trap: reason=unstable_if action=reinterpret pc=0x0000000003457bec method=javafx.scene.Node.impl_pickNode(Lcom/sun/javafx/geom/PickRay;Lcom/sun/javafx/scene/input/PickResultChooser;)V @ 11
Event: 134.805 Thread 0x0000000018c4b000 Uncommon trap: reason=unstable_if action=reinterpret pc=0x000000000362f150 method=com.sun.javafx.webkit.prism.WCBufferedContext.shouldRenderRect(FFFFLcom/sun/scenario/effect/DropShadow;Lcom/sun/prism/BasicStroke;)Z @ 11
Event: 138.749 Thread 0x0000000018c4b000 Uncommon trap: reason=intrinsic action=make_not_entrant pc=0x00000000036384f8 method=com.sun.prism.impl.ps.BaseShaderGraphics.drawString(Lcom/sun/javafx/scene/text/GlyphList;Lcom/sun/javafx/font/FontStrike;FFLcom/sun/prism/paint/Color;II)V @ 559
Event: 139.830 Thread 0x0000000018c5e800 Uncommon trap: reason=unstable_if action=reinterpret pc=0x00000000033c2990 method=sun.text.bidi.BidiBase.IsDefaultLevel(B)Z @ 6
Event: 139.830 Thread 0x0000000018c5e800 Uncommon trap: reason=unstable_if action=reinterpret pc=0x00000000033220c4 method=com.sun.javafx.text.PrismTextLayout.shape(Lcom/sun/javafx/text/TextRun;[CLcom/sun/javafx/text/GlyphLayout;)V @ 308

Internal exceptions (10 events):
Event: 79.391 Thread 0x0000000018c4b000 Implicit null exception at 0x0000000002e9cc69 to 0x0000000002e9d0fc
Event: 79.391 Thread 0x0000000018c4b000 Exception <a 'java/lang/NullPointerException'> (0x00000000daddf590) thrown at [C:\re\workspace\8-2-build-windows-amd64-cygwin\jdk8u72\5732\hotspot\src\share\vm\runtime\sharedRuntime.cpp, line 605]
Event: 79.391 Thread 0x0000000018c4b000 Implicit null exception at 0x0000000002e9cc69 to 0x0000000002e9d0fc
Event: 79.392 Thread 0x0000000018c4b000 Exception <a 'java/lang/NullPointerException'> (0x00000000daddff80) thrown at [C:\re\workspace\8-2-build-windows-amd64-cygwin\jdk8u72\5732\hotspot\src\share\vm\runtime\sharedRuntime.cpp, line 605]
Event: 79.392 Thread 0x0000000018c4b000 Implicit null exception at 0x0000000002e9cc69 to 0x0000000002e9d0fc
Event: 79.392 Thread 0x0000000018c4b000 Exception <a 'java/lang/NullPointerException'> (0x00000000dade0970) thrown at [C:\re\workspace\8-2-build-windows-amd64-cygwin\jdk8u72\5732\hotspot\src\share\vm\runtime\sharedRuntime.cpp, line 605]
Event: 79.392 Thread 0x0000000018c4b000 Implicit null exception at 0x0000000002e9cc69 to 0x0000000002e9d0fc
Event: 79.392 Thread 0x0000000018c4b000 Exception <a 'java/lang/NullPointerException'> (0x00000000dade1360) thrown at [C:\re\workspace\8-2-build-windows-amd64-cygwin\jdk8u72\5732\hotspot\src\share\vm\runtime\sharedRuntime.cpp, line 605]
Event: 108.145 Thread 0x0000000018c4b000 Implicit null exception at 0x000000000344f306 to 0x0000000003450105
Event: 118.038 Thread 0x000000001e0e1800 Exception <a 'sun/nio/fs/WindowsException'> (0x00000000dab24bb8) thrown at [C:\re\workspace\8-2-build-windows-amd64-cygwin\jdk8u72\5732\hotspot\src\share\vm\prims\jni.cpp, line 709]

Events (10 events):
Event: 140.376 Executing VM operation: RevokeBias
Event: 140.376 Executing VM operation: RevokeBias done
Event: 140.378 Executing VM operation: RevokeBias
Event: 140.378 Executing VM operation: RevokeBias done
Event: 140.378 Executing VM operation: RevokeBias
Event: 140.379 Executing VM operation: RevokeBias done
Event: 140.474 Thread 0x000000001e0e2000 Thread exited: 0x000000001e0e2000
Event: 140.489 Thread 0x0000000016f6a800 flushing nmethod 0x00000000034577d0
Event: 140.559 Thread 0x0000000016f5f800 flushing nmethod 0x00000000035086d0
Event: 140.595 Thread 0x000000001e0e0800 Thread exited: 0x000000001e0e0800


Dynamic libraries:
0x00007ff75ced0000 - 0x00007ff75cf07000 	C:\Program Files\Java\jdk1.8.0_72\jre\bin\java.exe
0x00007ff96d6a0000 - 0x00007ff96d861000 	C:\WINDOWS\SYSTEM32\ntdll.dll
0x00007ff96d400000 - 0x00007ff96d4ad000 	C:\WINDOWS\system32\KERNEL32.DLL
0x00007ff969d50000 - 0x00007ff969f38000 	C:\WINDOWS\system32\KERNELBASE.dll
0x00007ff96bbe0000 - 0x00007ff96bc87000 	C:\WINDOWS\system32\ADVAPI32.dll
0x00007ff96d600000 - 0x00007ff96d69d000 	C:\WINDOWS\system32\msvcrt.dll
0x00007ff96bb60000 - 0x00007ff96bbbb000 	C:\WINDOWS\system32\sechost.dll
0x00007ff96b9b0000 - 0x00007ff96bacc000 	C:\WINDOWS\system32\RPCRT4.dll
0x00007ff96ad80000 - 0x00007ff96aed6000 	C:\WINDOWS\system32\USER32.dll
0x00007ff96b000000 - 0x00007ff96b186000 	C:\WINDOWS\system32\GDI32.dll
0x00007ff95f450000 - 0x00007ff95f6c4000 	C:\WINDOWS\WinSxS\amd64_microsoft.windows.common-controls_6595b64144ccf1df_6.0.10586.0_none_8c15ae12515e1c22\COMCTL32.dll
0x00007ff96ab00000 - 0x00007ff96ad7d000 	C:\WINDOWS\system32\combase.dll
0x00007ff96a170000 - 0x00007ff96a1da000 	C:\WINDOWS\system32\bcryptPrimitives.dll
0x00007ff96bc90000 - 0x00007ff96bccb000 	C:\WINDOWS\system32\IMM32.DLL
0x0000000072a50000 - 0x0000000072b22000 	C:\Program Files\Java\jdk1.8.0_72\jre\bin\msvcr100.dll
0x0000000071a30000 - 0x00000000722c0000 	C:\Program Files\Java\jdk1.8.0_72\jre\bin\server\jvm.dll
0x00007ff96bb50000 - 0x00007ff96bb58000 	C:\WINDOWS\system32\PSAPI.DLL
0x00007ff9683f0000 - 0x00007ff968413000 	C:\WINDOWS\SYSTEM32\WINMM.dll
0x00007ff95c6b0000 - 0x00007ff95c6b9000 	C:\WINDOWS\SYSTEM32\WSOCK32.dll
0x00007ff95e970000 - 0x00007ff95e97a000 	C:\WINDOWS\SYSTEM32\VERSION.dll
0x00007ff967fd0000 - 0x00007ff967ffc000 	C:\WINDOWS\SYSTEM32\WINMMBASE.dll
0x00007ff96a340000 - 0x00007ff96a383000 	C:\WINDOWS\system32\cfgmgr32.dll
0x00007ff96d390000 - 0x00007ff96d3fb000 	C:\WINDOWS\system32\WS2_32.dll
0x0000000072a00000 - 0x0000000072a0f000 	C:\Program Files\Java\jdk1.8.0_72\jre\bin\verify.dll
0x00000000729d0000 - 0x00000000729f9000 	C:\Program Files\Java\jdk1.8.0_72\jre\bin\java.dll
0x00000000729b0000 - 0x00000000729c6000 	C:\Program Files\Java\jdk1.8.0_72\jre\bin\zip.dll
0x00007ff96be30000 - 0x00007ff96d38c000 	C:\WINDOWS\system32\SHELL32.dll
0x00007ff96a450000 - 0x00007ff96aa94000 	C:\WINDOWS\system32\windows.storage.dll
0x00007ff96aaa0000 - 0x00007ff96aaf2000 	C:\WINDOWS\system32\shlwapi.dll
0x00007ff969ce0000 - 0x00007ff969cef000 	C:\WINDOWS\system32\kernel.appcore.dll
0x00007ff96a390000 - 0x00007ff96a445000 	C:\WINDOWS\system32\shcore.dll
0x00007ff969cf0000 - 0x00007ff969d3b000 	C:\WINDOWS\system32\powrprof.dll
0x00007ff969cc0000 - 0x00007ff969cd4000 	C:\WINDOWS\system32\profapi.dll
0x00007ff952300000 - 0x00007ff9523ef000 	C:\Program Files\Java\jdk1.8.0_72\jre\bin\msvcr120.dll
0x00007ff951a50000 - 0x00007ff951af6000 	C:\Program Files\Java\jdk1.8.0_72\jre\bin\msvcp120.dll
0x00000000716c0000 - 0x00000000716e3000 	C:\Program Files\Java\jdk1.8.0_72\jre\bin\prism_d3d.dll
0x00007ff944160000 - 0x00007ff944370000 	C:\WINDOWS\system32\d3d9.dll
0x00007ff967900000 - 0x00007ff967922000 	C:\WINDOWS\SYSTEM32\dwmapi.dll
0x00007ff968640000 - 0x00007ff9686d6000 	C:\WINDOWS\system32\uxtheme.dll
0x00007ff939550000 - 0x00007ff93a170000 	C:\WINDOWS\SYSTEM32\igdumd64.dll
0x0000000071670000 - 0x00000000716b3000 	C:\Program Files\Java\jdk1.8.0_72\jre\bin\glass.dll
0x00007ff96aee0000 - 0x00007ff96afeb000 	C:\WINDOWS\system32\COMDLG32.dll
0x00007ff96a1e0000 - 0x00007ff96a266000 	C:\WINDOWS\system32\FirewallAPI.dll
0x00007ff96a270000 - 0x00007ff96a287000 	C:\WINDOWS\system32\NETAPI32.dll
0x00007ff96d4b0000 - 0x00007ff96d5f3000 	C:\WINDOWS\system32\ole32.dll
0x00007ff96b880000 - 0x00007ff96b941000 	C:\WINDOWS\system32\OLEAUT32.dll
0x00007ff9607d0000 - 0x00007ff9607dc000 	C:\WINDOWS\SYSTEM32\DAVHLPR.DLL
0x00007ff968a40000 - 0x00007ff968a72000 	C:\WINDOWS\SYSTEM32\fwbase.dll
0x00007ff96bcd0000 - 0x00007ff96be2a000 	C:\WINDOWS\system32\MSCTF.dll
0x00007ff9596e0000 - 0x00007ff959729000 	C:\Program Files (x86)\TeamViewer\tv_x64.dll
0x0000000180000000 - 0x0000000180110000 	C:\Windows\system32\rlls64.dll
0x00007ff955190000 - 0x00007ff9551fa000 	C:\Windows\system32\OLEACC.dll
0x00007ff965270000 - 0x00007ff965519000 	C:\Windows\system32\WININET.dll
0x00007ff9691b0000 - 0x00007ff9691e1000 	C:\WINDOWS\SYSTEM32\ntmarta.dll
0x00007ff969210000 - 0x00007ff96928a000 	C:\WINDOWS\SYSTEM32\Schannel.dll
0x00007ff969fa0000 - 0x00007ff96a168000 	C:\WINDOWS\system32\CRYPT32.dll
0x00007ff969d40000 - 0x00007ff969d50000 	C:\WINDOWS\system32\MSASN1.dll
0x00007ff969940000 - 0x00007ff96996d000 	C:\WINDOWS\SYSTEM32\SspiCli.dll
0x00007ff969590000 - 0x00007ff9695ec000 	C:\WINDOWS\system32\mswsock.dll
0x0000000071930000 - 0x0000000071954000 	C:\Program Files\Java\jdk1.8.0_72\jre\bin\sunec.dll
0x00007ff969640000 - 0x00007ff969657000 	C:\WINDOWS\SYSTEM32\CRYPTSP.dll
0x00007ff9692d0000 - 0x00007ff969304000 	C:\WINDOWS\system32\rsaenh.dll
0x00007ff969bf0000 - 0x00007ff969c19000 	C:\WINDOWS\SYSTEM32\bcrypt.dll
0x00007ff969420000 - 0x00007ff96943f000 	C:\WINDOWS\SYSTEM32\USERENV.dll
0x00007ff969760000 - 0x00007ff96976b000 	C:\WINDOWS\SYSTEM32\CRYPTBASE.dll
0x0000000072990000 - 0x00000000729aa000 	C:\Program Files\Java\jdk1.8.0_72\jre\bin\net.dll
0x00007ff966c90000 - 0x00007ff966cc8000 	C:\WINDOWS\SYSTEM32\IPHLPAPI.DLL
0x00007ff96aff0000 - 0x00007ff96aff8000 	C:\WINDOWS\system32\NSI.dll
0x00007ff9617a0000 - 0x00007ff9617b6000 	C:\WINDOWS\SYSTEM32\dhcpcsvc6.DLL
0x00007ff961780000 - 0x00007ff96179a000 	C:\WINDOWS\SYSTEM32\dhcpcsvc.DLL
0x0000000072970000 - 0x0000000072981000 	C:\Program Files\Java\jdk1.8.0_72\jre\bin\nio.dll
0x000000006ef30000 - 0x00000000714be000 	C:\Program Files\Java\jdk1.8.0_72\jre\bin\jfxwebkit.dll
0x0000000071650000 - 0x0000000071664000 	C:\Program Files\Java\jdk1.8.0_72\jre\bin\javafx_font.dll
0x00007ff963aa0000 - 0x00007ff963d00000 	C:\WINDOWS\SYSTEM32\dwrite.dll
0x00007ff95aa80000 - 0x00007ff95aa96000 	C:\WINDOWS\system32\napinsp.dll
0x00007ff95aaa0000 - 0x00007ff95aaba000 	C:\WINDOWS\system32\pnrpnsp.dll
0x00007ff967ce0000 - 0x00007ff967cf8000 	C:\WINDOWS\system32\NLAapi.dll
0x00007ff9686e0000 - 0x00007ff96878a000 	C:\WINDOWS\SYSTEM32\DNSAPI.dll
0x00007ff95ab00000 - 0x00007ff95ab0d000 	C:\WINDOWS\System32\winrnr.dll
0x0000000073550000 - 0x0000000073576000 	C:\Program Files\Bonjour\mdnsNSP.dll
0x00007ff9617d0000 - 0x00007ff961837000 	C:\WINDOWS\System32\fwpuclnt.dll
0x00007ff95ed50000 - 0x00007ff95ed5a000 	C:\Windows\System32\rasadhlp.dll
0x00007ff96b770000 - 0x00007ff96b817000 	C:\WINDOWS\system32\clbcatq.dll
0x00007ff965520000 - 0x00007ff9656d1000 	C:\WINDOWS\SYSTEM32\WindowsCodecs.dll
0x00007ff955140000 - 0x00007ff95518a000 	C:\WINDOWS\system32\dataexchange.dll
0x00007ff967490000 - 0x00007ff967738000 	C:\WINDOWS\system32\d3d11.dll
0x00007ff967eb0000 - 0x00007ff967f93000 	C:\WINDOWS\system32\dcomp.dll
0x00007ff9673e0000 - 0x00007ff967482000 	C:\WINDOWS\system32\dxgi.dll
0x00007ff9687c0000 - 0x00007ff9688c0000 	C:\WINDOWS\system32\twinapi.appcore.dll
0x00007ff95df00000 - 0x00007ff95df34000 	C:\Program Files\Common Files\Microsoft Shared\Ink\rtscom.dll
0x0000000071630000 - 0x0000000071641000 	C:\Program Files\Java\jdk1.8.0_72\jre\bin\prism_common.dll
0x0000000071600000 - 0x0000000071623000 	C:\Program Files\Java\jdk1.8.0_72\jre\bin\javafx_iio.dll
0x0000000071580000 - 0x00000000715f2000 	C:\Program Files\Java\jdk1.8.0_72\jre\bin\glib-lite.dll
0x000000006ee90000 - 0x000000006ef2c000 	C:\Program Files\Java\jdk1.8.0_72\jre\bin\gstreamer-lite.dll
0x00007ff962130000 - 0x00007ff9621cc000 	C:\WINDOWS\SYSTEM32\DSOUND.dll
0x0000000071550000 - 0x0000000071575000 	C:\Program Files\Java\jdk1.8.0_72\jre\bin\jfxmedia.dll
0x00007ff959060000 - 0x00007ff9591ec000 	C:\WINDOWS\SYSTEM32\dbghelp.dll

VM Arguments:
jvm_args: -Dfile.encoding=UTF-8 -Djava.net.preferIPv4Stack=true 
java_command: C:\Users\Aniket\Documents\NetBeansProjects\Velocity\dist\run1628732460\Velocity.jar
java_class_path (initial): C:\Users\Aniket\Documents\NetBeansProjects\Velocity\dist\run1628732460\Velocity.jar
Launcher Type: SUN_STANDARD

Environment Variables:
JAVA_HOME=C:\Program Files\Java\jdk1.8.0_72
_JAVA_OPTIONS=-Djava.net.preferIPv4Stack=true
PATH=C:\Python34\Lib\site-packages\PyQt5;C:\ProgramData\Oracle\Java\javapath;C:\Python27\Lib\site-packages\PyQt4;C:\Program Files (x86)\HP SimplePass\x64;C:\Program Files (x86)\HP SimplePass\;C:\Program Files (x86)\Intel\iCLS Client\;C:\Program Files\Intel\iCLS Client\;C:\WINDOWS\system32;C:\WINDOWS;C:\WINDOWS\System32\Wbem;C:\WINDOWS\System32\WindowsPowerShell\v1.0\;C:\Program Files (x86)\Windows Live\Shared;C:\Program Files\Intel\Intel(R) Management Engine Components\DAL;C:\Program Files\Intel\Intel(R) Management Engine Components\IPT;C:\Program Files (x86)\Intel\Intel(R) Management Engine Components\DAL;C:\Program Files (x86)\Intel\Intel(R) Management Engine Components\IPT;C:\Program Files (x86)\Intel\OpenCL SDK\2.0\bin\x86;C:\Program Files (x86)\Intel\OpenCL SDK\2.0\bin\x64;C:\Program Files (x86)\Pinnacle\Shared Files\;C:\Program Files (x86)\Pinnacle\Shared Files\Filter\;C:\Program Files\nodejs;C:\Program Files (x86)\Inno Setup 5;C:\Program Files (x86)\WiX Toolset v3.8\bin\;C:\Program Files (x86)\QuickTime\QTSystem\;C:\Program Files\Mercurial;C:\Users\Aniket\Downloads\gradle-2.3-bin\gradle-2.3\bin;C:\Program Files (x86)\GtkSharp\2.12\bin;C:\Program Files (x86)\Windows Kits\8.1\Windows Performance Toolkit\;C:\Program Files\Microsoft SQL Server\110\Tools\Binn\;C:\Program Files (x86)\Microsoft SDKs\TypeScript\1.0\;C:\Program Files\nodejs\;C:\Users\Aniket\Downloads\android-ndk-r10e;C:\Program Files (x86)\Skype\Phone\;C:\Users\Aniket\AppData\Roaming\npm;C:\GNUstep\bin;C:\GNUstep\GNUstep\System\Tools;C:\Users\Aniket\AppData\Local\Programs\Git\cmd
USERNAME=Aniket
OS=Windows_NT
PROCESSOR_IDENTIFIER=Intel64 Family 6 Model 42 Stepping 7, GenuineIntel



---------------  S Y S T E M  ---------------

OS: Windows 10.0 , 64 bit Build 10586 (10.0.10586.0)

CPU:total 4 (2 cores per cpu, 2 threads per core) family 6 model 42 stepping 7, cmov, cx8, fxsr, mmx, sse, sse2, sse3, ssse3, sse4.1, sse4.2, popcnt, avx, aes, clmul, ht, tsc, tscinvbit

Memory: 4k page, physical 8275228k(1889700k free), swap 10053952k(2631348k free)

vm_info: Java HotSpot(TM) 64-Bit Server VM (25.72-b15) for windows-amd64 JRE (1.8.0_72-b15), built on Dec 22 2015 19:16:16 by "java_re" with MS VC++ 10.0 (VS2010)

time: Fri May 20 14:08:12 2016
elapsed time: 141 seconds (0d 0h 2m 21s)

