#
# A fatal error has been detected by the Java Runtime Environment:
#
#  EXCEPTION_ACCESS_VIOLATION (0xc0000005) at pc=0x000000006f6dda48, pid=19024, tid=8832
#
# JRE version: Java(TM) SE Runtime Environment (8.0_72-b15) (build 1.8.0_72-b15)
# Java VM: Java HotSpot(TM) 64-Bit Server VM (25.72-b15 mixed mode windows-amd64 compressed oops)
# Problematic frame:
# C  [jfxwebkit.dll+0x7ada48]
#
# Failed to write core dump. Minidumps are not enabled by default on client versions of Windows
#
# If you would like to submit a bug report, please visit:
#   http://bugreport.java.com/bugreport/crash.jsp
# The crash happened outside the Java Virtual Machine in native code.
# See problematic frame for where to report the bug.
#

---------------  T H R E A D  ---------------

Current thread (0x000000001906a800):  JavaThread "JavaFX Application Thread" [_thread_in_native, id=8832, stack(0x0000000019a90000,0x0000000019b90000)]

siginfo: ExceptionCode=0xc0000005, reading address 0x0000000000000068

Registers:
RAX=0x0000000000000000, RBX=0x0000000027b65fb0, RCX=0x000000006f6dda39, RDX=0x0000000019b8d9f0
RSP=0x0000000019b8d830, RBP=0x0000000000000001, RSI=0x0000000000000000, RDI=0x0000000019b8d9f0
R8 =0x0000000000000000, R9 =0x000000002769e928, R10=0x0000000000000000, R11=0x00000000700b6bb2
R12=0x0000000019b8db20, R13=0x000000001d479898, R14=0x000000002769e928, R15=0x000000006ef30000
RIP=0x000000006f6dda48, EFLAGS=0x0000000000010246

Top of Stack: (sp=0x0000000019b8d830)
0x0000000019b8d830:   0000000019b8d9f0 0000000019b8da70
0x0000000019b8d840:   0000000019b8db20 000000006f7eafe8
0x0000000019b8d850:   fffffffffffffffe 00000000700b6ba0
0x0000000019b8d860:   0000000027b5e3a0 000000002769e5f0
0x0000000019b8d870:   0000000027b65fb0 000000006f70e1db
0x0000000019b8d880:   000000002769e5f0 000000002769e5f0
0x0000000019b8d890:   0000000019b8d9f0 0000000000000001
0x0000000019b8d8a0:   0000000000000000 0000000027d28940
0x0000000019b8d8b0:   fffffffffffffffe 0000000027b5e3a0
0x0000000019b8d8c0:   000000052769e5f3 0000000800000008
0x0000000019b8d8d0:   0000001600000008 0000002700000016
0x0000000019b8d8e0:   0000002800000028 0000000000000028
0x0000000019b8d8f0:   000000001906a800 0000000019b8db18
0x0000000019b8d900:   0000000000000000 0000000019b8db20
0x0000000019b8d910:   0000000019b8d9f0 000000006f709721
0x0000000019b8d920:   000000002769e5f0 000000002769e5f0 

Instructions: (pc=0x000000006f6dda48)
0x000000006f6dda28:   8b d7 48 8b 48 68 e8 5d cb 04 00 84 c0 75 40 eb
0x000000006f6dda38:   50 40 84 f6 75 39 48 8b 43 38 45 33 c0 48 8b d7
0x000000006f6dda48:   48 8b 48 68 e8 3f bd 04 00 84 c0 75 22 eb 32 40
0x000000006f6dda58:   84 f6 75 1b 48 8b 43 38 45 33 c0 48 8b d7 48 8b 


Register to memory mapping:

RAX=0x0000000000000000 is an unknown value
RBX=0x0000000027b65fb0 is an unknown value
RCX=0x000000006f6dda39 is an unknown value
RDX=0x0000000019b8d9f0 is pointing into the stack for thread: 0x000000001906a800
RSP=0x0000000019b8d830 is pointing into the stack for thread: 0x000000001906a800
RBP=0x0000000000000001 is an unknown value
RSI=0x0000000000000000 is an unknown value
RDI=0x0000000019b8d9f0 is pointing into the stack for thread: 0x000000001906a800
R8 =0x0000000000000000 is an unknown value
R9 =0x000000002769e928 is an unknown value
R10=0x0000000000000000 is an unknown value
R11=0x00000000700b6bb2 is an unknown value
R12=0x0000000019b8db20 is pointing into the stack for thread: 0x000000001906a800
R13={method} {0x000000001d4798a0} 'twkWillSendRequest' '(Ljava/lang/String;Ljava/lang/String;ILjava/lang/String;Ljava/lang/String;JLjava/lang/String;Ljava/lang/String;J)Z' in 'com/sun/webkit/network/URLLoader'
R14=0x000000002769e928 is an unknown value
R15=0x000000006ef30000 is an unknown value


Stack: [0x0000000019a90000,0x0000000019b90000],  sp=0x0000000019b8d830,  free space=1014k
Native frames: (J=compiled Java code, j=interpreted, Vv=VM code, C=native code)
C  [jfxwebkit.dll+0x7ada48]
C  [jfxwebkit.dll+0x7de1db]
C  [jfxwebkit.dll+0x7d9721]
C  [jfxwebkit.dll+0x8c03b7]
C  [jfxwebkit.dll+0x8c08fb]
C  0x00000000025f5e34

Java frames: (J=compiled Java code, j=interpreted, Vv=VM code)
j  com.sun.webkit.network.URLLoader.twkWillSendRequest(Ljava/lang/String;Ljava/lang/String;ILjava/lang/String;Ljava/lang/String;JLjava/lang/String;Ljava/lang/String;J)Z+0
j  com.sun.webkit.network.URLLoader.notifyWillSendRequest(Ljava/lang/String;Ljava/lang/String;ILjava/lang/String;Ljava/lang/String;JLjava/lang/String;Ljava/lang/String;)Z+107
j  com.sun.webkit.network.URLLoader.lambda$willSendRequest$93(Ljava/lang/String;Ljava/lang/String;ILjava/lang/String;Ljava/lang/String;JLjava/lang/String;Ljava/lang/String;Ljava/util/concurrent/CountDownLatch;)V+21
j  com.sun.webkit.network.URLLoader$$Lambda$395.run()V+40
j  com.sun.javafx.application.PlatformImpl.lambda$null$173(Ljava/lang/Runnable;)Ljava/lang/Void;+1
j  com.sun.javafx.application.PlatformImpl$$Lambda$50.run()Ljava/lang/Object;+4
v  ~StubRoutines::call_stub
J 2404  java.security.AccessController.doPrivileged(Ljava/security/PrivilegedAction;Ljava/security/AccessControlContext;)Ljava/lang/Object; (0 bytes) @ 0x0000000002d34366 [0x0000000002d34300+0x66]
j  com.sun.javafx.application.PlatformImpl.lambda$runLater$174(Ljava/lang/Runnable;Ljava/security/AccessControlContext;)V+7
j  com.sun.javafx.application.PlatformImpl$$Lambda$49.run()V+8
J 2747 C1 com.sun.glass.ui.InvokeLaterDispatcher$Future.run()V (91 bytes) @ 0x000000000275b58c [0x000000000275b480+0x10c]
v  ~StubRoutines::call_stub
j  com.sun.glass.ui.win.WinApplication._runLoop(Ljava/lang/Runnable;)V+0
j  com.sun.glass.ui.win.WinApplication.lambda$null$148(ILjava/lang/Runnable;)V+8
j  com.sun.glass.ui.win.WinApplication$$Lambda$38.run()V+12
j  java.lang.Thread.run()V+11
v  ~StubRoutines::call_stub

---------------  P R O C E S S  ---------------

Java Threads: ( => current thread )
  0x0000000018af9000 JavaThread "URL-Loader-38" daemon [_thread_blocked, id=11708, stack(0x000000002ab40000,0x000000002ac40000)]
  0x0000000018afb000 JavaThread "URL-Loader-37" daemon [_thread_blocked, id=15320, stack(0x000000002aa40000,0x000000002ab40000)]
  0x0000000018afe000 JavaThread "URL-Loader-36" daemon [_thread_blocked, id=17260, stack(0x000000002a940000,0x000000002aa40000)]
  0x0000000018afa800 JavaThread "URL-Loader-35" daemon [_thread_in_native, id=20288, stack(0x000000002a840000,0x000000002a940000)]
  0x0000000018af8000 JavaThread "URL-Loader-34" daemon [_thread_blocked, id=1820, stack(0x000000002a440000,0x000000002a540000)]
  0x0000000018af3800 JavaThread "URL-Loader-33" daemon [_thread_blocked, id=19552, stack(0x000000002a340000,0x000000002a440000)]
  0x0000000018af9800 JavaThread "URL-Loader-32" daemon [_thread_blocked, id=16956, stack(0x000000002a240000,0x000000002a340000)]
  0x0000000018afd800 JavaThread "URL-Loader-31" daemon [_thread_blocked, id=7876, stack(0x0000000029f40000,0x000000002a040000)]
  0x0000000018afc000 JavaThread "URL-Loader-30" daemon [_thread_blocked, id=16552, stack(0x0000000029e40000,0x0000000029f40000)]
  0x0000000018af1800 JavaThread "URL-Loader-29" daemon [_thread_blocked, id=10812, stack(0x0000000029d40000,0x0000000029e40000)]
  0x0000000018af0800 JavaThread "URL-Loader-28" daemon [_thread_blocked, id=17240, stack(0x0000000029c40000,0x0000000029d40000)]
  0x0000000018af0000 JavaThread "URL-Loader-27" daemon [_thread_blocked, id=16740, stack(0x0000000029b40000,0x0000000029c40000)]
  0x0000000018af6800 JavaThread "URL-Loader-26" daemon [_thread_blocked, id=19156, stack(0x0000000029a40000,0x0000000029b40000)]
  0x0000000018af4800 JavaThread "URL-Loader-25" daemon [_thread_blocked, id=14560, stack(0x0000000029940000,0x0000000029a40000)]
  0x0000000018af2000 JavaThread "URL-Loader-24" daemon [_thread_blocked, id=9632, stack(0x0000000029840000,0x0000000029940000)]
  0x0000000018af6000 JavaThread "URL-Loader-23" daemon [_thread_blocked, id=18048, stack(0x0000000029540000,0x0000000029640000)]
  0x0000000018aef000 JavaThread "URL-Loader-22" daemon [_thread_blocked, id=7152, stack(0x0000000029340000,0x0000000029440000)]
  0x0000000018af5000 JavaThread "URL-Loader-21" daemon [_thread_blocked, id=19796, stack(0x0000000029240000,0x0000000029340000)]
  0x0000000018af3000 JavaThread "Thread-16" daemon [_thread_in_native, id=17004, stack(0x00000000269f0000,0x0000000026af0000)]
  0x0000000018c73000 JavaThread "Keep-Alive-Timer" daemon [_thread_blocked, id=17764, stack(0x0000000023fa0000,0x00000000240a0000)]
  0x0000000019799000 JavaThread "Watchdog-Timer-1" daemon [_thread_blocked, id=3976, stack(0x00000000219a0000,0x0000000021aa0000)]
  0x000000001967e800 JavaThread "Prism Font Disposer" daemon [_thread_blocked, id=11688, stack(0x000000001fec0000,0x000000001ffc0000)]
  0x00000000193e2000 JavaThread "Disposer" daemon [_thread_blocked, id=5052, stack(0x000000001cef0000,0x000000001cff0000)]
  0x00000000192a0800 JavaThread "JavaFX-Launcher" [_thread_blocked, id=12652, stack(0x000000001c5f0000,0x000000001c6f0000)]
  0x00000000190ce000 JavaThread "Thread-2" daemon [_thread_in_native, id=9404, stack(0x000000001c2f0000,0x000000001c3f0000)]
=>0x000000001906a800 JavaThread "JavaFX Application Thread" [_thread_in_native, id=8832, stack(0x0000000019a90000,0x0000000019b90000)]
  0x0000000018e14800 JavaThread "Thread-1" daemon [_thread_blocked, id=19424, stack(0x0000000019950000,0x0000000019a50000)]
  0x0000000018e10000 JavaThread "QuantumRenderer-0" daemon [_thread_blocked, id=7528, stack(0x0000000019850000,0x0000000019950000)]
  0x000000001717e000 JavaThread "Service Thread" daemon [_thread_blocked, id=4244, stack(0x0000000018e50000,0x0000000018f50000)]
  0x000000001714d800 JavaThread "C1 CompilerThread2" daemon [_thread_blocked, id=14052, stack(0x0000000018950000,0x0000000018a50000)]
  0x0000000017125800 JavaThread "C2 CompilerThread1" daemon [_thread_blocked, id=17104, stack(0x0000000018850000,0x0000000018950000)]
  0x000000001711e800 JavaThread "C2 CompilerThread0" daemon [_thread_blocked, id=18428, stack(0x0000000018750000,0x0000000018850000)]
  0x000000001711c800 JavaThread "Attach Listener" daemon [_thread_blocked, id=5000, stack(0x0000000018650000,0x0000000018750000)]
  0x000000001711b000 JavaThread "Signal Dispatcher" daemon [_thread_blocked, id=15488, stack(0x0000000018550000,0x0000000018650000)]
  0x000000001710a800 JavaThread "Finalizer" daemon [_thread_blocked, id=18564, stack(0x0000000018370000,0x0000000018470000)]
  0x00000000025d1000 JavaThread "Reference Handler" daemon [_thread_blocked, id=18004, stack(0x0000000018270000,0x0000000018370000)]
  0x00000000024e2800 JavaThread "main" [_thread_blocked, id=17748, stack(0x00000000023e0000,0x00000000024e0000)]

Other Threads:
  0x00000000170e8000 VMThread [stack: 0x0000000018170000,0x0000000018270000] [id=9052]
  0x0000000018a91000 WatcherThread [stack: 0x0000000018f50000,0x0000000019050000] [id=17236]

VM state:not at safepoint (normal execution)

VM Mutex/Monitor currently owned by a thread: None

Heap:
 PSYoungGen      total 38400K, used 25823K [0x00000000d5e00000, 0x00000000d9280000, 0x0000000100000000)
  eden space 33280K, 62% used [0x00000000d5e00000,0x00000000d7238378,0x00000000d7e80000)
  from space 5120K, 99% used [0x00000000d7e80000,0x00000000d837fa58,0x00000000d8380000)
  to   space 5120K, 0% used [0x00000000d8d80000,0x00000000d8d80000,0x00000000d9280000)
 ParOldGen       total 66560K, used 9966K [0x0000000081a00000, 0x0000000085b00000, 0x00000000d5e00000)
  object space 66560K, 14% used [0x0000000081a00000,0x00000000823bb8b0,0x0000000085b00000)
 Metaspace       used 24310K, capacity 25694K, committed 25984K, reserved 1071104K
  class space    used 3374K, capacity 3634K, committed 3712K, reserved 1048576K

Card table byte_map: [0x00000000119a0000,0x0000000011da0000] byte_map_base: 0x0000000011593000

Marking Bits: (ParMarkBitMap*) 0x0000000072240600
 Begin Bits: [0x0000000012450000, 0x00000000143e8000)
 End Bits:   [0x00000000143e8000, 0x0000000016380000)

Polling page: 0x0000000000450000

CodeCache: size=245760Kb used=9270Kb max_used=9270Kb free=236489Kb
 bounds [0x00000000025e0000, 0x0000000002f00000, 0x00000000115e0000]
 total_blobs=3868 nmethods=3059 adapters=721
 compilation: enabled

Compilation events (10 events):
Event: 27.931 Thread 0x000000001714d800 nmethod 3389 0x0000000002ee9790 code [0x0000000002ee9940, 0x0000000002ee9fc8]
Event: 27.931 Thread 0x000000001714d800 3390       3       sun.util.locale.provider.CalendarNameProviderImpl$LengthBasedComparator::compare (24 bytes)
Event: 27.932 Thread 0x000000001714d800 nmethod 3390 0x0000000002eea250 code [0x0000000002eea3e0, 0x0000000002eea828]
Event: 27.932 Thread 0x000000001714d800 3391       1       java.util.TreeMap$Entry::getKey (5 bytes)
Event: 27.933 Thread 0x000000001714d800 nmethod 3391 0x0000000002eea9d0 code [0x0000000002eeab20, 0x0000000002eeac30]
Event: 27.933 Thread 0x000000001714d800 3392       1       java.util.TreeMap$Entry::getValue (5 bytes)
Event: 27.933 Thread 0x000000001714d800 nmethod 3392 0x0000000002eeac90 code [0x0000000002eeade0, 0x0000000002eeaef0]
Event: 27.934 Thread 0x000000001714d800 3394       3       sun.invoke.util.Wrapper::isDoubleWord (15 bytes)
Event: 27.935 Thread 0x000000001714d800 nmethod 3394 0x0000000002eeaf50 code [0x0000000002eeb0a0, 0x0000000002eeb250]
Event: 27.935 Thread 0x000000001714d800 3396       3       java.lang.invoke.InvokerBytecodeGenerator::isStaticallyInvocable (169 bytes)

GC Heap History (8 events):
Event: 3.503 GC heap before
{Heap before GC invocations=1 (full 0):
 PSYoungGen      total 38400K, used 33223K [0x00000000d5e00000, 0x00000000d8880000, 0x0000000100000000)
  eden space 33280K, 99% used [0x00000000d5e00000,0x00000000d7e71c40,0x00000000d7e80000)
  from space 5120K, 0% used [0x00000000d8380000,0x00000000d8380000,0x00000000d8880000)
  to   space 5120K, 0% used [0x00000000d7e80000,0x00000000d7e80000,0x00000000d8380000)
 ParOldGen       total 87552K, used 0K [0x0000000081a00000, 0x0000000086f80000, 0x00000000d5e00000)
  object space 87552K, 0% used [0x0000000081a00000,0x0000000081a00000,0x0000000086f80000)
 Metaspace       used 15401K, capacity 16112K, committed 16256K, reserved 1062912K
  class space    used 2132K, capacity 2315K, committed 2432K, reserved 1048576K
Event: 3.530 GC heap after
Heap after GC invocations=1 (full 0):
 PSYoungGen      total 38400K, used 4466K [0x00000000d5e00000, 0x00000000d8880000, 0x0000000100000000)
  eden space 33280K, 0% used [0x00000000d5e00000,0x00000000d5e00000,0x00000000d7e80000)
  from space 5120K, 87% used [0x00000000d7e80000,0x00000000d82dc8a0,0x00000000d8380000)
  to   space 5120K, 0% used [0x00000000d8380000,0x00000000d8380000,0x00000000d8880000)
 ParOldGen       total 87552K, used 8K [0x0000000081a00000, 0x0000000086f80000, 0x00000000d5e00000)
  object space 87552K, 0% used [0x0000000081a00000,0x0000000081a02000,0x0000000086f80000)
 Metaspace       used 15401K, capacity 16112K, committed 16256K, reserved 1062912K
  class space    used 2132K, capacity 2315K, committed 2432K, reserved 1048576K
}
Event: 5.575 GC heap before
{Heap before GC invocations=2 (full 0):
 PSYoungGen      total 38400K, used 23872K [0x00000000d5e00000, 0x00000000d8880000, 0x0000000100000000)
  eden space 33280K, 58% used [0x00000000d5e00000,0x00000000d70f3a10,0x00000000d7e80000)
  from space 5120K, 87% used [0x00000000d7e80000,0x00000000d82dc8a0,0x00000000d8380000)
  to   space 5120K, 0% used [0x00000000d8380000,0x00000000d8380000,0x00000000d8880000)
 ParOldGen       total 87552K, used 8K [0x0000000081a00000, 0x0000000086f80000, 0x00000000d5e00000)
  object space 87552K, 0% used [0x0000000081a00000,0x0000000081a02000,0x0000000086f80000)
 Metaspace       used 20158K, capacity 21178K, committed 21248K, reserved 1067008K
  class space    used 2809K, capacity 3034K, committed 3072K, reserved 1048576K
Event: 5.592 GC heap after
Heap after GC invocations=2 (full 0):
 PSYoungGen      total 38400K, used 5091K [0x00000000d5e00000, 0x00000000d8880000, 0x0000000100000000)
  eden space 33280K, 0% used [0x00000000d5e00000,0x00000000d5e00000,0x00000000d7e80000)
  from space 5120K, 99% used [0x00000000d8380000,0x00000000d8878fd8,0x00000000d8880000)
  to   space 5120K, 0% used [0x00000000d7e80000,0x00000000d7e80000,0x00000000d8380000)
 ParOldGen       total 87552K, used 2980K [0x0000000081a00000, 0x0000000086f80000, 0x00000000d5e00000)
  object space 87552K, 3% used [0x0000000081a00000,0x0000000081ce9240,0x0000000086f80000)
 Metaspace       used 20158K, capacity 21178K, committed 21248K, reserved 1067008K
  class space    used 2809K, capacity 3034K, committed 3072K, reserved 1048576K
}
Event: 5.592 GC heap before
{Heap before GC invocations=3 (full 1):
 PSYoungGen      total 38400K, used 5091K [0x00000000d5e00000, 0x00000000d8880000, 0x0000000100000000)
  eden space 33280K, 0% used [0x00000000d5e00000,0x00000000d5e00000,0x00000000d7e80000)
  from space 5120K, 99% used [0x00000000d8380000,0x00000000d8878fd8,0x00000000d8880000)
  to   space 5120K, 0% used [0x00000000d7e80000,0x00000000d7e80000,0x00000000d8380000)
 ParOldGen       total 87552K, used 2980K [0x0000000081a00000, 0x0000000086f80000, 0x00000000d5e00000)
  object space 87552K, 3% used [0x0000000081a00000,0x0000000081ce9240,0x0000000086f80000)
 Metaspace       used 20158K, capacity 21178K, committed 21248K, reserved 1067008K
  class space    used 2809K, capacity 3034K, committed 3072K, reserved 1048576K
Event: 5.670 GC heap after
Heap after GC invocations=3 (full 1):
 PSYoungGen      total 38400K, used 0K [0x00000000d5e00000, 0x00000000d8880000, 0x0000000100000000)
  eden space 33280K, 0% used [0x00000000d5e00000,0x00000000d5e00000,0x00000000d7e80000)
  from space 5120K, 0% used [0x00000000d8380000,0x00000000d8380000,0x00000000d8880000)
  to   space 5120K, 0% used [0x00000000d7e80000,0x00000000d7e80000,0x00000000d8380000)
 ParOldGen       total 66560K, used 7907K [0x0000000081a00000, 0x0000000085b00000, 0x00000000d5e00000)
  object space 66560K, 11% used [0x0000000081a00000,0x00000000821b8ec0,0x0000000085b00000)
 Metaspace       used 20158K, capacity 21178K, committed 21248K, reserved 1067008K
  class space    used 2809K, capacity 3034K, committed 3072K, reserved 1048576K
}
Event: 14.735 GC heap before
{Heap before GC invocations=4 (full 1):
 PSYoungGen      total 38400K, used 33280K [0x00000000d5e00000, 0x00000000d8880000, 0x0000000100000000)
  eden space 33280K, 100% used [0x00000000d5e00000,0x00000000d7e80000,0x00000000d7e80000)
  from space 5120K, 0% used [0x00000000d8380000,0x00000000d8380000,0x00000000d8880000)
  to   space 5120K, 0% used [0x00000000d7e80000,0x00000000d7e80000,0x00000000d8380000)
 ParOldGen       total 66560K, used 7907K [0x0000000081a00000, 0x0000000085b00000, 0x00000000d5e00000)
  object space 66560K, 11% used [0x0000000081a00000,0x00000000821b8ec0,0x0000000085b00000)
 Metaspace       used 23571K, capacity 24898K, committed 25216K, reserved 1071104K
  class space    used 3337K, capacity 3590K, committed 3712K, reserved 1048576K
Event: 14.755 GC heap after
Heap after GC invocations=4 (full 1):
 PSYoungGen      total 38400K, used 5118K [0x00000000d5e00000, 0x00000000d9280000, 0x0000000100000000)
  eden space 33280K, 0% used [0x00000000d5e00000,0x00000000d5e00000,0x00000000d7e80000)
  from space 5120K, 99% used [0x00000000d7e80000,0x00000000d837fa58,0x00000000d8380000)
  to   space 5120K, 0% used [0x00000000d8d80000,0x00000000d8d80000,0x00000000d9280000)
 ParOldGen       total 66560K, used 9966K [0x0000000081a00000, 0x0000000085b00000, 0x00000000d5e00000)
  object space 66560K, 14% used [0x0000000081a00000,0x00000000823bb8b0,0x0000000085b00000)
 Metaspace       used 23571K, capacity 24898K, committed 25216K, reserved 1071104K
  class space    used 3337K, capacity 3590K, committed 3712K, reserved 1048576K
}

Deoptimization events (10 events):
Event: 8.967 Thread 0x000000001906a800 Uncommon trap: reason=array_check action=maybe_recompile pc=0x0000000002cb4ed0 method=com.sun.javafx.css.SimpleSelector.applies(Ljavafx/css/Styleable;[Ljava/util/Set;I)Z @ 37
Event: 8.967 Thread 0x000000001906a800 Uncommon trap: reason=array_check action=maybe_recompile pc=0x0000000002cb4ed0 method=com.sun.javafx.css.SimpleSelector.applies(Ljavafx/css/Styleable;[Ljava/util/Set;I)Z @ 37
Event: 8.967 Thread 0x000000001906a800 Uncommon trap: reason=array_check action=maybe_recompile pc=0x0000000002cb4ed0 method=com.sun.javafx.css.SimpleSelector.applies(Ljavafx/css/Styleable;[Ljava/util/Set;I)Z @ 37
Event: 8.967 Thread 0x000000001906a800 Uncommon trap: reason=array_check action=maybe_recompile pc=0x000000000270790c method=com.sun.javafx.css.SimpleSelector.applies(Ljavafx/css/Styleable;[Ljava/util/Set;I)Z @ 37
Event: 13.886 Thread 0x0000000018af3800 Uncommon trap: reason=unstable_if action=reinterpret pc=0x0000000002afbfc4 method=sun.net.www.ParseUtil.match(CJJ)Z @ 13
Event: 14.189 Thread 0x0000000018af3800 Uncommon trap: reason=bimorphic action=maybe_recompile pc=0x0000000002b69810 method=java.io.FilterInputStream.read()I @ 4
Event: 14.189 Thread 0x0000000018af3800 Uncommon trap: reason=bimorphic action=maybe_recompile pc=0x0000000002b69810 method=java.io.FilterInputStream.read()I @ 4
Event: 14.189 Thread 0x0000000018af3800 Uncommon trap: reason=bimorphic action=maybe_recompile pc=0x0000000002b69810 method=java.io.FilterInputStream.read()I @ 4
Event: 14.189 Thread 0x0000000018af3800 Uncommon trap: reason=bimorphic action=maybe_recompile pc=0x0000000002b69810 method=java.io.FilterInputStream.read()I @ 4
Event: 14.803 Thread 0x000000001906a800 Uncommon trap: reason=unstable_if action=reinterpret pc=0x0000000002d77f48 method=com.sun.javafx.iio.gif.GIFImageLoader2$LZWDecoder.readString()I @ 151

Internal exceptions (10 events):
Event: 7.192 Thread 0x000000001906a800 Exception <a 'java/io/FileNotFoundException'> (0x00000000d6c7bfa0) thrown at [C:\re\workspace\8-2-build-windows-amd64-cygwin\jdk8u72\5732\hotspot\src\share\vm\prims\jni.cpp, line 709]
Event: 7.193 Thread 0x000000001906a800 Exception <a 'java/io/FileNotFoundException'> (0x00000000d6c818e0) thrown at [C:\re\workspace\8-2-build-windows-amd64-cygwin\jdk8u72\5732\hotspot\src\share\vm\prims\jni.cpp, line 709]
Event: 7.194 Thread 0x000000001906a800 Exception <a 'java/io/FileNotFoundException'> (0x00000000d6c82b58) thrown at [C:\re\workspace\8-2-build-windows-amd64-cygwin\jdk8u72\5732\hotspot\src\share\vm\prims\jni.cpp, line 709]
Event: 7.391 Thread 0x0000000019604800 Exception <a 'java/lang/ClassNotFoundException': sun/net/www/protocol/data/Handler> (0x00000000d705a998) thrown at [C:\re\workspace\8-2-build-windows-amd64-cygwin\jdk8u72\5732\hotspot\src\share\vm\classfile\systemDictionary.cpp, line 210]
Event: 7.398 Thread 0x0000000019604800 Exception <a 'java/lang/ClassNotFoundException': sun/net/www/protocol/data/Handler> (0x00000000d7062938) thrown at [C:\re\workspace\8-2-build-windows-amd64-cygwin\jdk8u72\5732\hotspot\src\share\vm\classfile\systemDictionary.cpp, line 210]
Event: 8.672 Thread 0x0000000018af3000 Exception <a 'sun/nio/fs/WindowsException'> (0x00000000d7524b50) thrown at [C:\re\workspace\8-2-build-windows-amd64-cygwin\jdk8u72\5732\hotspot\src\share\vm\prims\jni.cpp, line 709]
Event: 8.726 Thread 0x0000000018af4800 Exception <a 'java/lang/ClassNotFoundException': sun/net/www/protocol/data/Handler> (0x00000000d7574f38) thrown at [C:\re\workspace\8-2-build-windows-amd64-cygwin\jdk8u72\5732\hotspot\src\share\vm\classfile\systemDictionary.cpp, line 210]
Event: 8.728 Thread 0x0000000018af4800 Exception <a 'java/lang/ClassNotFoundException': sun/net/www/protocol/data/Handler> (0x00000000d7577ca8) thrown at [C:\re\workspace\8-2-build-windows-amd64-cygwin\jdk8u72\5732\hotspot\src\share\vm\classfile\systemDictionary.cpp, line 210]
Event: 9.318 Thread 0x0000000018af3000 Exception <a 'sun/nio/fs/WindowsException'> (0x00000000d75258a8) thrown at [C:\re\workspace\8-2-build-windows-amd64-cygwin\jdk8u72\5732\hotspot\src\share\vm\prims\jni.cpp, line 709]
Event: 14.555 Thread 0x0000000018af3000 Exception <a 'sun/nio/fs/WindowsException'> (0x00000000d75265b8) thrown at [C:\re\workspace\8-2-build-windows-amd64-cygwin\jdk8u72\5732\hotspot\src\share\vm\prims\jni.cpp, line 709]

Events (10 events):
Event: 27.830 Executing VM operation: RevokeBias
Event: 27.831 Executing VM operation: RevokeBias done
Event: 27.831 Thread 0x0000000018afc800 Thread exited: 0x0000000018afc800
Event: 27.831 Executing VM operation: RevokeBias
Event: 27.831 Executing VM operation: RevokeBias done
Event: 27.832 Thread 0x0000000019609800 Thread exited: 0x0000000019609800
Event: 27.928 loading class com/sun/webkit/network/URLLoader$Redirect
Event: 27.928 loading class com/sun/webkit/network/URLLoader$Redirect done
Event: 27.936 loading class com/sun/webkit/network/URLLoader
Event: 27.936 loading class com/sun/webkit/network/URLLoader done


Dynamic libraries:
0x00007ff75ced0000 - 0x00007ff75cf07000 	C:\Program Files\Java\jdk1.8.0_72\jre\bin\java.exe
0x00007ff96d6a0000 - 0x00007ff96d861000 	C:\WINDOWS\SYSTEM32\ntdll.dll
0x00007ff96d400000 - 0x00007ff96d4ad000 	C:\WINDOWS\system32\KERNEL32.DLL
0x00007ff969d50000 - 0x00007ff969f38000 	C:\WINDOWS\system32\KERNELBASE.dll
0x00007ff96bbe0000 - 0x00007ff96bc87000 	C:\WINDOWS\system32\ADVAPI32.dll
0x00007ff96d600000 - 0x00007ff96d69d000 	C:\WINDOWS\system32\msvcrt.dll
0x00007ff96bb60000 - 0x00007ff96bbbb000 	C:\WINDOWS\system32\sechost.dll
0x00007ff96b9b0000 - 0x00007ff96bacc000 	C:\WINDOWS\system32\RPCRT4.dll
0x00007ff96ad80000 - 0x00007ff96aed6000 	C:\WINDOWS\system32\USER32.dll
0x00007ff96b000000 - 0x00007ff96b186000 	C:\WINDOWS\system32\GDI32.dll
0x00007ff95f450000 - 0x00007ff95f6c4000 	C:\WINDOWS\WinSxS\amd64_microsoft.windows.common-controls_6595b64144ccf1df_6.0.10586.0_none_8c15ae12515e1c22\COMCTL32.dll
0x00007ff96ab00000 - 0x00007ff96ad7d000 	C:\WINDOWS\system32\combase.dll
0x00007ff96a170000 - 0x00007ff96a1da000 	C:\WINDOWS\system32\bcryptPrimitives.dll
0x00007ff96bc90000 - 0x00007ff96bccb000 	C:\WINDOWS\system32\IMM32.DLL
0x0000000072a50000 - 0x0000000072b22000 	C:\Program Files\Java\jdk1.8.0_72\jre\bin\msvcr100.dll
0x0000000071a30000 - 0x00000000722c0000 	C:\Program Files\Java\jdk1.8.0_72\jre\bin\server\jvm.dll
0x00007ff96bb50000 - 0x00007ff96bb58000 	C:\WINDOWS\system32\PSAPI.DLL
0x00007ff95c6b0000 - 0x00007ff95c6b9000 	C:\WINDOWS\SYSTEM32\WSOCK32.dll
0x00007ff95e970000 - 0x00007ff95e97a000 	C:\WINDOWS\SYSTEM32\VERSION.dll
0x00007ff9683f0000 - 0x00007ff968413000 	C:\WINDOWS\SYSTEM32\WINMM.dll
0x00007ff96d390000 - 0x00007ff96d3fb000 	C:\WINDOWS\system32\WS2_32.dll
0x0000000000960000 - 0x000000000098c000 	C:\WINDOWS\SYSTEM32\WINMMBASE.dll
0x00007ff96a340000 - 0x00007ff96a383000 	C:\WINDOWS\system32\cfgmgr32.dll
0x0000000072a00000 - 0x0000000072a0f000 	C:\Program Files\Java\jdk1.8.0_72\jre\bin\verify.dll
0x00000000729d0000 - 0x00000000729f9000 	C:\Program Files\Java\jdk1.8.0_72\jre\bin\java.dll
0x00000000729b0000 - 0x00000000729c6000 	C:\Program Files\Java\jdk1.8.0_72\jre\bin\zip.dll
0x00007ff96be30000 - 0x00007ff96d38c000 	C:\WINDOWS\system32\SHELL32.dll
0x00007ff96a450000 - 0x00007ff96aa94000 	C:\WINDOWS\system32\windows.storage.dll
0x00007ff96aaa0000 - 0x00007ff96aaf2000 	C:\WINDOWS\system32\shlwapi.dll
0x00007ff969ce0000 - 0x00007ff969cef000 	C:\WINDOWS\system32\kernel.appcore.dll
0x00007ff96a390000 - 0x00007ff96a445000 	C:\WINDOWS\system32\shcore.dll
0x00007ff969cf0000 - 0x00007ff969d3b000 	C:\WINDOWS\system32\powrprof.dll
0x00007ff969cc0000 - 0x00007ff969cd4000 	C:\WINDOWS\system32\profapi.dll
0x00007ff952bf0000 - 0x00007ff952cdf000 	C:\Program Files\Java\jdk1.8.0_72\jre\bin\msvcr120.dll
0x00007ff94fad0000 - 0x00007ff94fb76000 	C:\Program Files\Java\jdk1.8.0_72\jre\bin\msvcp120.dll
0x0000000071930000 - 0x0000000071953000 	C:\Program Files\Java\jdk1.8.0_72\jre\bin\prism_d3d.dll
0x00007ff944160000 - 0x00007ff944370000 	C:\WINDOWS\system32\d3d9.dll
0x00007ff967900000 - 0x00007ff967922000 	C:\WINDOWS\SYSTEM32\dwmapi.dll
0x00007ff968640000 - 0x00007ff9686d6000 	C:\WINDOWS\system32\uxtheme.dll
0x00007ff93bdb0000 - 0x00007ff93c9d0000 	C:\WINDOWS\SYSTEM32\igdumd64.dll
0x00000000718e0000 - 0x0000000071923000 	C:\Program Files\Java\jdk1.8.0_72\jre\bin\glass.dll
0x00007ff96aee0000 - 0x00007ff96afeb000 	C:\WINDOWS\system32\COMDLG32.dll
0x00007ff96a1e0000 - 0x00007ff96a266000 	C:\WINDOWS\system32\FirewallAPI.dll
0x00007ff96a270000 - 0x00007ff96a287000 	C:\WINDOWS\system32\NETAPI32.dll
0x00007ff96d4b0000 - 0x00007ff96d5f3000 	C:\WINDOWS\system32\ole32.dll
0x00007ff9607d0000 - 0x00007ff9607dc000 	C:\WINDOWS\SYSTEM32\DAVHLPR.DLL
0x00007ff96b880000 - 0x00007ff96b941000 	C:\WINDOWS\system32\OLEAUT32.dll
0x00007ff968a40000 - 0x00007ff968a72000 	C:\WINDOWS\SYSTEM32\fwbase.dll
0x00007ff96bcd0000 - 0x00007ff96be2a000 	C:\WINDOWS\system32\MSCTF.dll
0x00007ff9596e0000 - 0x00007ff959729000 	C:\Program Files (x86)\TeamViewer\tv_x64.dll
0x0000000180000000 - 0x0000000180110000 	C:\Windows\system32\rlls64.dll
0x00007ff955190000 - 0x00007ff9551fa000 	C:\Windows\system32\OLEACC.dll
0x00007ff965270000 - 0x00007ff965519000 	C:\Windows\system32\WININET.dll
0x00007ff9691b0000 - 0x00007ff9691e1000 	C:\WINDOWS\SYSTEM32\ntmarta.dll
0x00007ff969210000 - 0x00007ff96928a000 	C:\WINDOWS\SYSTEM32\Schannel.dll
0x00007ff969fa0000 - 0x00007ff96a168000 	C:\WINDOWS\system32\CRYPT32.dll
0x00007ff969d40000 - 0x00007ff969d50000 	C:\WINDOWS\system32\MSASN1.dll
0x00007ff969940000 - 0x00007ff96996d000 	C:\WINDOWS\SYSTEM32\SspiCli.dll
0x00007ff969590000 - 0x00007ff9695ec000 	C:\WINDOWS\system32\mswsock.dll
0x00000000718b0000 - 0x00000000718d4000 	C:\Program Files\Java\jdk1.8.0_72\jre\bin\sunec.dll
0x00007ff969640000 - 0x00007ff969657000 	C:\WINDOWS\SYSTEM32\CRYPTSP.dll
0x00007ff9692d0000 - 0x00007ff969304000 	C:\WINDOWS\system32\rsaenh.dll
0x00007ff969bf0000 - 0x00007ff969c19000 	C:\WINDOWS\SYSTEM32\bcrypt.dll
0x00007ff969420000 - 0x00007ff96943f000 	C:\WINDOWS\SYSTEM32\USERENV.dll
0x00007ff969760000 - 0x00007ff96976b000 	C:\WINDOWS\SYSTEM32\CRYPTBASE.dll
0x0000000072990000 - 0x00000000729aa000 	C:\Program Files\Java\jdk1.8.0_72\jre\bin\net.dll
0x00007ff966c90000 - 0x00007ff966cc8000 	C:\WINDOWS\SYSTEM32\IPHLPAPI.DLL
0x00007ff96aff0000 - 0x00007ff96aff8000 	C:\WINDOWS\system32\NSI.dll
0x00007ff9617a0000 - 0x00007ff9617b6000 	C:\WINDOWS\SYSTEM32\dhcpcsvc6.DLL
0x00007ff961780000 - 0x00007ff96179a000 	C:\WINDOWS\SYSTEM32\dhcpcsvc.DLL
0x0000000072970000 - 0x0000000072981000 	C:\Program Files\Java\jdk1.8.0_72\jre\bin\nio.dll
0x000000006ef30000 - 0x00000000714be000 	C:\Program Files\Java\jdk1.8.0_72\jre\bin\jfxwebkit.dll
0x0000000071890000 - 0x00000000718a4000 	C:\Program Files\Java\jdk1.8.0_72\jre\bin\javafx_font.dll
0x00007ff963aa0000 - 0x00007ff963d00000 	C:\WINDOWS\SYSTEM32\dwrite.dll
0x00007ff95aa80000 - 0x00007ff95aa96000 	C:\WINDOWS\system32\napinsp.dll
0x00007ff95aaa0000 - 0x00007ff95aaba000 	C:\WINDOWS\system32\pnrpnsp.dll
0x00007ff967ce0000 - 0x00007ff967cf8000 	C:\WINDOWS\system32\NLAapi.dll
0x00007ff9686e0000 - 0x00007ff96878a000 	C:\WINDOWS\SYSTEM32\DNSAPI.dll
0x00007ff95ab00000 - 0x00007ff95ab0d000 	C:\WINDOWS\System32\winrnr.dll
0x0000000073550000 - 0x0000000073576000 	C:\Program Files\Bonjour\mdnsNSP.dll
0x00007ff9617d0000 - 0x00007ff961837000 	C:\WINDOWS\System32\fwpuclnt.dll
0x00007ff95ed50000 - 0x00007ff95ed5a000 	C:\Windows\System32\rasadhlp.dll
0x00007ff96b770000 - 0x00007ff96b817000 	C:\WINDOWS\system32\clbcatq.dll
0x00007ff965520000 - 0x00007ff9656d1000 	C:\WINDOWS\SYSTEM32\WindowsCodecs.dll
0x00007ff955140000 - 0x00007ff95518a000 	C:\WINDOWS\system32\dataexchange.dll
0x00007ff967490000 - 0x00007ff967738000 	C:\WINDOWS\system32\d3d11.dll
0x00007ff967eb0000 - 0x00007ff967f93000 	C:\WINDOWS\system32\dcomp.dll
0x00007ff9673e0000 - 0x00007ff967482000 	C:\WINDOWS\system32\dxgi.dll
0x00007ff9687c0000 - 0x00007ff9688c0000 	C:\WINDOWS\system32\twinapi.appcore.dll
0x00007ff959770000 - 0x00007ff9597a4000 	C:\Program Files\Common Files\Microsoft Shared\Ink\rtscom.dll
0x0000000071870000 - 0x0000000071881000 	C:\Program Files\Java\jdk1.8.0_72\jre\bin\prism_common.dll
0x00007ff959060000 - 0x00007ff9591ec000 	C:\WINDOWS\SYSTEM32\dbghelp.dll

VM Arguments:
jvm_args: -Dfile.encoding=UTF-8 -Djava.net.preferIPv4Stack=true 
java_command: C:\Users\Aniket\Documents\NetBeansProjects\Velocity\dist\run700133075\Velocity.jar
java_class_path (initial): C:\Users\Aniket\Documents\NetBeansProjects\Velocity\dist\run700133075\Velocity.jar
Launcher Type: SUN_STANDARD

Environment Variables:
JAVA_HOME=C:\Program Files\Java\jdk1.8.0_72
_JAVA_OPTIONS=-Djava.net.preferIPv4Stack=true
PATH=C:\Python34\Lib\site-packages\PyQt5;C:\ProgramData\Oracle\Java\javapath;C:\Python27\Lib\site-packages\PyQt4;C:\Program Files (x86)\HP SimplePass\x64;C:\Program Files (x86)\HP SimplePass\;C:\Program Files (x86)\Intel\iCLS Client\;C:\Program Files\Intel\iCLS Client\;C:\WINDOWS\system32;C:\WINDOWS;C:\WINDOWS\System32\Wbem;C:\WINDOWS\System32\WindowsPowerShell\v1.0\;C:\Program Files (x86)\Windows Live\Shared;C:\Program Files\Intel\Intel(R) Management Engine Components\DAL;C:\Program Files\Intel\Intel(R) Management Engine Components\IPT;C:\Program Files (x86)\Intel\Intel(R) Management Engine Components\DAL;C:\Program Files (x86)\Intel\Intel(R) Management Engine Components\IPT;C:\Program Files (x86)\Intel\OpenCL SDK\2.0\bin\x86;C:\Program Files (x86)\Intel\OpenCL SDK\2.0\bin\x64;C:\Program Files (x86)\Pinnacle\Shared Files\;C:\Program Files (x86)\Pinnacle\Shared Files\Filter\;C:\Program Files\nodejs;C:\Program Files (x86)\Inno Setup 5;C:\Program Files (x86)\WiX Toolset v3.8\bin\;C:\Program Files (x86)\QuickTime\QTSystem\;C:\Program Files\Mercurial;C:\Users\Aniket\Downloads\gradle-2.3-bin\gradle-2.3\bin;C:\Program Files (x86)\GtkSharp\2.12\bin;C:\Program Files (x86)\Windows Kits\8.1\Windows Performance Toolkit\;C:\Program Files\Microsoft SQL Server\110\Tools\Binn\;C:\Program Files (x86)\Microsoft SDKs\TypeScript\1.0\;C:\Program Files\nodejs\;C:\Users\Aniket\Downloads\android-ndk-r10e;C:\Program Files (x86)\Skype\Phone\;C:\Users\Aniket\AppData\Roaming\npm;C:\GNUstep\bin;C:\GNUstep\GNUstep\System\Tools;C:\Users\Aniket\AppData\Local\Programs\Git\cmd
USERNAME=Aniket
OS=Windows_NT
PROCESSOR_IDENTIFIER=Intel64 Family 6 Model 42 Stepping 7, GenuineIntel



---------------  S Y S T E M  ---------------

OS: Windows 10.0 , 64 bit Build 10586 (10.0.10586.0)

CPU:total 4 (2 cores per cpu, 2 threads per core) family 6 model 42 stepping 7, cmov, cx8, fxsr, mmx, sse, sse2, sse3, ssse3, sse4.1, sse4.2, popcnt, avx, aes, clmul, ht, tsc, tscinvbit

Memory: 4k page, physical 8275228k(3130004k free), swap 9585948k(3754928k free)

vm_info: Java HotSpot(TM) 64-Bit Server VM (25.72-b15) for windows-amd64 JRE (1.8.0_72-b15), built on Dec 22 2015 19:16:16 by "java_re" with MS VC++ 10.0 (VS2010)

time: Wed May 18 07:57:00 2016
elapsed time: 28 seconds (0d 0h 0m 28s)

