#
# A fatal error has been detected by the Java Runtime Environment:
#
#  EXCEPTION_ACCESS_VIOLATION (0xc0000005) at pc=0x0000000057d5f9a8, pid=16244, tid=0x00000000000027e8
#
# JRE version: Java(TM) SE Runtime Environment (8.0_92-b14) (build 1.8.0_92-b14)
# Java VM: Java HotSpot(TM) 64-Bit Server VM (25.92-b14 mixed mode windows-amd64 compressed oops)
# Problematic frame:
# C  [jfxwebkit.dll+0x7af9a8]
#
# Failed to write core dump. Minidumps are not enabled by default on client versions of Windows
#
# If you would like to submit a bug report, please visit:
#   http://bugreport.java.com/bugreport/crash.jsp
# The crash happened outside the Java Virtual Machine in native code.
# See problematic frame for where to report the bug.
#

---------------  T H R E A D  ---------------

Current thread (0x0000000018c3e800):  JavaThread "JavaFX Application Thread" [_thread_in_native, id=10216, stack(0x0000000019220000,0x0000000019320000)]

siginfo: ExceptionCode=0xc0000005, reading address 0x0000000000000068

Registers:
RAX=0x0000000000000000, RBX=0x00000000279a2580, RCX=0x0000000057d5f999, RDX=0x000000001931d6a0
RSP=0x000000001931d4e0, RBP=0x0000000000000001, RSI=0x0000000000000000, RDI=0x000000001931d6a0
R8 =0x0000000000000000, R9 =0x00000000269b8438, R10=0x0000000000000000, R11=0x0000000058738d02
R12=0x000000001931d7d0, R13=0x000000001d659b88, R14=0x00000000269b8438, R15=0x00000000575b0000
RIP=0x0000000057d5f9a8, EFLAGS=0x0000000000010246

Top of Stack: (sp=0x000000001931d4e0)
0x000000001931d4e0:   000000001931d6a0 000000001931d720
0x000000001931d4f0:   000000001931d7d0 0000000057e6cd58
0x000000001931d500:   fffffffffffffffe 0000000058738cf0
0x000000001931d510:   0000000027ff88a0 00000000269b8100
0x000000001931d520:   00000000279a2580 0000000057d900eb
0x000000001931d530:   00000000269b8100 00000000269b8100
0x000000001931d540:   000000001931d6a0 0000000000000001
0x000000001931d550:   0000000000000000 00000000281115b0
0x000000001931d560:   fffffffffffffffe 0000000027ff88a0
0x000000001931d570:   00000005269b8103 0000000800000008
0x000000001931d580:   0000001600000008 0000002700000016
0x000000001931d590:   0000002800000028 0000000000000028
0x000000001931d5a0:   0000000018c3e800 000000001931d7c8
0x000000001931d5b0:   0000000000000000 000000001931d7d0
0x000000001931d5c0:   000000001931d6a0 0000000057d8b611
0x000000001931d5d0:   00000000269b8100 00000000269b8100 

Instructions: (pc=0x0000000057d5f9a8)
0x0000000057d5f988:   8b d7 48 8b 48 68 e8 3d ca 04 00 84 c0 75 40 eb
0x0000000057d5f998:   50 40 84 f6 75 39 48 8b 43 38 45 33 c0 48 8b d7
0x0000000057d5f9a8:   48 8b 48 68 e8 1f bc 04 00 84 c0 75 22 eb 32 40
0x0000000057d5f9b8:   84 f6 75 1b 48 8b 43 38 45 33 c0 48 8b d7 48 8b 


Register to memory mapping:

RAX=0x0000000000000000 is an unknown value
RBX=0x00000000279a2580 is an unknown value
RCX=0x0000000057d5f999 is an unknown value
RDX=0x000000001931d6a0 is pointing into the stack for thread: 0x0000000018c3e800
RSP=0x000000001931d4e0 is pointing into the stack for thread: 0x0000000018c3e800
RBP=0x0000000000000001 is an unknown value
RSI=0x0000000000000000 is an unknown value
RDI=0x000000001931d6a0 is pointing into the stack for thread: 0x0000000018c3e800
R8 =0x0000000000000000 is an unknown value
R9 =0x00000000269b8438 is an unknown value
R10=0x0000000000000000 is an unknown value
R11=0x0000000058738d02 is an unknown value
R12=0x000000001931d7d0 is pointing into the stack for thread: 0x0000000018c3e800
R13={method} {0x000000001d659b90} 'twkWillSendRequest' '(Ljava/lang/String;Ljava/lang/String;ILjava/lang/String;Ljava/lang/String;JLjava/lang/String;Ljava/lang/String;J)Z' in 'com/sun/webkit/network/URLLoader'
R14=0x00000000269b8438 is an unknown value
R15=0x00000000575b0000 is an unknown value


Stack: [0x0000000019220000,0x0000000019320000],  sp=0x000000001931d4e0,  free space=1013k
Native frames: (J=compiled Java code, j=interpreted, Vv=VM code, C=native code)
C  [jfxwebkit.dll+0x7af9a8]
C  [jfxwebkit.dll+0x7e00eb]
C  [jfxwebkit.dll+0x7db611]
C  [jfxwebkit.dll+0x8c2107]
C  [jfxwebkit.dll+0x8c264b]
C  0x00000000024f7f54

Java frames: (J=compiled Java code, j=interpreted, Vv=VM code)
j  com.sun.webkit.network.URLLoader.twkWillSendRequest(Ljava/lang/String;Ljava/lang/String;ILjava/lang/String;Ljava/lang/String;JLjava/lang/String;Ljava/lang/String;J)Z+0
j  com.sun.webkit.network.URLLoader.notifyWillSendRequest(Ljava/lang/String;Ljava/lang/String;ILjava/lang/String;Ljava/lang/String;JLjava/lang/String;Ljava/lang/String;)Z+107
j  com.sun.webkit.network.URLLoader.lambda$willSendRequest$95(Ljava/lang/String;Ljava/lang/String;ILjava/lang/String;Ljava/lang/String;JLjava/lang/String;Ljava/lang/String;Ljava/util/concurrent/CountDownLatch;)V+21
j  com.sun.webkit.network.URLLoader$$Lambda$423.run()V+40
j  com.sun.javafx.application.PlatformImpl.lambda$null$173(Ljava/lang/Runnable;)Ljava/lang/Void;+1
j  com.sun.javafx.application.PlatformImpl$$Lambda$50.run()Ljava/lang/Object;+4
v  ~StubRoutines::call_stub
J 2478  java.security.AccessController.doPrivileged(Ljava/security/PrivilegedAction;Ljava/security/AccessControlContext;)Ljava/lang/Object; (0 bytes) @ 0x0000000002c80266 [0x0000000002c80200+0x66]
j  com.sun.javafx.application.PlatformImpl.lambda$runLater$174(Ljava/lang/Runnable;Ljava/security/AccessControlContext;)V+7
j  com.sun.javafx.application.PlatformImpl$$Lambda$49.run()V+8
J 3030 C1 com.sun.glass.ui.InvokeLaterDispatcher$Future.run()V (91 bytes) @ 0x00000000026a200c [0x00000000026a1f00+0x10c]
v  ~StubRoutines::call_stub
j  com.sun.glass.ui.win.WinApplication._runLoop(Ljava/lang/Runnable;)V+0
j  com.sun.glass.ui.win.WinApplication.lambda$null$148(ILjava/lang/Runnable;)V+8
j  com.sun.glass.ui.win.WinApplication$$Lambda$38.run()V+12
j  java.lang.Thread.run()V+11
v  ~StubRoutines::call_stub

---------------  P R O C E S S  ---------------

Java Threads: ( => current thread )
  0x000000001d7aa800 JavaThread "Keep-Alive-SocketCleaner" daemon [_thread_in_native, id=13112, stack(0x000000002a800000,0x000000002a900000)]
  0x000000001d7a8800 JavaThread "Thread-24" [_thread_in_native, id=19216, stack(0x0000000029fb0000,0x000000002a0b0000)]
  0x000000001d7a7000 JavaThread "URL-Loader-20" daemon [_thread_blocked, id=6056, stack(0x00000000290a0000,0x00000000291a0000)]
  0x000000001d7a3000 JavaThread "URL-Loader-19" daemon [_thread_blocked, id=18176, stack(0x0000000028fa0000,0x00000000290a0000)]
  0x000000001d79e000 JavaThread "URL-Loader-18" daemon [_thread_blocked, id=6176, stack(0x0000000028ea0000,0x0000000028fa0000)]
  0x000000001d7a0000 JavaThread "URL-Loader-17" daemon [_thread_blocked, id=4636, stack(0x0000000028da0000,0x0000000028ea0000)]
  0x000000001d7aa000 JavaThread "URL-Loader-16" daemon [_thread_blocked, id=6604, stack(0x0000000028ca0000,0x0000000028da0000)]
  0x000000001d7a2800 JavaThread "URL-Loader-15" daemon [_thread_blocked, id=12276, stack(0x00000000288a0000,0x00000000289a0000)]
  0x000000001d7a7800 JavaThread "URL-Loader-14" daemon [_thread_blocked, id=11184, stack(0x0000000028760000,0x0000000028860000)]
  0x000000001d7a9000 JavaThread "URL-Loader-13" daemon [_thread_blocked, id=16696, stack(0x0000000028630000,0x0000000028730000)]
  0x000000001d7a6000 JavaThread "URL-Loader-12" daemon [_thread_blocked, id=16100, stack(0x0000000027140000,0x0000000027240000)]
  0x000000001d79e800 JavaThread "URL-Loader-11" daemon [_thread_blocked, id=12120, stack(0x0000000026f00000,0x0000000027000000)]
  0x000000001d7a1800 JavaThread "URL-Loader-10" daemon [_thread_blocked, id=6216, stack(0x0000000026dc0000,0x0000000026ec0000)]
  0x000000001d7a1000 JavaThread "URL-Loader-9" daemon [_thread_blocked, id=15240, stack(0x0000000026cc0000,0x0000000026dc0000)]
  0x000000001d7a5800 JavaThread "Thread-21" daemon [_thread_in_native, id=14040, stack(0x0000000026bc0000,0x0000000026cc0000)]
  0x000000001d7a4800 JavaThread "URL-Loader-8" daemon [_thread_blocked, id=18136, stack(0x00000000260c0000,0x00000000261c0000)]
  0x000000001d79d000 JavaThread "URL-Loader-7" daemon [_thread_blocked, id=17908, stack(0x00000000255a0000,0x00000000256a0000)]
  0x000000001d79f800 JavaThread "URL-Loader-6" daemon [_thread_blocked, id=14248, stack(0x00000000253c0000,0x00000000254c0000)]
  0x000000001c015800 JavaThread "URL-Loader-5" daemon [_thread_in_native, id=7132, stack(0x00000000252c0000,0x00000000253c0000)]
  0x000000001c015000 JavaThread "URL-Loader-4" daemon [_thread_blocked, id=15552, stack(0x00000000251c0000,0x00000000252c0000)]
  0x000000001c014000 JavaThread "URL-Loader-3" daemon [_thread_blocked, id=2768, stack(0x00000000250c0000,0x00000000251c0000)]
  0x000000001c01b000 JavaThread "URL-Loader-2" daemon [_thread_blocked, id=16176, stack(0x0000000024fc0000,0x00000000250c0000)]
  0x000000001c01a800 JavaThread "Keep-Alive-Timer" daemon [_thread_blocked, id=4328, stack(0x0000000024ea0000,0x0000000024fa0000)]
  0x000000001c019800 JavaThread "Watchdog-Timer-1" daemon [_thread_blocked, id=15704, stack(0x0000000022e70000,0x0000000022f70000)]
  0x000000001c018800 JavaThread "Prism Font Disposer" daemon [_thread_blocked, id=3420, stack(0x0000000020070000,0x0000000020170000)]
  0x000000001c018000 JavaThread "URL-Loader-1" daemon [_thread_blocked, id=20188, stack(0x000000001ec70000,0x000000001ed70000)]
  0x000000001c016800 JavaThread "Disposer" daemon [_thread_blocked, id=16732, stack(0x000000001d3a0000,0x000000001d4a0000)]
  0x000000001bb0a800 JavaThread "JavaFX-Launcher" [_thread_blocked, id=12260, stack(0x000000001c3a0000,0x000000001c4a0000)]
  0x000000001b9f5800 JavaThread "Thread-2" daemon [_thread_in_native, id=7436, stack(0x000000001c1a0000,0x000000001c2a0000)]
=>0x0000000018c3e800 JavaThread "JavaFX Application Thread" [_thread_in_native, id=10216, stack(0x0000000019220000,0x0000000019320000)]
  0x0000000018c48800 JavaThread "Thread-1" daemon [_thread_blocked, id=19012, stack(0x00000000190b0000,0x00000000191b0000)]
  0x0000000018c1a000 JavaThread "QuantumRenderer-0" daemon [_thread_blocked, id=3212, stack(0x0000000018e80000,0x0000000018f80000)]
  0x00000000188c2800 JavaThread "Service Thread" daemon [_thread_blocked, id=3868, stack(0x0000000018c80000,0x0000000018d80000)]
  0x000000001702b000 JavaThread "C1 CompilerThread2" daemon [_thread_blocked, id=14008, stack(0x0000000018780000,0x0000000018880000)]
  0x0000000017022000 JavaThread "C2 CompilerThread1" daemon [_thread_blocked, id=15336, stack(0x0000000018680000,0x0000000018780000)]
  0x000000001701f000 JavaThread "C2 CompilerThread0" daemon [_thread_blocked, id=8896, stack(0x0000000018580000,0x0000000018680000)]
  0x000000001701d000 JavaThread "Attach Listener" daemon [_thread_blocked, id=16148, stack(0x0000000018480000,0x0000000018580000)]
  0x000000001701b800 JavaThread "Signal Dispatcher" daemon [_thread_blocked, id=3048, stack(0x0000000018380000,0x0000000018480000)]
  0x00000000024dc800 JavaThread "Finalizer" daemon [_thread_blocked, id=15288, stack(0x0000000018280000,0x0000000018380000)]
  0x00000000024d1800 JavaThread "Reference Handler" daemon [_thread_blocked, id=8356, stack(0x0000000018180000,0x0000000018280000)]
  0x00000000023e2800 JavaThread "main" [_thread_blocked, id=16488, stack(0x00000000022e0000,0x00000000023e0000)]

Other Threads:
  0x0000000016fe7800 VMThread [stack: 0x0000000018080000,0x0000000018180000] [id=4288]
  0x00000000188de800 WatcherThread [stack: 0x0000000018d80000,0x0000000018e80000] [id=8164]

VM state:not at safepoint (normal execution)

VM Mutex/Monitor currently owned by a thread: None

Heap:
 PSYoungGen      total 38400K, used 20902K [0x00000000d5e00000, 0x00000000d9100000, 0x0000000100000000)
  eden space 33280K, 47% used [0x00000000d5e00000,0x00000000d6d6e3b8,0x00000000d7e80000)
  from space 5120K, 99% used [0x00000000d7e80000,0x00000000d837b528,0x00000000d8380000)
  to   space 5120K, 0% used [0x00000000d8c00000,0x00000000d8c00000,0x00000000d9100000)
 ParOldGen       total 70144K, used 10295K [0x0000000081a00000, 0x0000000085e80000, 0x00000000d5e00000)
  object space 70144K, 14% used [0x0000000081a00000,0x000000008240dc98,0x0000000085e80000)
 Metaspace       used 25070K, capacity 26506K, committed 26624K, reserved 1073152K
  class space    used 3495K, capacity 3793K, committed 3840K, reserved 1048576K

Card table byte_map: [0x00000000118a0000,0x0000000011ca0000] byte_map_base: 0x0000000011493000

Marking Bits: (ParMarkBitMap*) 0x000000005a8664f0
 Begin Bits: [0x0000000012350000, 0x00000000142e8000)
 End Bits:   [0x00000000142e8000, 0x0000000016280000)

Polling page: 0x0000000000510000

CodeCache: size=245760Kb used=9796Kb max_used=9796Kb free=235963Kb
 bounds [0x00000000024e0000, 0x0000000002e80000, 0x00000000114e0000]
 total_blobs=4061 nmethods=3240 adapters=732
 compilation: enabled

Compilation events (10 events):
Event: 10.621 Thread 0x000000001702b000 nmethod 3579 0x0000000002e71150 code [0x0000000002e712a0, 0x0000000002e71450]
Event: 10.621 Thread 0x000000001702b000 3581       3       java.lang.invoke.LambdaForm$NamedFunction::member (26 bytes)
Event: 10.621 Thread 0x000000001702b000 nmethod 3581 0x0000000002e70b90 code [0x0000000002e70ce0, 0x0000000002e70e50]
Event: 10.621 Thread 0x000000001702b000 3582       3       java.util.HashMap$Values::iterator (12 bytes)
Event: 10.622 Thread 0x000000001702b000 nmethod 3582 0x0000000002e706d0 code [0x0000000002e70840, 0x0000000002e70aa8]
Event: 10.622 Thread 0x000000001702b000 3584       3       java.lang.invoke.MethodType::parameterList (17 bytes)
Event: 10.623 Thread 0x000000001702b000 nmethod 3584 0x0000000002e6f410 code [0x0000000002e6f600, 0x0000000002e6ff38]
Event: 10.623 Thread 0x000000001702b000 3585       3       jdk.internal.org.objectweb.asm.Type::getArgumentTypes (131 bytes)
Event: 10.624 Thread 0x000000001702b000 nmethod 3585 0x0000000002e73a50 code [0x0000000002e73c20, 0x0000000002e744f8]
Event: 10.624 Thread 0x000000001702b000 3588       3       java.lang.invoke.InvokerBytecodeGenerator::emitStaticInvoke (246 bytes)

GC Heap History (8 events):
Event: 1.075 GC heap before
{Heap before GC invocations=1 (full 0):
 PSYoungGen      total 38400K, used 32877K [0x00000000d5e00000, 0x00000000d8880000, 0x0000000100000000)
  eden space 33280K, 98% used [0x00000000d5e00000,0x00000000d7e1b558,0x00000000d7e80000)
  from space 5120K, 0% used [0x00000000d8380000,0x00000000d8380000,0x00000000d8880000)
  to   space 5120K, 0% used [0x00000000d7e80000,0x00000000d7e80000,0x00000000d8380000)
 ParOldGen       total 87552K, used 0K [0x0000000081a00000, 0x0000000086f80000, 0x00000000d5e00000)
  object space 87552K, 0% used [0x0000000081a00000,0x0000000081a00000,0x0000000086f80000)
 Metaspace       used 14128K, capacity 14610K, committed 14848K, reserved 1062912K
  class space    used 1817K, capacity 1997K, committed 2048K, reserved 1048576K
Event: 1.084 GC heap after
Heap after GC invocations=1 (full 0):
 PSYoungGen      total 38400K, used 5096K [0x00000000d5e00000, 0x00000000d8880000, 0x0000000100000000)
  eden space 33280K, 0% used [0x00000000d5e00000,0x00000000d5e00000,0x00000000d7e80000)
  from space 5120K, 99% used [0x00000000d7e80000,0x00000000d837a110,0x00000000d8380000)
  to   space 5120K, 0% used [0x00000000d8380000,0x00000000d8380000,0x00000000d8880000)
 ParOldGen       total 87552K, used 830K [0x0000000081a00000, 0x0000000086f80000, 0x00000000d5e00000)
  object space 87552K, 0% used [0x0000000081a00000,0x0000000081acf878,0x0000000086f80000)
 Metaspace       used 14128K, capacity 14610K, committed 14848K, reserved 1062912K
  class space    used 1817K, capacity 1997K, committed 2048K, reserved 1048576K
}
Event: 2.608 GC heap before
{Heap before GC invocations=2 (full 0):
 PSYoungGen      total 38400K, used 34832K [0x00000000d5e00000, 0x00000000d8880000, 0x0000000100000000)
  eden space 33280K, 89% used [0x00000000d5e00000,0x00000000d7b0a020,0x00000000d7e80000)
  from space 5120K, 99% used [0x00000000d7e80000,0x00000000d837a110,0x00000000d8380000)
  to   space 5120K, 0% used [0x00000000d8380000,0x00000000d8380000,0x00000000d8880000)
 ParOldGen       total 87552K, used 830K [0x0000000081a00000, 0x0000000086f80000, 0x00000000d5e00000)
  object space 87552K, 0% used [0x0000000081a00000,0x0000000081acf878,0x0000000086f80000)
 Metaspace       used 20235K, capacity 21196K, committed 21248K, reserved 1067008K
  class space    used 2805K, capacity 3034K, committed 3072K, reserved 1048576K
Event: 2.618 GC heap after
Heap after GC invocations=2 (full 0):
 PSYoungGen      total 38400K, used 5106K [0x00000000d5e00000, 0x00000000d8880000, 0x0000000100000000)
  eden space 33280K, 0% used [0x00000000d5e00000,0x00000000d5e00000,0x00000000d7e80000)
  from space 5120K, 99% used [0x00000000d8380000,0x00000000d887c810,0x00000000d8880000)
  to   space 5120K, 0% used [0x00000000d7e80000,0x00000000d7e80000,0x00000000d8380000)
 ParOldGen       total 87552K, used 4146K [0x0000000081a00000, 0x0000000086f80000, 0x00000000d5e00000)
  object space 87552K, 4% used [0x0000000081a00000,0x0000000081e0c950,0x0000000086f80000)
 Metaspace       used 20235K, capacity 21196K, committed 21248K, reserved 1067008K
  class space    used 2805K, capacity 3034K, committed 3072K, reserved 1048576K
}
Event: 2.618 GC heap before
{Heap before GC invocations=3 (full 1):
 PSYoungGen      total 38400K, used 5106K [0x00000000d5e00000, 0x00000000d8880000, 0x0000000100000000)
  eden space 33280K, 0% used [0x00000000d5e00000,0x00000000d5e00000,0x00000000d7e80000)
  from space 5120K, 99% used [0x00000000d8380000,0x00000000d887c810,0x00000000d8880000)
  to   space 5120K, 0% used [0x00000000d7e80000,0x00000000d7e80000,0x00000000d8380000)
 ParOldGen       total 87552K, used 4146K [0x0000000081a00000, 0x0000000086f80000, 0x00000000d5e00000)
  object space 87552K, 4% used [0x0000000081a00000,0x0000000081e0c950,0x0000000086f80000)
 Metaspace       used 20235K, capacity 21196K, committed 21248K, reserved 1067008K
  class space    used 2805K, capacity 3034K, committed 3072K, reserved 1048576K
Event: 2.664 GC heap after
Heap after GC invocations=3 (full 1):
 PSYoungGen      total 38400K, used 0K [0x00000000d5e00000, 0x00000000d8880000, 0x0000000100000000)
  eden space 33280K, 0% used [0x00000000d5e00000,0x00000000d5e00000,0x00000000d7e80000)
  from space 5120K, 0% used [0x00000000d8380000,0x00000000d8380000,0x00000000d8880000)
  to   space 5120K, 0% used [0x00000000d7e80000,0x00000000d7e80000,0x00000000d8380000)
 ParOldGen       total 70144K, used 8464K [0x0000000081a00000, 0x0000000085e80000, 0x00000000d5e00000)
  object space 70144K, 12% used [0x0000000081a00000,0x0000000082244398,0x0000000085e80000)
 Metaspace       used 20235K, capacity 21196K, committed 21248K, reserved 1067008K
  class space    used 2805K, capacity 3034K, committed 3072K, reserved 1048576K
}
Event: 5.663 GC heap before
{Heap before GC invocations=4 (full 1):
 PSYoungGen      total 38400K, used 33280K [0x00000000d5e00000, 0x00000000d8880000, 0x0000000100000000)
  eden space 33280K, 100% used [0x00000000d5e00000,0x00000000d7e80000,0x00000000d7e80000)
  from space 5120K, 0% used [0x00000000d8380000,0x00000000d8380000,0x00000000d8880000)
  to   space 5120K, 0% used [0x00000000d7e80000,0x00000000d7e80000,0x00000000d8380000)
 ParOldGen       total 70144K, used 8464K [0x0000000081a00000, 0x0000000085e80000, 0x00000000d5e00000)
  object space 70144K, 12% used [0x0000000081a00000,0x0000000082244398,0x0000000085e80000)
 Metaspace       used 24120K, capacity 25510K, committed 25728K, reserved 1071104K
  class space    used 3400K, capacity 3701K, committed 3712K, reserved 1048576K
Event: 5.673 GC heap after
Heap after GC invocations=4 (full 1):
 PSYoungGen      total 38400K, used 5101K [0x00000000d5e00000, 0x00000000d9100000, 0x0000000100000000)
  eden space 33280K, 0% used [0x00000000d5e00000,0x00000000d5e00000,0x00000000d7e80000)
  from space 5120K, 99% used [0x00000000d7e80000,0x00000000d837b528,0x00000000d8380000)
  to   space 5120K, 0% used [0x00000000d8c00000,0x00000000d8c00000,0x00000000d9100000)
 ParOldGen       total 70144K, used 10295K [0x0000000081a00000, 0x0000000085e80000, 0x00000000d5e00000)
  object space 70144K, 14% used [0x0000000081a00000,0x000000008240dc98,0x0000000085e80000)
 Metaspace       used 24120K, capacity 25510K, committed 25728K, reserved 1071104K
  class space    used 3400K, capacity 3701K, committed 3712K, reserved 1048576K
}

Deoptimization events (10 events):
Event: 6.318 Thread 0x000000001d79f800 Uncommon trap: reason=bimorphic action=maybe_recompile pc=0x0000000002ad1390 method=java.io.FilterInputStream.read()I @ 4
Event: 6.319 Thread 0x000000001d79f800 Uncommon trap: reason=bimorphic action=maybe_recompile pc=0x0000000002ad1390 method=java.io.FilterInputStream.read()I @ 4
Event: 6.319 Thread 0x000000001d79f800 Uncommon trap: reason=bimorphic action=maybe_recompile pc=0x0000000002ad1390 method=java.io.FilterInputStream.read()I @ 4
Event: 6.319 Thread 0x000000001d79f800 Uncommon trap: reason=bimorphic action=maybe_recompile pc=0x0000000002ad1390 method=java.io.FilterInputStream.read()I @ 4
Event: 7.797 Thread 0x0000000018c1a000 Uncommon trap: reason=unstable_if action=reinterpret pc=0x0000000002bf11f0 method=com.sun.javafx.geom.transform.AffineBase.updateState2D()V @ 33
Event: 8.415 Thread 0x0000000018c3e800 Uncommon trap: reason=null_check action=make_not_entrant pc=0x0000000002ac651c method=javafx.scene.Node$MiscProperties.getClip()Ljavafx/scene/Node; @ 20
Event: 10.284 Thread 0x0000000018c3e800 Uncommon trap: reason=array_check action=maybe_recompile pc=0x0000000002e0a88c method=com.sun.javafx.css.SimpleSelector.applies(Ljavafx/css/Styleable;[Ljava/util/Set;I)Z @ 37
Event: 10.285 Thread 0x0000000018c3e800 Uncommon trap: reason=array_check action=maybe_recompile pc=0x0000000002e0a88c method=com.sun.javafx.css.SimpleSelector.applies(Ljavafx/css/Styleable;[Ljava/util/Set;I)Z @ 37
Event: 10.285 Thread 0x0000000018c3e800 Uncommon trap: reason=array_check action=maybe_recompile pc=0x0000000002e0a88c method=com.sun.javafx.css.SimpleSelector.applies(Ljavafx/css/Styleable;[Ljava/util/Set;I)Z @ 37
Event: 10.285 Thread 0x0000000018c3e800 Uncommon trap: reason=array_check action=maybe_recompile pc=0x0000000002e0a88c method=com.sun.javafx.css.SimpleSelector.applies(Ljavafx/css/Styleable;[Ljava/util/Set;I)Z @ 37

Internal exceptions (10 events):
Event: 3.400 Thread 0x000000001d79d000 Exception <a 'java/lang/ClassNotFoundException': sun/net/www/protocol/data/Handler> (0x00000000d719f948) thrown at [D:\re\workspace\8-2-build-windows-amd64-cygwin\jdk8u92\6642\hotspot\src\share\vm\classfile\systemDictionary.cpp, line 210]
Event: 3.873 Thread 0x000000001d7a5800 Exception <a 'sun/nio/fs/WindowsException'> (0x00000000d7749060) thrown at [D:\re\workspace\8-2-build-windows-amd64-cygwin\jdk8u92\6642\hotspot\src\share\vm\prims\jni.cpp, line 709]
Event: 3.906 Thread 0x000000001d7a1800 Exception <a 'java/lang/ClassNotFoundException': sun/net/www/protocol/data/Handler> (0x00000000d77e4498) thrown at [D:\re\workspace\8-2-build-windows-amd64-cygwin\jdk8u92\6642\hotspot\src\share\vm\classfile\systemDictionary.cpp, line 210]
Event: 3.907 Thread 0x000000001d7a1800 Exception <a 'java/lang/ClassNotFoundException': sun/net/www/protocol/data/Handler> (0x00000000d77e75e8) thrown at [D:\re\workspace\8-2-build-windows-amd64-cygwin\jdk8u92\6642\hotspot\src\share\vm\classfile\systemDictionary.cpp, line 210]
Event: 4.635 Thread 0x000000001d7a5800 Exception <a 'sun/nio/fs/WindowsException'> (0x00000000d7749e90) thrown at [D:\re\workspace\8-2-build-windows-amd64-cygwin\jdk8u92\6642\hotspot\src\share\vm\prims\jni.cpp, line 709]
Event: 7.638 Thread 0x0000000018c3e800 Exception <a 'java/io/FileNotFoundException'> (0x00000000d64ecc18) thrown at [D:\re\workspace\8-2-build-windows-amd64-cygwin\jdk8u92\6642\hotspot\src\share\vm\prims\jni.cpp, line 709]
Event: 7.638 Thread 0x0000000018c3e800 Exception <a 'java/io/FileNotFoundException'> (0x00000000d64edcc0) thrown at [D:\re\workspace\8-2-build-windows-amd64-cygwin\jdk8u92\6642\hotspot\src\share\vm\prims\jni.cpp, line 709]
Event: 7.639 Thread 0x0000000018c3e800 Exception <a 'java/io/FileNotFoundException'> (0x00000000d64f3488) thrown at [D:\re\workspace\8-2-build-windows-amd64-cygwin\jdk8u92\6642\hotspot\src\share\vm\prims\jni.cpp, line 709]
Event: 7.639 Thread 0x0000000018c3e800 Exception <a 'java/io/FileNotFoundException'> (0x00000000d64f4518) thrown at [D:\re\workspace\8-2-build-windows-amd64-cygwin\jdk8u92\6642\hotspot\src\share\vm\prims\jni.cpp, line 709]
Event: 8.415 Thread 0x0000000018c3e800 Implicit null exception at 0x0000000002ac64c7 to 0x0000000002ac6511

Events (10 events):
Event: 10.389 Executing VM operation: RevokeBias done
Event: 10.390 Thread 0x000000001d7a4000 Thread exited: 0x000000001d7a4000
Event: 10.454 Thread 0x000000001d7a4000 Thread added: 0x000000001d7a4000
Event: 10.455 Executing VM operation: RevokeBias
Event: 10.456 Executing VM operation: RevokeBias done
Event: 10.456 Thread 0x000000001d7a4000 Thread exited: 0x000000001d7a4000
Event: 10.618 loading class com/sun/webkit/network/URLLoader$Redirect
Event: 10.618 loading class com/sun/webkit/network/URLLoader$Redirect done
Event: 10.621 loading class com/sun/webkit/network/URLLoader
Event: 10.621 loading class com/sun/webkit/network/URLLoader done


Dynamic libraries:
0x00007ff64ff50000 - 0x00007ff64ff87000 	C:\Program Files\Java\jdk1.8.0_92\jre\bin\java.exe
0x00007ff924aa0000 - 0x00007ff924c61000 	C:\WINDOWS\SYSTEM32\ntdll.dll
0x00007ff922290000 - 0x00007ff92233d000 	C:\WINDOWS\system32\KERNEL32.DLL
0x00007ff921570000 - 0x00007ff921758000 	C:\WINDOWS\system32\KERNELBASE.dll
0x00007ff9249f0000 - 0x00007ff924a97000 	C:\WINDOWS\system32\ADVAPI32.dll
0x00007ff9229e0000 - 0x00007ff922a7d000 	C:\WINDOWS\system32\msvcrt.dll
0x00007ff9221f0000 - 0x00007ff92224b000 	C:\WINDOWS\system32\sechost.dll
0x00007ff924330000 - 0x00007ff92444c000 	C:\WINDOWS\system32\RPCRT4.dll
0x00007ff922880000 - 0x00007ff9229d6000 	C:\WINDOWS\system32\USER32.dll
0x00007ff9226f0000 - 0x00007ff922876000 	C:\WINDOWS\system32\GDI32.dll
0x00007ff911620000 - 0x00007ff911894000 	C:\WINDOWS\WinSxS\amd64_microsoft.windows.common-controls_6595b64144ccf1df_6.0.10586.0_none_8c15ae12515e1c22\COMCTL32.dll
0x00007ff921f00000 - 0x00007ff92217d000 	C:\WINDOWS\system32\combase.dll
0x00007ff921db0000 - 0x00007ff921e1a000 	C:\WINDOWS\system32\bcryptPrimitives.dll
0x00007ff922250000 - 0x00007ff92228b000 	C:\WINDOWS\system32\IMM32.DLL
0x0000000059f70000 - 0x000000005a042000 	C:\Program Files\Java\jdk1.8.0_92\jre\bin\msvcr100.dll
0x000000005a050000 - 0x000000005a8e6000 	C:\Program Files\Java\jdk1.8.0_92\jre\bin\server\jvm.dll
0x00007ff9249d0000 - 0x00007ff9249d8000 	C:\WINDOWS\system32\PSAPI.DLL
0x00007ff91f7c0000 - 0x00007ff91f7e3000 	C:\WINDOWS\SYSTEM32\WINMM.dll
0x00007ff917650000 - 0x00007ff91765a000 	C:\WINDOWS\SYSTEM32\VERSION.dll
0x00007ff91f760000 - 0x00007ff91f78c000 	C:\WINDOWS\SYSTEM32\WINMMBASE.dll
0x00007ff921520000 - 0x00007ff921563000 	C:\WINDOWS\system32\cfgmgr32.dll
0x00007ff914720000 - 0x00007ff914729000 	C:\WINDOWS\SYSTEM32\WSOCK32.dll
0x00007ff922be0000 - 0x00007ff922c4b000 	C:\WINDOWS\system32\WS2_32.dll
0x0000000059f20000 - 0x0000000059f2f000 	C:\Program Files\Java\jdk1.8.0_92\jre\bin\verify.dll
0x0000000059ef0000 - 0x0000000059f19000 	C:\Program Files\Java\jdk1.8.0_92\jre\bin\java.dll
0x0000000059ed0000 - 0x0000000059ee6000 	C:\Program Files\Java\jdk1.8.0_92\jre\bin\zip.dll
0x00007ff922cb0000 - 0x00007ff92420c000 	C:\WINDOWS\system32\SHELL32.dll
0x00007ff921760000 - 0x00007ff921da4000 	C:\WINDOWS\system32\windows.storage.dll
0x00007ff922670000 - 0x00007ff9226c2000 	C:\WINDOWS\system32\shlwapi.dll
0x00007ff9210c0000 - 0x00007ff9210cf000 	C:\WINDOWS\system32\kernel.appcore.dll
0x00007ff9211e0000 - 0x00007ff921295000 	C:\WINDOWS\system32\shcore.dll
0x00007ff9210f0000 - 0x00007ff92113b000 	C:\WINDOWS\system32\powrprof.dll
0x00007ff9210d0000 - 0x00007ff9210e4000 	C:\WINDOWS\system32\profapi.dll
0x00007ff904e60000 - 0x00007ff904f4f000 	C:\Program Files\Java\jdk1.8.0_92\jre\bin\msvcr120.dll
0x00007ff907a80000 - 0x00007ff907b26000 	C:\Program Files\Java\jdk1.8.0_92\jre\bin\msvcp120.dll
0x000000005b100000 - 0x000000005b122000 	C:\Program Files\Java\jdk1.8.0_92\jre\bin\prism_d3d.dll
0x00007ff9033a0000 - 0x00007ff9035b0000 	C:\WINDOWS\system32\d3d9.dll
0x00007ff91f330000 - 0x00007ff91f352000 	C:\WINDOWS\SYSTEM32\dwmapi.dll
0x00007ff91fa40000 - 0x00007ff91fad6000 	C:\WINDOWS\system32\uxtheme.dll
0x00007ff8f1570000 - 0x00007ff8f2190000 	C:\WINDOWS\SYSTEM32\igdumd64.dll
0x000000005b0b0000 - 0x000000005b0f3000 	C:\Program Files\Java\jdk1.8.0_92\jre\bin\glass.dll
0x00007ff924220000 - 0x00007ff92432b000 	C:\WINDOWS\system32\COMDLG32.dll
0x00007ff921150000 - 0x00007ff9211d6000 	C:\WINDOWS\system32\FirewallAPI.dll
0x00007ff921e20000 - 0x00007ff921e37000 	C:\WINDOWS\system32\NETAPI32.dll
0x00007ff924880000 - 0x00007ff9249c3000 	C:\WINDOWS\system32\ole32.dll
0x00007ff922340000 - 0x00007ff922401000 	C:\WINDOWS\system32\OLEAUT32.dll
0x00007ff91e840000 - 0x00007ff91e84c000 	C:\WINDOWS\SYSTEM32\DAVHLPR.DLL
0x00007ff91fe40000 - 0x00007ff91fe72000 	C:\WINDOWS\SYSTEM32\fwbase.dll
0x00007ff922a80000 - 0x00007ff922bda000 	C:\WINDOWS\system32\MSCTF.dll
0x0000000180000000 - 0x0000000180110000 	C:\Windows\system32\rlls64.dll
0x00007ff91ada0000 - 0x00007ff91b049000 	C:\Windows\system32\WININET.dll
0x00007ff913e70000 - 0x00007ff913eda000 	C:\Windows\system32\OLEACC.dll
0x00007ff9205b0000 - 0x00007ff9205e1000 	C:\WINDOWS\SYSTEM32\ntmarta.dll
0x00007ff920610000 - 0x00007ff92068a000 	C:\WINDOWS\SYSTEM32\Schannel.dll
0x00007ff921350000 - 0x00007ff921518000 	C:\WINDOWS\system32\CRYPT32.dll
0x00007ff921140000 - 0x00007ff921150000 	C:\WINDOWS\system32\MSASN1.dll
0x00007ff920d40000 - 0x00007ff920d6d000 	C:\WINDOWS\SYSTEM32\SspiCli.dll
0x00007ff920990000 - 0x00007ff9209ec000 	C:\WINDOWS\system32\mswsock.dll
0x0000000059eb0000 - 0x0000000059eca000 	C:\Program Files\Java\jdk1.8.0_92\jre\bin\net.dll
0x0000000059e90000 - 0x0000000059ea1000 	C:\Program Files\Java\jdk1.8.0_92\jre\bin\nio.dll
0x000000005b080000 - 0x000000005b0a4000 	C:\Program Files\Java\jdk1.8.0_92\jre\bin\sunec.dll
0x00007ff920a40000 - 0x00007ff920a57000 	C:\WINDOWS\SYSTEM32\CRYPTSP.dll
0x00007ff9206d0000 - 0x00007ff920704000 	C:\WINDOWS\system32\rsaenh.dll
0x00007ff920ff0000 - 0x00007ff921019000 	C:\WINDOWS\SYSTEM32\bcrypt.dll
0x00007ff920820000 - 0x00007ff92083f000 	C:\WINDOWS\SYSTEM32\USERENV.dll
0x00007ff920b60000 - 0x00007ff920b6b000 	C:\WINDOWS\SYSTEM32\CRYPTBASE.dll
0x00007ff91de40000 - 0x00007ff91de78000 	C:\WINDOWS\SYSTEM32\IPHLPAPI.DLL
0x00007ff9249e0000 - 0x00007ff9249e8000 	C:\WINDOWS\system32\NSI.dll
0x00007ff918690000 - 0x00007ff9186a6000 	C:\WINDOWS\SYSTEM32\dhcpcsvc6.DLL
0x00007ff9186b0000 - 0x00007ff9186ca000 	C:\WINDOWS\SYSTEM32\dhcpcsvc.DLL
0x000000005b070000 - 0x000000005b07b000 	C:\Program Files\Java\jdk1.8.0_92\jre\bin\sunmscapi.dll
0x00007ff8ff7c0000 - 0x00007ff8ff7d6000 	C:\WINDOWS\system32\napinsp.dll
0x00007ff8ff7e0000 - 0x00007ff8ff7fa000 	C:\WINDOWS\system32\pnrpnsp.dll
0x00007ff91e2d0000 - 0x00007ff91e2e8000 	C:\WINDOWS\system32\NLAapi.dll
0x00007ff91fae0000 - 0x00007ff91fb8a000 	C:\WINDOWS\SYSTEM32\DNSAPI.dll
0x00007ff9030a0000 - 0x00007ff9030ad000 	C:\WINDOWS\System32\winrnr.dll
0x000000005b7f0000 - 0x000000005b816000 	C:\Program Files\Bonjour\mdnsNSP.dll
0x00007ff919130000 - 0x00007ff919197000 	C:\WINDOWS\System32\fwpuclnt.dll
0x00007ff91b5a0000 - 0x00007ff91b5aa000 	C:\Windows\System32\rasadhlp.dll
0x00000000575b0000 - 0x0000000059b41000 	C:\Program Files\Java\jdk1.8.0_92\jre\bin\jfxwebkit.dll
0x000000005b050000 - 0x000000005b064000 	C:\Program Files\Java\jdk1.8.0_92\jre\bin\javafx_font.dll
0x00007ff91cd20000 - 0x00007ff91cf80000 	C:\WINDOWS\SYSTEM32\dwrite.dll
0x00007ff922410000 - 0x00007ff9224b7000 	C:\WINDOWS\system32\clbcatq.dll
0x00007ff91cb60000 - 0x00007ff91cd11000 	C:\WINDOWS\SYSTEM32\WindowsCodecs.dll
0x00007ff91ba80000 - 0x00007ff91baca000 	C:\WINDOWS\system32\dataexchange.dll
0x00007ff91e900000 - 0x00007ff91e9e3000 	C:\WINDOWS\system32\dcomp.dll
0x00007ff91cf80000 - 0x00007ff91d228000 	C:\WINDOWS\system32\d3d11.dll
0x00007ff91e790000 - 0x00007ff91e832000 	C:\WINDOWS\system32\dxgi.dll
0x00007ff91fbc0000 - 0x00007ff91fcc0000 	C:\WINDOWS\system32\twinapi.appcore.dll
0x00007ff91d610000 - 0x00007ff91d644000 	C:\Program Files\Common Files\Microsoft Shared\Ink\rtscom.dll
0x000000005b030000 - 0x000000005b041000 	C:\Program Files\Java\jdk1.8.0_92\jre\bin\prism_common.dll
0x000000005b000000 - 0x000000005b023000 	C:\Program Files\Java\jdk1.8.0_92\jre\bin\javafx_iio.dll
0x00007ff910920000 - 0x00007ff910aac000 	C:\WINDOWS\SYSTEM32\dbghelp.dll

VM Arguments:
jvm_args: -Dfile.encoding=UTF-8 -Djava.net.preferIPv4Stack=true 
java_command: C:\Users\Aniket\Documents\NetBeansProjects\Velocity\dist\run678514938\Velocity.jar
java_class_path (initial): C:\Users\Aniket\Documents\NetBeansProjects\Velocity\dist\run678514938\Velocity.jar
Launcher Type: SUN_STANDARD

Environment Variables:
JAVA_HOME=C:\Program Files\Java\jdk1.8.0_72
_JAVA_OPTIONS=-Djava.net.preferIPv4Stack=true
PATH=C:\Python34\Lib\site-packages\PyQt5;C:\ProgramData\Oracle\Java\javapath;C:\Python27\Lib\site-packages\PyQt4;C:\Program Files (x86)\HP SimplePass\x64;C:\Program Files (x86)\HP SimplePass\;C:\Program Files (x86)\Intel\iCLS Client\;C:\Program Files\Intel\iCLS Client\;C:\WINDOWS\system32;C:\WINDOWS;C:\WINDOWS\System32\Wbem;C:\WINDOWS\System32\WindowsPowerShell\v1.0\;C:\Program Files (x86)\Windows Live\Shared;C:\Program Files\Intel\Intel(R) Management Engine Components\DAL;C:\Program Files\Intel\Intel(R) Management Engine Components\IPT;C:\Program Files (x86)\Intel\Intel(R) Management Engine Components\DAL;C:\Program Files (x86)\Intel\Intel(R) Management Engine Components\IPT;C:\Program Files (x86)\Intel\OpenCL SDK\2.0\bin\x86;C:\Program Files (x86)\Intel\OpenCL SDK\2.0\bin\x64;C:\Program Files (x86)\Pinnacle\Shared Files\;C:\Program Files (x86)\Pinnacle\Shared Files\Filter\;C:\Program Files\nodejs;C:\Program Files (x86)\Inno Setup 5;C:\Program Files (x86)\WiX Toolset v3.8\bin\;C:\Program Files (x86)\QuickTime\QTSystem\;C:\Program Files\Mercurial;C:\Users\Aniket\Downloads\gradle-2.3-bin\gradle-2.3\bin;C:\Program Files (x86)\GtkSharp\2.12\bin;C:\Program Files (x86)\Windows Kits\8.1\Windows Performance Toolkit\;C:\Program Files\Microsoft SQL Server\110\Tools\Binn\;C:\Program Files (x86)\Microsoft SDKs\TypeScript\1.0\;C:\Program Files\nodejs\;C:\Users\Aniket\Downloads\android-ndk-r10e;C:\Program Files (x86)\Skype\Phone\;C:\Users\Aniket\AppData\Roaming\npm;C:\GNUstep\bin;C:\GNUstep\GNUstep\System\Tools;C:\Users\Aniket\AppData\Local\Programs\Git\cmd
USERNAME=Aniket
OS=Windows_NT
PROCESSOR_IDENTIFIER=Intel64 Family 6 Model 42 Stepping 7, GenuineIntel



---------------  S Y S T E M  ---------------

OS: Windows 10.0 , 64 bit Build 10586 (10.0.10586.0)

CPU:total 4 (2 cores per cpu, 2 threads per core) family 6 model 42 stepping 7, cmov, cx8, fxsr, mmx, sse, sse2, sse3, ssse3, sse4.1, sse4.2, popcnt, avx, aes, clmul, ht, tsc, tscinvbit

Memory: 4k page, physical 8275228k(3589484k free), swap 9637400k(4365856k free)

vm_info: Java HotSpot(TM) 64-Bit Server VM (25.92-b14) for windows-amd64 JRE (1.8.0_92-b14), built on Mar 31 2016 21:03:04 by "java_re" with MS VC++ 10.0 (VS2010)

time: Tue Jun 14 17:00:50 2016
elapsed time: 10 seconds (0d 0h 0m 10s)

